[ 2017-03-28T07:39:52+08:00 ] 127.0.0.1 /guanbo/ipass%20-%20local/
INFO: [ app_init ] --START--
INFO: Run Behavior\BuildLiteBehavior [ RunTime:0.000413s ]
INFO: [ app_init ] --END-- [ RunTime:0.002247s ]
INFO: [ app_begin ] --START--
INFO: Run Behavior\ReadHtmlCacheBehavior [ RunTime:0.002019s ]
INFO: [ app_begin ] --END-- [ RunTime:0.002383s ]
INFO: [ view_parse ] --START--
INFO: [ template_filter ] --START--
INFO: Run Behavior\ContentReplaceBehavior [ RunTime:0.000231s ]
INFO: [ template_filter ] --END-- [ RunTime:0.000594s ]
INFO: Run Behavior\ParseTemplateBehavior [ RunTime:0.072129s ]
INFO: [ view_parse ] --END-- [ RunTime:0.072525s ]
INFO: [ view_filter ] --START--
INFO: Run Behavior\WriteHtmlCacheBehavior [ RunTime:0.020441s ]
INFO: [ view_filter ] --END-- [ RunTime:0.020793s ]
INFO: [ app_end ] --START--
INFO: Run Behavior\ShowPageTraceBehavior [ RunTime:0.008048s ]
INFO: [ app_end ] --END-- [ RunTime:0.008389s ]

[ 2017-03-28T07:39:56+08:00 ] 127.0.0.1 /guanbo/ipass%20-%20local/index.php/Home/Index/login.html
INFO: [ app_init ] --START--
INFO: Run Behavior\BuildLiteBehavior [ RunTime:0.000039s ]
INFO: [ app_init ] --END-- [ RunTime:0.000643s ]
INFO: [ app_begin ] --START--
INFO: Run Behavior\ReadHtmlCacheBehavior [ RunTime:0.000774s ]
INFO: [ app_begin ] --END-- [ RunTime:0.000967s ]
SQL: SHOW COLUMNS FROM `student` [ RunTime:0.0705s ]
SQL: SELECT * FROM `student` WHERE `number` = '111' LIMIT 1   [ RunTime:0.0008s ]

[ 2017-03-28T07:39:56+08:00 ] 127.0.0.1 /guanbo/ipass%20-%20local/index.php/Home/Index/index.html
INFO: [ app_init ] --START--
INFO: Run Behavior\BuildLiteBehavior [ RunTime:0.000041s ]
INFO: [ app_init ] --END-- [ RunTime:0.000652s ]
INFO: [ app_begin ] --START--
INFO: Run Behavior\ReadHtmlCacheBehavior [ RunTime:0.000797s ]
INFO: [ app_begin ] --END-- [ RunTime:0.000989s ]

[ 2017-03-28T07:39:56+08:00 ] 127.0.0.1 /guanbo/ipass%20-%20local/index.php/Home/Index/lb.html
INFO: [ app_init ] --START--
INFO: Run Behavior\BuildLiteBehavior [ RunTime:0.000041s ]
INFO: [ app_init ] --END-- [ RunTime:0.000646s ]
INFO: [ app_begin ] --START--
INFO: Run Behavior\ReadHtmlCacheBehavior [ RunTime:0.000869s ]
INFO: [ app_begin ] --END-- [ RunTime:0.001099s ]
SQL: SHOW COLUMNS FROM `student` [ RunTime:0.0027s ]
SQL: SELECT `head` FROM `student` WHERE `id` = 5 LIMIT 1   [ RunTime:0.0004s ]
SQL: SHOW COLUMNS FROM `ipass_lblist` [ RunTime:0.0421s ]
SQL: SELECT * FROM `ipass_lblist`  [ RunTime:0.0017s ]
INFO: [ view_parse ] --START--
INFO: [ template_filter ] --START--
INFO: Run Behavior\ContentReplaceBehavior [ RunTime:0.000149s ]
INFO: [ template_filter ] --END-- [ RunTime:0.000337s ]
INFO: Run Behavior\ParseTemplateBehavior [ RunTime:0.078179s ]
INFO: [ view_parse ] --END-- [ RunTime:0.078410s ]
INFO: [ view_filter ] --START--
INFO: Run Behavior\WriteHtmlCacheBehavior [ RunTime:0.000409s ]
INFO: [ view_filter ] --END-- [ RunTime:0.000586s ]
INFO: [ app_end ] --START--
INFO: Run Behavior\ShowPageTraceBehavior [ RunTime:0.000791s ]
INFO: [ app_end ] --END-- [ RunTime:0.000972s ]

[ 2017-03-28T07:40:43+08:00 ] 127.0.0.1 /guanbo/ipass%20-%20local/index.php/Home/Index/lb.html
INFO: [ app_init ] --START--
INFO: Run Behavior\BuildLiteBehavior [ RunTime:0.000042s ]
INFO: [ app_init ] --END-- [ RunTime:0.000662s ]
INFO: [ app_begin ] --START--
INFO: Run Behavior\ReadHtmlCacheBehavior [ RunTime:0.000782s ]
INFO: [ app_begin ] --END-- [ RunTime:0.000974s ]
SQL: SHOW COLUMNS FROM `student` [ RunTime:0.0030s ]
SQL: SELECT `head` FROM `student` WHERE `id` = 5 LIMIT 1   [ RunTime:0.0004s ]
SQL: SHOW COLUMNS FROM `ipass_lblist` [ RunTime:0.0029s ]
SQL: SELECT * FROM `ipass_lblist`  [ RunTime:0.0007s ]
INFO: [ view_parse ] --START--
INFO: [ template_filter ] --START--
INFO: Run Behavior\ContentReplaceBehavior [ RunTime:0.000151s ]
INFO: [ template_filter ] --END-- [ RunTime:0.000346s ]
INFO: Run Behavior\ParseTemplateBehavior [ RunTime:0.023295s ]
INFO: [ view_parse ] --END-- [ RunTime:0.023512s ]
INFO: [ view_filter ] --START--
INFO: Run Behavior\WriteHtmlCacheBehavior [ RunTime:0.000662s ]
INFO: [ view_filter ] --END-- [ RunTime:0.000853s ]
INFO: [ app_end ] --START--
INFO: Run Behavior\ShowPageTraceBehavior [ RunTime:0.000844s ]
INFO: [ app_end ] --END-- [ RunTime:0.001026s ]

[ 2017-03-28T07:42:57+08:00 ] 127.0.0.1 /guanbo/ipass%20-%20local/index.php/Home/Index/lb.html
INFO: [ app_init ] --START--
INFO: Run Behavior\BuildLiteBehavior [ RunTime:0.000041s ]
INFO: [ app_init ] --END-- [ RunTime:0.000699s ]
INFO: [ app_begin ] --START--
INFO: Run Behavior\ReadHtmlCacheBehavior [ RunTime:0.000934s ]
INFO: [ app_begin ] --END-- [ RunTime:0.001136s ]
SQL: SHOW COLUMNS FROM `student` [ RunTime:0.0027s ]
SQL: SELECT `head` FROM `student` WHERE `id` = 5 LIMIT 1   [ RunTime:0.0004s ]
SQL: SHOW COLUMNS FROM `ipass_lblist` [ RunTime:0.0029s ]
SQL: SELECT * FROM `ipass_lblist`  [ RunTime:0.0010s ]
INFO: [ view_parse ] --START--
INFO: [ template_filter ] --START--
INFO: Run Behavior\ContentReplaceBehavior [ RunTime:0.000189s ]
INFO: [ template_filter ] --END-- [ RunTime:0.000391s ]
INFO: Run Behavior\ParseTemplateBehavior [ RunTime:0.024607s ]
INFO: [ view_parse ] --END-- [ RunTime:0.024811s ]
INFO: [ view_filter ] --START--
INFO: Run Behavior\WriteHtmlCacheBehavior [ RunTime:0.000539s ]
INFO: [ view_filter ] --END-- [ RunTime:0.000712s ]
INFO: [ app_end ] --START--
INFO: Run Behavior\ShowPageTraceBehavior [ RunTime:0.000898s ]
INFO: [ app_end ] --END-- [ RunTime:0.001079s ]

[ 2017-03-28T07:43:24+08:00 ] 127.0.0.1 /guanbo/ipass%20-%20local/index.php/Home/Index/lb.html
INFO: [ app_init ] --START--
INFO: Run Behavior\BuildLiteBehavior [ RunTime:0.000042s ]
INFO: [ app_init ] --END-- [ RunTime:0.000715s ]
INFO: [ app_begin ] --START--
INFO: Run Behavior\ReadHtmlCacheBehavior [ RunTime:0.001043s ]
INFO: [ app_begin ] --END-- [ RunTime:0.001248s ]
SQL: SHOW COLUMNS FROM `student` [ RunTime:0.0029s ]
SQL: SELECT `head` FROM `student` WHERE `id` = 5 LIMIT 1   [ RunTime:0.0004s ]
SQL: SHOW COLUMNS FROM `ipass_lblist` [ RunTime:0.0028s ]
SQL: SELECT * FROM `ipass_lblist`  [ RunTime:0.0008s ]
INFO: [ view_parse ] --START--
INFO: [ template_filter ] --START--
INFO: Run Behavior\ContentReplaceBehavior [ RunTime:0.000152s ]
INFO: [ template_filter ] --END-- [ RunTime:0.000350s ]
INFO: Run Behavior\ParseTemplateBehavior [ RunTime:0.025500s ]
INFO: [ view_parse ] --END-- [ RunTime:0.025851s ]
INFO: [ view_filter ] --START--
INFO: Run Behavior\WriteHtmlCacheBehavior [ RunTime:0.000662s ]
INFO: [ view_filter ] --END-- [ RunTime:0.000844s ]
INFO: [ app_end ] --START--
INFO: Run Behavior\ShowPageTraceBehavior [ RunTime:0.000930s ]
INFO: [ app_end ] --END-- [ RunTime:0.001123s ]

[ 2017-03-28T07:44:37+08:00 ] 127.0.0.1 /guanbo/ipass-local/
INFO: [ app_init ] --START--
INFO: Run Behavior\BuildLiteBehavior [ RunTime:0.000046s ]
INFO: [ app_init ] --END-- [ RunTime:0.000968s ]
INFO: [ app_begin ] --START--
INFO: Run Behavior\ReadHtmlCacheBehavior [ RunTime:0.001451s ]
INFO: [ app_begin ] --END-- [ RunTime:0.001681s ]

[ 2017-03-28T07:44:37+08:00 ] 127.0.0.1 /guanbo/ipass-local/index.php/Home/Index/lb.html
INFO: [ app_init ] --START--
INFO: Run Behavior\BuildLiteBehavior [ RunTime:0.000043s ]
INFO: [ app_init ] --END-- [ RunTime:0.000816s ]
INFO: [ app_begin ] --START--
INFO: Run Behavior\ReadHtmlCacheBehavior [ RunTime:0.001298s ]
INFO: [ app_begin ] --END-- [ RunTime:0.001511s ]
SQL: SHOW COLUMNS FROM `student` [ RunTime:0.0026s ]
SQL: SELECT `head` FROM `student` WHERE `id` = 5 LIMIT 1   [ RunTime:0.0004s ]
SQL: SHOW COLUMNS FROM `ipass_lblist` [ RunTime:0.0033s ]
SQL: SELECT * FROM `ipass_lblist`  [ RunTime:0.0010s ]
INFO: [ view_parse ] --START--
INFO: [ template_filter ] --START--
INFO: Run Behavior\ContentReplaceBehavior [ RunTime:0.000151s ]
INFO: [ template_filter ] --END-- [ RunTime:0.000353s ]
INFO: Run Behavior\ParseTemplateBehavior [ RunTime:0.026203s ]
INFO: [ view_parse ] --END-- [ RunTime:0.026421s ]
INFO: [ view_filter ] --START--
INFO: Run Behavior\WriteHtmlCacheBehavior [ RunTime:0.000989s ]
INFO: [ view_filter ] --END-- [ RunTime:0.001167s ]
INFO: [ app_end ] --START--
INFO: Run Behavior\ShowPageTraceBehavior [ RunTime:0.001307s ]
INFO: [ app_end ] --END-- [ RunTime:0.001489s ]

[ 2017-03-28T07:44:49+08:00 ] 127.0.0.1 /guanbo/ipass-local/
INFO: [ app_init ] --START--
INFO: Run Behavior\BuildLiteBehavior [ RunTime:0.000044s ]
INFO: [ app_init ] --END-- [ RunTime:0.000725s ]
INFO: [ app_begin ] --START--
INFO: Run Behavior\ReadHtmlCacheBehavior [ RunTime:0.001122s ]
INFO: [ app_begin ] --END-- [ RunTime:0.001339s ]

[ 2017-03-28T07:44:49+08:00 ] 127.0.0.1 /guanbo/ipass-local/index.php/Home/Index/lb.html
INFO: [ app_init ] --START--
INFO: Run Behavior\BuildLiteBehavior [ RunTime:0.000044s ]
INFO: [ app_init ] --END-- [ RunTime:0.000714s ]
INFO: [ app_begin ] --START--
INFO: Run Behavior\ReadHtmlCacheBehavior [ RunTime:0.001128s ]
INFO: [ app_begin ] --END-- [ RunTime:0.001342s ]
SQL: SHOW COLUMNS FROM `student` [ RunTime:0.0030s ]
SQL: SELECT `head` FROM `student` WHERE `id` = 5 LIMIT 1   [ RunTime:0.0004s ]
SQL: SHOW COLUMNS FROM `ipass_lblist` [ RunTime:0.0029s ]
SQL: SELECT * FROM `ipass_lblist`  [ RunTime:0.0008s ]
INFO: [ view_parse ] --START--
INFO: [ template_filter ] --START--
INFO: Run Behavior\ContentReplaceBehavior [ RunTime:0.000151s ]
INFO: [ template_filter ] --END-- [ RunTime:0.000346s ]
INFO: Run Behavior\ParseTemplateBehavior [ RunTime:0.028855s ]
INFO: [ view_parse ] --END-- [ RunTime:0.029067s ]
INFO: [ view_filter ] --START--
INFO: Run Behavior\WriteHtmlCacheBehavior [ RunTime:0.000829s ]
INFO: [ view_filter ] --END-- [ RunTime:0.001011s ]
INFO: [ app_end ] --START--
INFO: Run Behavior\ShowPageTraceBehavior [ RunTime:0.001099s ]
INFO: [ app_end ] --END-- [ RunTime:0.001281s ]

[ 2017-03-28T07:46:04+08:00 ] 127.0.0.1 /guanbo/ipass-local/index.php/Home/Index/lb.html
INFO: [ app_init ] --START--
INFO: Run Behavior\BuildLiteBehavior [ RunTime:0.000041s ]
INFO: [ app_init ] --END-- [ RunTime:0.000700s ]
INFO: [ app_begin ] --START--
INFO: Run Behavior\ReadHtmlCacheBehavior [ RunTime:0.001073s ]
INFO: [ app_begin ] --END-- [ RunTime:0.001268s ]
SQL: SHOW COLUMNS FROM `student` [ RunTime:0.0029s ]
SQL: SELECT `head` FROM `student` WHERE `id` = 5 LIMIT 1   [ RunTime:0.0004s ]
SQL: SHOW COLUMNS FROM `ipass_lblist` [ RunTime:0.0029s ]
SQL: SELECT * FROM `ipass_lblist`  [ RunTime:0.0007s ]
INFO: [ view_parse ] --START--
INFO: [ template_filter ] --START--
INFO: Run Behavior\ContentReplaceBehavior [ RunTime:0.000152s ]
INFO: [ template_filter ] --END-- [ RunTime:0.000348s ]
INFO: Run Behavior\ParseTemplateBehavior [ RunTime:0.026368s ]
INFO: [ view_parse ] --END-- [ RunTime:0.026576s ]
INFO: [ view_filter ] --START--
INFO: Run Behavior\WriteHtmlCacheBehavior [ RunTime:0.000718s ]
INFO: [ view_filter ] --END-- [ RunTime:0.000894s ]
INFO: [ app_end ] --START--
INFO: Run Behavior\ShowPageTraceBehavior [ RunTime:0.001088s ]
INFO: [ app_end ] --END-- [ RunTime:0.001268s ]

[ 2017-03-28T07:46:13+08:00 ] 127.0.0.1 /guanbo/ipass-local/index.php/Home/index/archive.html
INFO: [ app_init ] --START--
INFO: Run Behavior\BuildLiteBehavior [ RunTime:0.000042s ]
INFO: [ app_init ] --END-- [ RunTime:0.000758s ]
INFO: [ app_begin ] --START--
INFO: Run Behavior\ReadHtmlCacheBehavior [ RunTime:0.001315s ]
INFO: [ app_begin ] --END-- [ RunTime:0.001515s ]
SQL: SHOW COLUMNS FROM `ot_archive` [ RunTime:0.0873s ]
SQL: SELECT `name` FROM `ot_archive` WHERE `child_id` = '111111111111111111' LIMIT 1   [ RunTime:0.0978s ]
SQL: SELECT `tongjuren` FROM `ot_archive` WHERE `child_id` = '111111111111111111' LIMIT 1   [ RunTime:0.0008s ]
SQL: SELECT `banji` FROM `ot_archive` WHERE `child_id` = '111111111111111111' LIMIT 1   [ RunTime:0.0008s ]
SQL: SELECT * FROM `ot_archive` WHERE ( child_id="111111111111111111" )  [ RunTime:0.0262s ]
SQL: SHOW COLUMNS FROM `student` [ RunTime:0.0049s ]
SQL: SELECT `head` FROM `student` WHERE `id` = 5 LIMIT 1   [ RunTime:0.0006s ]
SQL: SHOW COLUMNS FROM `ot_archive` [ RunTime:0.0059s ]
SQL: SELECT `head` FROM `ot_archive` WHERE `child_id` = '111111111111111111' LIMIT 1   [ RunTime:0.0010s ]
INFO: [ view_parse ] --START--
INFO: [ template_filter ] --START--
INFO: Run Behavior\ContentReplaceBehavior [ RunTime:0.000277s ]
INFO: [ template_filter ] --END-- [ RunTime:0.000591s ]
NOTIC: [8] Use of undefined constant name - assumed 'name' D:\wamp\www\guanbo\ipass-local\Runtime\Cache\Home\812532ef02e846a08ac3a51781accafd.php 第 115 行.
NOTIC: [8] Use of undefined constant sex - assumed 'sex' D:\wamp\www\guanbo\ipass-local\Runtime\Cache\Home\812532ef02e846a08ac3a51781accafd.php 第 133 行.
NOTIC: [8] Use of undefined constant minzu - assumed 'minzu' D:\wamp\www\guanbo\ipass-local\Runtime\Cache\Home\812532ef02e846a08ac3a51781accafd.php 第 134 行.
NOTIC: [8] Use of undefined constant birthday - assumed 'birthday' D:\wamp\www\guanbo\ipass-local\Runtime\Cache\Home\812532ef02e846a08ac3a51781accafd.php 第 135 行.
NOTIC: [8] Use of undefined constant xuexing - assumed 'xuexing' D:\wamp\www\guanbo\ipass-local\Runtime\Cache\Home\812532ef02e846a08ac3a51781accafd.php 第 136 行.
NOTIC: [8] Use of undefined constant shengao - assumed 'shengao' D:\wamp\www\guanbo\ipass-local\Runtime\Cache\Home\812532ef02e846a08ac3a51781accafd.php 第 137 行.
NOTIC: [8] Use of undefined constant tizhong - assumed 'tizhong' D:\wamp\www\guanbo\ipass-local\Runtime\Cache\Home\812532ef02e846a08ac3a51781accafd.php 第 138 行.
NOTIC: [8] Use of undefined constant banji - assumed 'banji' D:\wamp\www\guanbo\ipass-local\Runtime\Cache\Home\812532ef02e846a08ac3a51781accafd.php 第 143 行.
NOTIC: [8] Use of undefined constant xuexiaolocation - assumed 'xuexiaolocation' D:\wamp\www\guanbo\ipass-local\Runtime\Cache\Home\812532ef02e846a08ac3a51781accafd.php 第 145 行.
NOTIC: [8] Use of undefined constant xuexiaoleixing - assumed 'xuexiaoleixing' D:\wamp\www\guanbo\ipass-local\Runtime\Cache\Home\812532ef02e846a08ac3a51781accafd.php 第 146 行.
NOTIC: [8] Use of undefined constant laoshiguanxi - assumed 'laoshiguanxi' D:\wamp\www\guanbo\ipass-local\Runtime\Cache\Home\812532ef02e846a08ac3a51781accafd.php 第 148 行.
NOTIC: [8] Use of undefined constant tongxueguanxi - assumed 'tongxueguanxi' D:\wamp\www\guanbo\ipass-local\Runtime\Cache\Home\812532ef02e846a08ac3a51781accafd.php 第 150 行.
NOTIC: [8] Use of undefined constant name - assumed 'name' D:\wamp\www\guanbo\ipass-local\Runtime\Cache\Home\812532ef02e846a08ac3a51781accafd.php 第 155 行.
NOTIC: [8] Use of undefined constant fenwan - assumed 'fenwan' D:\wamp\www\guanbo\ipass-local\Runtime\Cache\Home\812532ef02e846a08ac3a51781accafd.php 第 156 行.
NOTIC: [8] Use of undefined constant manyue - assumed 'manyue' D:\wamp\www\guanbo\ipass-local\Runtime\Cache\Home\812532ef02e846a08ac3a51781accafd.php 第 157 行.
NOTIC: [8] Use of undefined constant birth_tizhong - assumed 'birth_tizhong' D:\wamp\www\guanbo\ipass-local\Runtime\Cache\Home\812532ef02e846a08ac3a51781accafd.php 第 159 行.
NOTIC: [8] Use of undefined constant fuyangren - assumed 'fuyangren' D:\wamp\www\guanbo\ipass-local\Runtime\Cache\Home\812532ef02e846a08ac3a51781accafd.php 第 160 行.
NOTIC: [8] Use of undefined constant dadnianling - assumed 'dadnianling' D:\wamp\www\guanbo\ipass-local\Runtime\Cache\Home\812532ef02e846a08ac3a51781accafd.php 第 162 行.
NOTIC: [8] Use of undefined constant momnianling - assumed 'momnianling' D:\wamp\www\guanbo\ipass-local\Runtime\Cache\Home\812532ef02e846a08ac3a51781accafd.php 第 164 行.
NOTIC: [8] Use of undefined constant brother - assumed 'brother' D:\wamp\www\guanbo\ipass-local\Runtime\Cache\Home\812532ef02e846a08ac3a51781accafd.php 第 166 行.
NOTIC: [8] Use of undefined constant paihang - assumed 'paihang' D:\wamp\www\guanbo\ipass-local\Runtime\Cache\Home\812532ef02e846a08ac3a51781accafd.php 第 168 行.
NOTIC: [8] Use of undefined constant duzi - assumed 'duzi' D:\wamp\www\guanbo\ipass-local\Runtime\Cache\Home\812532ef02e846a08ac3a51781accafd.php 第 169 行.
NOTIC: [8] Use of undefined constant walknianling - assumed 'walknianling' D:\wamp\www\guanbo\ipass-local\Runtime\Cache\Home\812532ef02e846a08ac3a51781accafd.php 第 170 行.
NOTIC: [8] Use of undefined constant talknianling - assumed 'talknianling' D:\wamp\www\guanbo\ipass-local\Runtime\Cache\Home\812532ef02e846a08ac3a51781accafd.php 第 172 行.
NOTIC: [8] Use of undefined constant rutuo - assumed 'rutuo' D:\wamp\www\guanbo\ipass-local\Runtime\Cache\Home\812532ef02e846a08ac3a51781accafd.php 第 174 行.
NOTIC: [8] Use of undefined constant home - assumed 'home' D:\wamp\www\guanbo\ipass-local\Runtime\Cache\Home\812532ef02e846a08ac3a51781accafd.php 第 179 行.
NOTIC: [8] Use of undefined constant tongjuren - assumed 'tongjuren' D:\wamp\www\guanbo\ipass-local\Runtime\Cache\Home\812532ef02e846a08ac3a51781accafd.php 第 181 行.
NOTIC: [8] Use of undefined constant homewell - assumed 'homewell' D:\wamp\www\guanbo\ipass-local\Runtime\Cache\Home\812532ef02e846a08ac3a51781accafd.php 第 183 行.
NOTIC: [8] Use of undefined constant dadmom - assumed 'dadmom' D:\wamp\www\guanbo\ipass-local\Runtime\Cache\Home\812532ef02e846a08ac3a51781accafd.php 第 185 行.
NOTIC: [8] Use of undefined constant jiaoyufangshi - assumed 'jiaoyufangshi' D:\wamp\www\guanbo\ipass-local\Runtime\Cache\Home\812532ef02e846a08ac3a51781accafd.php 第 187 行.
NOTIC: [8] Use of undefined constant guanjiaoyijian - assumed 'guanjiaoyijian' D:\wamp\www\guanbo\ipass-local\Runtime\Cache\Home\812532ef02e846a08ac3a51781accafd.php 第 189 行.
NOTIC: [8] Use of undefined constant fuqinxueli - assumed 'fuqinxueli' D:\wamp\www\guanbo\ipass-local\Runtime\Cache\Home\812532ef02e846a08ac3a51781accafd.php 第 191 行.
NOTIC: [8] Use of undefined constant fuqinzhiye - assumed 'fuqinzhiye' D:\wamp\www\guanbo\ipass-local\Runtime\Cache\Home\812532ef02e846a08ac3a51781accafd.php 第 193 行.
NOTIC: [8] Use of undefined constant muqinxueli - assumed 'muqinxueli' D:\wamp\www\guanbo\ipass-local\Runtime\Cache\Home\812532ef02e846a08ac3a51781accafd.php 第 195 行.
NOTIC: [8] Use of undefined constant muqinzhiye - assumed 'muqinzhiye' D:\wamp\www\guanbo\ipass-local\Runtime\Cache\Home\812532ef02e846a08ac3a51781accafd.php 第 197 行.
INFO: Run Behavior\ParseTemplateBehavior [ RunTime:0.048494s ]
INFO: [ view_parse ] --END-- [ RunTime:0.048736s ]
INFO: [ view_filter ] --START--
INFO: Run Behavior\WriteHtmlCacheBehavior [ RunTime:0.000755s ]
INFO: [ view_filter ] --END-- [ RunTime:0.000928s ]
INFO: [ app_end ] --START--
INFO: Run Behavior\ShowPageTraceBehavior [ RunTime:0.001102s ]
INFO: [ app_end ] --END-- [ RunTime:0.001283s ]

[ 2017-03-28T07:46:30+08:00 ] 127.0.0.1 /guanbo/ipass-local/index.php/Home/Index/lb.html
INFO: [ app_init ] --START--
INFO: Run Behavior\BuildLiteBehavior [ RunTime:0.000043s ]
INFO: [ app_init ] --END-- [ RunTime:0.000702s ]
INFO: [ app_begin ] --START--
INFO: Run Behavior\ReadHtmlCacheBehavior [ RunTime:0.001062s ]
INFO: [ app_begin ] --END-- [ RunTime:0.001257s ]
SQL: SHOW COLUMNS FROM `student` [ RunTime:0.0028s ]
SQL: SELECT `head` FROM `student` WHERE `id` = 5 LIMIT 1   [ RunTime:0.0004s ]
SQL: SHOW COLUMNS FROM `ipass_lblist` [ RunTime:0.0036s ]
SQL: SELECT * FROM `ipass_lblist`  [ RunTime:0.0008s ]
INFO: [ view_parse ] --START--
INFO: [ template_filter ] --START--
INFO: Run Behavior\ContentReplaceBehavior [ RunTime:0.000152s ]
INFO: [ template_filter ] --END-- [ RunTime:0.000350s ]
INFO: Run Behavior\ParseTemplateBehavior [ RunTime:0.026080s ]
INFO: [ view_parse ] --END-- [ RunTime:0.026288s ]
INFO: [ view_filter ] --START--
INFO: Run Behavior\WriteHtmlCacheBehavior [ RunTime:0.000711s ]
INFO: [ view_filter ] --END-- [ RunTime:0.000887s ]
INFO: [ app_end ] --START--
INFO: Run Behavior\ShowPageTraceBehavior [ RunTime:0.001468s ]
INFO: [ app_end ] --END-- [ RunTime:0.001676s ]

[ 2017-03-28T15:43:08+08:00 ] 127.0.0.1 /guanbo/ipass-local/
INFO: [ app_init ] --START--
INFO: Run Behavior\BuildLiteBehavior [ RunTime:0.000128s ]
INFO: [ app_init ] --END-- [ RunTime:0.070295s ]
INFO: [ app_begin ] --START--
INFO: Run Behavior\ReadHtmlCacheBehavior [ RunTime:0.032214s ]
INFO: [ app_begin ] --END-- [ RunTime:0.032603s ]
INFO: [ view_parse ] --START--
INFO: [ template_filter ] --START--
INFO: Run Behavior\ContentReplaceBehavior [ RunTime:0.000234s ]
INFO: [ template_filter ] --END-- [ RunTime:0.000652s ]
INFO: Run Behavior\ParseTemplateBehavior [ RunTime:0.198977s ]
INFO: [ view_parse ] --END-- [ RunTime:0.199620s ]
INFO: [ view_filter ] --START--
INFO: Run Behavior\WriteHtmlCacheBehavior [ RunTime:0.071240s ]
INFO: [ view_filter ] --END-- [ RunTime:0.071756s ]
INFO: [ app_end ] --START--
INFO: Run Behavior\ShowPageTraceBehavior [ RunTime:0.041462s ]
INFO: [ app_end ] --END-- [ RunTime:0.041801s ]

[ 2017-03-28T15:43:21+08:00 ] 127.0.0.1 /guanbo/ipass-local/index.php/Home/Index/login.html
INFO: [ app_init ] --START--
INFO: Run Behavior\BuildLiteBehavior [ RunTime:0.000041s ]
INFO: [ app_init ] --END-- [ RunTime:0.000663s ]
INFO: [ app_begin ] --START--
INFO: Run Behavior\ReadHtmlCacheBehavior [ RunTime:0.000821s ]
INFO: [ app_begin ] --END-- [ RunTime:0.001166s ]
SQL: SHOW COLUMNS FROM `student` [ RunTime:0.1075s ]
SQL: SELECT * FROM `student` WHERE `number` = '111' LIMIT 1   [ RunTime:0.0111s ]

[ 2017-03-28T15:43:21+08:00 ] 127.0.0.1 /guanbo/ipass-local/index.php/Home/Index/index.html
INFO: [ app_init ] --START--
INFO: Run Behavior\BuildLiteBehavior [ RunTime:0.000073s ]
INFO: [ app_init ] --END-- [ RunTime:0.001125s ]
INFO: [ app_begin ] --START--
INFO: Run Behavior\ReadHtmlCacheBehavior [ RunTime:0.001344s ]
INFO: [ app_begin ] --END-- [ RunTime:0.001676s ]

[ 2017-03-28T15:43:21+08:00 ] 127.0.0.1 /guanbo/ipass-local/index.php/Home/Index/lb.html
INFO: [ app_init ] --START--
INFO: Run Behavior\BuildLiteBehavior [ RunTime:0.000075s ]
INFO: [ app_init ] --END-- [ RunTime:0.001769s ]
INFO: [ app_begin ] --START--
INFO: Run Behavior\ReadHtmlCacheBehavior [ RunTime:0.001366s ]
INFO: [ app_begin ] --END-- [ RunTime:0.001708s ]
SQL: SHOW COLUMNS FROM `student` [ RunTime:0.0049s ]
SQL: SELECT `head` FROM `student` WHERE `id` = 5 LIMIT 1   [ RunTime:0.0111s ]
SQL: SHOW COLUMNS FROM `ipass_lblist` [ RunTime:0.0349s ]
SQL: SELECT * FROM `ipass_lblist`  [ RunTime:0.0020s ]
INFO: [ view_parse ] --START--
INFO: [ template_filter ] --START--
INFO: Run Behavior\ContentReplaceBehavior [ RunTime:0.000281s ]
INFO: [ template_filter ] --END-- [ RunTime:0.000810s ]
INFO: Run Behavior\ParseTemplateBehavior [ RunTime:0.121515s ]
INFO: [ view_parse ] --END-- [ RunTime:0.121933s ]
INFO: [ view_filter ] --START--
INFO: Run Behavior\WriteHtmlCacheBehavior [ RunTime:0.000710s ]
INFO: [ view_filter ] --END-- [ RunTime:0.001035s ]
INFO: [ app_end ] --START--
INFO: Run Behavior\ShowPageTraceBehavior [ RunTime:0.001670s ]
INFO: [ app_end ] --END-- [ RunTime:0.002101s ]

[ 2017-03-28T15:45:07+08:00 ] 127.0.0.1 /guanbo/ipass-local/index.php/Home/Index/lb.html
INFO: [ app_init ] --START--
INFO: Run Behavior\BuildLiteBehavior [ RunTime:0.000072s ]
INFO: [ app_init ] --END-- [ RunTime:0.001416s ]
INFO: [ app_begin ] --START--
INFO: Run Behavior\ReadHtmlCacheBehavior [ RunTime:0.001685s ]
INFO: [ app_begin ] --END-- [ RunTime:0.002036s ]
SQL: SHOW COLUMNS FROM `student` [ RunTime:0.0051s ]
SQL: SELECT `head` FROM `student` WHERE `id` = 5 LIMIT 1   [ RunTime:0.0007s ]
SQL: SHOW COLUMNS FROM `ipass_lblist` [ RunTime:0.0053s ]
SQL: SELECT * FROM `ipass_lblist`  [ RunTime:0.0012s ]
INFO: [ view_parse ] --START--
INFO: [ template_filter ] --START--
INFO: Run Behavior\ContentReplaceBehavior [ RunTime:0.000269s ]
INFO: [ template_filter ] --END-- [ RunTime:0.000626s ]
INFO: Run Behavior\ParseTemplateBehavior [ RunTime:0.042381s ]
INFO: [ view_parse ] --END-- [ RunTime:0.042759s ]
INFO: [ view_filter ] --START--
INFO: Run Behavior\WriteHtmlCacheBehavior [ RunTime:0.000694s ]
INFO: [ view_filter ] --END-- [ RunTime:0.001028s ]
INFO: [ app_end ] --START--
INFO: Run Behavior\ShowPageTraceBehavior [ RunTime:0.001908s ]
INFO: [ app_end ] --END-- [ RunTime:0.002329s ]

[ 2017-03-28T15:45:19+08:00 ] 127.0.0.1 /guanbo/ipass-local/index.php/Home/Index/lb.html
INFO: [ app_init ] --START--
INFO: Run Behavior\BuildLiteBehavior [ RunTime:0.000070s ]
INFO: [ app_init ] --END-- [ RunTime:0.001226s ]
INFO: [ app_begin ] --START--
INFO: Run Behavior\ReadHtmlCacheBehavior [ RunTime:0.001697s ]
INFO: [ app_begin ] --END-- [ RunTime:0.002058s ]
SQL: SHOW COLUMNS FROM `student` [ RunTime:0.0047s ]
SQL: SELECT `head` FROM `student` WHERE `id` = 5 LIMIT 1   [ RunTime:0.0007s ]
SQL: SHOW COLUMNS FROM `ipass_lblist` [ RunTime:0.0052s ]
SQL: SELECT * FROM `ipass_lblist`  [ RunTime:0.0013s ]
INFO: [ view_parse ] --START--
INFO: [ template_filter ] --START--
INFO: Run Behavior\ContentReplaceBehavior [ RunTime:0.000259s ]
INFO: [ template_filter ] --END-- [ RunTime:0.000616s ]
INFO: Run Behavior\ParseTemplateBehavior [ RunTime:0.044642s ]
INFO: [ view_parse ] --END-- [ RunTime:0.044938s ]
INFO: [ view_filter ] --START--
INFO: Run Behavior\WriteHtmlCacheBehavior [ RunTime:0.000653s ]
INFO: [ view_filter ] --END-- [ RunTime:0.000843s ]
INFO: [ app_end ] --START--
INFO: Run Behavior\ShowPageTraceBehavior [ RunTime:0.000986s ]
INFO: [ app_end ] --END-- [ RunTime:0.001199s ]

[ 2017-03-28T15:45:23+08:00 ] 127.0.0.1 /guanbo/ipass-local/index.php/Home/Index/mytest.html
INFO: [ app_init ] --START--
INFO: Run Behavior\BuildLiteBehavior [ RunTime:0.000043s ]
INFO: [ app_init ] --END-- [ RunTime:0.000689s ]
INFO: [ app_begin ] --START--
INFO: Run Behavior\ReadHtmlCacheBehavior [ RunTime:0.001002s ]
INFO: [ app_begin ] --END-- [ RunTime:0.001250s ]
SQL: SHOW COLUMNS FROM `ot_archive` [ RunTime:0.0834s ]
SQL: SELECT `name` FROM `ot_archive` WHERE `child_id` = '111111111111111111' LIMIT 1   [ RunTime:0.0983s ]
SQL: SELECT `tongjuren` FROM `ot_archive` WHERE `child_id` = '111111111111111111' LIMIT 1   [ RunTime:0.0009s ]
SQL: SELECT `banji` FROM `ot_archive` WHERE `child_id` = '111111111111111111' LIMIT 1   [ RunTime:0.0012s ]
SQL: SHOW COLUMNS FROM `student` [ RunTime:0.0051s ]
SQL: SELECT `head` FROM `student` WHERE `id` = 5 LIMIT 1   [ RunTime:0.0007s ]
INFO: [ view_parse ] --START--
INFO: [ template_filter ] --START--
INFO: Run Behavior\ContentReplaceBehavior [ RunTime:0.000249s ]
INFO: [ template_filter ] --END-- [ RunTime:0.000589s ]
INFO: Run Behavior\ParseTemplateBehavior [ RunTime:0.089762s ]
INFO: [ view_parse ] --END-- [ RunTime:0.090163s ]
INFO: [ view_filter ] --START--
INFO: Run Behavior\WriteHtmlCacheBehavior [ RunTime:0.000742s ]
INFO: [ view_filter ] --END-- [ RunTime:0.001072s ]
INFO: [ app_end ] --START--
INFO: Run Behavior\ShowPageTraceBehavior [ RunTime:0.001455s ]
INFO: [ app_end ] --END-- [ RunTime:0.001771s ]

[ 2017-03-28T15:45:25+08:00 ] 127.0.0.1 /guanbo/ipass-local/index.php/Home/index/archive.html
INFO: [ app_init ] --START--
INFO: Run Behavior\BuildLiteBehavior [ RunTime:0.000069s ]
INFO: [ app_init ] --END-- [ RunTime:0.001134s ]
INFO: [ app_begin ] --START--
INFO: Run Behavior\ReadHtmlCacheBehavior [ RunTime:0.001900s ]
INFO: [ app_begin ] --END-- [ RunTime:0.002322s ]
SQL: SHOW COLUMNS FROM `ot_archive` [ RunTime:0.0075s ]
SQL: SELECT `name` FROM `ot_archive` WHERE `child_id` = '111111111111111111' LIMIT 1   [ RunTime:0.0008s ]
SQL: SELECT `tongjuren` FROM `ot_archive` WHERE `child_id` = '111111111111111111' LIMIT 1   [ RunTime:0.0008s ]
SQL: SELECT `banji` FROM `ot_archive` WHERE `child_id` = '111111111111111111' LIMIT 1   [ RunTime:0.0008s ]
SQL: SELECT * FROM `ot_archive` WHERE ( child_id="111111111111111111" )  [ RunTime:0.0054s ]
SQL: SHOW COLUMNS FROM `student` [ RunTime:0.0047s ]
SQL: SELECT `head` FROM `student` WHERE `id` = 5 LIMIT 1   [ RunTime:0.0007s ]
SQL: SHOW COLUMNS FROM `ot_archive` [ RunTime:0.0070s ]
SQL: SELECT `head` FROM `ot_archive` WHERE `child_id` = '111111111111111111' LIMIT 1   [ RunTime:0.0008s ]
INFO: [ view_parse ] --START--
INFO: [ template_filter ] --START--
INFO: Run Behavior\ContentReplaceBehavior [ RunTime:0.000323s ]
INFO: [ template_filter ] --END-- [ RunTime:0.000727s ]
NOTIC: [8] Use of undefined constant name - assumed 'name' D:\wamp\www\guanbo\ipass-local\Runtime\Cache\Home\812532ef02e846a08ac3a51781accafd.php 第 115 行.
NOTIC: [8] Use of undefined constant sex - assumed 'sex' D:\wamp\www\guanbo\ipass-local\Runtime\Cache\Home\812532ef02e846a08ac3a51781accafd.php 第 133 行.
NOTIC: [8] Use of undefined constant minzu - assumed 'minzu' D:\wamp\www\guanbo\ipass-local\Runtime\Cache\Home\812532ef02e846a08ac3a51781accafd.php 第 134 行.
NOTIC: [8] Use of undefined constant birthday - assumed 'birthday' D:\wamp\www\guanbo\ipass-local\Runtime\Cache\Home\812532ef02e846a08ac3a51781accafd.php 第 135 行.
NOTIC: [8] Use of undefined constant xuexing - assumed 'xuexing' D:\wamp\www\guanbo\ipass-local\Runtime\Cache\Home\812532ef02e846a08ac3a51781accafd.php 第 136 行.
NOTIC: [8] Use of undefined constant shengao - assumed 'shengao' D:\wamp\www\guanbo\ipass-local\Runtime\Cache\Home\812532ef02e846a08ac3a51781accafd.php 第 137 行.
NOTIC: [8] Use of undefined constant tizhong - assumed 'tizhong' D:\wamp\www\guanbo\ipass-local\Runtime\Cache\Home\812532ef02e846a08ac3a51781accafd.php 第 138 行.
NOTIC: [8] Use of undefined constant banji - assumed 'banji' D:\wamp\www\guanbo\ipass-local\Runtime\Cache\Home\812532ef02e846a08ac3a51781accafd.php 第 143 行.
NOTIC: [8] Use of undefined constant xuexiaolocation - assumed 'xuexiaolocation' D:\wamp\www\guanbo\ipass-local\Runtime\Cache\Home\812532ef02e846a08ac3a51781accafd.php 第 145 行.
NOTIC: [8] Use of undefined constant xuexiaoleixing - assumed 'xuexiaoleixing' D:\wamp\www\guanbo\ipass-local\Runtime\Cache\Home\812532ef02e846a08ac3a51781accafd.php 第 146 行.
NOTIC: [8] Use of undefined constant laoshiguanxi - assumed 'laoshiguanxi' D:\wamp\www\guanbo\ipass-local\Runtime\Cache\Home\812532ef02e846a08ac3a51781accafd.php 第 148 行.
NOTIC: [8] Use of undefined constant tongxueguanxi - assumed 'tongxueguanxi' D:\wamp\www\guanbo\ipass-local\Runtime\Cache\Home\812532ef02e846a08ac3a51781accafd.php 第 150 行.
NOTIC: [8] Use of undefined constant name - assumed 'name' D:\wamp\www\guanbo\ipass-local\Runtime\Cache\Home\812532ef02e846a08ac3a51781accafd.php 第 155 行.
NOTIC: [8] Use of undefined constant fenwan - assumed 'fenwan' D:\wamp\www\guanbo\ipass-local\Runtime\Cache\Home\812532ef02e846a08ac3a51781accafd.php 第 156 行.
NOTIC: [8] Use of undefined constant manyue - assumed 'manyue' D:\wamp\www\guanbo\ipass-local\Runtime\Cache\Home\812532ef02e846a08ac3a51781accafd.php 第 157 行.
NOTIC: [8] Use of undefined constant birth_tizhong - assumed 'birth_tizhong' D:\wamp\www\guanbo\ipass-local\Runtime\Cache\Home\812532ef02e846a08ac3a51781accafd.php 第 159 行.
NOTIC: [8] Use of undefined constant fuyangren - assumed 'fuyangren' D:\wamp\www\guanbo\ipass-local\Runtime\Cache\Home\812532ef02e846a08ac3a51781accafd.php 第 160 行.
NOTIC: [8] Use of undefined constant dadnianling - assumed 'dadnianling' D:\wamp\www\guanbo\ipass-local\Runtime\Cache\Home\812532ef02e846a08ac3a51781accafd.php 第 162 行.
NOTIC: [8] Use of undefined constant momnianling - assumed 'momnianling' D:\wamp\www\guanbo\ipass-local\Runtime\Cache\Home\812532ef02e846a08ac3a51781accafd.php 第 164 行.
NOTIC: [8] Use of undefined constant brother - assumed 'brother' D:\wamp\www\guanbo\ipass-local\Runtime\Cache\Home\812532ef02e846a08ac3a51781accafd.php 第 166 行.
NOTIC: [8] Use of undefined constant paihang - assumed 'paihang' D:\wamp\www\guanbo\ipass-local\Runtime\Cache\Home\812532ef02e846a08ac3a51781accafd.php 第 168 行.
NOTIC: [8] Use of undefined constant duzi - assumed 'duzi' D:\wamp\www\guanbo\ipass-local\Runtime\Cache\Home\812532ef02e846a08ac3a51781accafd.php 第 169 行.
NOTIC: [8] Use of undefined constant walknianling - assumed 'walknianling' D:\wamp\www\guanbo\ipass-local\Runtime\Cache\Home\812532ef02e846a08ac3a51781accafd.php 第 170 行.
NOTIC: [8] Use of undefined constant talknianling - assumed 'talknianling' D:\wamp\www\guanbo\ipass-local\Runtime\Cache\Home\812532ef02e846a08ac3a51781accafd.php 第 172 行.
NOTIC: [8] Use of undefined constant rutuo - assumed 'rutuo' D:\wamp\www\guanbo\ipass-local\Runtime\Cache\Home\812532ef02e846a08ac3a51781accafd.php 第 174 行.
NOTIC: [8] Use of undefined constant home - assumed 'home' D:\wamp\www\guanbo\ipass-local\Runtime\Cache\Home\812532ef02e846a08ac3a51781accafd.php 第 179 行.
NOTIC: [8] Use of undefined constant tongjuren - assumed 'tongjuren' D:\wamp\www\guanbo\ipass-local\Runtime\Cache\Home\812532ef02e846a08ac3a51781accafd.php 第 181 行.
NOTIC: [8] Use of undefined constant homewell - assumed 'homewell' D:\wamp\www\guanbo\ipass-local\Runtime\Cache\Home\812532ef02e846a08ac3a51781accafd.php 第 183 行.
NOTIC: [8] Use of undefined constant dadmom - assumed 'dadmom' D:\wamp\www\guanbo\ipass-local\Runtime\Cache\Home\812532ef02e846a08ac3a51781accafd.php 第 185 行.
NOTIC: [8] Use of undefined constant jiaoyufangshi - assumed 'jiaoyufangshi' D:\wamp\www\guanbo\ipass-local\Runtime\Cache\Home\812532ef02e846a08ac3a51781accafd.php 第 187 行.
NOTIC: [8] Use of undefined constant guanjiaoyijian - assumed 'guanjiaoyijian' D:\wamp\www\guanbo\ipass-local\Runtime\Cache\Home\812532ef02e846a08ac3a51781accafd.php 第 189 行.
NOTIC: [8] Use of undefined constant fuqinxueli - assumed 'fuqinxueli' D:\wamp\www\guanbo\ipass-local\Runtime\Cache\Home\812532ef02e846a08ac3a51781accafd.php 第 191 行.
NOTIC: [8] Use of undefined constant fuqinzhiye - assumed 'fuqinzhiye' D:\wamp\www\guanbo\ipass-local\Runtime\Cache\Home\812532ef02e846a08ac3a51781accafd.php 第 193 行.
NOTIC: [8] Use of undefined constant muqinxueli - assumed 'muqinxueli' D:\wamp\www\guanbo\ipass-local\Runtime\Cache\Home\812532ef02e846a08ac3a51781accafd.php 第 195 行.
NOTIC: [8] Use of undefined constant muqinzhiye - assumed 'muqinzhiye' D:\wamp\www\guanbo\ipass-local\Runtime\Cache\Home\812532ef02e846a08ac3a51781accafd.php 第 197 行.
INFO: Run Behavior\ParseTemplateBehavior [ RunTime:0.097130s ]
INFO: [ view_parse ] --END-- [ RunTime:0.097473s ]
INFO: [ view_filter ] --START--
INFO: Run Behavior\WriteHtmlCacheBehavior [ RunTime:0.000761s ]
INFO: [ view_filter ] --END-- [ RunTime:0.001055s ]
INFO: [ app_end ] --START--
INFO: Run Behavior\ShowPageTraceBehavior [ RunTime:0.001363s ]
INFO: [ app_end ] --END-- [ RunTime:0.001669s ]

[ 2017-03-28T15:45:32+08:00 ] 127.0.0.1 /guanbo/ipass-local/index.php/Home/Index/edit_archive.html
INFO: [ app_init ] --START--
INFO: Run Behavior\BuildLiteBehavior [ RunTime:0.000041s ]
INFO: [ app_init ] --END-- [ RunTime:0.000647s ]
INFO: [ app_begin ] --START--
INFO: Run Behavior\ReadHtmlCacheBehavior [ RunTime:0.000986s ]
INFO: [ app_begin ] --END-- [ RunTime:0.001194s ]
SQL: SHOW COLUMNS FROM `ot_archive` [ RunTime:0.0040s ]
SQL: SELECT * FROM `ot_archive` WHERE ( child_id="111111111111111111" )  [ RunTime:0.0032s ]
SQL: SHOW COLUMNS FROM `student` [ RunTime:0.0038s ]
SQL: SELECT `head` FROM `student` WHERE `id` = 5 LIMIT 1   [ RunTime:0.0004s ]
INFO: [ view_parse ] --START--
INFO: [ template_filter ] --START--
INFO: Run Behavior\ContentReplaceBehavior [ RunTime:0.000672s ]
INFO: [ template_filter ] --END-- [ RunTime:0.001025s ]
NOTIC: [8] Use of undefined constant sex - assumed 'sex' D:\wamp\www\guanbo\ipass-local\Runtime\Cache\Home\c8ac44b3837d0ef725782c5c458ba0a7.php 第 46 行.
NOTIC: [8] Use of undefined constant minzu - assumed 'minzu' D:\wamp\www\guanbo\ipass-local\Runtime\Cache\Home\c8ac44b3837d0ef725782c5c458ba0a7.php 第 49 行.
NOTIC: [8] Use of undefined constant fenwan - assumed 'fenwan' D:\wamp\www\guanbo\ipass-local\Runtime\Cache\Home\c8ac44b3837d0ef725782c5c458ba0a7.php 第 53 行.
NOTIC: [8] Use of undefined constant manyue - assumed 'manyue' D:\wamp\www\guanbo\ipass-local\Runtime\Cache\Home\c8ac44b3837d0ef725782c5c458ba0a7.php 第 56 行.
NOTIC: [8] Use of undefined constant duzi - assumed 'duzi' D:\wamp\www\guanbo\ipass-local\Runtime\Cache\Home\c8ac44b3837d0ef725782c5c458ba0a7.php 第 59 行.
NOTIC: [8] Use of undefined constant home - assumed 'home' D:\wamp\www\guanbo\ipass-local\Runtime\Cache\Home\c8ac44b3837d0ef725782c5c458ba0a7.php 第 62 行.
NOTIC: [8] Use of undefined constant fuyangren - assumed 'fuyangren' D:\wamp\www\guanbo\ipass-local\Runtime\Cache\Home\c8ac44b3837d0ef725782c5c458ba0a7.php 第 65 行.
NOTIC: [8] Use of undefined constant tongjuren - assumed 'tongjuren' D:\wamp\www\guanbo\ipass-local\Runtime\Cache\Home\c8ac44b3837d0ef725782c5c458ba0a7.php 第 71 行.
NOTIC: [8] Use of undefined constant homewell - assumed 'homewell' D:\wamp\www\guanbo\ipass-local\Runtime\Cache\Home\c8ac44b3837d0ef725782c5c458ba0a7.php 第 77 行.
NOTIC: [8] Use of undefined constant dadmom - assumed 'dadmom' D:\wamp\www\guanbo\ipass-local\Runtime\Cache\Home\c8ac44b3837d0ef725782c5c458ba0a7.php 第 80 行.
NOTIC: [8] Use of undefined constant jiaoyufangshi - assumed 'jiaoyufangshi' D:\wamp\www\guanbo\ipass-local\Runtime\Cache\Home\c8ac44b3837d0ef725782c5c458ba0a7.php 第 83 行.
NOTIC: [8] Use of undefined constant guanjiaoyijian - assumed 'guanjiaoyijian' D:\wamp\www\guanbo\ipass-local\Runtime\Cache\Home\c8ac44b3837d0ef725782c5c458ba0a7.php 第 86 行.
NOTIC: [8] Use of undefined constant fuqinxueli - assumed 'fuqinxueli' D:\wamp\www\guanbo\ipass-local\Runtime\Cache\Home\c8ac44b3837d0ef725782c5c458ba0a7.php 第 89 行.
NOTIC: [8] Use of undefined constant muqinxueli - assumed 'muqinxueli' D:\wamp\www\guanbo\ipass-local\Runtime\Cache\Home\c8ac44b3837d0ef725782c5c458ba0a7.php 第 92 行.
NOTIC: [8] Use of undefined constant fuqinzhiye - assumed 'fuqinzhiye' D:\wamp\www\guanbo\ipass-local\Runtime\Cache\Home\c8ac44b3837d0ef725782c5c458ba0a7.php 第 95 行.
NOTIC: [8] Use of undefined constant muqinzhiye - assumed 'muqinzhiye' D:\wamp\www\guanbo\ipass-local\Runtime\Cache\Home\c8ac44b3837d0ef725782c5c458ba0a7.php 第 98 行.
NOTIC: [8] Use of undefined constant xuexiaolocation - assumed 'xuexiaolocation' D:\wamp\www\guanbo\ipass-local\Runtime\Cache\Home\c8ac44b3837d0ef725782c5c458ba0a7.php 第 103 行.
NOTIC: [8] Use of undefined constant xuexiaoleixing - assumed 'xuexiaoleixing' D:\wamp\www\guanbo\ipass-local\Runtime\Cache\Home\c8ac44b3837d0ef725782c5c458ba0a7.php 第 112 行.
NOTIC: [8] Use of undefined constant laoshiguanxi - assumed 'laoshiguanxi' D:\wamp\www\guanbo\ipass-local\Runtime\Cache\Home\c8ac44b3837d0ef725782c5c458ba0a7.php 第 115 行.
NOTIC: [8] Use of undefined constant tongxueguanxi - assumed 'tongxueguanxi' D:\wamp\www\guanbo\ipass-local\Runtime\Cache\Home\c8ac44b3837d0ef725782c5c458ba0a7.php 第 118 行.
NOTIC: [8] Use of undefined constant id - assumed 'id' D:\wamp\www\guanbo\ipass-local\Runtime\Cache\Home\c8ac44b3837d0ef725782c5c458ba0a7.php 第 217 行.
NOTIC: [8] Use of undefined constant name - assumed 'name' D:\wamp\www\guanbo\ipass-local\Runtime\Cache\Home\c8ac44b3837d0ef725782c5c458ba0a7.php 第 240 行.
NOTIC: [8] Use of undefined constant birthday - assumed 'birthday' D:\wamp\www\guanbo\ipass-local\Runtime\Cache\Home\c8ac44b3837d0ef725782c5c458ba0a7.php 第 273 行.
NOTIC: [8] Use of undefined constant xuexing - assumed 'xuexing' D:\wamp\www\guanbo\ipass-local\Runtime\Cache\Home\c8ac44b3837d0ef725782c5c458ba0a7.php 第 282 行.
NOTIC: [8] Use of undefined constant shengao - assumed 'shengao' D:\wamp\www\guanbo\ipass-local\Runtime\Cache\Home\c8ac44b3837d0ef725782c5c458ba0a7.php 第 291 行.
NOTIC: [8] Use of undefined constant tizhong - assumed 'tizhong' D:\wamp\www\guanbo\ipass-local\Runtime\Cache\Home\c8ac44b3837d0ef725782c5c458ba0a7.php 第 300 行.
NOTIC: [8] Use of undefined constant birth_tizhong - assumed 'birth_tizhong' D:\wamp\www\guanbo\ipass-local\Runtime\Cache\Home\c8ac44b3837d0ef725782c5c458ba0a7.php 第 335 行.
NOTIC: [8] Use of undefined constant brother - assumed 'brother' D:\wamp\www\guanbo\ipass-local\Runtime\Cache\Home\c8ac44b3837d0ef725782c5c458ba0a7.php 第 356 行.
NOTIC: [8] Use of undefined constant paihang - assumed 'paihang' D:\wamp\www\guanbo\ipass-local\Runtime\Cache\Home\c8ac44b3837d0ef725782c5c458ba0a7.php 第 365 行.
NOTIC: [8] Use of undefined constant dadnianling - assumed 'dadnianling' D:\wamp\www\guanbo\ipass-local\Runtime\Cache\Home\c8ac44b3837d0ef725782c5c458ba0a7.php 第 401 行.
NOTIC: [8] Use of undefined constant momnianling - assumed 'momnianling' D:\wamp\www\guanbo\ipass-local\Runtime\Cache\Home\c8ac44b3837d0ef725782c5c458ba0a7.php 第 410 行.
NOTIC: [8] Use of undefined constant rutuo - assumed 'rutuo' D:\wamp\www\guanbo\ipass-local\Runtime\Cache\Home\c8ac44b3837d0ef725782c5c458ba0a7.php 第 419 行.
NOTIC: [8] Use of undefined constant walknianling - assumed 'walknianling' D:\wamp\www\guanbo\ipass-local\Runtime\Cache\Home\c8ac44b3837d0ef725782c5c458ba0a7.php 第 428 行.
NOTIC: [8] Use of undefined constant talknianling - assumed 'talknianling' D:\wamp\www\guanbo\ipass-local\Runtime\Cache\Home\c8ac44b3837d0ef725782c5c458ba0a7.php 第 437 行.
NOTIC: [8] Use of undefined constant banji - assumed 'banji' D:\wamp\www\guanbo\ipass-local\Runtime\Cache\Home\c8ac44b3837d0ef725782c5c458ba0a7.php 第 637 行.
NOTIC: [8] Use of undefined constant id - assumed 'id' D:\wamp\www\guanbo\ipass-local\Runtime\Cache\Home\c8ac44b3837d0ef725782c5c458ba0a7.php 第 728 行.
INFO: Run Behavior\ParseTemplateBehavior [ RunTime:0.115487s ]
INFO: [ view_parse ] --END-- [ RunTime:0.115857s ]
INFO: [ view_filter ] --START--
INFO: Run Behavior\WriteHtmlCacheBehavior [ RunTime:0.000772s ]
INFO: [ view_filter ] --END-- [ RunTime:0.001064s ]
INFO: [ app_end ] --START--
INFO: Run Behavior\ShowPageTraceBehavior [ RunTime:0.001433s ]
INFO: [ app_end ] --END-- [ RunTime:0.001748s ]

[ 2017-03-28T16:09:03+08:00 ] 127.0.0.1 /guanbo/ipass-local/index.php/Home/Index/mytest.html
INFO: [ app_init ] --START--
INFO: Run Behavior\BuildLiteBehavior [ RunTime:0.000042s ]
INFO: [ app_init ] --END-- [ RunTime:0.000710s ]
INFO: [ app_begin ] --START--
INFO: Run Behavior\ReadHtmlCacheBehavior [ RunTime:0.000960s ]
INFO: [ app_begin ] --END-- [ RunTime:0.001169s ]

[ 2017-03-28T16:09:05+08:00 ] 127.0.0.1 /guanbo/ipass-local/index.php/Home/Index/get_in_archive.html
INFO: [ app_init ] --START--
INFO: Run Behavior\BuildLiteBehavior [ RunTime:0.000046s ]
INFO: [ app_init ] --END-- [ RunTime:0.000785s ]
INFO: [ app_begin ] --START--
INFO: Run Behavior\ReadHtmlCacheBehavior [ RunTime:0.000939s ]
INFO: [ app_begin ] --END-- [ RunTime:0.001510s ]

[ 2017-03-28T16:09:05+08:00 ] 127.0.0.1 /guanbo/ipass-local/index.php/Home/Index/index.html
INFO: [ app_init ] --START--
INFO: Run Behavior\BuildLiteBehavior [ RunTime:0.000046s ]
INFO: [ app_init ] --END-- [ RunTime:0.000878s ]
INFO: [ app_begin ] --START--
INFO: Run Behavior\ReadHtmlCacheBehavior [ RunTime:0.001347s ]
INFO: [ app_begin ] --END-- [ RunTime:0.001568s ]
INFO: [ view_parse ] --START--
INFO: [ template_filter ] --START--
INFO: Run Behavior\ContentReplaceBehavior [ RunTime:0.000147s ]
INFO: [ template_filter ] --END-- [ RunTime:0.000358s ]
INFO: Run Behavior\ParseTemplateBehavior [ RunTime:0.017699s ]
INFO: [ view_parse ] --END-- [ RunTime:0.017938s ]
INFO: [ view_filter ] --START--
INFO: Run Behavior\WriteHtmlCacheBehavior [ RunTime:0.000494s ]
INFO: [ view_filter ] --END-- [ RunTime:0.000670s ]
INFO: [ app_end ] --START--
INFO: Run Behavior\ShowPageTraceBehavior [ RunTime:0.000889s ]
INFO: [ app_end ] --END-- [ RunTime:0.001070s ]

[ 2017-03-28T16:09:12+08:00 ] 127.0.0.1 /guanbo/ipass-local/index.php/Home/Index/login.html
INFO: [ app_init ] --START--
INFO: Run Behavior\BuildLiteBehavior [ RunTime:0.000043s ]
INFO: [ app_init ] --END-- [ RunTime:0.000802s ]
INFO: [ app_begin ] --START--
INFO: Run Behavior\ReadHtmlCacheBehavior [ RunTime:0.000831s ]
INFO: [ app_begin ] --END-- [ RunTime:0.001043s ]
SQL: SHOW COLUMNS FROM `student` [ RunTime:0.0028s ]
SQL: SELECT * FROM `student` WHERE `number` = '111' LIMIT 1   [ RunTime:0.0005s ]

[ 2017-03-28T16:09:12+08:00 ] 127.0.0.1 /guanbo/ipass-local/index.php/Home/Index/index.html
INFO: [ app_init ] --START--
INFO: Run Behavior\BuildLiteBehavior [ RunTime:0.000041s ]
INFO: [ app_init ] --END-- [ RunTime:0.000651s ]
INFO: [ app_begin ] --START--
INFO: Run Behavior\ReadHtmlCacheBehavior [ RunTime:0.000824s ]
INFO: [ app_begin ] --END-- [ RunTime:0.001019s ]

[ 2017-03-28T16:09:12+08:00 ] 127.0.0.1 /guanbo/ipass-local/index.php/Home/Index/lb.html
INFO: [ app_init ] --START--
INFO: Run Behavior\BuildLiteBehavior [ RunTime:0.000043s ]
INFO: [ app_init ] --END-- [ RunTime:0.000659s ]
INFO: [ app_begin ] --START--
INFO: Run Behavior\ReadHtmlCacheBehavior [ RunTime:0.000771s ]
INFO: [ app_begin ] --END-- [ RunTime:0.000960s ]
SQL: SHOW COLUMNS FROM `student` [ RunTime:0.0027s ]
SQL: SELECT `head` FROM `student` WHERE `id` = 5 LIMIT 1   [ RunTime:0.0004s ]
SQL: SHOW COLUMNS FROM `ipass_lblist` [ RunTime:0.0030s ]
SQL: SELECT * FROM `ipass_lblist`  [ RunTime:0.0008s ]
INFO: [ view_parse ] --START--
INFO: [ template_filter ] --START--
INFO: Run Behavior\ContentReplaceBehavior [ RunTime:0.000151s ]
INFO: [ template_filter ] --END-- [ RunTime:0.000353s ]
INFO: Run Behavior\ParseTemplateBehavior [ RunTime:0.024716s ]
INFO: [ view_parse ] --END-- [ RunTime:0.024920s ]
INFO: [ view_filter ] --START--
INFO: Run Behavior\WriteHtmlCacheBehavior [ RunTime:0.000409s ]
INFO: [ view_filter ] --END-- [ RunTime:0.000581s ]
INFO: [ app_end ] --START--
INFO: Run Behavior\ShowPageTraceBehavior [ RunTime:0.000808s ]
INFO: [ app_end ] --END-- [ RunTime:0.000988s ]

[ 2017-03-28T16:09:15+08:00 ] 127.0.0.1 /guanbo/ipass-local/index.php/Home/Index/lbtest/id/2.html
INFO: [ app_init ] --START--
INFO: Run Behavior\BuildLiteBehavior [ RunTime:0.000041s ]
INFO: [ app_init ] --END-- [ RunTime:0.000651s ]
INFO: [ app_begin ] --START--
INFO: Run Behavior\ReadHtmlCacheBehavior [ RunTime:0.000819s ]
INFO: [ app_begin ] --END-- [ RunTime:0.001048s ]
SQL: SHOW COLUMNS FROM `ot_archive` [ RunTime:0.0036s ]
SQL: SELECT `name` FROM `ot_archive` WHERE `child_id` = '111111111111111111' LIMIT 1   [ RunTime:0.0006s ]
SQL: SELECT `tongjuren` FROM `ot_archive` WHERE `child_id` = '111111111111111111' LIMIT 1   [ RunTime:0.0007s ]
SQL: SELECT `banji` FROM `ot_archive` WHERE `child_id` = '111111111111111111' LIMIT 1   [ RunTime:0.0006s ]
SQL: SHOW COLUMNS FROM `student` [ RunTime:0.0028s ]
SQL: SELECT `head` FROM `student` WHERE `id` = 5 LIMIT 1   [ RunTime:0.0007s ]
INFO: [ view_parse ] --START--
INFO: [ template_filter ] --START--
INFO: Run Behavior\ContentReplaceBehavior [ RunTime:0.000123s ]
INFO: [ template_filter ] --END-- [ RunTime:0.000319s ]
INFO: Run Behavior\ParseTemplateBehavior [ RunTime:0.034903s ]
INFO: [ view_parse ] --END-- [ RunTime:0.035121s ]
INFO: [ view_filter ] --START--
INFO: Run Behavior\WriteHtmlCacheBehavior [ RunTime:0.000380s ]
INFO: [ view_filter ] --END-- [ RunTime:0.000573s ]
INFO: [ app_end ] --START--
INFO: Run Behavior\ShowPageTraceBehavior [ RunTime:0.000790s ]
INFO: [ app_end ] --END-- [ RunTime:0.000966s ]

[ 2017-03-28T16:09:33+08:00 ] 127.0.0.1 /guanbo/ipass-local/index.php/Home/Index/lbtest/id/2.html
INFO: [ app_init ] --START--
INFO: Run Behavior\BuildLiteBehavior [ RunTime:0.000041s ]
INFO: [ app_init ] --END-- [ RunTime:0.000641s ]
INFO: [ app_begin ] --START--
INFO: Run Behavior\ReadHtmlCacheBehavior [ RunTime:0.000769s ]
INFO: [ app_begin ] --END-- [ RunTime:0.000959s ]
SQL: SHOW COLUMNS FROM `ot_archive` [ RunTime:0.0037s ]
SQL: SELECT `name` FROM `ot_archive` WHERE `child_id` = '111111111111111111' LIMIT 1   [ RunTime:0.0005s ]
SQL: SELECT `tongjuren` FROM `ot_archive` WHERE `child_id` = '111111111111111111' LIMIT 1   [ RunTime:0.0005s ]
SQL: SELECT `banji` FROM `ot_archive` WHERE `child_id` = '111111111111111111' LIMIT 1   [ RunTime:0.0004s ]
SQL: SHOW COLUMNS FROM `student` [ RunTime:0.0026s ]
SQL: SELECT `head` FROM `student` WHERE `id` = 5 LIMIT 1   [ RunTime:0.0005s ]
INFO: [ view_parse ] --START--
INFO: [ template_filter ] --START--
INFO: Run Behavior\ContentReplaceBehavior [ RunTime:0.000123s ]
INFO: [ template_filter ] --END-- [ RunTime:0.000328s ]
INFO: Run Behavior\ParseTemplateBehavior [ RunTime:0.011082s ]
INFO: [ view_parse ] --END-- [ RunTime:0.011289s ]
INFO: [ view_filter ] --START--
INFO: Run Behavior\WriteHtmlCacheBehavior [ RunTime:0.000378s ]
INFO: [ view_filter ] --END-- [ RunTime:0.000545s ]
INFO: [ app_end ] --START--
INFO: Run Behavior\ShowPageTraceBehavior [ RunTime:0.000783s ]
INFO: [ app_end ] --END-- [ RunTime:0.000959s ]

[ 2017-03-28T16:09:48+08:00 ] 127.0.0.1 /guanbo/ipass-local/index.php/Home/Index/lbtest/id/89.html
INFO: [ app_init ] --START--
INFO: Run Behavior\BuildLiteBehavior [ RunTime:0.000066s ]
INFO: [ app_init ] --END-- [ RunTime:0.000923s ]
INFO: [ app_begin ] --START--
INFO: Run Behavior\ReadHtmlCacheBehavior [ RunTime:0.001428s ]
INFO: [ app_begin ] --END-- [ RunTime:0.001681s ]
SQL: SHOW COLUMNS FROM `ot_archive` [ RunTime:0.0044s ]
SQL: SELECT `name` FROM `ot_archive` WHERE `child_id` = '111111111111111111' LIMIT 1   [ RunTime:0.0006s ]
SQL: SELECT `tongjuren` FROM `ot_archive` WHERE `child_id` = '111111111111111111' LIMIT 1   [ RunTime:0.0007s ]
SQL: SELECT `banji` FROM `ot_archive` WHERE `child_id` = '111111111111111111' LIMIT 1   [ RunTime:0.0005s ]
SQL: SHOW COLUMNS FROM `student` [ RunTime:0.0034s ]
SQL: SELECT `head` FROM `student` WHERE `id` = 5 LIMIT 1   [ RunTime:0.0004s ]
INFO: [ view_parse ] --START--
INFO: [ template_filter ] --START--
INFO: Run Behavior\ContentReplaceBehavior [ RunTime:0.000136s ]
INFO: [ template_filter ] --END-- [ RunTime:0.000352s ]
INFO: Run Behavior\ParseTemplateBehavior [ RunTime:0.014401s ]
INFO: [ view_parse ] --END-- [ RunTime:0.014639s ]
INFO: [ view_filter ] --START--
INFO: Run Behavior\WriteHtmlCacheBehavior [ RunTime:0.000537s ]
INFO: [ view_filter ] --END-- [ RunTime:0.000722s ]
INFO: [ app_end ] --START--
INFO: Run Behavior\ShowPageTraceBehavior [ RunTime:0.000953s ]
INFO: [ app_end ] --END-- [ RunTime:0.001148s ]

