[ 2017-02-22T19:37:58+08:00 ] 127.0.0.1 /ipass/
INFO: [ app_init ] --START--
INFO: Run Behavior\BuildLiteBehavior [ RunTime:0.001127s ]
INFO: [ app_init ] --END-- [ RunTime:0.112019s ]
INFO: [ app_begin ] --START--
INFO: Run Behavior\ReadHtmlCacheBehavior [ RunTime:0.048582s ]
INFO: [ app_begin ] --END-- [ RunTime:0.048916s ]

[ 2017-02-22T19:37:58+08:00 ] 127.0.0.1 /ipass/index.php/Home/Index/lb.html
INFO: [ app_init ] --START--
INFO: Run Behavior\BuildLiteBehavior [ RunTime:0.000045s ]
INFO: [ app_init ] --END-- [ RunTime:0.001028s ]
INFO: [ app_begin ] --START--
INFO: Run Behavior\ReadHtmlCacheBehavior [ RunTime:0.001034s ]
INFO: [ app_begin ] --END-- [ RunTime:0.001255s ]

[ 2017-02-22T19:38:01+08:00 ] 127.0.0.1 /ipass/index.php/Home/Index/get_in_archive.html
INFO: [ app_init ] --START--
INFO: Run Behavior\BuildLiteBehavior [ RunTime:0.000044s ]
INFO: [ app_init ] --END-- [ RunTime:0.000771s ]
INFO: [ app_begin ] --START--
INFO: Run Behavior\ReadHtmlCacheBehavior [ RunTime:0.001083s ]
INFO: [ app_begin ] --END-- [ RunTime:0.001305s ]
SQL: SHOW COLUMNS FROM `student` [ RunTime:0.0062s ]
SQL: SELECT `head` FROM `student` WHERE `id` = 5 LIMIT 1   [ RunTime:0.0005s ]
INFO: [ view_parse ] --START--
INFO: [ template_filter ] --START--
INFO: Run Behavior\ContentReplaceBehavior [ RunTime:0.000212s ]
INFO: [ template_filter ] --END-- [ RunTime:0.000576s ]
INFO: Run Behavior\ParseTemplateBehavior [ RunTime:0.079725s ]
INFO: [ view_parse ] --END-- [ RunTime:0.080003s ]
INFO: [ view_filter ] --START--
INFO: Run Behavior\WriteHtmlCacheBehavior [ RunTime:0.009906s ]
INFO: [ view_filter ] --END-- [ RunTime:0.010192s ]
INFO: [ app_end ] --START--
INFO: Run Behavior\ShowPageTraceBehavior [ RunTime:0.036588s ]
INFO: [ app_end ] --END-- [ RunTime:0.036868s ]

[ 2017-02-22T19:38:17+08:00 ] 127.0.0.1 /ipass/index.php/Home/Index/logout.html
INFO: [ app_init ] --START--
INFO: Run Behavior\BuildLiteBehavior [ RunTime:0.000043s ]
INFO: [ app_init ] --END-- [ RunTime:0.000750s ]
INFO: [ app_begin ] --START--
INFO: Run Behavior\ReadHtmlCacheBehavior [ RunTime:0.001025s ]
INFO: [ app_begin ] --END-- [ RunTime:0.001223s ]

[ 2017-02-22T19:38:17+08:00 ] 127.0.0.1 /ipass/index.php/Home/Index/index.html
INFO: [ app_init ] --START--
INFO: Run Behavior\BuildLiteBehavior [ RunTime:0.000042s ]
INFO: [ app_init ] --END-- [ RunTime:0.000725s ]
INFO: [ app_begin ] --START--
INFO: Run Behavior\ReadHtmlCacheBehavior [ RunTime:0.000957s ]
INFO: [ app_begin ] --END-- [ RunTime:0.001167s ]
INFO: [ view_parse ] --START--
INFO: [ template_filter ] --START--
INFO: Run Behavior\ContentReplaceBehavior [ RunTime:0.000136s ]
INFO: [ template_filter ] --END-- [ RunTime:0.000336s ]
INFO: Run Behavior\ParseTemplateBehavior [ RunTime:0.057828s ]
INFO: [ view_parse ] --END-- [ RunTime:0.058068s ]
INFO: [ view_filter ] --START--
INFO: Run Behavior\WriteHtmlCacheBehavior [ RunTime:0.000627s ]
INFO: [ view_filter ] --END-- [ RunTime:0.000808s ]
INFO: [ app_end ] --START--
INFO: Run Behavior\ShowPageTraceBehavior [ RunTime:0.001345s ]
INFO: [ app_end ] --END-- [ RunTime:0.001556s ]

[ 2017-02-22T19:38:24+08:00 ] 127.0.0.1 /ipass/index.php/Home/Index/login.html
INFO: [ app_init ] --START--
INFO: Run Behavior\BuildLiteBehavior [ RunTime:0.000045s ]
INFO: [ app_init ] --END-- [ RunTime:0.000795s ]
INFO: [ app_begin ] --START--
INFO: Run Behavior\ReadHtmlCacheBehavior [ RunTime:0.001017s ]
INFO: [ app_begin ] --END-- [ RunTime:0.001226s ]
SQL: SHOW COLUMNS FROM `student` [ RunTime:0.0161s ]
SQL: SELECT * FROM `student` WHERE `number` = '111' LIMIT 1   [ RunTime:0.0006s ]

[ 2017-02-22T19:38:24+08:00 ] 127.0.0.1 /ipass/index.php/Home/Index/index.html
INFO: [ app_init ] --START--
INFO: Run Behavior\BuildLiteBehavior [ RunTime:0.000051s ]
INFO: [ app_init ] --END-- [ RunTime:0.000705s ]
INFO: [ app_begin ] --START--
INFO: Run Behavior\ReadHtmlCacheBehavior [ RunTime:0.001172s ]
INFO: [ app_begin ] --END-- [ RunTime:0.001386s ]

[ 2017-02-22T19:38:25+08:00 ] 127.0.0.1 /ipass/index.php/Home/Index/lb.html
INFO: [ app_init ] --START--
INFO: Run Behavior\BuildLiteBehavior [ RunTime:0.000047s ]
INFO: [ app_init ] --END-- [ RunTime:0.002169s ]
INFO: [ app_begin ] --START--
INFO: Run Behavior\ReadHtmlCacheBehavior [ RunTime:0.000984s ]
INFO: [ app_begin ] --END-- [ RunTime:0.001185s ]
SQL: SHOW COLUMNS FROM `student` [ RunTime:0.0041s ]
SQL: SELECT `head` FROM `student` WHERE `id` = 5 LIMIT 1   [ RunTime:0.0004s ]
SQL: SHOW COLUMNS FROM `ipass_lblist` [ RunTime:0.0310s ]
SQL: SELECT * FROM `ipass_lblist`  [ RunTime:0.0014s ]
INFO: [ view_parse ] --START--
INFO: [ template_filter ] --START--
INFO: Run Behavior\ContentReplaceBehavior [ RunTime:0.000165s ]
INFO: [ template_filter ] --END-- [ RunTime:0.000360s ]
INFO: Run Behavior\ParseTemplateBehavior [ RunTime:0.064709s ]
INFO: [ view_parse ] --END-- [ RunTime:0.064922s ]
INFO: [ view_filter ] --START--
INFO: Run Behavior\WriteHtmlCacheBehavior [ RunTime:0.001252s ]
INFO: [ view_filter ] --END-- [ RunTime:0.001445s ]
INFO: [ app_end ] --START--
INFO: Run Behavior\ShowPageTraceBehavior [ RunTime:0.001054s ]
INFO: [ app_end ] --END-- [ RunTime:0.001240s ]

[ 2017-02-22T19:38:28+08:00 ] 127.0.0.1 /ipass/index.php/Home/index/archive.html
INFO: [ app_init ] --START--
INFO: Run Behavior\BuildLiteBehavior [ RunTime:0.000042s ]
INFO: [ app_init ] --END-- [ RunTime:0.000699s ]
INFO: [ app_begin ] --START--
INFO: Run Behavior\ReadHtmlCacheBehavior [ RunTime:0.002166s ]
INFO: [ app_begin ] --END-- [ RunTime:0.002397s ]
SQL: SHOW COLUMNS FROM `ot_archive` [ RunTime:0.0856s ]
SQL: SELECT `name` FROM `ot_archive` WHERE `child_id` = '111111111111111111' LIMIT 1   [ RunTime:0.0978s ]
SQL: SELECT `tongjuren` FROM `ot_archive` WHERE `child_id` = '111111111111111111' LIMIT 1   [ RunTime:0.0014s ]
SQL: SELECT `banji` FROM `ot_archive` WHERE `child_id` = '111111111111111111' LIMIT 1   [ RunTime:0.0013s ]
SQL: SELECT * FROM `ot_archive` WHERE ( child_id="111111111111111111" )  [ RunTime:0.0245s ]
SQL: SHOW COLUMNS FROM `student` [ RunTime:0.0089s ]
SQL: SELECT `head` FROM `student` WHERE `id` = 5 LIMIT 1   [ RunTime:0.0007s ]
SQL: SHOW COLUMNS FROM `ot_archive` [ RunTime:0.0092s ]
SQL: SELECT `head` FROM `ot_archive` WHERE `child_id` = '111111111111111111' LIMIT 1   [ RunTime:0.0008s ]
INFO: [ view_parse ] --START--
INFO: [ template_filter ] --START--
INFO: Run Behavior\ContentReplaceBehavior [ RunTime:0.000355s ]
INFO: [ template_filter ] --END-- [ RunTime:0.000706s ]
NOTIC: [8] Use of undefined constant name - assumed 'name' D:\wamp\www\ipass\Runtime\Cache\Home\07fc4b2920d08a63c251691d6d265bdc.php 第 115 行.
NOTIC: [8] Use of undefined constant sex - assumed 'sex' D:\wamp\www\ipass\Runtime\Cache\Home\07fc4b2920d08a63c251691d6d265bdc.php 第 133 行.
NOTIC: [8] Use of undefined constant minzu - assumed 'minzu' D:\wamp\www\ipass\Runtime\Cache\Home\07fc4b2920d08a63c251691d6d265bdc.php 第 134 行.
NOTIC: [8] Use of undefined constant birthday - assumed 'birthday' D:\wamp\www\ipass\Runtime\Cache\Home\07fc4b2920d08a63c251691d6d265bdc.php 第 135 行.
NOTIC: [8] Use of undefined constant xuexing - assumed 'xuexing' D:\wamp\www\ipass\Runtime\Cache\Home\07fc4b2920d08a63c251691d6d265bdc.php 第 136 行.
NOTIC: [8] Use of undefined constant shengao - assumed 'shengao' D:\wamp\www\ipass\Runtime\Cache\Home\07fc4b2920d08a63c251691d6d265bdc.php 第 137 行.
NOTIC: [8] Use of undefined constant tizhong - assumed 'tizhong' D:\wamp\www\ipass\Runtime\Cache\Home\07fc4b2920d08a63c251691d6d265bdc.php 第 138 行.
NOTIC: [8] Use of undefined constant banji - assumed 'banji' D:\wamp\www\ipass\Runtime\Cache\Home\07fc4b2920d08a63c251691d6d265bdc.php 第 143 行.
NOTIC: [8] Use of undefined constant xuexiaolocation - assumed 'xuexiaolocation' D:\wamp\www\ipass\Runtime\Cache\Home\07fc4b2920d08a63c251691d6d265bdc.php 第 145 行.
NOTIC: [8] Use of undefined constant xuexiaoleixing - assumed 'xuexiaoleixing' D:\wamp\www\ipass\Runtime\Cache\Home\07fc4b2920d08a63c251691d6d265bdc.php 第 146 行.
NOTIC: [8] Use of undefined constant laoshiguanxi - assumed 'laoshiguanxi' D:\wamp\www\ipass\Runtime\Cache\Home\07fc4b2920d08a63c251691d6d265bdc.php 第 148 行.
NOTIC: [8] Use of undefined constant tongxueguanxi - assumed 'tongxueguanxi' D:\wamp\www\ipass\Runtime\Cache\Home\07fc4b2920d08a63c251691d6d265bdc.php 第 150 行.
NOTIC: [8] Use of undefined constant name - assumed 'name' D:\wamp\www\ipass\Runtime\Cache\Home\07fc4b2920d08a63c251691d6d265bdc.php 第 155 行.
NOTIC: [8] Use of undefined constant fenwan - assumed 'fenwan' D:\wamp\www\ipass\Runtime\Cache\Home\07fc4b2920d08a63c251691d6d265bdc.php 第 156 行.
NOTIC: [8] Use of undefined constant manyue - assumed 'manyue' D:\wamp\www\ipass\Runtime\Cache\Home\07fc4b2920d08a63c251691d6d265bdc.php 第 157 行.
NOTIC: [8] Use of undefined constant birth_tizhong - assumed 'birth_tizhong' D:\wamp\www\ipass\Runtime\Cache\Home\07fc4b2920d08a63c251691d6d265bdc.php 第 159 行.
NOTIC: [8] Use of undefined constant fuyangren - assumed 'fuyangren' D:\wamp\www\ipass\Runtime\Cache\Home\07fc4b2920d08a63c251691d6d265bdc.php 第 160 行.
NOTIC: [8] Use of undefined constant dadnianling - assumed 'dadnianling' D:\wamp\www\ipass\Runtime\Cache\Home\07fc4b2920d08a63c251691d6d265bdc.php 第 162 行.
NOTIC: [8] Use of undefined constant momnianling - assumed 'momnianling' D:\wamp\www\ipass\Runtime\Cache\Home\07fc4b2920d08a63c251691d6d265bdc.php 第 164 行.
NOTIC: [8] Use of undefined constant brother - assumed 'brother' D:\wamp\www\ipass\Runtime\Cache\Home\07fc4b2920d08a63c251691d6d265bdc.php 第 166 行.
NOTIC: [8] Use of undefined constant paihang - assumed 'paihang' D:\wamp\www\ipass\Runtime\Cache\Home\07fc4b2920d08a63c251691d6d265bdc.php 第 168 行.
NOTIC: [8] Use of undefined constant duzi - assumed 'duzi' D:\wamp\www\ipass\Runtime\Cache\Home\07fc4b2920d08a63c251691d6d265bdc.php 第 169 行.
NOTIC: [8] Use of undefined constant walknianling - assumed 'walknianling' D:\wamp\www\ipass\Runtime\Cache\Home\07fc4b2920d08a63c251691d6d265bdc.php 第 170 行.
NOTIC: [8] Use of undefined constant talknianling - assumed 'talknianling' D:\wamp\www\ipass\Runtime\Cache\Home\07fc4b2920d08a63c251691d6d265bdc.php 第 172 行.
NOTIC: [8] Use of undefined constant rutuo - assumed 'rutuo' D:\wamp\www\ipass\Runtime\Cache\Home\07fc4b2920d08a63c251691d6d265bdc.php 第 174 行.
NOTIC: [8] Use of undefined constant home - assumed 'home' D:\wamp\www\ipass\Runtime\Cache\Home\07fc4b2920d08a63c251691d6d265bdc.php 第 179 行.
NOTIC: [8] Use of undefined constant tongjuren - assumed 'tongjuren' D:\wamp\www\ipass\Runtime\Cache\Home\07fc4b2920d08a63c251691d6d265bdc.php 第 181 行.
NOTIC: [8] Use of undefined constant homewell - assumed 'homewell' D:\wamp\www\ipass\Runtime\Cache\Home\07fc4b2920d08a63c251691d6d265bdc.php 第 183 行.
NOTIC: [8] Use of undefined constant dadmom - assumed 'dadmom' D:\wamp\www\ipass\Runtime\Cache\Home\07fc4b2920d08a63c251691d6d265bdc.php 第 185 行.
NOTIC: [8] Use of undefined constant jiaoyufangshi - assumed 'jiaoyufangshi' D:\wamp\www\ipass\Runtime\Cache\Home\07fc4b2920d08a63c251691d6d265bdc.php 第 187 行.
NOTIC: [8] Use of undefined constant guanjiaoyijian - assumed 'guanjiaoyijian' D:\wamp\www\ipass\Runtime\Cache\Home\07fc4b2920d08a63c251691d6d265bdc.php 第 189 行.
NOTIC: [8] Use of undefined constant fuqinxueli - assumed 'fuqinxueli' D:\wamp\www\ipass\Runtime\Cache\Home\07fc4b2920d08a63c251691d6d265bdc.php 第 191 行.
NOTIC: [8] Use of undefined constant fuqinzhiye - assumed 'fuqinzhiye' D:\wamp\www\ipass\Runtime\Cache\Home\07fc4b2920d08a63c251691d6d265bdc.php 第 193 行.
NOTIC: [8] Use of undefined constant muqinxueli - assumed 'muqinxueli' D:\wamp\www\ipass\Runtime\Cache\Home\07fc4b2920d08a63c251691d6d265bdc.php 第 195 行.
NOTIC: [8] Use of undefined constant muqinzhiye - assumed 'muqinzhiye' D:\wamp\www\ipass\Runtime\Cache\Home\07fc4b2920d08a63c251691d6d265bdc.php 第 197 行.
INFO: Run Behavior\ParseTemplateBehavior [ RunTime:0.075983s ]
INFO: [ view_parse ] --END-- [ RunTime:0.076344s ]
INFO: [ view_filter ] --START--
INFO: Run Behavior\WriteHtmlCacheBehavior [ RunTime:0.001168s ]
INFO: [ view_filter ] --END-- [ RunTime:0.001698s ]
INFO: [ app_end ] --START--
INFO: Run Behavior\ShowPageTraceBehavior [ RunTime:0.001920s ]
INFO: [ app_end ] --END-- [ RunTime:0.002251s ]

[ 2017-02-22T19:38:31+08:00 ] 127.0.0.1 /ipass/index.php/Home/Index/mytest.html
INFO: [ app_init ] --START--
INFO: Run Behavior\BuildLiteBehavior [ RunTime:0.000044s ]
INFO: [ app_init ] --END-- [ RunTime:0.000763s ]
INFO: [ app_begin ] --START--
INFO: Run Behavior\ReadHtmlCacheBehavior [ RunTime:0.001113s ]
INFO: [ app_begin ] --END-- [ RunTime:0.001331s ]
SQL: SHOW COLUMNS FROM `ot_archive` [ RunTime:0.0054s ]
SQL: SELECT `name` FROM `ot_archive` WHERE `child_id` = '111111111111111111' LIMIT 1   [ RunTime:0.0006s ]
SQL: SELECT `tongjuren` FROM `ot_archive` WHERE `child_id` = '111111111111111111' LIMIT 1   [ RunTime:0.0005s ]
SQL: SELECT `banji` FROM `ot_archive` WHERE `child_id` = '111111111111111111' LIMIT 1   [ RunTime:0.0005s ]
SQL: SHOW COLUMNS FROM `student` [ RunTime:0.0052s ]
SQL: SELECT `head` FROM `student` WHERE `id` = 5 LIMIT 1   [ RunTime:0.0007s ]
INFO: [ view_parse ] --START--
INFO: [ template_filter ] --START--
INFO: Run Behavior\ContentReplaceBehavior [ RunTime:0.000160s ]
INFO: [ template_filter ] --END-- [ RunTime:0.000477s ]
INFO: Run Behavior\ParseTemplateBehavior [ RunTime:0.045624s ]
INFO: [ view_parse ] --END-- [ RunTime:0.045865s ]
INFO: [ view_filter ] --START--
INFO: Run Behavior\WriteHtmlCacheBehavior [ RunTime:0.002703s ]
INFO: [ view_filter ] --END-- [ RunTime:0.002916s ]
INFO: [ app_end ] --START--
INFO: Run Behavior\ShowPageTraceBehavior [ RunTime:0.001256s ]
INFO: [ app_end ] --END-- [ RunTime:0.001458s ]

[ 2017-02-22T19:38:36+08:00 ] 127.0.0.1 /ipass/index.php/Home/Index/lb.html
INFO: [ app_init ] --START--
INFO: Run Behavior\BuildLiteBehavior [ RunTime:0.000041s ]
INFO: [ app_init ] --END-- [ RunTime:0.000728s ]
INFO: [ app_begin ] --START--
INFO: Run Behavior\ReadHtmlCacheBehavior [ RunTime:0.001152s ]
INFO: [ app_begin ] --END-- [ RunTime:0.001378s ]
SQL: SHOW COLUMNS FROM `student` [ RunTime:0.0043s ]
SQL: SELECT `head` FROM `student` WHERE `id` = 5 LIMIT 1   [ RunTime:0.0005s ]
SQL: SHOW COLUMNS FROM `ipass_lblist` [ RunTime:0.0048s ]
SQL: SELECT * FROM `ipass_lblist`  [ RunTime:0.0015s ]
INFO: [ view_parse ] --START--
INFO: [ template_filter ] --START--
INFO: Run Behavior\ContentReplaceBehavior [ RunTime:0.000151s ]
INFO: [ template_filter ] --END-- [ RunTime:0.000352s ]
INFO: Run Behavior\ParseTemplateBehavior [ RunTime:0.025329s ]
INFO: [ view_parse ] --END-- [ RunTime:0.025554s ]
INFO: [ view_filter ] --START--
INFO: Run Behavior\WriteHtmlCacheBehavior [ RunTime:0.000681s ]
INFO: [ view_filter ] --END-- [ RunTime:0.000856s ]
INFO: [ app_end ] --START--
INFO: Run Behavior\ShowPageTraceBehavior [ RunTime:0.001091s ]
INFO: [ app_end ] --END-- [ RunTime:0.001285s ]

[ 2017-02-22T19:38:38+08:00 ] 127.0.0.1 /ipass/index.php/Home/Index/lbtest/id/5.html
INFO: [ app_init ] --START--
INFO: Run Behavior\BuildLiteBehavior [ RunTime:0.000072s ]
INFO: [ app_init ] --END-- [ RunTime:0.001289s ]
INFO: [ app_begin ] --START--
INFO: Run Behavior\ReadHtmlCacheBehavior [ RunTime:0.001904s ]
INFO: [ app_begin ] --END-- [ RunTime:0.002431s ]
SQL: SHOW COLUMNS FROM `ot_archive` [ RunTime:0.0058s ]
SQL: SELECT `name` FROM `ot_archive` WHERE `child_id` = '111111111111111111' LIMIT 1   [ RunTime:0.0006s ]
SQL: SELECT `tongjuren` FROM `ot_archive` WHERE `child_id` = '111111111111111111' LIMIT 1   [ RunTime:0.0005s ]
SQL: SELECT `banji` FROM `ot_archive` WHERE `child_id` = '111111111111111111' LIMIT 1   [ RunTime:0.0005s ]
SQL: SHOW COLUMNS FROM `student` [ RunTime:0.0051s ]
SQL: SELECT `head` FROM `student` WHERE `id` = 5 LIMIT 1   [ RunTime:0.0005s ]
INFO: [ view_parse ] --START--
INFO: [ template_filter ] --START--
INFO: Run Behavior\ContentReplaceBehavior [ RunTime:0.000132s ]
INFO: [ template_filter ] --END-- [ RunTime:0.000339s ]
INFO: Run Behavior\ParseTemplateBehavior [ RunTime:0.022776s ]
INFO: [ view_parse ] --END-- [ RunTime:0.023007s ]
INFO: [ view_filter ] --START--
INFO: Run Behavior\WriteHtmlCacheBehavior [ RunTime:0.000666s ]
INFO: [ view_filter ] --END-- [ RunTime:0.000852s ]
INFO: [ app_end ] --START--
INFO: Run Behavior\ShowPageTraceBehavior [ RunTime:0.001847s ]
INFO: [ app_end ] --END-- [ RunTime:0.002062s ]

[ 2017-02-22T19:44:43+08:00 ] 127.0.0.1 /ipass/index.php/Home/Index/mytest.html
INFO: [ app_init ] --START--
INFO: Run Behavior\BuildLiteBehavior [ RunTime:0.000052s ]
INFO: [ app_init ] --END-- [ RunTime:0.001307s ]
INFO: [ app_begin ] --START--
INFO: Run Behavior\ReadHtmlCacheBehavior [ RunTime:0.001138s ]
INFO: [ app_begin ] --END-- [ RunTime:0.001371s ]
SQL: SHOW COLUMNS FROM `ot_archive` [ RunTime:0.0052s ]
SQL: SELECT `name` FROM `ot_archive` WHERE `child_id` = '111111111111111111' LIMIT 1   [ RunTime:0.0006s ]
SQL: SELECT `tongjuren` FROM `ot_archive` WHERE `child_id` = '111111111111111111' LIMIT 1   [ RunTime:0.0005s ]
SQL: SELECT `banji` FROM `ot_archive` WHERE `child_id` = '111111111111111111' LIMIT 1   [ RunTime:0.0005s ]
SQL: SHOW COLUMNS FROM `student` [ RunTime:0.0051s ]
SQL: SELECT `head` FROM `student` WHERE `id` = 5 LIMIT 1   [ RunTime:0.0006s ]
INFO: [ view_parse ] --START--
INFO: [ template_filter ] --START--
INFO: Run Behavior\ContentReplaceBehavior [ RunTime:0.000168s ]
INFO: [ template_filter ] --END-- [ RunTime:0.000410s ]
INFO: Run Behavior\ParseTemplateBehavior [ RunTime:0.019830s ]
INFO: [ view_parse ] --END-- [ RunTime:0.020072s ]
INFO: [ view_filter ] --START--
INFO: Run Behavior\WriteHtmlCacheBehavior [ RunTime:0.000651s ]
INFO: [ view_filter ] --END-- [ RunTime:0.000846s ]
INFO: [ app_end ] --START--
INFO: Run Behavior\ShowPageTraceBehavior [ RunTime:0.001071s ]
INFO: [ app_end ] --END-- [ RunTime:0.001277s ]

