[ 2017-02-27T09:55:57+08:00 ] 127.0.0.1 /ipass/
INFO: [ app_init ] --START--
INFO: Run Behavior\BuildLiteBehavior [ RunTime:0.000076s ]
INFO: [ app_init ] --END-- [ RunTime:0.013301s ]
INFO: [ app_begin ] --START--
INFO: Run Behavior\ReadHtmlCacheBehavior [ RunTime:0.017210s ]
INFO: [ app_begin ] --END-- [ RunTime:0.017599s ]
INFO: [ view_parse ] --START--
INFO: [ template_filter ] --START--
INFO: Run Behavior\ContentReplaceBehavior [ RunTime:0.000248s ]
INFO: [ template_filter ] --END-- [ RunTime:0.000587s ]
INFO: Run Behavior\ParseTemplateBehavior [ RunTime:0.119873s ]
INFO: [ view_parse ] --END-- [ RunTime:0.120295s ]
INFO: [ view_filter ] --START--
INFO: Run Behavior\WriteHtmlCacheBehavior [ RunTime:0.020533s ]
INFO: [ view_filter ] --END-- [ RunTime:0.021210s ]
INFO: [ app_end ] --START--
INFO: Run Behavior\ShowPageTraceBehavior [ RunTime:0.036660s ]
INFO: [ app_end ] --END-- [ RunTime:0.037004s ]

[ 2017-02-27T10:03:52+08:00 ] 127.0.0.1 /ipass/index.php/Home/Index/login.html
INFO: [ app_init ] --START--
INFO: Run Behavior\BuildLiteBehavior [ RunTime:0.000047s ]
INFO: [ app_init ] --END-- [ RunTime:0.000765s ]
INFO: [ app_begin ] --START--
INFO: Run Behavior\ReadHtmlCacheBehavior [ RunTime:0.001013s ]
INFO: [ app_begin ] --END-- [ RunTime:0.001231s ]
SQL: SHOW COLUMNS FROM `student` [ RunTime:0.0913s ]
SQL: SELECT * FROM `student` WHERE `number` = '111' LIMIT 1   [ RunTime:0.0014s ]

[ 2017-02-27T10:03:52+08:00 ] 127.0.0.1 /ipass/index.php/Home/Index/index.html
INFO: [ app_init ] --START--
INFO: Run Behavior\BuildLiteBehavior [ RunTime:0.000042s ]
INFO: [ app_init ] --END-- [ RunTime:0.000642s ]
INFO: [ app_begin ] --START--
INFO: Run Behavior\ReadHtmlCacheBehavior [ RunTime:0.000826s ]
INFO: [ app_begin ] --END-- [ RunTime:0.001017s ]

[ 2017-02-27T10:03:52+08:00 ] 127.0.0.1 /ipass/index.php/Home/Index/lb.html
INFO: [ app_init ] --START--
INFO: Run Behavior\BuildLiteBehavior [ RunTime:0.000040s ]
INFO: [ app_init ] --END-- [ RunTime:0.000643s ]
INFO: [ app_begin ] --START--
INFO: Run Behavior\ReadHtmlCacheBehavior [ RunTime:0.001804s ]
INFO: [ app_begin ] --END-- [ RunTime:0.002265s ]
SQL: SHOW COLUMNS FROM `student` [ RunTime:0.0032s ]
SQL: SELECT `head` FROM `student` WHERE `id` = 5 LIMIT 1   [ RunTime:0.0004s ]
SQL: SHOW COLUMNS FROM `ipass_lblist` [ RunTime:0.0350s ]
SQL: SELECT * FROM `ipass_lblist`  [ RunTime:0.0011s ]
INFO: [ view_parse ] --START--
INFO: [ template_filter ] --START--
INFO: Run Behavior\ContentReplaceBehavior [ RunTime:0.000206s ]
INFO: [ template_filter ] --END-- [ RunTime:0.000466s ]
INFO: Run Behavior\ParseTemplateBehavior [ RunTime:0.124515s ]
INFO: [ view_parse ] --END-- [ RunTime:0.124759s ]
INFO: [ view_filter ] --START--
INFO: Run Behavior\WriteHtmlCacheBehavior [ RunTime:0.000767s ]
INFO: [ view_filter ] --END-- [ RunTime:0.001010s ]
INFO: [ app_end ] --START--
INFO: Run Behavior\ShowPageTraceBehavior [ RunTime:0.001796s ]
INFO: [ app_end ] --END-- [ RunTime:0.002189s ]

[ 2017-02-27T10:18:20+08:00 ] 127.0.0.1 /ipass/index.php/Home/index/archive.html
INFO: [ app_init ] --START--
INFO: Run Behavior\BuildLiteBehavior [ RunTime:0.000045s ]
INFO: [ app_init ] --END-- [ RunTime:0.000847s ]
INFO: [ app_begin ] --START--
INFO: Run Behavior\ReadHtmlCacheBehavior [ RunTime:0.001225s ]
INFO: [ app_begin ] --END-- [ RunTime:0.001438s ]
SQL: SHOW COLUMNS FROM `ot_archive` [ RunTime:0.0751s ]
SQL: SELECT `name` FROM `ot_archive` WHERE `child_id` = '111111111111111111' LIMIT 1   [ RunTime:0.0982s ]
SQL: SELECT `tongjuren` FROM `ot_archive` WHERE `child_id` = '111111111111111111' LIMIT 1   [ RunTime:0.0008s ]
SQL: SELECT `banji` FROM `ot_archive` WHERE `child_id` = '111111111111111111' LIMIT 1   [ RunTime:0.0007s ]
SQL: SELECT * FROM `ot_archive` WHERE ( child_id="111111111111111111" )  [ RunTime:0.0266s ]
SQL: SHOW COLUMNS FROM `student` [ RunTime:0.0051s ]
SQL: SELECT `head` FROM `student` WHERE `id` = 5 LIMIT 1   [ RunTime:0.0016s ]
SQL: SHOW COLUMNS FROM `ot_archive` [ RunTime:0.0064s ]
SQL: SELECT `head` FROM `ot_archive` WHERE `child_id` = '111111111111111111' LIMIT 1   [ RunTime:0.0010s ]
INFO: [ view_parse ] --START--
INFO: [ template_filter ] --START--
INFO: Run Behavior\ContentReplaceBehavior [ RunTime:0.000299s ]
INFO: [ template_filter ] --END-- [ RunTime:0.000634s ]
NOTIC: [8] Use of undefined constant name - assumed 'name' D:\wamp\www\ipass\Runtime\Cache\Home\07fc4b2920d08a63c251691d6d265bdc.php 第 115 行.
NOTIC: [8] Use of undefined constant sex - assumed 'sex' D:\wamp\www\ipass\Runtime\Cache\Home\07fc4b2920d08a63c251691d6d265bdc.php 第 133 行.
NOTIC: [8] Use of undefined constant minzu - assumed 'minzu' D:\wamp\www\ipass\Runtime\Cache\Home\07fc4b2920d08a63c251691d6d265bdc.php 第 134 行.
NOTIC: [8] Use of undefined constant birthday - assumed 'birthday' D:\wamp\www\ipass\Runtime\Cache\Home\07fc4b2920d08a63c251691d6d265bdc.php 第 135 行.
NOTIC: [8] Use of undefined constant xuexing - assumed 'xuexing' D:\wamp\www\ipass\Runtime\Cache\Home\07fc4b2920d08a63c251691d6d265bdc.php 第 136 行.
NOTIC: [8] Use of undefined constant shengao - assumed 'shengao' D:\wamp\www\ipass\Runtime\Cache\Home\07fc4b2920d08a63c251691d6d265bdc.php 第 137 行.
NOTIC: [8] Use of undefined constant tizhong - assumed 'tizhong' D:\wamp\www\ipass\Runtime\Cache\Home\07fc4b2920d08a63c251691d6d265bdc.php 第 138 行.
NOTIC: [8] Use of undefined constant banji - assumed 'banji' D:\wamp\www\ipass\Runtime\Cache\Home\07fc4b2920d08a63c251691d6d265bdc.php 第 143 行.
NOTIC: [8] Use of undefined constant xuexiaolocation - assumed 'xuexiaolocation' D:\wamp\www\ipass\Runtime\Cache\Home\07fc4b2920d08a63c251691d6d265bdc.php 第 145 行.
NOTIC: [8] Use of undefined constant xuexiaoleixing - assumed 'xuexiaoleixing' D:\wamp\www\ipass\Runtime\Cache\Home\07fc4b2920d08a63c251691d6d265bdc.php 第 146 行.
NOTIC: [8] Use of undefined constant laoshiguanxi - assumed 'laoshiguanxi' D:\wamp\www\ipass\Runtime\Cache\Home\07fc4b2920d08a63c251691d6d265bdc.php 第 148 行.
NOTIC: [8] Use of undefined constant tongxueguanxi - assumed 'tongxueguanxi' D:\wamp\www\ipass\Runtime\Cache\Home\07fc4b2920d08a63c251691d6d265bdc.php 第 150 行.
NOTIC: [8] Use of undefined constant name - assumed 'name' D:\wamp\www\ipass\Runtime\Cache\Home\07fc4b2920d08a63c251691d6d265bdc.php 第 155 行.
NOTIC: [8] Use of undefined constant fenwan - assumed 'fenwan' D:\wamp\www\ipass\Runtime\Cache\Home\07fc4b2920d08a63c251691d6d265bdc.php 第 156 行.
NOTIC: [8] Use of undefined constant manyue - assumed 'manyue' D:\wamp\www\ipass\Runtime\Cache\Home\07fc4b2920d08a63c251691d6d265bdc.php 第 157 行.
NOTIC: [8] Use of undefined constant birth_tizhong - assumed 'birth_tizhong' D:\wamp\www\ipass\Runtime\Cache\Home\07fc4b2920d08a63c251691d6d265bdc.php 第 159 行.
NOTIC: [8] Use of undefined constant fuyangren - assumed 'fuyangren' D:\wamp\www\ipass\Runtime\Cache\Home\07fc4b2920d08a63c251691d6d265bdc.php 第 160 行.
NOTIC: [8] Use of undefined constant dadnianling - assumed 'dadnianling' D:\wamp\www\ipass\Runtime\Cache\Home\07fc4b2920d08a63c251691d6d265bdc.php 第 162 行.
NOTIC: [8] Use of undefined constant momnianling - assumed 'momnianling' D:\wamp\www\ipass\Runtime\Cache\Home\07fc4b2920d08a63c251691d6d265bdc.php 第 164 行.
NOTIC: [8] Use of undefined constant brother - assumed 'brother' D:\wamp\www\ipass\Runtime\Cache\Home\07fc4b2920d08a63c251691d6d265bdc.php 第 166 行.
NOTIC: [8] Use of undefined constant paihang - assumed 'paihang' D:\wamp\www\ipass\Runtime\Cache\Home\07fc4b2920d08a63c251691d6d265bdc.php 第 168 行.
NOTIC: [8] Use of undefined constant duzi - assumed 'duzi' D:\wamp\www\ipass\Runtime\Cache\Home\07fc4b2920d08a63c251691d6d265bdc.php 第 169 行.
NOTIC: [8] Use of undefined constant walknianling - assumed 'walknianling' D:\wamp\www\ipass\Runtime\Cache\Home\07fc4b2920d08a63c251691d6d265bdc.php 第 170 行.
NOTIC: [8] Use of undefined constant talknianling - assumed 'talknianling' D:\wamp\www\ipass\Runtime\Cache\Home\07fc4b2920d08a63c251691d6d265bdc.php 第 172 行.
NOTIC: [8] Use of undefined constant rutuo - assumed 'rutuo' D:\wamp\www\ipass\Runtime\Cache\Home\07fc4b2920d08a63c251691d6d265bdc.php 第 174 行.
NOTIC: [8] Use of undefined constant home - assumed 'home' D:\wamp\www\ipass\Runtime\Cache\Home\07fc4b2920d08a63c251691d6d265bdc.php 第 179 行.
NOTIC: [8] Use of undefined constant tongjuren - assumed 'tongjuren' D:\wamp\www\ipass\Runtime\Cache\Home\07fc4b2920d08a63c251691d6d265bdc.php 第 181 行.
NOTIC: [8] Use of undefined constant homewell - assumed 'homewell' D:\wamp\www\ipass\Runtime\Cache\Home\07fc4b2920d08a63c251691d6d265bdc.php 第 183 行.
NOTIC: [8] Use of undefined constant dadmom - assumed 'dadmom' D:\wamp\www\ipass\Runtime\Cache\Home\07fc4b2920d08a63c251691d6d265bdc.php 第 185 行.
NOTIC: [8] Use of undefined constant jiaoyufangshi - assumed 'jiaoyufangshi' D:\wamp\www\ipass\Runtime\Cache\Home\07fc4b2920d08a63c251691d6d265bdc.php 第 187 行.
NOTIC: [8] Use of undefined constant guanjiaoyijian - assumed 'guanjiaoyijian' D:\wamp\www\ipass\Runtime\Cache\Home\07fc4b2920d08a63c251691d6d265bdc.php 第 189 行.
NOTIC: [8] Use of undefined constant fuqinxueli - assumed 'fuqinxueli' D:\wamp\www\ipass\Runtime\Cache\Home\07fc4b2920d08a63c251691d6d265bdc.php 第 191 行.
NOTIC: [8] Use of undefined constant fuqinzhiye - assumed 'fuqinzhiye' D:\wamp\www\ipass\Runtime\Cache\Home\07fc4b2920d08a63c251691d6d265bdc.php 第 193 行.
NOTIC: [8] Use of undefined constant muqinxueli - assumed 'muqinxueli' D:\wamp\www\ipass\Runtime\Cache\Home\07fc4b2920d08a63c251691d6d265bdc.php 第 195 行.
NOTIC: [8] Use of undefined constant muqinzhiye - assumed 'muqinzhiye' D:\wamp\www\ipass\Runtime\Cache\Home\07fc4b2920d08a63c251691d6d265bdc.php 第 197 行.
INFO: Run Behavior\ParseTemplateBehavior [ RunTime:0.085938s ]
INFO: [ view_parse ] --END-- [ RunTime:0.086373s ]
INFO: [ view_filter ] --START--
INFO: Run Behavior\WriteHtmlCacheBehavior [ RunTime:0.000963s ]
INFO: [ view_filter ] --END-- [ RunTime:0.001256s ]
INFO: [ app_end ] --START--
INFO: Run Behavior\ShowPageTraceBehavior [ RunTime:0.001577s ]
INFO: [ app_end ] --END-- [ RunTime:0.001881s ]

[ 2017-02-27T10:18:55+08:00 ] 127.0.0.1 /ipass/index.php/Home/Index/edit_archive.html
INFO: [ app_init ] --START--
INFO: Run Behavior\BuildLiteBehavior [ RunTime:0.000071s ]
INFO: [ app_init ] --END-- [ RunTime:0.001143s ]
INFO: [ app_begin ] --START--
INFO: Run Behavior\ReadHtmlCacheBehavior [ RunTime:0.001957s ]
INFO: [ app_begin ] --END-- [ RunTime:0.002396s ]
SQL: SHOW COLUMNS FROM `ot_archive` [ RunTime:0.0055s ]
SQL: SELECT * FROM `ot_archive` WHERE ( child_id="111111111111111111" )  [ RunTime:0.0035s ]
SQL: SHOW COLUMNS FROM `student` [ RunTime:0.0029s ]
SQL: SELECT `head` FROM `student` WHERE `id` = 5 LIMIT 1   [ RunTime:0.0005s ]
INFO: [ view_parse ] --START--
INFO: [ template_filter ] --START--
INFO: Run Behavior\ContentReplaceBehavior [ RunTime:0.000421s ]
INFO: [ template_filter ] --END-- [ RunTime:0.000634s ]
NOTIC: [8] Use of undefined constant sex - assumed 'sex' D:\wamp\www\ipass\Runtime\Cache\Home\527d35c37301ef782cbe9080788a5176.php 第 46 行.
NOTIC: [8] Use of undefined constant minzu - assumed 'minzu' D:\wamp\www\ipass\Runtime\Cache\Home\527d35c37301ef782cbe9080788a5176.php 第 49 行.
NOTIC: [8] Use of undefined constant fenwan - assumed 'fenwan' D:\wamp\www\ipass\Runtime\Cache\Home\527d35c37301ef782cbe9080788a5176.php 第 53 行.
NOTIC: [8] Use of undefined constant manyue - assumed 'manyue' D:\wamp\www\ipass\Runtime\Cache\Home\527d35c37301ef782cbe9080788a5176.php 第 56 行.
NOTIC: [8] Use of undefined constant duzi - assumed 'duzi' D:\wamp\www\ipass\Runtime\Cache\Home\527d35c37301ef782cbe9080788a5176.php 第 59 行.
NOTIC: [8] Use of undefined constant home - assumed 'home' D:\wamp\www\ipass\Runtime\Cache\Home\527d35c37301ef782cbe9080788a5176.php 第 62 行.
NOTIC: [8] Use of undefined constant fuyangren - assumed 'fuyangren' D:\wamp\www\ipass\Runtime\Cache\Home\527d35c37301ef782cbe9080788a5176.php 第 65 行.
NOTIC: [8] Use of undefined constant tongjuren - assumed 'tongjuren' D:\wamp\www\ipass\Runtime\Cache\Home\527d35c37301ef782cbe9080788a5176.php 第 71 行.
NOTIC: [8] Use of undefined constant homewell - assumed 'homewell' D:\wamp\www\ipass\Runtime\Cache\Home\527d35c37301ef782cbe9080788a5176.php 第 77 行.
NOTIC: [8] Use of undefined constant dadmom - assumed 'dadmom' D:\wamp\www\ipass\Runtime\Cache\Home\527d35c37301ef782cbe9080788a5176.php 第 80 行.
NOTIC: [8] Use of undefined constant jiaoyufangshi - assumed 'jiaoyufangshi' D:\wamp\www\ipass\Runtime\Cache\Home\527d35c37301ef782cbe9080788a5176.php 第 83 行.
NOTIC: [8] Use of undefined constant guanjiaoyijian - assumed 'guanjiaoyijian' D:\wamp\www\ipass\Runtime\Cache\Home\527d35c37301ef782cbe9080788a5176.php 第 86 行.
NOTIC: [8] Use of undefined constant fuqinxueli - assumed 'fuqinxueli' D:\wamp\www\ipass\Runtime\Cache\Home\527d35c37301ef782cbe9080788a5176.php 第 89 行.
NOTIC: [8] Use of undefined constant muqinxueli - assumed 'muqinxueli' D:\wamp\www\ipass\Runtime\Cache\Home\527d35c37301ef782cbe9080788a5176.php 第 92 行.
NOTIC: [8] Use of undefined constant fuqinzhiye - assumed 'fuqinzhiye' D:\wamp\www\ipass\Runtime\Cache\Home\527d35c37301ef782cbe9080788a5176.php 第 95 行.
NOTIC: [8] Use of undefined constant muqinzhiye - assumed 'muqinzhiye' D:\wamp\www\ipass\Runtime\Cache\Home\527d35c37301ef782cbe9080788a5176.php 第 98 行.
NOTIC: [8] Use of undefined constant xuexiaolocation - assumed 'xuexiaolocation' D:\wamp\www\ipass\Runtime\Cache\Home\527d35c37301ef782cbe9080788a5176.php 第 103 行.
NOTIC: [8] Use of undefined constant xuexiaoleixing - assumed 'xuexiaoleixing' D:\wamp\www\ipass\Runtime\Cache\Home\527d35c37301ef782cbe9080788a5176.php 第 112 行.
NOTIC: [8] Use of undefined constant laoshiguanxi - assumed 'laoshiguanxi' D:\wamp\www\ipass\Runtime\Cache\Home\527d35c37301ef782cbe9080788a5176.php 第 115 行.
NOTIC: [8] Use of undefined constant tongxueguanxi - assumed 'tongxueguanxi' D:\wamp\www\ipass\Runtime\Cache\Home\527d35c37301ef782cbe9080788a5176.php 第 118 行.
NOTIC: [8] Use of undefined constant id - assumed 'id' D:\wamp\www\ipass\Runtime\Cache\Home\527d35c37301ef782cbe9080788a5176.php 第 217 行.
NOTIC: [8] Use of undefined constant name - assumed 'name' D:\wamp\www\ipass\Runtime\Cache\Home\527d35c37301ef782cbe9080788a5176.php 第 240 行.
NOTIC: [8] Use of undefined constant birthday - assumed 'birthday' D:\wamp\www\ipass\Runtime\Cache\Home\527d35c37301ef782cbe9080788a5176.php 第 273 行.
NOTIC: [8] Use of undefined constant xuexing - assumed 'xuexing' D:\wamp\www\ipass\Runtime\Cache\Home\527d35c37301ef782cbe9080788a5176.php 第 282 行.
NOTIC: [8] Use of undefined constant shengao - assumed 'shengao' D:\wamp\www\ipass\Runtime\Cache\Home\527d35c37301ef782cbe9080788a5176.php 第 291 行.
NOTIC: [8] Use of undefined constant tizhong - assumed 'tizhong' D:\wamp\www\ipass\Runtime\Cache\Home\527d35c37301ef782cbe9080788a5176.php 第 300 行.
NOTIC: [8] Use of undefined constant birth_tizhong - assumed 'birth_tizhong' D:\wamp\www\ipass\Runtime\Cache\Home\527d35c37301ef782cbe9080788a5176.php 第 335 行.
NOTIC: [8] Use of undefined constant brother - assumed 'brother' D:\wamp\www\ipass\Runtime\Cache\Home\527d35c37301ef782cbe9080788a5176.php 第 356 行.
NOTIC: [8] Use of undefined constant paihang - assumed 'paihang' D:\wamp\www\ipass\Runtime\Cache\Home\527d35c37301ef782cbe9080788a5176.php 第 365 行.
NOTIC: [8] Use of undefined constant dadnianling - assumed 'dadnianling' D:\wamp\www\ipass\Runtime\Cache\Home\527d35c37301ef782cbe9080788a5176.php 第 401 行.
NOTIC: [8] Use of undefined constant momnianling - assumed 'momnianling' D:\wamp\www\ipass\Runtime\Cache\Home\527d35c37301ef782cbe9080788a5176.php 第 410 行.
NOTIC: [8] Use of undefined constant rutuo - assumed 'rutuo' D:\wamp\www\ipass\Runtime\Cache\Home\527d35c37301ef782cbe9080788a5176.php 第 419 行.
NOTIC: [8] Use of undefined constant walknianling - assumed 'walknianling' D:\wamp\www\ipass\Runtime\Cache\Home\527d35c37301ef782cbe9080788a5176.php 第 428 行.
NOTIC: [8] Use of undefined constant talknianling - assumed 'talknianling' D:\wamp\www\ipass\Runtime\Cache\Home\527d35c37301ef782cbe9080788a5176.php 第 437 行.
NOTIC: [8] Use of undefined constant banji - assumed 'banji' D:\wamp\www\ipass\Runtime\Cache\Home\527d35c37301ef782cbe9080788a5176.php 第 637 行.
NOTIC: [8] Use of undefined constant id - assumed 'id' D:\wamp\www\ipass\Runtime\Cache\Home\527d35c37301ef782cbe9080788a5176.php 第 728 行.
INFO: Run Behavior\ParseTemplateBehavior [ RunTime:0.091023s ]
INFO: [ view_parse ] --END-- [ RunTime:0.091304s ]
INFO: [ view_filter ] --START--
INFO: Run Behavior\WriteHtmlCacheBehavior [ RunTime:0.000741s ]
INFO: [ view_filter ] --END-- [ RunTime:0.001034s ]
INFO: [ app_end ] --START--
INFO: Run Behavior\ShowPageTraceBehavior [ RunTime:0.001648s ]
INFO: [ app_end ] --END-- [ RunTime:0.001966s ]

[ 2017-02-27T10:41:12+08:00 ] 127.0.0.1 /ipass/index.php/Home/Index/mytest.html
INFO: [ app_init ] --START--
INFO: Run Behavior\BuildLiteBehavior [ RunTime:0.000071s ]
INFO: [ app_init ] --END-- [ RunTime:0.001221s ]
INFO: [ app_begin ] --START--
INFO: Run Behavior\ReadHtmlCacheBehavior [ RunTime:0.001045s ]
INFO: [ app_begin ] --END-- [ RunTime:0.001296s ]
SQL: SHOW COLUMNS FROM `ot_archive` [ RunTime:0.0037s ]
SQL: SELECT `name` FROM `ot_archive` WHERE `child_id` = '111111111111111111' LIMIT 1   [ RunTime:0.0006s ]
SQL: SELECT `tongjuren` FROM `ot_archive` WHERE `child_id` = '111111111111111111' LIMIT 1   [ RunTime:0.0005s ]
SQL: SELECT `banji` FROM `ot_archive` WHERE `child_id` = '111111111111111111' LIMIT 1   [ RunTime:0.0004s ]
SQL: SHOW COLUMNS FROM `student` [ RunTime:0.0029s ]
SQL: SELECT `head` FROM `student` WHERE `id` = 5 LIMIT 1   [ RunTime:0.0004s ]
INFO: [ view_parse ] --START--
INFO: [ template_filter ] --START--
INFO: Run Behavior\ContentReplaceBehavior [ RunTime:0.000144s ]
INFO: [ template_filter ] --END-- [ RunTime:0.000339s ]
INFO: Run Behavior\ParseTemplateBehavior [ RunTime:0.035400s ]
INFO: [ view_parse ] --END-- [ RunTime:0.035599s ]
INFO: [ view_filter ] --START--
INFO: Run Behavior\WriteHtmlCacheBehavior [ RunTime:0.000495s ]
INFO: [ view_filter ] --END-- [ RunTime:0.000662s ]
INFO: [ app_end ] --START--
INFO: Run Behavior\ShowPageTraceBehavior [ RunTime:0.000902s ]
INFO: [ app_end ] --END-- [ RunTime:0.001078s ]

