[ 2017-03-06T13:13:31+08:00 ] 127.0.0.1 /ipass/
INFO: [ app_init ] --START--
INFO: Run Behavior\BuildLiteBehavior [ RunTime:0.000057s ]
INFO: [ app_init ] --END-- [ RunTime:0.047986s ]
INFO: [ app_begin ] --START--
INFO: Run Behavior\ReadHtmlCacheBehavior [ RunTime:0.014669s ]
INFO: [ app_begin ] --END-- [ RunTime:0.014885s ]

[ 2017-03-06T13:13:31+08:00 ] 127.0.0.1 /ipass/index.php/Home/Index/lb.html
INFO: [ app_init ] --START--
INFO: Run Behavior\BuildLiteBehavior [ RunTime:0.000047s ]
INFO: [ app_init ] --END-- [ RunTime:0.000654s ]
INFO: [ app_begin ] --START--
INFO: Run Behavior\ReadHtmlCacheBehavior [ RunTime:0.000786s ]
INFO: [ app_begin ] --END-- [ RunTime:0.000974s ]

[ 2017-03-06T13:13:34+08:00 ] 127.0.0.1 /ipass/index.php/Home/Index/get_in_archive.html
INFO: [ app_init ] --START--
INFO: Run Behavior\BuildLiteBehavior [ RunTime:0.000049s ]
INFO: [ app_init ] --END-- [ RunTime:0.000703s ]
INFO: [ app_begin ] --START--
INFO: Run Behavior\ReadHtmlCacheBehavior [ RunTime:0.000791s ]
INFO: [ app_begin ] --END-- [ RunTime:0.000978s ]
SQL: SHOW COLUMNS FROM `student` [ RunTime:0.0795s ]
SQL: SELECT `head` FROM `student` WHERE `id` = 5 LIMIT 1   [ RunTime:0.0013s ]
INFO: [ view_parse ] --START--
INFO: [ template_filter ] --START--
INFO: Run Behavior\ContentReplaceBehavior [ RunTime:0.000151s ]
INFO: [ template_filter ] --END-- [ RunTime:0.000356s ]
INFO: Run Behavior\ParseTemplateBehavior [ RunTime:0.119885s ]
INFO: [ view_parse ] --END-- [ RunTime:0.120119s ]
INFO: [ view_filter ] --START--
INFO: Run Behavior\WriteHtmlCacheBehavior [ RunTime:0.020971s ]
INFO: [ view_filter ] --END-- [ RunTime:0.021215s ]
INFO: [ app_end ] --START--
INFO: Run Behavior\ShowPageTraceBehavior [ RunTime:0.026516s ]
INFO: [ app_end ] --END-- [ RunTime:0.026807s ]

[ 2017-03-06T13:13:39+08:00 ] 127.0.0.1 /ipass/index.php/Home/Index/logout.html
INFO: [ app_init ] --START--
INFO: Run Behavior\BuildLiteBehavior [ RunTime:0.000047s ]
INFO: [ app_init ] --END-- [ RunTime:0.000709s ]
INFO: [ app_begin ] --START--
INFO: Run Behavior\ReadHtmlCacheBehavior [ RunTime:0.001256s ]
INFO: [ app_begin ] --END-- [ RunTime:0.001465s ]

[ 2017-03-06T13:13:39+08:00 ] 127.0.0.1 /ipass/index.php/Home/Index/index.html
INFO: [ app_init ] --START--
INFO: Run Behavior\BuildLiteBehavior [ RunTime:0.000047s ]
INFO: [ app_init ] --END-- [ RunTime:0.000667s ]
INFO: [ app_begin ] --START--
INFO: Run Behavior\ReadHtmlCacheBehavior [ RunTime:0.001022s ]
INFO: [ app_begin ] --END-- [ RunTime:0.001307s ]
INFO: [ view_parse ] --START--
INFO: [ template_filter ] --START--
INFO: Run Behavior\ContentReplaceBehavior [ RunTime:0.000146s ]
INFO: [ template_filter ] --END-- [ RunTime:0.000472s ]
INFO: Run Behavior\ParseTemplateBehavior [ RunTime:0.051178s ]
INFO: [ view_parse ] --END-- [ RunTime:0.051413s ]
INFO: [ view_filter ] --START--
INFO: Run Behavior\WriteHtmlCacheBehavior [ RunTime:0.000526s ]
INFO: [ view_filter ] --END-- [ RunTime:0.000710s ]
INFO: [ app_end ] --START--
INFO: Run Behavior\ShowPageTraceBehavior [ RunTime:0.000915s ]
INFO: [ app_end ] --END-- [ RunTime:0.001096s ]

[ 2017-03-06T13:13:41+08:00 ] 127.0.0.1 /ipass/index.php/Home/Index/login.html
INFO: [ app_init ] --START--
INFO: Run Behavior\BuildLiteBehavior [ RunTime:0.000050s ]
INFO: [ app_init ] --END-- [ RunTime:0.000715s ]
INFO: [ app_begin ] --START--
INFO: Run Behavior\ReadHtmlCacheBehavior [ RunTime:0.000922s ]
INFO: [ app_begin ] --END-- [ RunTime:0.001136s ]
SQL: SHOW COLUMNS FROM `student` [ RunTime:0.0028s ]
SQL: SELECT * FROM `student` WHERE `number` = '111' LIMIT 1   [ RunTime:0.0010s ]

[ 2017-03-06T13:13:41+08:00 ] 127.0.0.1 /ipass/index.php/Home/Index/index.html
INFO: [ app_init ] --START--
INFO: Run Behavior\BuildLiteBehavior [ RunTime:0.000046s ]
INFO: [ app_init ] --END-- [ RunTime:0.000734s ]
INFO: [ app_begin ] --START--
INFO: Run Behavior\ReadHtmlCacheBehavior [ RunTime:0.001298s ]
INFO: [ app_begin ] --END-- [ RunTime:0.001557s ]

[ 2017-03-06T13:13:41+08:00 ] 127.0.0.1 /ipass/index.php/Home/Index/lb.html
INFO: [ app_init ] --START--
INFO: Run Behavior\BuildLiteBehavior [ RunTime:0.000049s ]
INFO: [ app_init ] --END-- [ RunTime:0.000664s ]
INFO: [ app_begin ] --START--
INFO: Run Behavior\ReadHtmlCacheBehavior [ RunTime:0.001032s ]
INFO: [ app_begin ] --END-- [ RunTime:0.001242s ]
SQL: SHOW COLUMNS FROM `student` [ RunTime:0.0027s ]
SQL: SELECT `head` FROM `student` WHERE `id` = 5 LIMIT 1   [ RunTime:0.0004s ]
SQL: SHOW COLUMNS FROM `ipass_lblist` [ RunTime:0.0427s ]
SQL: SELECT * FROM `ipass_lblist`  [ RunTime:0.0013s ]
INFO: [ view_parse ] --START--
INFO: [ template_filter ] --START--
INFO: Run Behavior\ContentReplaceBehavior [ RunTime:0.000149s ]
INFO: [ template_filter ] --END-- [ RunTime:0.000342s ]
INFO: Run Behavior\ParseTemplateBehavior [ RunTime:0.054030s ]
INFO: [ view_parse ] --END-- [ RunTime:0.054239s ]
INFO: [ view_filter ] --START--
INFO: Run Behavior\WriteHtmlCacheBehavior [ RunTime:0.000483s ]
INFO: [ view_filter ] --END-- [ RunTime:0.000658s ]
INFO: [ app_end ] --START--
INFO: Run Behavior\ShowPageTraceBehavior [ RunTime:0.001194s ]
INFO: [ app_end ] --END-- [ RunTime:0.001399s ]

[ 2017-03-06T13:13:44+08:00 ] 127.0.0.1 /ipass/index.php/Home/index/archive.html
INFO: [ app_init ] --START--
INFO: Run Behavior\BuildLiteBehavior [ RunTime:0.000041s ]
INFO: [ app_init ] --END-- [ RunTime:0.000648s ]
INFO: [ app_begin ] --START--
INFO: Run Behavior\ReadHtmlCacheBehavior [ RunTime:0.000815s ]
INFO: [ app_begin ] --END-- [ RunTime:0.001025s ]
SQL: SHOW COLUMNS FROM `ot_archive` [ RunTime:0.1156s ]
SQL: SELECT `name` FROM `ot_archive` WHERE `child_id` = '111111111111111111' LIMIT 1   [ RunTime:0.1133s ]
SQL: SELECT `tongjuren` FROM `ot_archive` WHERE `child_id` = '111111111111111111' LIMIT 1   [ RunTime:0.0005s ]
SQL: SELECT `banji` FROM `ot_archive` WHERE `child_id` = '111111111111111111' LIMIT 1   [ RunTime:0.0004s ]
SQL: SELECT * FROM `ot_archive` WHERE ( child_id="111111111111111111" )  [ RunTime:0.0484s ]
SQL: SHOW COLUMNS FROM `student` [ RunTime:0.0028s ]
SQL: SELECT `head` FROM `student` WHERE `id` = 5 LIMIT 1   [ RunTime:0.0004s ]
SQL: SHOW COLUMNS FROM `ot_archive` [ RunTime:0.0034s ]
SQL: SELECT `head` FROM `ot_archive` WHERE `child_id` = '111111111111111111' LIMIT 1   [ RunTime:0.0005s ]
INFO: [ view_parse ] --START--
INFO: [ template_filter ] --START--
INFO: Run Behavior\ContentReplaceBehavior [ RunTime:0.000180s ]
INFO: [ template_filter ] --END-- [ RunTime:0.000429s ]
NOTIC: [8] Use of undefined constant name - assumed 'name' D:\wamp\www\ipass\Runtime\Cache\Home\07fc4b2920d08a63c251691d6d265bdc.php 第 115 行.
NOTIC: [8] Use of undefined constant sex - assumed 'sex' D:\wamp\www\ipass\Runtime\Cache\Home\07fc4b2920d08a63c251691d6d265bdc.php 第 133 行.
NOTIC: [8] Use of undefined constant minzu - assumed 'minzu' D:\wamp\www\ipass\Runtime\Cache\Home\07fc4b2920d08a63c251691d6d265bdc.php 第 134 行.
NOTIC: [8] Use of undefined constant birthday - assumed 'birthday' D:\wamp\www\ipass\Runtime\Cache\Home\07fc4b2920d08a63c251691d6d265bdc.php 第 135 行.
NOTIC: [8] Use of undefined constant xuexing - assumed 'xuexing' D:\wamp\www\ipass\Runtime\Cache\Home\07fc4b2920d08a63c251691d6d265bdc.php 第 136 行.
NOTIC: [8] Use of undefined constant shengao - assumed 'shengao' D:\wamp\www\ipass\Runtime\Cache\Home\07fc4b2920d08a63c251691d6d265bdc.php 第 137 行.
NOTIC: [8] Use of undefined constant tizhong - assumed 'tizhong' D:\wamp\www\ipass\Runtime\Cache\Home\07fc4b2920d08a63c251691d6d265bdc.php 第 138 行.
NOTIC: [8] Use of undefined constant banji - assumed 'banji' D:\wamp\www\ipass\Runtime\Cache\Home\07fc4b2920d08a63c251691d6d265bdc.php 第 143 行.
NOTIC: [8] Use of undefined constant xuexiaolocation - assumed 'xuexiaolocation' D:\wamp\www\ipass\Runtime\Cache\Home\07fc4b2920d08a63c251691d6d265bdc.php 第 145 行.
NOTIC: [8] Use of undefined constant xuexiaoleixing - assumed 'xuexiaoleixing' D:\wamp\www\ipass\Runtime\Cache\Home\07fc4b2920d08a63c251691d6d265bdc.php 第 146 行.
NOTIC: [8] Use of undefined constant laoshiguanxi - assumed 'laoshiguanxi' D:\wamp\www\ipass\Runtime\Cache\Home\07fc4b2920d08a63c251691d6d265bdc.php 第 148 行.
NOTIC: [8] Use of undefined constant tongxueguanxi - assumed 'tongxueguanxi' D:\wamp\www\ipass\Runtime\Cache\Home\07fc4b2920d08a63c251691d6d265bdc.php 第 150 行.
NOTIC: [8] Use of undefined constant name - assumed 'name' D:\wamp\www\ipass\Runtime\Cache\Home\07fc4b2920d08a63c251691d6d265bdc.php 第 155 行.
NOTIC: [8] Use of undefined constant fenwan - assumed 'fenwan' D:\wamp\www\ipass\Runtime\Cache\Home\07fc4b2920d08a63c251691d6d265bdc.php 第 156 行.
NOTIC: [8] Use of undefined constant manyue - assumed 'manyue' D:\wamp\www\ipass\Runtime\Cache\Home\07fc4b2920d08a63c251691d6d265bdc.php 第 157 行.
NOTIC: [8] Use of undefined constant birth_tizhong - assumed 'birth_tizhong' D:\wamp\www\ipass\Runtime\Cache\Home\07fc4b2920d08a63c251691d6d265bdc.php 第 159 行.
NOTIC: [8] Use of undefined constant fuyangren - assumed 'fuyangren' D:\wamp\www\ipass\Runtime\Cache\Home\07fc4b2920d08a63c251691d6d265bdc.php 第 160 行.
NOTIC: [8] Use of undefined constant dadnianling - assumed 'dadnianling' D:\wamp\www\ipass\Runtime\Cache\Home\07fc4b2920d08a63c251691d6d265bdc.php 第 162 行.
NOTIC: [8] Use of undefined constant momnianling - assumed 'momnianling' D:\wamp\www\ipass\Runtime\Cache\Home\07fc4b2920d08a63c251691d6d265bdc.php 第 164 行.
NOTIC: [8] Use of undefined constant brother - assumed 'brother' D:\wamp\www\ipass\Runtime\Cache\Home\07fc4b2920d08a63c251691d6d265bdc.php 第 166 行.
NOTIC: [8] Use of undefined constant paihang - assumed 'paihang' D:\wamp\www\ipass\Runtime\Cache\Home\07fc4b2920d08a63c251691d6d265bdc.php 第 168 行.
NOTIC: [8] Use of undefined constant duzi - assumed 'duzi' D:\wamp\www\ipass\Runtime\Cache\Home\07fc4b2920d08a63c251691d6d265bdc.php 第 169 行.
NOTIC: [8] Use of undefined constant walknianling - assumed 'walknianling' D:\wamp\www\ipass\Runtime\Cache\Home\07fc4b2920d08a63c251691d6d265bdc.php 第 170 行.
NOTIC: [8] Use of undefined constant talknianling - assumed 'talknianling' D:\wamp\www\ipass\Runtime\Cache\Home\07fc4b2920d08a63c251691d6d265bdc.php 第 172 行.
NOTIC: [8] Use of undefined constant rutuo - assumed 'rutuo' D:\wamp\www\ipass\Runtime\Cache\Home\07fc4b2920d08a63c251691d6d265bdc.php 第 174 行.
NOTIC: [8] Use of undefined constant home - assumed 'home' D:\wamp\www\ipass\Runtime\Cache\Home\07fc4b2920d08a63c251691d6d265bdc.php 第 179 行.
NOTIC: [8] Use of undefined constant tongjuren - assumed 'tongjuren' D:\wamp\www\ipass\Runtime\Cache\Home\07fc4b2920d08a63c251691d6d265bdc.php 第 181 行.
NOTIC: [8] Use of undefined constant homewell - assumed 'homewell' D:\wamp\www\ipass\Runtime\Cache\Home\07fc4b2920d08a63c251691d6d265bdc.php 第 183 行.
NOTIC: [8] Use of undefined constant dadmom - assumed 'dadmom' D:\wamp\www\ipass\Runtime\Cache\Home\07fc4b2920d08a63c251691d6d265bdc.php 第 185 行.
NOTIC: [8] Use of undefined constant jiaoyufangshi - assumed 'jiaoyufangshi' D:\wamp\www\ipass\Runtime\Cache\Home\07fc4b2920d08a63c251691d6d265bdc.php 第 187 行.
NOTIC: [8] Use of undefined constant guanjiaoyijian - assumed 'guanjiaoyijian' D:\wamp\www\ipass\Runtime\Cache\Home\07fc4b2920d08a63c251691d6d265bdc.php 第 189 行.
NOTIC: [8] Use of undefined constant fuqinxueli - assumed 'fuqinxueli' D:\wamp\www\ipass\Runtime\Cache\Home\07fc4b2920d08a63c251691d6d265bdc.php 第 191 行.
NOTIC: [8] Use of undefined constant fuqinzhiye - assumed 'fuqinzhiye' D:\wamp\www\ipass\Runtime\Cache\Home\07fc4b2920d08a63c251691d6d265bdc.php 第 193 行.
NOTIC: [8] Use of undefined constant muqinxueli - assumed 'muqinxueli' D:\wamp\www\ipass\Runtime\Cache\Home\07fc4b2920d08a63c251691d6d265bdc.php 第 195 行.
NOTIC: [8] Use of undefined constant muqinzhiye - assumed 'muqinzhiye' D:\wamp\www\ipass\Runtime\Cache\Home\07fc4b2920d08a63c251691d6d265bdc.php 第 197 行.
INFO: Run Behavior\ParseTemplateBehavior [ RunTime:0.063878s ]
INFO: [ view_parse ] --END-- [ RunTime:0.064142s ]
INFO: [ view_filter ] --START--
INFO: Run Behavior\WriteHtmlCacheBehavior [ RunTime:0.000442s ]
INFO: [ view_filter ] --END-- [ RunTime:0.000618s ]
INFO: [ app_end ] --START--
INFO: Run Behavior\ShowPageTraceBehavior [ RunTime:0.000800s ]
INFO: [ app_end ] --END-- [ RunTime:0.001005s ]

[ 2017-03-06T13:13:49+08:00 ] 127.0.0.1 /ipass/index.php/Home/Index/mytest.html
INFO: [ app_init ] --START--
INFO: Run Behavior\BuildLiteBehavior [ RunTime:0.000052s ]
INFO: [ app_init ] --END-- [ RunTime:0.000914s ]
INFO: [ app_begin ] --START--
INFO: Run Behavior\ReadHtmlCacheBehavior [ RunTime:0.000860s ]
INFO: [ app_begin ] --END-- [ RunTime:0.001085s ]
SQL: SHOW COLUMNS FROM `ot_archive` [ RunTime:0.0052s ]
SQL: SELECT `name` FROM `ot_archive` WHERE `child_id` = '111111111111111111' LIMIT 1   [ RunTime:0.0008s ]
SQL: SELECT `tongjuren` FROM `ot_archive` WHERE `child_id` = '111111111111111111' LIMIT 1   [ RunTime:0.0006s ]
SQL: SELECT `banji` FROM `ot_archive` WHERE `child_id` = '111111111111111111' LIMIT 1   [ RunTime:0.0005s ]
SQL: SHOW COLUMNS FROM `student` [ RunTime:0.0026s ]
SQL: SELECT `head` FROM `student` WHERE `id` = 5 LIMIT 1   [ RunTime:0.0004s ]
INFO: [ view_parse ] --START--
INFO: [ template_filter ] --START--
INFO: Run Behavior\ContentReplaceBehavior [ RunTime:0.000147s ]
INFO: [ template_filter ] --END-- [ RunTime:0.000362s ]
INFO: Run Behavior\ParseTemplateBehavior [ RunTime:0.051493s ]
INFO: [ view_parse ] --END-- [ RunTime:0.051712s ]
INFO: [ view_filter ] --START--
INFO: Run Behavior\WriteHtmlCacheBehavior [ RunTime:0.000430s ]
INFO: [ view_filter ] --END-- [ RunTime:0.000626s ]
INFO: [ app_end ] --START--
INFO: Run Behavior\ShowPageTraceBehavior [ RunTime:0.001147s ]
INFO: [ app_end ] --END-- [ RunTime:0.001368s ]

[ 2017-03-06T13:13:50+08:00 ] 127.0.0.1 /ipass/index.php/Home/Index/lb.html
INFO: [ app_init ] --START--
INFO: Run Behavior\BuildLiteBehavior [ RunTime:0.000045s ]
INFO: [ app_init ] --END-- [ RunTime:0.000736s ]
INFO: [ app_begin ] --START--
INFO: Run Behavior\ReadHtmlCacheBehavior [ RunTime:0.000881s ]
INFO: [ app_begin ] --END-- [ RunTime:0.001106s ]
SQL: SHOW COLUMNS FROM `student` [ RunTime:0.0032s ]
SQL: SELECT `head` FROM `student` WHERE `id` = 5 LIMIT 1   [ RunTime:0.0007s ]
SQL: SHOW COLUMNS FROM `ipass_lblist` [ RunTime:0.0035s ]
SQL: SELECT * FROM `ipass_lblist`  [ RunTime:0.0012s ]
INFO: [ view_parse ] --START--
INFO: [ template_filter ] --START--
INFO: Run Behavior\ContentReplaceBehavior [ RunTime:0.000169s ]
INFO: [ template_filter ] --END-- [ RunTime:0.000436s ]
INFO: Run Behavior\ParseTemplateBehavior [ RunTime:0.026803s ]
INFO: [ view_parse ] --END-- [ RunTime:0.027628s ]
INFO: [ view_filter ] --START--
INFO: Run Behavior\WriteHtmlCacheBehavior [ RunTime:0.000484s ]
INFO: [ view_filter ] --END-- [ RunTime:0.000831s ]
INFO: [ app_end ] --START--
INFO: Run Behavior\ShowPageTraceBehavior [ RunTime:0.000856s ]
INFO: [ app_end ] --END-- [ RunTime:0.001050s ]

