[ 2016-09-15T10:47:21+08:00 ] 127.0.0.1 /h_wei/hw/Home/Web/servicedetail/id/2.html
ERR: 模板不存在:C:/wamp/www/h_wei/hw/Home/View/Web/servicedetail.html

[ 2016-09-15T10:58:52+08:00 ] 127.0.0.1 /h_wei/hw/Home/Web/Home/Web/service
ERR: 非法操作:Home

[ 2016-09-15T17:05:22+08:00 ] 127.0.0.1 /h_wei/hw/Home/Web/Blog%20Template%20for%20Bootstrap_files/ie-emulation-modes-warning.js
ERR: 非法操作:Blog Template for Bootstrap_files

[ 2016-09-15T17:05:23+08:00 ] 127.0.0.1 /h_wei/hw/Home/Web/Blog%20Template%20for%20Bootstrap_files/ie-emulation-modes-warning.js
ERR: 非法操作:Blog Template for Bootstrap_files

[ 2016-09-15T17:08:58+08:00 ] 127.0.0.1 /h_wei/hw/Home/Web/Blog%20Template%20for%20Bootstrap_files/ie-emulation-modes-warning.js
ERR: 非法操作:Blog Template for Bootstrap_files

[ 2016-09-15T17:38:23+08:00 ] 127.0.0.1 /h_wei/hw/Home/Web/index
INFO: [ app_init ] --START--
INFO: Run Behavior\BuildLiteBehavior [ RunTime:0.000023s ]
INFO: [ app_init ] --END-- [ RunTime:0.000528s ]
INFO: [ app_begin ] --START--
INFO: Run Behavior\ReadHtmlCacheBehavior [ RunTime:0.000713s ]
INFO: [ app_begin ] --END-- [ RunTime:0.000810s ]
SQL: SHOW COLUMNS FROM `hw_cate` [ RunTime:0.0030s ]
SQL: SELECT * FROM `hw_cate` ORDER BY sort ASC  [ RunTime:0.0005s ]
SQL: SHOW COLUMNS FROM `hw_banner` [ RunTime:0.0031s ]
SQL: SELECT * FROM `hw_banner`  [ RunTime:0.0002s ]
SQL: SHOW COLUMNS FROM `hw_bnews` [ RunTime:0.0035s ]
SQL: SELECT * FROM `hw_bnews`  [ RunTime:0.0002s ]
SQL: SHOW COLUMNS FROM `hw_expert` [ RunTime:0.0028s ]
NOTIC: [8] Use of undefined constant 豆立宁 - assumed '豆立宁' C:\wamp\www\h_wei\hw\Home\Controller\WebController.class.php 第 27 行.
SQL: SELECT * FROM `hw_expert` WHERE ( name='豆立宁' )  [ RunTime:0.0003s ]
NOTIC: [8] Use of undefined constant 于爽 - assumed '于爽' C:\wamp\www\h_wei\hw\Home\Controller\WebController.class.php 第 30 行.
SQL: SELECT * FROM `hw_expert` WHERE ( name='于爽' )  [ RunTime:0.0002s ]
NOTIC: [8] Use of undefined constant 王焕 - assumed '王焕' C:\wamp\www\h_wei\hw\Home\Controller\WebController.class.php 第 33 行.
SQL: SELECT * FROM `hw_expert` WHERE ( name='王焕' )  [ RunTime:0.0002s ]
SQL: SHOW COLUMNS FROM `hw_aboutus` [ RunTime:0.0028s ]
SQL: SELECT * FROM `hw_aboutus`  [ RunTime:0.0002s ]
SQL: SHOW COLUMNS FROM `hw_service` [ RunTime:0.0030s ]
SQL: SELECT * FROM `hw_service`  [ RunTime:0.0003s ]
SQL: SHOW COLUMNS FROM `hw_judge` [ RunTime:0.0028s ]
SQL: SELECT * FROM `hw_judge`  [ RunTime:0.0002s ]
SQL: SHOW COLUMNS FROM `hw_judgebg` [ RunTime:0.0041s ]
SQL: SELECT * FROM `hw_judgebg`  [ RunTime:0.0002s ]
SQL: SHOW COLUMNS FROM `hw_topic` [ RunTime:0.0027s ]
SQL: SELECT * FROM `hw_topic` WHERE ( id=1 )  [ RunTime:0.0002s ]
SQL: SELECT * FROM `hw_topic` WHERE ( id=2 )  [ RunTime:0.0002s ]
SQL: SELECT * FROM `hw_topic` WHERE ( id=3 )  [ RunTime:0.0002s ]
SQL: SELECT * FROM `hw_topic` WHERE ( id=4 )  [ RunTime:0.0002s ]
SQL: SELECT * FROM `hw_topic` WHERE ( id=5 )  [ RunTime:0.0002s ]
INFO: [ view_parse ] --START--
INFO: [ template_filter ] --START--
INFO: Run Behavior\ContentReplaceBehavior [ RunTime:0.000154s ]
INFO: [ template_filter ] --END-- [ RunTime:0.000258s ]
INFO: Run Behavior\ParseTemplateBehavior [ RunTime:0.036331s ]
INFO: [ view_parse ] --END-- [ RunTime:0.036441s ]
INFO: [ view_filter ] --START--
INFO: Run Behavior\WriteHtmlCacheBehavior [ RunTime:0.000510s ]
INFO: [ view_filter ] --END-- [ RunTime:0.000595s ]
INFO: [ app_end ] --START--
INFO: Run Behavior\ShowPageTraceBehavior [ RunTime:0.000858s ]
INFO: [ app_end ] --END-- [ RunTime:0.001025s ]

[ 2016-09-15T22:11:59+08:00 ] 127.0.0.1 /h_wei/hw/home/web/index
INFO: [ app_init ] --START--
INFO: Run Behavior\BuildLiteBehavior [ RunTime:0.000041s ]
INFO: [ app_init ] --END-- [ RunTime:0.000744s ]
INFO: [ app_begin ] --START--
INFO: Run Behavior\ReadHtmlCacheBehavior [ RunTime:0.001493s ]
INFO: [ app_begin ] --END-- [ RunTime:0.001874s ]
SQL: SHOW COLUMNS FROM `hw_cate` [ RunTime:0.0044s ]
SQL: SELECT * FROM `hw_cate` ORDER BY sort ASC  [ RunTime:0.0009s ]
SQL: SHOW COLUMNS FROM `hw_banner` [ RunTime:0.0063s ]
SQL: SELECT * FROM `hw_banner`  [ RunTime:0.0007s ]
SQL: SHOW COLUMNS FROM `hw_bnews` [ RunTime:0.0047s ]
SQL: SELECT * FROM `hw_bnews`  [ RunTime:0.0005s ]
SQL: SHOW COLUMNS FROM `hw_expert` [ RunTime:0.0051s ]
NOTIC: [8] Use of undefined constant 豆立宁 - assumed '豆立宁' D:\wamp\www\h_wei\hw\Home\Controller\WebController.class.php 第 27 行.
SQL: SELECT * FROM `hw_expert` WHERE ( name='豆立宁' )  [ RunTime:0.0011s ]
NOTIC: [8] Use of undefined constant 于爽 - assumed '于爽' D:\wamp\www\h_wei\hw\Home\Controller\WebController.class.php 第 30 行.
SQL: SELECT * FROM `hw_expert` WHERE ( name='于爽' )  [ RunTime:0.0012s ]
NOTIC: [8] Use of undefined constant 王焕 - assumed '王焕' D:\wamp\www\h_wei\hw\Home\Controller\WebController.class.php 第 33 行.
SQL: SELECT * FROM `hw_expert` WHERE ( name='王焕' )  [ RunTime:0.0004s ]
SQL: SHOW COLUMNS FROM `hw_aboutus` [ RunTime:0.0054s ]
SQL: SELECT * FROM `hw_aboutus`  [ RunTime:0.0004s ]
SQL: SHOW COLUMNS FROM `hw_service` [ RunTime:0.0047s ]
SQL: SELECT * FROM `hw_service`  [ RunTime:0.0019s ]
SQL: SHOW COLUMNS FROM `hw_judge` [ RunTime:0.0045s ]
SQL: SELECT * FROM `hw_judge`  [ RunTime:0.0006s ]
SQL: SHOW COLUMNS FROM `hw_judgebg` [ RunTime:0.0050s ]
SQL: SELECT * FROM `hw_judgebg`  [ RunTime:0.0004s ]
SQL: SHOW COLUMNS FROM `hw_topic` [ RunTime:0.0054s ]
SQL: SELECT * FROM `hw_topic` WHERE ( id=1 )  [ RunTime:0.0004s ]
SQL: SELECT * FROM `hw_topic` WHERE ( id=2 )  [ RunTime:0.0004s ]
SQL: SELECT * FROM `hw_topic` WHERE ( id=3 )  [ RunTime:0.0004s ]
SQL: SELECT * FROM `hw_topic` WHERE ( id=4 )  [ RunTime:0.0006s ]
SQL: SELECT * FROM `hw_topic` WHERE ( id=5 )  [ RunTime:0.0004s ]
INFO: [ view_parse ] --START--
INFO: [ template_filter ] --START--
INFO: Run Behavior\ContentReplaceBehavior [ RunTime:0.000284s ]
INFO: [ template_filter ] --END-- [ RunTime:0.000485s ]
INFO: Run Behavior\ParseTemplateBehavior [ RunTime:0.071072s ]
INFO: [ view_parse ] --END-- [ RunTime:0.071360s ]
INFO: [ view_filter ] --START--
INFO: Run Behavior\WriteHtmlCacheBehavior [ RunTime:0.000870s ]
INFO: [ view_filter ] --END-- [ RunTime:0.001434s ]
INFO: [ app_end ] --START--
INFO: Run Behavior\ShowPageTraceBehavior [ RunTime:0.001204s ]
INFO: [ app_end ] --END-- [ RunTime:0.001402s ]

[ 2016-09-15T22:19:25+08:00 ] 127.0.0.1 /h_wei/hw/Home/Web/expert
INFO: [ app_init ] --START--
INFO: Run Behavior\BuildLiteBehavior [ RunTime:0.000044s ]
INFO: [ app_init ] --END-- [ RunTime:0.000871s ]
INFO: [ app_begin ] --START--
INFO: Run Behavior\ReadHtmlCacheBehavior [ RunTime:0.000836s ]
INFO: [ app_begin ] --END-- [ RunTime:0.001030s ]
SQL: SHOW COLUMNS FROM `hw_cate` [ RunTime:0.0040s ]
SQL: SELECT * FROM `hw_cate` ORDER BY sort ASC  [ RunTime:0.0008s ]
SQL: SHOW COLUMNS FROM `hw_expert` [ RunTime:0.0043s ]
SQL: SELECT * FROM `hw_expert` WHERE ( id=1 )  [ RunTime:0.0005s ]
SQL: SELECT * FROM `hw_expert`  [ RunTime:0.0004s ]
INFO: [ view_parse ] --START--
INFO: [ template_filter ] --START--
INFO: Run Behavior\ContentReplaceBehavior [ RunTime:0.000271s ]
INFO: [ template_filter ] --END-- [ RunTime:0.000590s ]
INFO: Run Behavior\ParseTemplateBehavior [ RunTime:0.024814s ]
INFO: [ view_parse ] --END-- [ RunTime:0.025027s ]
INFO: [ view_filter ] --START--
INFO: Run Behavior\WriteHtmlCacheBehavior [ RunTime:0.000418s ]
INFO: [ view_filter ] --END-- [ RunTime:0.000583s ]
INFO: [ app_end ] --START--
INFO: Run Behavior\ShowPageTraceBehavior [ RunTime:0.000807s ]
INFO: [ app_end ] --END-- [ RunTime:0.000978s ]

[ 2016-09-15T22:19:55+08:00 ] 127.0.0.1 /h_wei/hw/Home/Web/service
INFO: [ app_init ] --START--
INFO: Run Behavior\BuildLiteBehavior [ RunTime:0.000042s ]
INFO: [ app_init ] --END-- [ RunTime:0.000788s ]
INFO: [ app_begin ] --START--
INFO: Run Behavior\ReadHtmlCacheBehavior [ RunTime:0.000954s ]
INFO: [ app_begin ] --END-- [ RunTime:0.001165s ]
SQL: SHOW COLUMNS FROM `hw_cate` [ RunTime:0.0042s ]
SQL: SELECT * FROM `hw_cate` ORDER BY sort ASC  [ RunTime:0.0009s ]
SQL: SHOW COLUMNS FROM `hw_service` [ RunTime:0.0042s ]
SQL: SELECT * FROM `hw_service` WHERE ( id=1 )  [ RunTime:0.0005s ]
SQL: SELECT * FROM `hw_service`  [ RunTime:0.0005s ]
INFO: [ view_parse ] --START--
INFO: [ template_filter ] --START--
INFO: Run Behavior\ContentReplaceBehavior [ RunTime:0.000187s ]
INFO: [ template_filter ] --END-- [ RunTime:0.000388s ]
INFO: Run Behavior\ParseTemplateBehavior [ RunTime:0.025619s ]
INFO: [ view_parse ] --END-- [ RunTime:0.025827s ]
INFO: [ view_filter ] --START--
INFO: Run Behavior\WriteHtmlCacheBehavior [ RunTime:0.000537s ]
INFO: [ view_filter ] --END-- [ RunTime:0.000704s ]
INFO: [ app_end ] --START--
INFO: Run Behavior\ShowPageTraceBehavior [ RunTime:0.000913s ]
INFO: [ app_end ] --END-- [ RunTime:0.001089s ]

[ 2016-09-15T22:20:11+08:00 ] 127.0.0.1 /h_wei/hw/Home/Web/index
INFO: [ app_init ] --START--
INFO: Run Behavior\BuildLiteBehavior [ RunTime:0.000071s ]
INFO: [ app_init ] --END-- [ RunTime:0.001211s ]
INFO: [ app_begin ] --START--
INFO: Run Behavior\ReadHtmlCacheBehavior [ RunTime:0.002112s ]
INFO: [ app_begin ] --END-- [ RunTime:0.002536s ]
SQL: SHOW COLUMNS FROM `hw_cate` [ RunTime:0.0041s ]
SQL: SELECT * FROM `hw_cate` ORDER BY sort ASC  [ RunTime:0.0008s ]
SQL: SHOW COLUMNS FROM `hw_banner` [ RunTime:0.0043s ]
SQL: SELECT * FROM `hw_banner`  [ RunTime:0.0006s ]
SQL: SHOW COLUMNS FROM `hw_bnews` [ RunTime:0.0040s ]
SQL: SELECT * FROM `hw_bnews`  [ RunTime:0.0005s ]
SQL: SHOW COLUMNS FROM `hw_expert` [ RunTime:0.0040s ]
NOTIC: [8] Use of undefined constant 豆立宁 - assumed '豆立宁' D:\wamp\www\h_wei\hw\Home\Controller\WebController.class.php 第 27 行.
SQL: SELECT * FROM `hw_expert` WHERE ( name='豆立宁' )  [ RunTime:0.0004s ]
NOTIC: [8] Use of undefined constant 于爽 - assumed '于爽' D:\wamp\www\h_wei\hw\Home\Controller\WebController.class.php 第 30 行.
SQL: SELECT * FROM `hw_expert` WHERE ( name='于爽' )  [ RunTime:0.0004s ]
NOTIC: [8] Use of undefined constant 王焕 - assumed '王焕' D:\wamp\www\h_wei\hw\Home\Controller\WebController.class.php 第 33 行.
SQL: SELECT * FROM `hw_expert` WHERE ( name='王焕' )  [ RunTime:0.0004s ]
SQL: SHOW COLUMNS FROM `hw_aboutus` [ RunTime:0.0043s ]
SQL: SELECT * FROM `hw_aboutus`  [ RunTime:0.0004s ]
SQL: SHOW COLUMNS FROM `hw_service` [ RunTime:0.0040s ]
SQL: SELECT * FROM `hw_service`  [ RunTime:0.0005s ]
SQL: SHOW COLUMNS FROM `hw_judge` [ RunTime:0.0039s ]
SQL: SELECT * FROM `hw_judge`  [ RunTime:0.0004s ]
SQL: SHOW COLUMNS FROM `hw_judgebg` [ RunTime:0.0043s ]
SQL: SELECT * FROM `hw_judgebg`  [ RunTime:0.0004s ]
SQL: SHOW COLUMNS FROM `hw_topic` [ RunTime:0.0040s ]
SQL: SELECT * FROM `hw_topic` WHERE ( id=1 )  [ RunTime:0.0004s ]
SQL: SELECT * FROM `hw_topic` WHERE ( id=2 )  [ RunTime:0.0004s ]
SQL: SELECT * FROM `hw_topic` WHERE ( id=3 )  [ RunTime:0.0004s ]
SQL: SELECT * FROM `hw_topic` WHERE ( id=4 )  [ RunTime:0.0004s ]
SQL: SELECT * FROM `hw_topic` WHERE ( id=5 )  [ RunTime:0.0004s ]
INFO: [ view_parse ] --START--
INFO: [ template_filter ] --START--
INFO: Run Behavior\ContentReplaceBehavior [ RunTime:0.000287s ]
INFO: [ template_filter ] --END-- [ RunTime:0.000490s ]
INFO: Run Behavior\ParseTemplateBehavior [ RunTime:0.068064s ]
INFO: [ view_parse ] --END-- [ RunTime:0.068267s ]
INFO: [ view_filter ] --START--
INFO: Run Behavior\WriteHtmlCacheBehavior [ RunTime:0.000425s ]
INFO: [ view_filter ] --END-- [ RunTime:0.000590s ]
INFO: [ app_end ] --START--
INFO: Run Behavior\ShowPageTraceBehavior [ RunTime:0.000889s ]
INFO: [ app_end ] --END-- [ RunTime:0.001071s ]

[ 2016-09-15T22:20:37+08:00 ] 127.0.0.1 /h_wei/hw/Home/Web/index
INFO: [ app_init ] --START--
INFO: Run Behavior\BuildLiteBehavior [ RunTime:0.000044s ]
INFO: [ app_init ] --END-- [ RunTime:0.000747s ]
INFO: [ app_begin ] --START--
INFO: Run Behavior\ReadHtmlCacheBehavior [ RunTime:0.000888s ]
INFO: [ app_begin ] --END-- [ RunTime:0.001107s ]
SQL: SHOW COLUMNS FROM `hw_cate` [ RunTime:0.0045s ]
SQL: SELECT * FROM `hw_cate` ORDER BY sort ASC  [ RunTime:0.0009s ]
SQL: SHOW COLUMNS FROM `hw_banner` [ RunTime:0.0056s ]
SQL: SELECT * FROM `hw_banner`  [ RunTime:0.0004s ]
SQL: SHOW COLUMNS FROM `hw_bnews` [ RunTime:0.0041s ]
SQL: SELECT * FROM `hw_bnews`  [ RunTime:0.0005s ]
SQL: SHOW COLUMNS FROM `hw_expert` [ RunTime:0.0058s ]
NOTIC: [8] Use of undefined constant 豆立宁 - assumed '豆立宁' D:\wamp\www\h_wei\hw\Home\Controller\WebController.class.php 第 27 行.
SQL: SELECT * FROM `hw_expert` WHERE ( name='豆立宁' )  [ RunTime:0.0005s ]
NOTIC: [8] Use of undefined constant 于爽 - assumed '于爽' D:\wamp\www\h_wei\hw\Home\Controller\WebController.class.php 第 30 行.
SQL: SELECT * FROM `hw_expert` WHERE ( name='于爽' )  [ RunTime:0.0004s ]
NOTIC: [8] Use of undefined constant 王焕 - assumed '王焕' D:\wamp\www\h_wei\hw\Home\Controller\WebController.class.php 第 33 行.
SQL: SELECT * FROM `hw_expert` WHERE ( name='王焕' )  [ RunTime:0.0006s ]
SQL: SHOW COLUMNS FROM `hw_aboutus` [ RunTime:0.0042s ]
SQL: SELECT * FROM `hw_aboutus`  [ RunTime:0.0006s ]
SQL: SHOW COLUMNS FROM `hw_service` [ RunTime:0.0043s ]
SQL: SELECT * FROM `hw_service`  [ RunTime:0.0005s ]
SQL: SHOW COLUMNS FROM `hw_judge` [ RunTime:0.0045s ]
SQL: SELECT * FROM `hw_judge`  [ RunTime:0.0005s ]
SQL: SHOW COLUMNS FROM `hw_judgebg` [ RunTime:0.0040s ]
SQL: SELECT * FROM `hw_judgebg`  [ RunTime:0.0005s ]
SQL: SHOW COLUMNS FROM `hw_topic` [ RunTime:0.0055s ]
SQL: SELECT * FROM `hw_topic` WHERE ( id=1 )  [ RunTime:0.0005s ]
SQL: SELECT * FROM `hw_topic` WHERE ( id=2 )  [ RunTime:0.0004s ]
SQL: SELECT * FROM `hw_topic` WHERE ( id=3 )  [ RunTime:0.0004s ]
SQL: SELECT * FROM `hw_topic` WHERE ( id=4 )  [ RunTime:0.0004s ]
SQL: SELECT * FROM `hw_topic` WHERE ( id=5 )  [ RunTime:0.0004s ]
INFO: [ view_parse ] --START--
INFO: [ template_filter ] --START--
INFO: Run Behavior\ContentReplaceBehavior [ RunTime:0.000288s ]
INFO: [ template_filter ] --END-- [ RunTime:0.000502s ]
INFO: Run Behavior\ParseTemplateBehavior [ RunTime:0.080380s ]
INFO: [ view_parse ] --END-- [ RunTime:0.080590s ]
INFO: [ view_filter ] --START--
INFO: Run Behavior\WriteHtmlCacheBehavior [ RunTime:0.000552s ]
INFO: [ view_filter ] --END-- [ RunTime:0.000731s ]
INFO: [ app_end ] --START--
INFO: Run Behavior\ShowPageTraceBehavior [ RunTime:0.000887s ]
INFO: [ app_end ] --END-- [ RunTime:0.001069s ]

[ 2016-09-15T22:20:39+08:00 ] 127.0.0.1 /h_wei/hw/Home/Web/expert
INFO: [ app_init ] --START--
INFO: Run Behavior\BuildLiteBehavior [ RunTime:0.000044s ]
INFO: [ app_init ] --END-- [ RunTime:0.000721s ]
INFO: [ app_begin ] --START--
INFO: Run Behavior\ReadHtmlCacheBehavior [ RunTime:0.000803s ]
INFO: [ app_begin ] --END-- [ RunTime:0.001039s ]
SQL: SHOW COLUMNS FROM `hw_cate` [ RunTime:0.0040s ]
SQL: SELECT * FROM `hw_cate` ORDER BY sort ASC  [ RunTime:0.0008s ]
SQL: SHOW COLUMNS FROM `hw_expert` [ RunTime:0.0053s ]
SQL: SELECT * FROM `hw_expert` WHERE ( id=1 )  [ RunTime:0.0005s ]
SQL: SELECT * FROM `hw_expert`  [ RunTime:0.0009s ]
INFO: [ view_parse ] --START--
INFO: [ template_filter ] --START--
INFO: Run Behavior\ContentReplaceBehavior [ RunTime:0.000172s ]
INFO: [ template_filter ] --END-- [ RunTime:0.000377s ]
INFO: Run Behavior\ParseTemplateBehavior [ RunTime:0.025409s ]
INFO: [ view_parse ] --END-- [ RunTime:0.025624s ]
INFO: [ view_filter ] --START--
INFO: Run Behavior\WriteHtmlCacheBehavior [ RunTime:0.000541s ]
INFO: [ view_filter ] --END-- [ RunTime:0.000710s ]
INFO: [ app_end ] --START--
INFO: Run Behavior\ShowPageTraceBehavior [ RunTime:0.000802s ]
INFO: [ app_end ] --END-- [ RunTime:0.000979s ]

[ 2016-09-15T22:20:45+08:00 ] 127.0.0.1 /h_wei/hw/Home/Web/service
INFO: [ app_init ] --START--
INFO: Run Behavior\BuildLiteBehavior [ RunTime:0.000043s ]
INFO: [ app_init ] --END-- [ RunTime:0.000697s ]
INFO: [ app_begin ] --START--
INFO: Run Behavior\ReadHtmlCacheBehavior [ RunTime:0.000840s ]
INFO: [ app_begin ] --END-- [ RunTime:0.001065s ]
SQL: SHOW COLUMNS FROM `hw_cate` [ RunTime:0.0052s ]
SQL: SELECT * FROM `hw_cate` ORDER BY sort ASC  [ RunTime:0.0009s ]
SQL: SHOW COLUMNS FROM `hw_service` [ RunTime:0.0043s ]
SQL: SELECT * FROM `hw_service` WHERE ( id=1 )  [ RunTime:0.0005s ]
SQL: SELECT * FROM `hw_service`  [ RunTime:0.0005s ]
INFO: [ view_parse ] --START--
INFO: [ template_filter ] --START--
INFO: Run Behavior\ContentReplaceBehavior [ RunTime:0.000217s ]
INFO: [ template_filter ] --END-- [ RunTime:0.000481s ]
INFO: Run Behavior\ParseTemplateBehavior [ RunTime:0.023573s ]
INFO: [ view_parse ] --END-- [ RunTime:0.023867s ]
INFO: [ view_filter ] --START--
INFO: Run Behavior\WriteHtmlCacheBehavior [ RunTime:0.000411s ]
INFO: [ view_filter ] --END-- [ RunTime:0.000579s ]
INFO: [ app_end ] --START--
INFO: Run Behavior\ShowPageTraceBehavior [ RunTime:0.000807s ]
INFO: [ app_end ] --END-- [ RunTime:0.000982s ]

[ 2016-09-15T22:20:52+08:00 ] 127.0.0.1 /h_wei/hw/Home/Web/index
INFO: [ app_init ] --START--
INFO: Run Behavior\BuildLiteBehavior [ RunTime:0.000044s ]
INFO: [ app_init ] --END-- [ RunTime:0.000701s ]
INFO: [ app_begin ] --START--
INFO: Run Behavior\ReadHtmlCacheBehavior [ RunTime:0.000836s ]
INFO: [ app_begin ] --END-- [ RunTime:0.001080s ]
SQL: SHOW COLUMNS FROM `hw_cate` [ RunTime:0.0039s ]
SQL: SELECT * FROM `hw_cate` ORDER BY sort ASC  [ RunTime:0.0009s ]
SQL: SHOW COLUMNS FROM `hw_banner` [ RunTime:0.0042s ]
SQL: SELECT * FROM `hw_banner`  [ RunTime:0.0004s ]
SQL: SHOW COLUMNS FROM `hw_bnews` [ RunTime:0.0046s ]
SQL: SELECT * FROM `hw_bnews`  [ RunTime:0.0004s ]
SQL: SHOW COLUMNS FROM `hw_expert` [ RunTime:0.0042s ]
NOTIC: [8] Use of undefined constant 豆立宁 - assumed '豆立宁' D:\wamp\www\h_wei\hw\Home\Controller\WebController.class.php 第 27 行.
SQL: SELECT * FROM `hw_expert` WHERE ( name='豆立宁' )  [ RunTime:0.0005s ]
NOTIC: [8] Use of undefined constant 于爽 - assumed '于爽' D:\wamp\www\h_wei\hw\Home\Controller\WebController.class.php 第 30 行.
SQL: SELECT * FROM `hw_expert` WHERE ( name='于爽' )  [ RunTime:0.0004s ]
NOTIC: [8] Use of undefined constant 王焕 - assumed '王焕' D:\wamp\www\h_wei\hw\Home\Controller\WebController.class.php 第 33 行.
SQL: SELECT * FROM `hw_expert` WHERE ( name='王焕' )  [ RunTime:0.0004s ]
SQL: SHOW COLUMNS FROM `hw_aboutus` [ RunTime:0.0040s ]
SQL: SELECT * FROM `hw_aboutus`  [ RunTime:0.0004s ]
SQL: SHOW COLUMNS FROM `hw_service` [ RunTime:0.0041s ]
SQL: SELECT * FROM `hw_service`  [ RunTime:0.0005s ]
SQL: SHOW COLUMNS FROM `hw_judge` [ RunTime:0.0040s ]
SQL: SELECT * FROM `hw_judge`  [ RunTime:0.0004s ]
SQL: SHOW COLUMNS FROM `hw_judgebg` [ RunTime:0.0044s ]
SQL: SELECT * FROM `hw_judgebg`  [ RunTime:0.0004s ]
SQL: SHOW COLUMNS FROM `hw_topic` [ RunTime:0.0039s ]
SQL: SELECT * FROM `hw_topic` WHERE ( id=1 )  [ RunTime:0.0004s ]
SQL: SELECT * FROM `hw_topic` WHERE ( id=2 )  [ RunTime:0.0004s ]
SQL: SELECT * FROM `hw_topic` WHERE ( id=3 )  [ RunTime:0.0004s ]
SQL: SELECT * FROM `hw_topic` WHERE ( id=4 )  [ RunTime:0.0003s ]
SQL: SELECT * FROM `hw_topic` WHERE ( id=5 )  [ RunTime:0.0004s ]
INFO: [ view_parse ] --START--
INFO: [ template_filter ] --START--
INFO: Run Behavior\ContentReplaceBehavior [ RunTime:0.000287s ]
INFO: [ template_filter ] --END-- [ RunTime:0.000495s ]
INFO: Run Behavior\ParseTemplateBehavior [ RunTime:0.066192s ]
INFO: [ view_parse ] --END-- [ RunTime:0.066393s ]
INFO: [ view_filter ] --START--
INFO: Run Behavior\WriteHtmlCacheBehavior [ RunTime:0.000456s ]
INFO: [ view_filter ] --END-- [ RunTime:0.000660s ]
INFO: [ app_end ] --START--
INFO: Run Behavior\ShowPageTraceBehavior [ RunTime:0.000831s ]
INFO: [ app_end ] --END-- [ RunTime:0.001008s ]

[ 2016-09-15T22:35:12+08:00 ] 127.0.0.1 /h_wei/hw/Home/Web/index
INFO: [ app_init ] --START--
INFO: Run Behavior\BuildLiteBehavior [ RunTime:0.000065s ]
INFO: [ app_init ] --END-- [ RunTime:0.000932s ]
INFO: [ app_begin ] --START--
INFO: Run Behavior\ReadHtmlCacheBehavior [ RunTime:0.001435s ]
INFO: [ app_begin ] --END-- [ RunTime:0.001731s ]
SQL: SHOW COLUMNS FROM `hw_cate` [ RunTime:0.0042s ]
SQL: SELECT * FROM `hw_cate` ORDER BY sort ASC  [ RunTime:0.0010s ]
SQL: SHOW COLUMNS FROM `hw_banner` [ RunTime:0.0044s ]
SQL: SELECT * FROM `hw_banner`  [ RunTime:0.0004s ]
SQL: SHOW COLUMNS FROM `hw_bnews` [ RunTime:0.0041s ]
SQL: SELECT * FROM `hw_bnews`  [ RunTime:0.0004s ]
SQL: SHOW COLUMNS FROM `hw_expert` [ RunTime:0.0040s ]
NOTIC: [8] Use of undefined constant 豆立宁 - assumed '豆立宁' D:\wamp\www\h_wei\hw\Home\Controller\WebController.class.php 第 27 行.
SQL: SELECT * FROM `hw_expert` WHERE ( name='豆立宁' )  [ RunTime:0.0005s ]
NOTIC: [8] Use of undefined constant 于爽 - assumed '于爽' D:\wamp\www\h_wei\hw\Home\Controller\WebController.class.php 第 30 行.
SQL: SELECT * FROM `hw_expert` WHERE ( name='于爽' )  [ RunTime:0.0004s ]
NOTIC: [8] Use of undefined constant 王焕 - assumed '王焕' D:\wamp\www\h_wei\hw\Home\Controller\WebController.class.php 第 33 行.
SQL: SELECT * FROM `hw_expert` WHERE ( name='王焕' )  [ RunTime:0.0005s ]
SQL: SHOW COLUMNS FROM `hw_aboutus` [ RunTime:0.0043s ]
SQL: SELECT * FROM `hw_aboutus`  [ RunTime:0.0004s ]
SQL: SHOW COLUMNS FROM `hw_service` [ RunTime:0.0046s ]
SQL: SELECT * FROM `hw_service`  [ RunTime:0.0005s ]
SQL: SHOW COLUMNS FROM `hw_judge` [ RunTime:0.0046s ]
SQL: SELECT * FROM `hw_judge`  [ RunTime:0.0004s ]
SQL: SHOW COLUMNS FROM `hw_judgebg` [ RunTime:0.0040s ]
SQL: SELECT * FROM `hw_judgebg`  [ RunTime:0.0004s ]
SQL: SHOW COLUMNS FROM `hw_topic` [ RunTime:0.0042s ]
SQL: SELECT * FROM `hw_topic` WHERE ( id=1 )  [ RunTime:0.0005s ]
SQL: SELECT * FROM `hw_topic` WHERE ( id=2 )  [ RunTime:0.0004s ]
SQL: SELECT * FROM `hw_topic` WHERE ( id=3 )  [ RunTime:0.0005s ]
SQL: SELECT * FROM `hw_topic` WHERE ( id=4 )  [ RunTime:0.0007s ]
SQL: SELECT * FROM `hw_topic` WHERE ( id=5 )  [ RunTime:0.0005s ]
INFO: [ view_parse ] --START--
INFO: [ template_filter ] --START--
INFO: Run Behavior\ContentReplaceBehavior [ RunTime:0.000289s ]
INFO: [ template_filter ] --END-- [ RunTime:0.000495s ]
INFO: Run Behavior\ParseTemplateBehavior [ RunTime:0.067727s ]
INFO: [ view_parse ] --END-- [ RunTime:0.067932s ]
INFO: [ view_filter ] --START--
INFO: Run Behavior\WriteHtmlCacheBehavior [ RunTime:0.000595s ]
INFO: [ view_filter ] --END-- [ RunTime:0.000762s ]
INFO: [ app_end ] --START--
INFO: Run Behavior\ShowPageTraceBehavior [ RunTime:0.001031s ]
INFO: [ app_end ] --END-- [ RunTime:0.001215s ]

[ 2016-09-15T22:37:05+08:00 ] 127.0.0.1 /h_wei/hw/Home/Web/index
INFO: [ app_init ] --START--
INFO: Run Behavior\BuildLiteBehavior [ RunTime:0.000044s ]
INFO: [ app_init ] --END-- [ RunTime:0.000766s ]
INFO: [ app_begin ] --START--
INFO: Run Behavior\ReadHtmlCacheBehavior [ RunTime:0.000942s ]
INFO: [ app_begin ] --END-- [ RunTime:0.001137s ]
SQL: SHOW COLUMNS FROM `hw_cate` [ RunTime:0.0040s ]
SQL: SELECT * FROM `hw_cate` ORDER BY sort ASC  [ RunTime:0.0010s ]
SQL: SHOW COLUMNS FROM `hw_banner` [ RunTime:0.0041s ]
SQL: SELECT * FROM `hw_banner`  [ RunTime:0.0004s ]
SQL: SHOW COLUMNS FROM `hw_bnews` [ RunTime:0.0040s ]
SQL: SELECT * FROM `hw_bnews`  [ RunTime:0.0004s ]
SQL: SHOW COLUMNS FROM `hw_expert` [ RunTime:0.0050s ]
NOTIC: [8] Use of undefined constant 豆立宁 - assumed '豆立宁' D:\wamp\www\h_wei\hw\Home\Controller\WebController.class.php 第 27 行.
SQL: SELECT * FROM `hw_expert` WHERE ( name='豆立宁' )  [ RunTime:0.0005s ]
NOTIC: [8] Use of undefined constant 于爽 - assumed '于爽' D:\wamp\www\h_wei\hw\Home\Controller\WebController.class.php 第 30 行.
SQL: SELECT * FROM `hw_expert` WHERE ( name='于爽' )  [ RunTime:0.0004s ]
NOTIC: [8] Use of undefined constant 王焕 - assumed '王焕' D:\wamp\www\h_wei\hw\Home\Controller\WebController.class.php 第 33 行.
SQL: SELECT * FROM `hw_expert` WHERE ( name='王焕' )  [ RunTime:0.0004s ]
SQL: SHOW COLUMNS FROM `hw_aboutus` [ RunTime:0.0039s ]
SQL: SELECT * FROM `hw_aboutus`  [ RunTime:0.0004s ]
SQL: SHOW COLUMNS FROM `hw_service` [ RunTime:0.0041s ]
SQL: SELECT * FROM `hw_service`  [ RunTime:0.0005s ]
SQL: SHOW COLUMNS FROM `hw_judge` [ RunTime:0.0040s ]
SQL: SELECT * FROM `hw_judge`  [ RunTime:0.0004s ]
SQL: SHOW COLUMNS FROM `hw_judgebg` [ RunTime:0.0039s ]
SQL: SELECT * FROM `hw_judgebg`  [ RunTime:0.0004s ]
SQL: SHOW COLUMNS FROM `hw_topic` [ RunTime:0.0049s ]
SQL: SELECT * FROM `hw_topic` WHERE ( id=1 )  [ RunTime:0.0005s ]
SQL: SELECT * FROM `hw_topic` WHERE ( id=2 )  [ RunTime:0.0004s ]
SQL: SELECT * FROM `hw_topic` WHERE ( id=3 )  [ RunTime:0.0004s ]
SQL: SELECT * FROM `hw_topic` WHERE ( id=4 )  [ RunTime:0.0004s ]
SQL: SELECT * FROM `hw_topic` WHERE ( id=5 )  [ RunTime:0.0004s ]
INFO: [ view_parse ] --START--
INFO: [ template_filter ] --START--
INFO: Run Behavior\ContentReplaceBehavior [ RunTime:0.000285s ]
INFO: [ template_filter ] --END-- [ RunTime:0.000495s ]
INFO: Run Behavior\ParseTemplateBehavior [ RunTime:0.070333s ]
INFO: [ view_parse ] --END-- [ RunTime:0.070536s ]
INFO: [ view_filter ] --START--
INFO: Run Behavior\WriteHtmlCacheBehavior [ RunTime:0.000549s ]
INFO: [ view_filter ] --END-- [ RunTime:0.000719s ]
INFO: [ app_end ] --START--
INFO: Run Behavior\ShowPageTraceBehavior [ RunTime:0.000933s ]
INFO: [ app_end ] --END-- [ RunTime:0.001109s ]

[ 2016-09-15T22:37:51+08:00 ] 127.0.0.1 /h_wei/hw/Home/Web/contactus
INFO: [ app_init ] --START--
INFO: Run Behavior\BuildLiteBehavior [ RunTime:0.000049s ]
INFO: [ app_init ] --END-- [ RunTime:0.001380s ]
INFO: [ app_begin ] --START--
INFO: Run Behavior\ReadHtmlCacheBehavior [ RunTime:0.001078s ]
INFO: [ app_begin ] --END-- [ RunTime:0.001318s ]
SQL: SHOW COLUMNS FROM `hw_cate` [ RunTime:0.0043s ]
SQL: SELECT * FROM `hw_cate` ORDER BY sort ASC  [ RunTime:0.0012s ]
SQL: SHOW COLUMNS FROM `hw_contactus` [ RunTime:0.0050s ]
SQL: SELECT * FROM `hw_contactus` WHERE ( id=1 )  [ RunTime:0.0007s ]
SQL: SELECT * FROM `hw_contactus`  [ RunTime:0.0006s ]
INFO: [ view_parse ] --START--
INFO: [ template_filter ] --START--
INFO: Run Behavior\ContentReplaceBehavior [ RunTime:0.000176s ]
INFO: [ template_filter ] --END-- [ RunTime:0.000398s ]
INFO: Run Behavior\ParseTemplateBehavior [ RunTime:0.027823s ]
INFO: [ view_parse ] --END-- [ RunTime:0.028142s ]
INFO: [ view_filter ] --START--
INFO: Run Behavior\WriteHtmlCacheBehavior [ RunTime:0.001306s ]
INFO: [ view_filter ] --END-- [ RunTime:0.001595s ]
INFO: [ app_end ] --START--
INFO: Run Behavior\ShowPageTraceBehavior [ RunTime:0.001142s ]
INFO: [ app_end ] --END-- [ RunTime:0.001339s ]

[ 2016-09-15T22:37:55+08:00 ] 127.0.0.1 /h_wei/hw/Home/Web/contactusdetail/id/2.html
INFO: [ app_init ] --START--
INFO: Run Behavior\BuildLiteBehavior [ RunTime:0.000044s ]
INFO: [ app_init ] --END-- [ RunTime:0.000692s ]
INFO: [ app_begin ] --START--
INFO: Run Behavior\ReadHtmlCacheBehavior [ RunTime:0.000797s ]
INFO: [ app_begin ] --END-- [ RunTime:0.001005s ]
SQL: SHOW COLUMNS FROM `hw_cate` [ RunTime:0.0051s ]
SQL: SELECT * FROM `hw_cate` ORDER BY sort ASC  [ RunTime:0.0008s ]
SQL: SHOW COLUMNS FROM `hw_contactus` [ RunTime:0.0041s ]
SQL: SELECT * FROM `hw_contactus` WHERE ( id=1 )  [ RunTime:0.0005s ]
SQL: SHOW COLUMNS FROM `hw_contactus` [ RunTime:0.0040s ]
SQL: SELECT * FROM `hw_contactus` WHERE `id` = 2 LIMIT 1   [ RunTime:0.0006s ]
INFO: [ view_parse ] --START--
INFO: [ template_filter ] --START--
INFO: Run Behavior\ContentReplaceBehavior [ RunTime:0.000173s ]
INFO: [ template_filter ] --END-- [ RunTime:0.000384s ]
INFO: Run Behavior\ParseTemplateBehavior [ RunTime:0.022058s ]
INFO: [ view_parse ] --END-- [ RunTime:0.022254s ]
INFO: [ view_filter ] --START--
INFO: Run Behavior\WriteHtmlCacheBehavior [ RunTime:0.000420s ]
INFO: [ view_filter ] --END-- [ RunTime:0.000585s ]
INFO: [ app_end ] --START--
INFO: Run Behavior\ShowPageTraceBehavior [ RunTime:0.000805s ]
INFO: [ app_end ] --END-- [ RunTime:0.000980s ]

[ 2016-09-15T22:39:30+08:00 ] 127.0.0.1 /h_wei/hw/Home/Web/ipass
INFO: [ app_init ] --START--
INFO: Run Behavior\BuildLiteBehavior [ RunTime:0.000045s ]
INFO: [ app_init ] --END-- [ RunTime:0.000749s ]
INFO: [ app_begin ] --START--
INFO: Run Behavior\ReadHtmlCacheBehavior [ RunTime:0.000876s ]
INFO: [ app_begin ] --END-- [ RunTime:0.001095s ]
SQL: SHOW COLUMNS FROM `hw_cate` [ RunTime:0.0041s ]
SQL: SELECT * FROM `hw_cate` ORDER BY sort ASC  [ RunTime:0.0008s ]
SQL: SHOW COLUMNS FROM `hw_ipass` [ RunTime:0.0043s ]
SQL: SELECT * FROM `hw_ipass` WHERE ( id=1 )  [ RunTime:0.0008s ]
SQL: SELECT * FROM `hw_ipass`  [ RunTime:0.0005s ]
INFO: [ view_parse ] --START--
INFO: [ template_filter ] --START--
INFO: Run Behavior\ContentReplaceBehavior [ RunTime:0.000189s ]
INFO: [ template_filter ] --END-- [ RunTime:0.000468s ]
INFO: Run Behavior\ParseTemplateBehavior [ RunTime:0.025791s ]
INFO: [ view_parse ] --END-- [ RunTime:0.026010s ]
INFO: [ view_filter ] --START--
INFO: Run Behavior\WriteHtmlCacheBehavior [ RunTime:0.000426s ]
INFO: [ view_filter ] --END-- [ RunTime:0.000608s ]
INFO: [ app_end ] --START--
INFO: Run Behavior\ShowPageTraceBehavior [ RunTime:0.000813s ]
INFO: [ app_end ] --END-- [ RunTime:0.000989s ]

[ 2016-09-15T22:43:24+08:00 ] 127.0.0.1 /h_wei/hw/Home/Web/index
INFO: [ app_init ] --START--
INFO: Run Behavior\BuildLiteBehavior [ RunTime:0.000046s ]
INFO: [ app_init ] --END-- [ RunTime:0.000841s ]
INFO: [ app_begin ] --START--
INFO: Run Behavior\ReadHtmlCacheBehavior [ RunTime:0.000968s ]
INFO: [ app_begin ] --END-- [ RunTime:0.001182s ]
SQL: SHOW COLUMNS FROM `hw_cate` [ RunTime:0.0046s ]
SQL: SELECT * FROM `hw_cate` ORDER BY sort ASC  [ RunTime:0.0009s ]
SQL: SHOW COLUMNS FROM `hw_banner` [ RunTime:0.0040s ]
SQL: SELECT * FROM `hw_banner`  [ RunTime:0.0004s ]
SQL: SHOW COLUMNS FROM `hw_bnews` [ RunTime:0.0039s ]
SQL: SELECT * FROM `hw_bnews`  [ RunTime:0.0004s ]
SQL: SHOW COLUMNS FROM `hw_expert` [ RunTime:0.0042s ]
NOTIC: [8] Use of undefined constant 豆立宁 - assumed '豆立宁' D:\wamp\www\h_wei\hw\Home\Controller\WebController.class.php 第 27 行.
SQL: SELECT * FROM `hw_expert` WHERE ( name='豆立宁' )  [ RunTime:0.0005s ]
NOTIC: [8] Use of undefined constant 于爽 - assumed '于爽' D:\wamp\www\h_wei\hw\Home\Controller\WebController.class.php 第 30 行.
SQL: SELECT * FROM `hw_expert` WHERE ( name='于爽' )  [ RunTime:0.0005s ]
NOTIC: [8] Use of undefined constant 王焕 - assumed '王焕' D:\wamp\www\h_wei\hw\Home\Controller\WebController.class.php 第 33 行.
SQL: SELECT * FROM `hw_expert` WHERE ( name='王焕' )  [ RunTime:0.0006s ]
SQL: SHOW COLUMNS FROM `hw_aboutus` [ RunTime:0.0042s ]
SQL: SELECT * FROM `hw_aboutus`  [ RunTime:0.0004s ]
SQL: SHOW COLUMNS FROM `hw_service` [ RunTime:0.0046s ]
SQL: SELECT * FROM `hw_service`  [ RunTime:0.0005s ]
SQL: SHOW COLUMNS FROM `hw_judge` [ RunTime:0.0039s ]
SQL: SELECT * FROM `hw_judge`  [ RunTime:0.0005s ]
SQL: SHOW COLUMNS FROM `hw_judgebg` [ RunTime:0.0039s ]
SQL: SELECT * FROM `hw_judgebg`  [ RunTime:0.0004s ]
SQL: SHOW COLUMNS FROM `hw_topic` [ RunTime:0.0044s ]
SQL: SELECT * FROM `hw_topic` WHERE ( id=1 )  [ RunTime:0.0004s ]
SQL: SELECT * FROM `hw_topic` WHERE ( id=2 )  [ RunTime:0.0004s ]
SQL: SELECT * FROM `hw_topic` WHERE ( id=3 )  [ RunTime:0.0005s ]
SQL: SELECT * FROM `hw_topic` WHERE ( id=4 )  [ RunTime:0.0006s ]
SQL: SELECT * FROM `hw_topic` WHERE ( id=5 )  [ RunTime:0.0004s ]
INFO: [ view_parse ] --START--
INFO: [ template_filter ] --START--
INFO: Run Behavior\ContentReplaceBehavior [ RunTime:0.000293s ]
INFO: [ template_filter ] --END-- [ RunTime:0.000507s ]
INFO: Run Behavior\ParseTemplateBehavior [ RunTime:0.069958s ]
INFO: [ view_parse ] --END-- [ RunTime:0.070199s ]
INFO: [ view_filter ] --START--
INFO: Run Behavior\WriteHtmlCacheBehavior [ RunTime:0.000653s ]
INFO: [ view_filter ] --END-- [ RunTime:0.000834s ]
INFO: [ app_end ] --START--
INFO: Run Behavior\ShowPageTraceBehavior [ RunTime:0.000975s ]
INFO: [ app_end ] --END-- [ RunTime:0.001156s ]

[ 2016-09-15T22:43:29+08:00 ] 127.0.0.1 /h_wei/hw/Home/Web/expert
INFO: [ app_init ] --START--
INFO: Run Behavior\BuildLiteBehavior [ RunTime:0.000045s ]
INFO: [ app_init ] --END-- [ RunTime:0.000744s ]
INFO: [ app_begin ] --START--
INFO: Run Behavior\ReadHtmlCacheBehavior [ RunTime:0.001126s ]
INFO: [ app_begin ] --END-- [ RunTime:0.001433s ]
SQL: SHOW COLUMNS FROM `hw_cate` [ RunTime:0.0043s ]
SQL: SELECT * FROM `hw_cate` ORDER BY sort ASC  [ RunTime:0.0008s ]
SQL: SHOW COLUMNS FROM `hw_expert` [ RunTime:0.0040s ]
SQL: SELECT * FROM `hw_expert` WHERE ( id=1 )  [ RunTime:0.0005s ]
SQL: SELECT * FROM `hw_expert`  [ RunTime:0.0004s ]
INFO: [ view_parse ] --START--
INFO: [ template_filter ] --START--
INFO: Run Behavior\ContentReplaceBehavior [ RunTime:0.000172s ]
INFO: [ template_filter ] --END-- [ RunTime:0.000372s ]
INFO: Run Behavior\ParseTemplateBehavior [ RunTime:0.023948s ]
INFO: [ view_parse ] --END-- [ RunTime:0.024155s ]
INFO: [ view_filter ] --START--
INFO: Run Behavior\WriteHtmlCacheBehavior [ RunTime:0.000419s ]
INFO: [ view_filter ] --END-- [ RunTime:0.000592s ]
INFO: [ app_end ] --START--
INFO: Run Behavior\ShowPageTraceBehavior [ RunTime:0.001077s ]
INFO: [ app_end ] --END-- [ RunTime:0.001272s ]

[ 2016-09-15T22:43:38+08:00 ] 127.0.0.1 /h_wei/hw/Home/Web/psy
INFO: [ app_init ] --START--
INFO: Run Behavior\BuildLiteBehavior [ RunTime:0.000041s ]
INFO: [ app_init ] --END-- [ RunTime:0.000689s ]
INFO: [ app_begin ] --START--
INFO: Run Behavior\ReadHtmlCacheBehavior [ RunTime:0.001165s ]
INFO: [ app_begin ] --END-- [ RunTime:0.001405s ]
SQL: SHOW COLUMNS FROM `hw_cate` [ RunTime:0.0045s ]
SQL: SELECT * FROM `hw_cate` ORDER BY sort ASC  [ RunTime:0.0008s ]
SQL: SHOW COLUMNS FROM `hw_psy` [ RunTime:0.0045s ]
SQL: SELECT * FROM `hw_psy` WHERE ( id=1 )  [ RunTime:0.0005s ]
SQL: SELECT * FROM `hw_psy`  [ RunTime:0.0005s ]
INFO: [ view_parse ] --START--
INFO: [ template_filter ] --START--
INFO: Run Behavior\ContentReplaceBehavior [ RunTime:0.000225s ]
INFO: [ template_filter ] --END-- [ RunTime:0.000542s ]
INFO: Run Behavior\ParseTemplateBehavior [ RunTime:0.026333s ]
INFO: [ view_parse ] --END-- [ RunTime:0.026547s ]
INFO: [ view_filter ] --START--
INFO: Run Behavior\WriteHtmlCacheBehavior [ RunTime:0.000589s ]
INFO: [ view_filter ] --END-- [ RunTime:0.000778s ]
INFO: [ app_end ] --START--
INFO: Run Behavior\ShowPageTraceBehavior [ RunTime:0.000879s ]
INFO: [ app_end ] --END-- [ RunTime:0.001058s ]

[ 2016-09-15T22:43:42+08:00 ] 127.0.0.1 /h_wei/hw/Home/Web/psydetail/id/2.html
INFO: [ app_init ] --START--
INFO: Run Behavior\BuildLiteBehavior [ RunTime:0.000046s ]
INFO: [ app_init ] --END-- [ RunTime:0.000763s ]
INFO: [ app_begin ] --START--
INFO: Run Behavior\ReadHtmlCacheBehavior [ RunTime:0.000862s ]
INFO: [ app_begin ] --END-- [ RunTime:0.001084s ]
SQL: SHOW COLUMNS FROM `hw_cate` [ RunTime:0.0042s ]
SQL: SELECT * FROM `hw_cate` ORDER BY sort ASC  [ RunTime:0.0009s ]
SQL: SHOW COLUMNS FROM `hw_psy` [ RunTime:0.0044s ]
SQL: SELECT * FROM `hw_psy` WHERE ( id=1 )  [ RunTime:0.0005s ]
SQL: SHOW COLUMNS FROM `hw_psy` [ RunTime:0.0044s ]
SQL: SELECT * FROM `hw_psy` WHERE `id` = 2 LIMIT 1   [ RunTime:0.0008s ]
INFO: [ view_parse ] --START--
INFO: [ template_filter ] --START--
INFO: Run Behavior\ContentReplaceBehavior [ RunTime:0.000286s ]
INFO: [ template_filter ] --END-- [ RunTime:0.000619s ]
INFO: Run Behavior\ParseTemplateBehavior [ RunTime:0.038882s ]
INFO: [ view_parse ] --END-- [ RunTime:0.039277s ]
INFO: [ view_filter ] --START--
INFO: Run Behavior\WriteHtmlCacheBehavior [ RunTime:0.001293s ]
INFO: [ view_filter ] --END-- [ RunTime:0.001635s ]
INFO: [ app_end ] --START--
INFO: Run Behavior\ShowPageTraceBehavior [ RunTime:0.001412s ]
INFO: [ app_end ] --END-- [ RunTime:0.001651s ]

[ 2016-09-15T22:43:44+08:00 ] 127.0.0.1 /h_wei/hw/Home/Web/service
INFO: [ app_init ] --START--
INFO: Run Behavior\BuildLiteBehavior [ RunTime:0.000042s ]
INFO: [ app_init ] --END-- [ RunTime:0.000686s ]
INFO: [ app_begin ] --START--
INFO: Run Behavior\ReadHtmlCacheBehavior [ RunTime:0.000811s ]
INFO: [ app_begin ] --END-- [ RunTime:0.001017s ]
SQL: SHOW COLUMNS FROM `hw_cate` [ RunTime:0.0048s ]
SQL: SELECT * FROM `hw_cate` ORDER BY sort ASC  [ RunTime:0.0008s ]
SQL: SHOW COLUMNS FROM `hw_service` [ RunTime:0.0040s ]
SQL: SELECT * FROM `hw_service` WHERE ( id=1 )  [ RunTime:0.0005s ]
SQL: SELECT * FROM `hw_service`  [ RunTime:0.0005s ]
INFO: [ view_parse ] --START--
INFO: [ template_filter ] --START--
INFO: Run Behavior\ContentReplaceBehavior [ RunTime:0.000174s ]
INFO: [ template_filter ] --END-- [ RunTime:0.000378s ]
INFO: Run Behavior\ParseTemplateBehavior [ RunTime:0.024515s ]
INFO: [ view_parse ] --END-- [ RunTime:0.024725s ]
INFO: [ view_filter ] --START--
INFO: Run Behavior\WriteHtmlCacheBehavior [ RunTime:0.000410s ]
INFO: [ view_filter ] --END-- [ RunTime:0.000582s ]
INFO: [ app_end ] --START--
INFO: Run Behavior\ShowPageTraceBehavior [ RunTime:0.000796s ]
INFO: [ app_end ] --END-- [ RunTime:0.000969s ]

[ 2016-09-15T22:43:46+08:00 ] 127.0.0.1 /h_wei/hw/Home/Web/mpthree
INFO: [ app_init ] --START--
INFO: Run Behavior\BuildLiteBehavior [ RunTime:0.000042s ]
INFO: [ app_init ] --END-- [ RunTime:0.000695s ]
INFO: [ app_begin ] --START--
INFO: Run Behavior\ReadHtmlCacheBehavior [ RunTime:0.000811s ]
INFO: [ app_begin ] --END-- [ RunTime:0.001022s ]
SQL: SHOW COLUMNS FROM `hw_cate` [ RunTime:0.0044s ]
SQL: SELECT * FROM `hw_cate` ORDER BY sort ASC  [ RunTime:0.0009s ]
SQL: SHOW COLUMNS FROM `hw_mpthree` [ RunTime:0.0071s ]
SQL: SELECT * FROM `hw_mpthree` WHERE ( id=1 )  [ RunTime:0.0005s ]
SQL: SELECT * FROM `hw_mpthree`  [ RunTime:0.0005s ]
INFO: [ view_parse ] --START--
INFO: [ template_filter ] --START--
INFO: Run Behavior\ContentReplaceBehavior [ RunTime:0.000175s ]
INFO: [ template_filter ] --END-- [ RunTime:0.000389s ]
INFO: Run Behavior\ParseTemplateBehavior [ RunTime:0.030242s ]
INFO: [ view_parse ] --END-- [ RunTime:0.030445s ]
INFO: [ view_filter ] --START--
INFO: Run Behavior\WriteHtmlCacheBehavior [ RunTime:0.000554s ]
INFO: [ view_filter ] --END-- [ RunTime:0.000728s ]
INFO: [ app_end ] --START--
INFO: Run Behavior\ShowPageTraceBehavior [ RunTime:0.000847s ]
INFO: [ app_end ] --END-- [ RunTime:0.001025s ]

[ 2016-09-15T22:43:47+08:00 ] 127.0.0.1 /h_wei/hw/Home/Web/ipass
INFO: [ app_init ] --START--
INFO: Run Behavior\BuildLiteBehavior [ RunTime:0.000043s ]
INFO: [ app_init ] --END-- [ RunTime:0.000703s ]
INFO: [ app_begin ] --START--
INFO: Run Behavior\ReadHtmlCacheBehavior [ RunTime:0.000808s ]
INFO: [ app_begin ] --END-- [ RunTime:0.001014s ]
SQL: SHOW COLUMNS FROM `hw_cate` [ RunTime:0.0052s ]
SQL: SELECT * FROM `hw_cate` ORDER BY sort ASC  [ RunTime:0.0009s ]
SQL: SHOW COLUMNS FROM `hw_ipass` [ RunTime:0.0045s ]
SQL: SELECT * FROM `hw_ipass` WHERE ( id=1 )  [ RunTime:0.0013s ]
SQL: SELECT * FROM `hw_ipass`  [ RunTime:0.0005s ]
INFO: [ view_parse ] --START--
INFO: [ template_filter ] --START--
INFO: Run Behavior\ContentReplaceBehavior [ RunTime:0.000172s ]
INFO: [ template_filter ] --END-- [ RunTime:0.000374s ]
INFO: Run Behavior\ParseTemplateBehavior [ RunTime:0.027352s ]
INFO: [ view_parse ] --END-- [ RunTime:0.027565s ]
INFO: [ view_filter ] --START--
INFO: Run Behavior\WriteHtmlCacheBehavior [ RunTime:0.000424s ]
INFO: [ view_filter ] --END-- [ RunTime:0.000596s ]
INFO: [ app_end ] --START--
INFO: Run Behavior\ShowPageTraceBehavior [ RunTime:0.000916s ]
INFO: [ app_end ] --END-- [ RunTime:0.001107s ]

[ 2016-09-15T22:43:49+08:00 ] 127.0.0.1 /h_wei/hw/Home/Web/machine
INFO: [ app_init ] --START--
INFO: Run Behavior\BuildLiteBehavior [ RunTime:0.000042s ]
INFO: [ app_init ] --END-- [ RunTime:0.001810s ]
INFO: [ app_begin ] --START--
INFO: Run Behavior\ReadHtmlCacheBehavior [ RunTime:0.000877s ]
INFO: [ app_begin ] --END-- [ RunTime:0.001107s ]
SQL: SHOW COLUMNS FROM `hw_cate` [ RunTime:0.0045s ]
SQL: SELECT * FROM `hw_cate` ORDER BY sort ASC  [ RunTime:0.0009s ]
SQL: SHOW COLUMNS FROM `hw_machine` [ RunTime:0.0058s ]
SQL: SELECT * FROM `hw_machine` WHERE ( id=1 )  [ RunTime:0.0005s ]
SQL: SELECT * FROM `hw_machine`  [ RunTime:0.0005s ]
INFO: [ view_parse ] --START--
INFO: [ template_filter ] --START--
INFO: Run Behavior\ContentReplaceBehavior [ RunTime:0.000173s ]
INFO: [ template_filter ] --END-- [ RunTime:0.000383s ]
INFO: Run Behavior\ParseTemplateBehavior [ RunTime:0.029942s ]
INFO: [ view_parse ] --END-- [ RunTime:0.030149s ]
INFO: [ view_filter ] --START--
INFO: Run Behavior\WriteHtmlCacheBehavior [ RunTime:0.000504s ]
INFO: [ view_filter ] --END-- [ RunTime:0.000677s ]
INFO: [ app_end ] --START--
INFO: Run Behavior\ShowPageTraceBehavior [ RunTime:0.000857s ]
INFO: [ app_end ] --END-- [ RunTime:0.001037s ]

[ 2016-09-15T22:43:50+08:00 ] 127.0.0.1 /h_wei/hw/Home/Web/contactus
INFO: [ app_init ] --START--
INFO: Run Behavior\BuildLiteBehavior [ RunTime:0.000042s ]
INFO: [ app_init ] --END-- [ RunTime:0.000706s ]
INFO: [ app_begin ] --START--
INFO: Run Behavior\ReadHtmlCacheBehavior [ RunTime:0.000873s ]
INFO: [ app_begin ] --END-- [ RunTime:0.001099s ]
SQL: SHOW COLUMNS FROM `hw_cate` [ RunTime:0.0040s ]
SQL: SELECT * FROM `hw_cate` ORDER BY sort ASC  [ RunTime:0.0008s ]
SQL: SHOW COLUMNS FROM `hw_contactus` [ RunTime:0.0051s ]
SQL: SELECT * FROM `hw_contactus` WHERE ( id=1 )  [ RunTime:0.0006s ]
SQL: SELECT * FROM `hw_contactus`  [ RunTime:0.0006s ]
INFO: [ view_parse ] --START--
INFO: [ template_filter ] --START--
INFO: Run Behavior\ContentReplaceBehavior [ RunTime:0.000177s ]
INFO: [ template_filter ] --END-- [ RunTime:0.000382s ]
INFO: Run Behavior\ParseTemplateBehavior [ RunTime:0.025379s ]
INFO: [ view_parse ] --END-- [ RunTime:0.025585s ]
INFO: [ view_filter ] --START--
INFO: Run Behavior\WriteHtmlCacheBehavior [ RunTime:0.000437s ]
INFO: [ view_filter ] --END-- [ RunTime:0.000632s ]
INFO: [ app_end ] --START--
INFO: Run Behavior\ShowPageTraceBehavior [ RunTime:0.000880s ]
INFO: [ app_end ] --END-- [ RunTime:0.001082s ]

[ 2016-09-15T22:43:58+08:00 ] 127.0.0.1 /h_wei/hw/Home/Web/index
INFO: [ app_init ] --START--
INFO: Run Behavior\BuildLiteBehavior [ RunTime:0.000042s ]
INFO: [ app_init ] --END-- [ RunTime:0.000684s ]
INFO: [ app_begin ] --START--
INFO: Run Behavior\ReadHtmlCacheBehavior [ RunTime:0.000847s ]
INFO: [ app_begin ] --END-- [ RunTime:0.001063s ]
SQL: SHOW COLUMNS FROM `hw_cate` [ RunTime:0.0040s ]
SQL: SELECT * FROM `hw_cate` ORDER BY sort ASC  [ RunTime:0.0008s ]
SQL: SHOW COLUMNS FROM `hw_banner` [ RunTime:0.0048s ]
SQL: SELECT * FROM `hw_banner`  [ RunTime:0.0004s ]
SQL: SHOW COLUMNS FROM `hw_bnews` [ RunTime:0.0041s ]
SQL: SELECT * FROM `hw_bnews`  [ RunTime:0.0004s ]
SQL: SHOW COLUMNS FROM `hw_expert` [ RunTime:0.0040s ]
NOTIC: [8] Use of undefined constant 豆立宁 - assumed '豆立宁' D:\wamp\www\h_wei\hw\Home\Controller\WebController.class.php 第 27 行.
SQL: SELECT * FROM `hw_expert` WHERE ( name='豆立宁' )  [ RunTime:0.0004s ]
NOTIC: [8] Use of undefined constant 于爽 - assumed '于爽' D:\wamp\www\h_wei\hw\Home\Controller\WebController.class.php 第 30 行.
SQL: SELECT * FROM `hw_expert` WHERE ( name='于爽' )  [ RunTime:0.0004s ]
NOTIC: [8] Use of undefined constant 王焕 - assumed '王焕' D:\wamp\www\h_wei\hw\Home\Controller\WebController.class.php 第 33 行.
SQL: SELECT * FROM `hw_expert` WHERE ( name='王焕' )  [ RunTime:0.0010s ]
SQL: SHOW COLUMNS FROM `hw_aboutus` [ RunTime:0.0041s ]
SQL: SELECT * FROM `hw_aboutus`  [ RunTime:0.0004s ]
SQL: SHOW COLUMNS FROM `hw_service` [ RunTime:0.0044s ]
SQL: SELECT * FROM `hw_service`  [ RunTime:0.0005s ]
SQL: SHOW COLUMNS FROM `hw_judge` [ RunTime:0.0043s ]
SQL: SELECT * FROM `hw_judge`  [ RunTime:0.0004s ]
SQL: SHOW COLUMNS FROM `hw_judgebg` [ RunTime:0.0040s ]
SQL: SELECT * FROM `hw_judgebg`  [ RunTime:0.0004s ]
SQL: SHOW COLUMNS FROM `hw_topic` [ RunTime:0.0040s ]
SQL: SELECT * FROM `hw_topic` WHERE ( id=1 )  [ RunTime:0.0004s ]
SQL: SELECT * FROM `hw_topic` WHERE ( id=2 )  [ RunTime:0.0004s ]
SQL: SELECT * FROM `hw_topic` WHERE ( id=3 )  [ RunTime:0.0004s ]
SQL: SELECT * FROM `hw_topic` WHERE ( id=4 )  [ RunTime:0.0003s ]
SQL: SELECT * FROM `hw_topic` WHERE ( id=5 )  [ RunTime:0.0007s ]
INFO: [ view_parse ] --START--
INFO: [ template_filter ] --START--
INFO: Run Behavior\ContentReplaceBehavior [ RunTime:0.000308s ]
INFO: [ template_filter ] --END-- [ RunTime:0.000512s ]
INFO: Run Behavior\ParseTemplateBehavior [ RunTime:0.067383s ]
INFO: [ view_parse ] --END-- [ RunTime:0.067586s ]
INFO: [ view_filter ] --START--
INFO: Run Behavior\WriteHtmlCacheBehavior [ RunTime:0.000435s ]
INFO: [ view_filter ] --END-- [ RunTime:0.000606s ]
INFO: [ app_end ] --START--
INFO: Run Behavior\ShowPageTraceBehavior [ RunTime:0.000813s ]
INFO: [ app_end ] --END-- [ RunTime:0.000991s ]

[ 2016-09-15T22:44:06+08:00 ] 127.0.0.1 /h_wei/hw/Home/Web/servicedetail/id/5.html
INFO: [ app_init ] --START--
INFO: Run Behavior\BuildLiteBehavior [ RunTime:0.000041s ]
INFO: [ app_init ] --END-- [ RunTime:0.000717s ]
INFO: [ app_begin ] --START--
INFO: Run Behavior\ReadHtmlCacheBehavior [ RunTime:0.000807s ]
INFO: [ app_begin ] --END-- [ RunTime:0.001065s ]
SQL: SHOW COLUMNS FROM `hw_cate` [ RunTime:0.0040s ]
SQL: SELECT * FROM `hw_cate` ORDER BY sort ASC  [ RunTime:0.0008s ]
SQL: SHOW COLUMNS FROM `hw_service` [ RunTime:0.0046s ]
SQL: SELECT * FROM `hw_service` WHERE ( id=1 )  [ RunTime:0.0004s ]
SQL: SHOW COLUMNS FROM `hw_service` [ RunTime:0.0043s ]
SQL: SELECT * FROM `hw_service` WHERE `id` = 5 LIMIT 1   [ RunTime:0.0005s ]
INFO: [ view_parse ] --START--
INFO: [ template_filter ] --START--
INFO: Run Behavior\ContentReplaceBehavior [ RunTime:0.000166s ]
INFO: [ template_filter ] --END-- [ RunTime:0.000355s ]
INFO: Run Behavior\ParseTemplateBehavior [ RunTime:0.021287s ]
INFO: [ view_parse ] --END-- [ RunTime:0.021507s ]
INFO: [ view_filter ] --START--
INFO: Run Behavior\WriteHtmlCacheBehavior [ RunTime:0.000668s ]
INFO: [ view_filter ] --END-- [ RunTime:0.000939s ]
INFO: [ app_end ] --START--
INFO: Run Behavior\ShowPageTraceBehavior [ RunTime:0.000967s ]
INFO: [ app_end ] --END-- [ RunTime:0.001352s ]

[ 2016-09-15T22:44:11+08:00 ] 127.0.0.1 /h_wei/hw/Home/Web/servicedetail/id/6.html
INFO: [ app_init ] --START--
INFO: Run Behavior\BuildLiteBehavior [ RunTime:0.000041s ]
INFO: [ app_init ] --END-- [ RunTime:0.000733s ]
INFO: [ app_begin ] --START--
INFO: Run Behavior\ReadHtmlCacheBehavior [ RunTime:0.000863s ]
INFO: [ app_begin ] --END-- [ RunTime:0.001085s ]
SQL: SHOW COLUMNS FROM `hw_cate` [ RunTime:0.0041s ]
SQL: SELECT * FROM `hw_cate` ORDER BY sort ASC  [ RunTime:0.0008s ]
SQL: SHOW COLUMNS FROM `hw_service` [ RunTime:0.0043s ]
SQL: SELECT * FROM `hw_service` WHERE ( id=1 )  [ RunTime:0.0019s ]
SQL: SHOW COLUMNS FROM `hw_service` [ RunTime:0.0045s ]
SQL: SELECT * FROM `hw_service` WHERE `id` = 6 LIMIT 1   [ RunTime:0.0005s ]
INFO: [ view_parse ] --START--
INFO: [ template_filter ] --START--
INFO: Run Behavior\ContentReplaceBehavior [ RunTime:0.000168s ]
INFO: [ template_filter ] --END-- [ RunTime:0.000354s ]
INFO: Run Behavior\ParseTemplateBehavior [ RunTime:0.021125s ]
INFO: [ view_parse ] --END-- [ RunTime:0.021326s ]
INFO: [ view_filter ] --START--
INFO: Run Behavior\WriteHtmlCacheBehavior [ RunTime:0.000409s ]
INFO: [ view_filter ] --END-- [ RunTime:0.000580s ]
INFO: [ app_end ] --START--
INFO: Run Behavior\ShowPageTraceBehavior [ RunTime:0.000799s ]
INFO: [ app_end ] --END-- [ RunTime:0.000975s ]

[ 2016-09-15T22:44:13+08:00 ] 127.0.0.1 /h_wei/hw/Home/Web/servicedetail/id/7.html
INFO: [ app_init ] --START--
INFO: Run Behavior\BuildLiteBehavior [ RunTime:0.000043s ]
INFO: [ app_init ] --END-- [ RunTime:0.000725s ]
INFO: [ app_begin ] --START--
INFO: Run Behavior\ReadHtmlCacheBehavior [ RunTime:0.000822s ]
INFO: [ app_begin ] --END-- [ RunTime:0.001038s ]
SQL: SHOW COLUMNS FROM `hw_cate` [ RunTime:0.0041s ]
SQL: SELECT * FROM `hw_cate` ORDER BY sort ASC  [ RunTime:0.0008s ]
SQL: SHOW COLUMNS FROM `hw_service` [ RunTime:0.0054s ]
SQL: SELECT * FROM `hw_service` WHERE ( id=1 )  [ RunTime:0.0005s ]
SQL: SHOW COLUMNS FROM `hw_service` [ RunTime:0.0046s ]
SQL: SELECT * FROM `hw_service` WHERE `id` = 7 LIMIT 1   [ RunTime:0.0005s ]
INFO: [ view_parse ] --START--
INFO: [ template_filter ] --START--
INFO: Run Behavior\ContentReplaceBehavior [ RunTime:0.000249s ]
INFO: [ template_filter ] --END-- [ RunTime:0.000463s ]
INFO: Run Behavior\ParseTemplateBehavior [ RunTime:0.023165s ]
INFO: [ view_parse ] --END-- [ RunTime:0.023376s ]
INFO: [ view_filter ] --START--
INFO: Run Behavior\WriteHtmlCacheBehavior [ RunTime:0.000508s ]
INFO: [ view_filter ] --END-- [ RunTime:0.000684s ]
INFO: [ app_end ] --START--
INFO: Run Behavior\ShowPageTraceBehavior [ RunTime:0.000936s ]
INFO: [ app_end ] --END-- [ RunTime:0.001121s ]

