[ 2016-12-03T00:27:08+08:00 ] 123.126.113.94 /index.php/Home/Web/newsdetail/id/15.html
INFO: [ app_init ] --START--
INFO: Run Behavior\BuildLiteBehavior [ RunTime:0.000000s ]
INFO: [ app_init ] --END-- [ RunTime:0.000000s ]
INFO: [ app_begin ] --START--
INFO: Run Behavior\ReadHtmlCacheBehavior [ RunTime:0.000000s ]
INFO: [ app_begin ] --END-- [ RunTime:0.000000s ]
SQL: SHOW COLUMNS FROM `hw_cate` [ RunTime:0.0156s ]
SQL: SELECT * FROM `hw_cate` ORDER BY sort ASC  [ RunTime:0.0000s ]
SQL: SHOW COLUMNS FROM `hw_top` [ RunTime:0.0156s ]
SQL: SELECT * FROM `hw_top`  [ RunTime:0.0000s ]
SQL: SHOW COLUMNS FROM `hw_footer` [ RunTime:0.0156s ]
SQL: SELECT * FROM `hw_footer`  [ RunTime:0.0000s ]
SQL: SHOW COLUMNS FROM `hw_youlian` [ RunTime:0.0000s ]
SQL: SELECT * FROM `hw_youlian`  [ RunTime:0.0000s ]
SQL: SHOW COLUMNS FROM `hw_newsbg` [ RunTime:0.0156s ]
SQL: SELECT * FROM `hw_newsbg` WHERE ( id=1 )  [ RunTime:0.0000s ]
SQL: SHOW COLUMNS FROM `hw_news` [ RunTime:0.0156s ]
SQL: SELECT * FROM `hw_news` WHERE `id` = 15 LIMIT 1   [ RunTime:0.0000s ]
INFO: [ view_parse ] --START--
INFO: [ template_filter ] --START--
INFO: Run Behavior\ContentReplaceBehavior [ RunTime:0.000000s ]
INFO: [ template_filter ] --END-- [ RunTime:0.000000s ]
INFO: Run Behavior\ParseTemplateBehavior [ RunTime:0.046800s ]
INFO: [ view_parse ] --END-- [ RunTime:0.046800s ]
INFO: [ view_filter ] --START--
INFO: Run Behavior\WriteHtmlCacheBehavior [ RunTime:0.000000s ]
INFO: [ view_filter ] --END-- [ RunTime:0.000000s ]
INFO: [ app_end ] --START--
INFO: Run Behavior\ShowPageTraceBehavior [ RunTime:0.000000s ]
INFO: [ app_end ] --END-- [ RunTime:0.000000s ]

[ 2016-12-03T00:27:17+08:00 ] 123.126.113.94 /index.php/Home/Web/newsdetail/id/12.html
INFO: [ app_init ] --START--
INFO: Run Behavior\BuildLiteBehavior [ RunTime:0.000000s ]
INFO: [ app_init ] --END-- [ RunTime:0.000000s ]
INFO: [ app_begin ] --START--
INFO: Run Behavior\ReadHtmlCacheBehavior [ RunTime:0.000000s ]
INFO: [ app_begin ] --END-- [ RunTime:0.000000s ]
SQL: SHOW COLUMNS FROM `hw_cate` [ RunTime:0.0000s ]
SQL: SELECT * FROM `hw_cate` ORDER BY sort ASC  [ RunTime:0.0156s ]
SQL: SHOW COLUMNS FROM `hw_top` [ RunTime:0.0000s ]
SQL: SELECT * FROM `hw_top`  [ RunTime:0.0000s ]
SQL: SHOW COLUMNS FROM `hw_footer` [ RunTime:0.0156s ]
SQL: SELECT * FROM `hw_footer`  [ RunTime:0.0000s ]
SQL: SHOW COLUMNS FROM `hw_youlian` [ RunTime:0.0156s ]
SQL: SELECT * FROM `hw_youlian`  [ RunTime:0.0000s ]
SQL: SHOW COLUMNS FROM `hw_newsbg` [ RunTime:0.0000s ]
SQL: SELECT * FROM `hw_newsbg` WHERE ( id=1 )  [ RunTime:0.0000s ]
SQL: SHOW COLUMNS FROM `hw_news` [ RunTime:0.0156s ]
SQL: SELECT * FROM `hw_news` WHERE `id` = 12 LIMIT 1   [ RunTime:0.0000s ]
INFO: [ view_parse ] --START--
INFO: [ template_filter ] --START--
INFO: Run Behavior\ContentReplaceBehavior [ RunTime:0.000000s ]
INFO: [ template_filter ] --END-- [ RunTime:0.000000s ]
INFO: Run Behavior\ParseTemplateBehavior [ RunTime:0.031200s ]
INFO: [ view_parse ] --END-- [ RunTime:0.031200s ]
INFO: [ view_filter ] --START--
INFO: Run Behavior\WriteHtmlCacheBehavior [ RunTime:0.000000s ]
INFO: [ view_filter ] --END-- [ RunTime:0.000000s ]
INFO: [ app_end ] --START--
INFO: Run Behavior\ShowPageTraceBehavior [ RunTime:0.000000s ]
INFO: [ app_end ] --END-- [ RunTime:0.000000s ]

[ 2016-12-03T03:22:22+08:00 ] 54.229.143.67 /
INFO: [ app_init ] --START--
INFO: Run Behavior\BuildLiteBehavior [ RunTime:0.000000s ]
INFO: [ app_init ] --END-- [ RunTime:0.015600s ]
INFO: [ app_begin ] --START--
INFO: Run Behavior\ReadHtmlCacheBehavior [ RunTime:0.000000s ]
INFO: [ app_begin ] --END-- [ RunTime:0.000000s ]

[ 2016-12-03T03:22:23+08:00 ] 54.229.143.67 /index.php/Home/Web/index.html
INFO: [ app_init ] --START--
INFO: Run Behavior\BuildLiteBehavior [ RunTime:0.000000s ]
INFO: [ app_init ] --END-- [ RunTime:0.000000s ]
INFO: [ app_begin ] --START--
INFO: Run Behavior\ReadHtmlCacheBehavior [ RunTime:0.000000s ]
INFO: [ app_begin ] --END-- [ RunTime:0.000000s ]
SQL: SHOW COLUMNS FROM `hw_cate` [ RunTime:0.0156s ]
SQL: SELECT * FROM `hw_cate` ORDER BY sort ASC  [ RunTime:0.0000s ]
SQL: SHOW COLUMNS FROM `hw_top` [ RunTime:0.0156s ]
SQL: SELECT * FROM `hw_top`  [ RunTime:0.0000s ]
SQL: SHOW COLUMNS FROM `hw_footer` [ RunTime:0.0156s ]
SQL: SELECT * FROM `hw_footer`  [ RunTime:0.0000s ]
SQL: SHOW COLUMNS FROM `hw_youlian` [ RunTime:0.0000s ]
SQL: SELECT * FROM `hw_youlian`  [ RunTime:0.0000s ]
SQL: SHOW COLUMNS FROM `hw_banner` [ RunTime:0.0156s ]
SQL: SELECT * FROM `hw_banner`  [ RunTime:0.0000s ]
SQL: SHOW COLUMNS FROM `hw_bnews` [ RunTime:0.0000s ]
SQL: SELECT * FROM `hw_bnews`  [ RunTime:0.0000s ]
SQL: SHOW COLUMNS FROM `hw_news` [ RunTime:0.0000s ]
SQL: SELECT * FROM `hw_news` ORDER BY time desc LIMIT 2   [ RunTime:0.0000s ]
SQL: SHOW COLUMNS FROM `hw_newst` [ RunTime:0.0156s ]
SQL: SELECT * FROM `hw_newst` ORDER BY time desc LIMIT 2   [ RunTime:0.0000s ]
SQL: SHOW COLUMNS FROM `hw_expert` [ RunTime:0.0000s ]
NOTIC: [8] Use of undefined constant 豆立宁 - assumed '豆立宁' D:\www\mind\Home\Controller\WebController.class.php 第 51 行.
SQL: SELECT * FROM `hw_expert` WHERE ( name='豆立宁' )  [ RunTime:0.0156s ]
NOTIC: [8] Use of undefined constant 于爽 - assumed '于爽' D:\www\mind\Home\Controller\WebController.class.php 第 54 行.
SQL: SELECT * FROM `hw_expert` WHERE ( name='于爽' )  [ RunTime:0.0000s ]
NOTIC: [8] Use of undefined constant 王焕 - assumed '王焕' D:\www\mind\Home\Controller\WebController.class.php 第 57 行.
SQL: SELECT * FROM `hw_expert` WHERE ( name='王焕' )  [ RunTime:0.0000s ]
SQL: SHOW COLUMNS FROM `hw_aboutus` [ RunTime:0.0000s ]
SQL: SELECT * FROM `hw_aboutus`  [ RunTime:0.0000s ]
SQL: SHOW COLUMNS FROM `hw_service` [ RunTime:0.0156s ]
SQL: SELECT * FROM `hw_service`  [ RunTime:0.0000s ]
SQL: SHOW COLUMNS FROM `hw_judge` [ RunTime:0.0000s ]
SQL: SELECT * FROM `hw_judge`  [ RunTime:0.0000s ]
SQL: SHOW COLUMNS FROM `hw_judgebg` [ RunTime:0.0000s ]
SQL: SELECT * FROM `hw_judgebg`  [ RunTime:0.0000s ]
SQL: SHOW COLUMNS FROM `hw_topic` [ RunTime:0.0156s ]
SQL: SELECT * FROM `hw_topic` WHERE ( id=1 )  [ RunTime:0.0000s ]
SQL: SELECT * FROM `hw_topic` WHERE ( id=2 )  [ RunTime:0.0000s ]
SQL: SELECT * FROM `hw_topic` WHERE ( id=3 )  [ RunTime:0.0000s ]
SQL: SELECT * FROM `hw_topic` WHERE ( id=4 )  [ RunTime:0.0000s ]
SQL: SELECT * FROM `hw_topic` WHERE ( id=5 )  [ RunTime:0.0000s ]
INFO: [ view_parse ] --START--
INFO: [ template_filter ] --START--
INFO: Run Behavior\ContentReplaceBehavior [ RunTime:0.000000s ]
INFO: [ template_filter ] --END-- [ RunTime:0.000000s ]
INFO: Run Behavior\ParseTemplateBehavior [ RunTime:0.093600s ]
INFO: [ view_parse ] --END-- [ RunTime:0.093600s ]
INFO: [ view_filter ] --START--
INFO: Run Behavior\WriteHtmlCacheBehavior [ RunTime:0.000000s ]
INFO: [ view_filter ] --END-- [ RunTime:0.000000s ]
INFO: [ app_end ] --START--
INFO: Run Behavior\ShowPageTraceBehavior [ RunTime:0.000000s ]
INFO: [ app_end ] --END-- [ RunTime:0.000000s ]

[ 2016-12-03T03:56:01+08:00 ] 123.125.71.56 /index.php/Home/Web/news.html
INFO: [ app_init ] --START--
INFO: Run Behavior\BuildLiteBehavior [ RunTime:0.000000s ]
INFO: [ app_init ] --END-- [ RunTime:0.000000s ]
INFO: [ app_begin ] --START--
INFO: Run Behavior\ReadHtmlCacheBehavior [ RunTime:0.000000s ]
INFO: [ app_begin ] --END-- [ RunTime:0.000000s ]
SQL: SHOW COLUMNS FROM `hw_cate` [ RunTime:0.0156s ]
SQL: SELECT * FROM `hw_cate` ORDER BY sort ASC  [ RunTime:0.0000s ]
SQL: SHOW COLUMNS FROM `hw_top` [ RunTime:0.0156s ]
SQL: SELECT * FROM `hw_top`  [ RunTime:0.0000s ]
SQL: SHOW COLUMNS FROM `hw_footer` [ RunTime:0.0156s ]
SQL: SELECT * FROM `hw_footer`  [ RunTime:0.0000s ]
SQL: SHOW COLUMNS FROM `hw_youlian` [ RunTime:0.0156s ]
SQL: SELECT * FROM `hw_youlian`  [ RunTime:0.0000s ]
SQL: SHOW COLUMNS FROM `hw_newsbg` [ RunTime:0.0312s ]
SQL: SELECT * FROM `hw_newsbg` WHERE ( id=1 )  [ RunTime:0.0000s ]
SQL: SHOW COLUMNS FROM `hw_news` [ RunTime:0.0312s ]
SQL: SELECT COUNT(*) AS tp_count FROM `hw_news` LIMIT 1   [ RunTime:0.0156s ]
SQL: SELECT * FROM `hw_news` ORDER BY time desc LIMIT 0,16   [ RunTime:0.0156s ]
INFO: [ view_parse ] --START--
INFO: [ template_filter ] --START--
INFO: Run Behavior\ContentReplaceBehavior [ RunTime:0.000000s ]
INFO: [ template_filter ] --END-- [ RunTime:0.000000s ]
INFO: Run Behavior\ParseTemplateBehavior [ RunTime:0.078000s ]
INFO: [ view_parse ] --END-- [ RunTime:0.078000s ]
INFO: [ view_filter ] --START--
INFO: Run Behavior\WriteHtmlCacheBehavior [ RunTime:0.000000s ]
INFO: [ view_filter ] --END-- [ RunTime:0.000000s ]
INFO: [ app_end ] --START--
INFO: Run Behavior\ShowPageTraceBehavior [ RunTime:0.015600s ]
INFO: [ app_end ] --END-- [ RunTime:0.015600s ]

[ 2016-12-03T04:29:20+08:00 ] 123.125.71.115 /index.php/Home/Web/newsdetail/id/11.html
INFO: [ app_init ] --START--
INFO: Run Behavior\BuildLiteBehavior [ RunTime:0.000000s ]
INFO: [ app_init ] --END-- [ RunTime:0.000000s ]
INFO: [ app_begin ] --START--
INFO: Run Behavior\ReadHtmlCacheBehavior [ RunTime:0.000000s ]
INFO: [ app_begin ] --END-- [ RunTime:0.000000s ]
SQL: SHOW COLUMNS FROM `hw_cate` [ RunTime:0.0000s ]
SQL: SELECT * FROM `hw_cate` ORDER BY sort ASC  [ RunTime:0.0000s ]
SQL: SHOW COLUMNS FROM `hw_top` [ RunTime:0.0000s ]
SQL: SELECT * FROM `hw_top`  [ RunTime:0.0000s ]
SQL: SHOW COLUMNS FROM `hw_footer` [ RunTime:0.0156s ]
SQL: SELECT * FROM `hw_footer`  [ RunTime:0.0000s ]
SQL: SHOW COLUMNS FROM `hw_youlian` [ RunTime:0.0000s ]
SQL: SELECT * FROM `hw_youlian`  [ RunTime:0.0000s ]
SQL: SHOW COLUMNS FROM `hw_newsbg` [ RunTime:0.0156s ]
SQL: SELECT * FROM `hw_newsbg` WHERE ( id=1 )  [ RunTime:0.0000s ]
SQL: SHOW COLUMNS FROM `hw_news` [ RunTime:0.0156s ]
SQL: SELECT * FROM `hw_news` WHERE `id` = 11 LIMIT 1   [ RunTime:0.0000s ]
INFO: [ view_parse ] --START--
INFO: [ template_filter ] --START--
INFO: Run Behavior\ContentReplaceBehavior [ RunTime:0.000000s ]
INFO: [ template_filter ] --END-- [ RunTime:0.000000s ]
INFO: Run Behavior\ParseTemplateBehavior [ RunTime:0.062400s ]
INFO: [ view_parse ] --END-- [ RunTime:0.062400s ]
INFO: [ view_filter ] --START--
INFO: Run Behavior\WriteHtmlCacheBehavior [ RunTime:0.000000s ]
INFO: [ view_filter ] --END-- [ RunTime:0.000000s ]
INFO: [ app_end ] --START--
INFO: Run Behavior\ShowPageTraceBehavior [ RunTime:0.000000s ]
INFO: [ app_end ] --END-- [ RunTime:0.000000s ]

[ 2016-12-03T05:02:40+08:00 ] 123.125.71.54 /index.php/Home/Web/newsdetail/id/12.html
INFO: [ app_init ] --START--
INFO: Run Behavior\BuildLiteBehavior [ RunTime:0.000000s ]
INFO: [ app_init ] --END-- [ RunTime:0.000000s ]
INFO: [ app_begin ] --START--
INFO: Run Behavior\ReadHtmlCacheBehavior [ RunTime:0.000000s ]
INFO: [ app_begin ] --END-- [ RunTime:0.000000s ]
SQL: SHOW COLUMNS FROM `hw_cate` [ RunTime:0.0000s ]
SQL: SELECT * FROM `hw_cate` ORDER BY sort ASC  [ RunTime:0.0000s ]
SQL: SHOW COLUMNS FROM `hw_top` [ RunTime:0.0000s ]
SQL: SELECT * FROM `hw_top`  [ RunTime:0.0000s ]
SQL: SHOW COLUMNS FROM `hw_footer` [ RunTime:0.0156s ]
SQL: SELECT * FROM `hw_footer`  [ RunTime:0.0000s ]
SQL: SHOW COLUMNS FROM `hw_youlian` [ RunTime:0.0000s ]
SQL: SELECT * FROM `hw_youlian`  [ RunTime:0.0156s ]
SQL: SHOW COLUMNS FROM `hw_newsbg` [ RunTime:0.0000s ]
SQL: SELECT * FROM `hw_newsbg` WHERE ( id=1 )  [ RunTime:0.0000s ]
SQL: SHOW COLUMNS FROM `hw_news` [ RunTime:0.0156s ]
SQL: SELECT * FROM `hw_news` WHERE `id` = 12 LIMIT 1   [ RunTime:0.0000s ]
INFO: [ view_parse ] --START--
INFO: [ template_filter ] --START--
INFO: Run Behavior\ContentReplaceBehavior [ RunTime:0.000000s ]
INFO: [ template_filter ] --END-- [ RunTime:0.000000s ]
INFO: Run Behavior\ParseTemplateBehavior [ RunTime:0.046800s ]
INFO: [ view_parse ] --END-- [ RunTime:0.046800s ]
INFO: [ view_filter ] --START--
INFO: Run Behavior\WriteHtmlCacheBehavior [ RunTime:0.000000s ]
INFO: [ view_filter ] --END-- [ RunTime:0.000000s ]
INFO: [ app_end ] --START--
INFO: Run Behavior\ShowPageTraceBehavior [ RunTime:0.000000s ]
INFO: [ app_end ] --END-- [ RunTime:0.000000s ]

[ 2016-12-03T05:36:00+08:00 ] 220.181.108.167 /index.php/Home/Web/newsdetail/id/16.html
INFO: [ app_init ] --START--
INFO: Run Behavior\BuildLiteBehavior [ RunTime:0.000000s ]
INFO: [ app_init ] --END-- [ RunTime:0.000000s ]
INFO: [ app_begin ] --START--
INFO: Run Behavior\ReadHtmlCacheBehavior [ RunTime:0.000000s ]
INFO: [ app_begin ] --END-- [ RunTime:0.000000s ]
SQL: SHOW COLUMNS FROM `hw_cate` [ RunTime:0.0156s ]
SQL: SELECT * FROM `hw_cate` ORDER BY sort ASC  [ RunTime:0.0000s ]
SQL: SHOW COLUMNS FROM `hw_top` [ RunTime:0.0156s ]
SQL: SELECT * FROM `hw_top`  [ RunTime:0.0000s ]
SQL: SHOW COLUMNS FROM `hw_footer` [ RunTime:0.0156s ]
SQL: SELECT * FROM `hw_footer`  [ RunTime:0.0000s ]
SQL: SHOW COLUMNS FROM `hw_youlian` [ RunTime:0.0000s ]
SQL: SELECT * FROM `hw_youlian`  [ RunTime:0.0000s ]
SQL: SHOW COLUMNS FROM `hw_newsbg` [ RunTime:0.0156s ]
SQL: SELECT * FROM `hw_newsbg` WHERE ( id=1 )  [ RunTime:0.0000s ]
SQL: SHOW COLUMNS FROM `hw_news` [ RunTime:0.0156s ]
SQL: SELECT * FROM `hw_news` WHERE `id` = 16 LIMIT 1   [ RunTime:0.0000s ]
INFO: [ view_parse ] --START--
INFO: [ template_filter ] --START--
INFO: Run Behavior\ContentReplaceBehavior [ RunTime:0.000000s ]
INFO: [ template_filter ] --END-- [ RunTime:0.000000s ]
INFO: Run Behavior\ParseTemplateBehavior [ RunTime:0.046800s ]
INFO: [ view_parse ] --END-- [ RunTime:0.046800s ]
INFO: [ view_filter ] --START--
INFO: Run Behavior\WriteHtmlCacheBehavior [ RunTime:0.000000s ]
INFO: [ view_filter ] --END-- [ RunTime:0.000000s ]
INFO: [ app_end ] --START--
INFO: Run Behavior\ShowPageTraceBehavior [ RunTime:0.000000s ]
INFO: [ app_end ] --END-- [ RunTime:0.000000s ]

[ 2016-12-03T06:09:20+08:00 ] 123.125.71.40 /index.php/Home/Web/newsdetail/id/22.html
INFO: [ app_init ] --START--
INFO: Run Behavior\BuildLiteBehavior [ RunTime:0.000000s ]
INFO: [ app_init ] --END-- [ RunTime:0.015600s ]
INFO: [ app_begin ] --START--
INFO: Run Behavior\ReadHtmlCacheBehavior [ RunTime:0.000000s ]
INFO: [ app_begin ] --END-- [ RunTime:0.000000s ]
SQL: SHOW COLUMNS FROM `hw_cate` [ RunTime:0.0000s ]
SQL: SELECT * FROM `hw_cate` ORDER BY sort ASC  [ RunTime:0.0000s ]
SQL: SHOW COLUMNS FROM `hw_top` [ RunTime:0.0156s ]
SQL: SELECT * FROM `hw_top`  [ RunTime:0.0000s ]
SQL: SHOW COLUMNS FROM `hw_footer` [ RunTime:0.0156s ]
SQL: SELECT * FROM `hw_footer`  [ RunTime:0.0000s ]
SQL: SHOW COLUMNS FROM `hw_youlian` [ RunTime:0.0000s ]
SQL: SELECT * FROM `hw_youlian`  [ RunTime:0.0156s ]
SQL: SHOW COLUMNS FROM `hw_newsbg` [ RunTime:0.0000s ]
SQL: SELECT * FROM `hw_newsbg` WHERE ( id=1 )  [ RunTime:0.0000s ]
SQL: SHOW COLUMNS FROM `hw_news` [ RunTime:0.0156s ]
SQL: SELECT * FROM `hw_news` WHERE `id` = 22 LIMIT 1   [ RunTime:0.0000s ]
INFO: [ view_parse ] --START--
INFO: [ template_filter ] --START--
INFO: Run Behavior\ContentReplaceBehavior [ RunTime:0.000000s ]
INFO: [ template_filter ] --END-- [ RunTime:0.000000s ]
INFO: Run Behavior\ParseTemplateBehavior [ RunTime:0.062400s ]
INFO: [ view_parse ] --END-- [ RunTime:0.062400s ]
INFO: [ view_filter ] --START--
INFO: Run Behavior\WriteHtmlCacheBehavior [ RunTime:0.000000s ]
INFO: [ view_filter ] --END-- [ RunTime:0.000000s ]
INFO: [ app_end ] --START--
INFO: Run Behavior\ShowPageTraceBehavior [ RunTime:0.000000s ]
INFO: [ app_end ] --END-- [ RunTime:0.000000s ]

[ 2016-12-03T06:26:11+08:00 ] 220.181.108.163 /index.php/Home/Web/newsdetail/id/23.html
INFO: [ app_init ] --START--
INFO: Run Behavior\BuildLiteBehavior [ RunTime:0.000000s ]
INFO: [ app_init ] --END-- [ RunTime:0.015600s ]
INFO: [ app_begin ] --START--
INFO: Run Behavior\ReadHtmlCacheBehavior [ RunTime:0.000000s ]
INFO: [ app_begin ] --END-- [ RunTime:0.000000s ]
SQL: SHOW COLUMNS FROM `hw_cate` [ RunTime:0.0000s ]
SQL: SELECT * FROM `hw_cate` ORDER BY sort ASC  [ RunTime:0.0156s ]
SQL: SHOW COLUMNS FROM `hw_top` [ RunTime:0.0000s ]
SQL: SELECT * FROM `hw_top`  [ RunTime:0.0000s ]
SQL: SHOW COLUMNS FROM `hw_footer` [ RunTime:0.0156s ]
SQL: SELECT * FROM `hw_footer`  [ RunTime:0.0000s ]
SQL: SHOW COLUMNS FROM `hw_youlian` [ RunTime:0.0156s ]
SQL: SELECT * FROM `hw_youlian`  [ RunTime:0.0000s ]
SQL: SHOW COLUMNS FROM `hw_newsbg` [ RunTime:0.0000s ]
SQL: SELECT * FROM `hw_newsbg` WHERE ( id=1 )  [ RunTime:0.0000s ]
SQL: SHOW COLUMNS FROM `hw_news` [ RunTime:0.0156s ]
SQL: SELECT * FROM `hw_news` WHERE `id` = 23 LIMIT 1   [ RunTime:0.0000s ]
INFO: [ view_parse ] --START--
INFO: [ template_filter ] --START--
INFO: Run Behavior\ContentReplaceBehavior [ RunTime:0.000000s ]
INFO: [ template_filter ] --END-- [ RunTime:0.000000s ]
INFO: Run Behavior\ParseTemplateBehavior [ RunTime:0.046801s ]
INFO: [ view_parse ] --END-- [ RunTime:0.046801s ]
INFO: [ view_filter ] --START--
INFO: Run Behavior\WriteHtmlCacheBehavior [ RunTime:0.000000s ]
INFO: [ view_filter ] --END-- [ RunTime:0.000000s ]
INFO: [ app_end ] --START--
INFO: Run Behavior\ShowPageTraceBehavior [ RunTime:0.015600s ]
INFO: [ app_end ] --END-- [ RunTime:0.015600s ]

[ 2016-12-03T06:43:02+08:00 ] 220.181.108.162 /index.php/Home/Web/newsdetail/id/26.html
INFO: [ app_init ] --START--
INFO: Run Behavior\BuildLiteBehavior [ RunTime:0.000000s ]
INFO: [ app_init ] --END-- [ RunTime:0.000000s ]
INFO: [ app_begin ] --START--
INFO: Run Behavior\ReadHtmlCacheBehavior [ RunTime:0.000000s ]
INFO: [ app_begin ] --END-- [ RunTime:0.000000s ]
SQL: SHOW COLUMNS FROM `hw_cate` [ RunTime:0.0000s ]
SQL: SELECT * FROM `hw_cate` ORDER BY sort ASC  [ RunTime:0.0000s ]
SQL: SHOW COLUMNS FROM `hw_top` [ RunTime:0.0000s ]
SQL: SELECT * FROM `hw_top`  [ RunTime:0.0000s ]
SQL: SHOW COLUMNS FROM `hw_footer` [ RunTime:0.0156s ]
SQL: SELECT * FROM `hw_footer`  [ RunTime:0.0000s ]
SQL: SHOW COLUMNS FROM `hw_youlian` [ RunTime:0.0000s ]
SQL: SELECT * FROM `hw_youlian`  [ RunTime:0.0000s ]
SQL: SHOW COLUMNS FROM `hw_newsbg` [ RunTime:0.0000s ]
SQL: SELECT * FROM `hw_newsbg` WHERE ( id=1 )  [ RunTime:0.0000s ]
SQL: SHOW COLUMNS FROM `hw_news` [ RunTime:0.0156s ]
SQL: SELECT * FROM `hw_news` WHERE `id` = 26 LIMIT 1   [ RunTime:0.0000s ]
INFO: [ view_parse ] --START--
INFO: [ template_filter ] --START--
INFO: Run Behavior\ContentReplaceBehavior [ RunTime:0.000000s ]
INFO: [ template_filter ] --END-- [ RunTime:0.000000s ]
INFO: Run Behavior\ParseTemplateBehavior [ RunTime:0.046800s ]
INFO: [ view_parse ] --END-- [ RunTime:0.046800s ]
INFO: [ view_filter ] --START--
INFO: Run Behavior\WriteHtmlCacheBehavior [ RunTime:0.000000s ]
INFO: [ view_filter ] --END-- [ RunTime:0.000000s ]
INFO: [ app_end ] --START--
INFO: Run Behavior\ShowPageTraceBehavior [ RunTime:0.000000s ]
INFO: [ app_end ] --END-- [ RunTime:0.000000s ]

[ 2016-12-03T06:59:54+08:00 ] 220.181.108.105 /index.php/Home/Web/newstdetail/id/24.html
INFO: [ app_init ] --START--
INFO: Run Behavior\BuildLiteBehavior [ RunTime:0.000000s ]
INFO: [ app_init ] --END-- [ RunTime:0.000000s ]
INFO: [ app_begin ] --START--
INFO: Run Behavior\ReadHtmlCacheBehavior [ RunTime:0.000000s ]
INFO: [ app_begin ] --END-- [ RunTime:0.000000s ]
SQL: SHOW COLUMNS FROM `hw_cate` [ RunTime:0.0156s ]
SQL: SELECT * FROM `hw_cate` ORDER BY sort ASC  [ RunTime:0.0000s ]
SQL: SHOW COLUMNS FROM `hw_top` [ RunTime:0.0156s ]
SQL: SELECT * FROM `hw_top`  [ RunTime:0.0000s ]
SQL: SHOW COLUMNS FROM `hw_footer` [ RunTime:0.0156s ]
SQL: SELECT * FROM `hw_footer`  [ RunTime:0.0000s ]
SQL: SHOW COLUMNS FROM `hw_youlian` [ RunTime:0.0000s ]
SQL: SELECT * FROM `hw_youlian`  [ RunTime:0.0000s ]
SQL: SHOW COLUMNS FROM `hw_newsbg` [ RunTime:0.0156s ]
SQL: SELECT * FROM `hw_newsbg` WHERE ( id=2 )  [ RunTime:0.0000s ]
SQL: SHOW COLUMNS FROM `hw_newst` [ RunTime:0.0312s ]
SQL: SELECT * FROM `hw_newst` WHERE `id` = 24 LIMIT 1   [ RunTime:0.0000s ]
INFO: [ view_parse ] --START--
INFO: [ template_filter ] --START--
INFO: Run Behavior\ContentReplaceBehavior [ RunTime:0.000000s ]
INFO: [ template_filter ] --END-- [ RunTime:0.000000s ]
INFO: Run Behavior\ParseTemplateBehavior [ RunTime:0.062400s ]
INFO: [ view_parse ] --END-- [ RunTime:0.062400s ]
INFO: [ view_filter ] --START--
INFO: Run Behavior\WriteHtmlCacheBehavior [ RunTime:0.000000s ]
INFO: [ view_filter ] --END-- [ RunTime:0.000000s ]
INFO: [ app_end ] --START--
INFO: Run Behavior\ShowPageTraceBehavior [ RunTime:0.000000s ]
INFO: [ app_end ] --END-- [ RunTime:0.000000s ]

[ 2016-12-03T11:52:11+08:00 ] 123.125.71.110 /index.php/Home/Web/newstdetail/id/13.html
INFO: [ app_init ] --START--
INFO: Run Behavior\BuildLiteBehavior [ RunTime:0.000000s ]
INFO: [ app_init ] --END-- [ RunTime:0.000000s ]
INFO: [ app_begin ] --START--
INFO: Run Behavior\ReadHtmlCacheBehavior [ RunTime:0.000000s ]
INFO: [ app_begin ] --END-- [ RunTime:0.000000s ]
SQL: SHOW COLUMNS FROM `hw_cate` [ RunTime:0.0156s ]
SQL: SELECT * FROM `hw_cate` ORDER BY sort ASC  [ RunTime:0.0000s ]
SQL: SHOW COLUMNS FROM `hw_top` [ RunTime:0.0156s ]
SQL: SELECT * FROM `hw_top`  [ RunTime:0.0000s ]
SQL: SHOW COLUMNS FROM `hw_footer` [ RunTime:0.0156s ]
SQL: SELECT * FROM `hw_footer`  [ RunTime:0.0000s ]
SQL: SHOW COLUMNS FROM `hw_youlian` [ RunTime:0.0000s ]
SQL: SELECT * FROM `hw_youlian`  [ RunTime:0.0000s ]
SQL: SHOW COLUMNS FROM `hw_newsbg` [ RunTime:0.0156s ]
SQL: SELECT * FROM `hw_newsbg` WHERE ( id=2 )  [ RunTime:0.0000s ]
SQL: SHOW COLUMNS FROM `hw_newst` [ RunTime:0.0000s ]
SQL: SELECT * FROM `hw_newst` WHERE `id` = 13 LIMIT 1   [ RunTime:0.0000s ]
INFO: [ view_parse ] --START--
INFO: [ template_filter ] --START--
INFO: Run Behavior\ContentReplaceBehavior [ RunTime:0.000000s ]
INFO: [ template_filter ] --END-- [ RunTime:0.000000s ]
INFO: Run Behavior\ParseTemplateBehavior [ RunTime:0.062400s ]
INFO: [ view_parse ] --END-- [ RunTime:0.062400s ]
INFO: [ view_filter ] --START--
INFO: Run Behavior\WriteHtmlCacheBehavior [ RunTime:0.000000s ]
INFO: [ view_filter ] --END-- [ RunTime:0.000000s ]
INFO: [ app_end ] --START--
INFO: Run Behavior\ShowPageTraceBehavior [ RunTime:0.000000s ]
INFO: [ app_end ] --END-- [ RunTime:0.000000s ]

[ 2016-12-03T12:06:33+08:00 ] 123.126.113.94 /index.php/Home/Web/newsdetail/id/18.html
INFO: [ app_init ] --START--
INFO: Run Behavior\BuildLiteBehavior [ RunTime:0.000000s ]
INFO: [ app_init ] --END-- [ RunTime:0.000000s ]
INFO: [ app_begin ] --START--
INFO: Run Behavior\ReadHtmlCacheBehavior [ RunTime:0.000000s ]
INFO: [ app_begin ] --END-- [ RunTime:0.000000s ]
SQL: SHOW COLUMNS FROM `hw_cate` [ RunTime:0.0156s ]
SQL: SELECT * FROM `hw_cate` ORDER BY sort ASC  [ RunTime:0.0000s ]
SQL: SHOW COLUMNS FROM `hw_top` [ RunTime:0.0000s ]
SQL: SELECT * FROM `hw_top`  [ RunTime:0.0156s ]
SQL: SHOW COLUMNS FROM `hw_footer` [ RunTime:0.0000s ]
SQL: SELECT * FROM `hw_footer`  [ RunTime:0.0000s ]
SQL: SHOW COLUMNS FROM `hw_youlian` [ RunTime:0.0156s ]
SQL: SELECT * FROM `hw_youlian`  [ RunTime:0.0000s ]
SQL: SHOW COLUMNS FROM `hw_newsbg` [ RunTime:0.0000s ]
SQL: SELECT * FROM `hw_newsbg` WHERE ( id=1 )  [ RunTime:0.0000s ]
SQL: SHOW COLUMNS FROM `hw_news` [ RunTime:0.0156s ]
SQL: SELECT * FROM `hw_news` WHERE `id` = 18 LIMIT 1   [ RunTime:0.0000s ]
INFO: [ view_parse ] --START--
INFO: [ template_filter ] --START--
INFO: Run Behavior\ContentReplaceBehavior [ RunTime:0.000000s ]
INFO: [ template_filter ] --END-- [ RunTime:0.000000s ]
INFO: Run Behavior\ParseTemplateBehavior [ RunTime:0.062400s ]
INFO: [ view_parse ] --END-- [ RunTime:0.062400s ]
INFO: [ view_filter ] --START--
INFO: Run Behavior\WriteHtmlCacheBehavior [ RunTime:0.000000s ]
INFO: [ view_filter ] --END-- [ RunTime:0.000000s ]
INFO: [ app_end ] --START--
INFO: Run Behavior\ShowPageTraceBehavior [ RunTime:0.000000s ]
INFO: [ app_end ] --END-- [ RunTime:0.000000s ]

[ 2016-12-03T12:06:43+08:00 ] 123.126.113.94 /index.php/Home/Web/expert.html
INFO: [ app_init ] --START--
INFO: Run Behavior\BuildLiteBehavior [ RunTime:0.000000s ]
INFO: [ app_init ] --END-- [ RunTime:0.000000s ]
INFO: [ app_begin ] --START--
INFO: Run Behavior\ReadHtmlCacheBehavior [ RunTime:0.000000s ]
INFO: [ app_begin ] --END-- [ RunTime:0.000000s ]
SQL: SHOW COLUMNS FROM `hw_cate` [ RunTime:0.0000s ]
SQL: SELECT * FROM `hw_cate` ORDER BY sort ASC  [ RunTime:0.0000s ]
SQL: SHOW COLUMNS FROM `hw_top` [ RunTime:0.0156s ]
SQL: SELECT * FROM `hw_top`  [ RunTime:0.0000s ]
SQL: SHOW COLUMNS FROM `hw_footer` [ RunTime:0.0156s ]
SQL: SELECT * FROM `hw_footer`  [ RunTime:0.0000s ]
SQL: SHOW COLUMNS FROM `hw_youlian` [ RunTime:0.0000s ]
SQL: SELECT * FROM `hw_youlian`  [ RunTime:0.0000s ]
SQL: SHOW COLUMNS FROM `hw_expert` [ RunTime:0.0312s ]
SQL: SELECT * FROM `hw_expert` WHERE ( id=1 )  [ RunTime:0.0000s ]
SQL: SELECT * FROM `hw_expert`  [ RunTime:0.0000s ]
INFO: [ view_parse ] --START--
INFO: [ template_filter ] --START--
INFO: Run Behavior\ContentReplaceBehavior [ RunTime:0.000000s ]
INFO: [ template_filter ] --END-- [ RunTime:0.000000s ]
INFO: Run Behavior\ParseTemplateBehavior [ RunTime:0.031200s ]
INFO: [ view_parse ] --END-- [ RunTime:0.031200s ]
INFO: [ view_filter ] --START--
INFO: Run Behavior\WriteHtmlCacheBehavior [ RunTime:0.000000s ]
INFO: [ view_filter ] --END-- [ RunTime:0.000000s ]
INFO: [ app_end ] --START--
INFO: Run Behavior\ShowPageTraceBehavior [ RunTime:0.015600s ]
INFO: [ app_end ] --END-- [ RunTime:0.015600s ]

[ 2016-12-03T14:12:15+08:00 ] 106.38.241.101 /
INFO: [ app_init ] --START--
INFO: Run Behavior\BuildLiteBehavior [ RunTime:0.000000s ]
INFO: [ app_init ] --END-- [ RunTime:0.000000s ]
INFO: [ app_begin ] --START--
INFO: Run Behavior\ReadHtmlCacheBehavior [ RunTime:0.000000s ]
INFO: [ app_begin ] --END-- [ RunTime:0.000000s ]

[ 2016-12-03T14:13:20+08:00 ] 106.38.241.101 /index.php/Home/Web/index.html
INFO: [ app_init ] --START--
INFO: Run Behavior\BuildLiteBehavior [ RunTime:0.000000s ]
INFO: [ app_init ] --END-- [ RunTime:0.000000s ]
INFO: [ app_begin ] --START--
INFO: Run Behavior\ReadHtmlCacheBehavior [ RunTime:0.000000s ]
INFO: [ app_begin ] --END-- [ RunTime:0.000000s ]
SQL: SHOW COLUMNS FROM `hw_cate` [ RunTime:0.0468s ]
SQL: SELECT * FROM `hw_cate` ORDER BY sort ASC  [ RunTime:0.0000s ]
SQL: SHOW COLUMNS FROM `hw_top` [ RunTime:0.0156s ]
SQL: SELECT * FROM `hw_top`  [ RunTime:0.0000s ]
SQL: SHOW COLUMNS FROM `hw_footer` [ RunTime:0.0312s ]
SQL: SELECT * FROM `hw_footer`  [ RunTime:0.0000s ]
SQL: SHOW COLUMNS FROM `hw_youlian` [ RunTime:0.0312s ]
SQL: SELECT * FROM `hw_youlian`  [ RunTime:0.0000s ]
SQL: SHOW COLUMNS FROM `hw_banner` [ RunTime:0.0624s ]
SQL: SELECT * FROM `hw_banner`  [ RunTime:0.0000s ]
SQL: SHOW COLUMNS FROM `hw_bnews` [ RunTime:0.0312s ]
SQL: SELECT * FROM `hw_bnews`  [ RunTime:0.0000s ]
SQL: SHOW COLUMNS FROM `hw_news` [ RunTime:0.0000s ]
SQL: SELECT * FROM `hw_news` ORDER BY time desc LIMIT 2   [ RunTime:0.0156s ]
SQL: SHOW COLUMNS FROM `hw_newst` [ RunTime:0.0156s ]
SQL: SELECT * FROM `hw_newst` ORDER BY time desc LIMIT 2   [ RunTime:0.0468s ]
SQL: SHOW COLUMNS FROM `hw_expert` [ RunTime:0.0156s ]
NOTIC: [8] Use of undefined constant 豆立宁 - assumed '豆立宁' D:\www\mind\Home\Controller\WebController.class.php 第 51 行.
SQL: SELECT * FROM `hw_expert` WHERE ( name='豆立宁' )  [ RunTime:0.0156s ]
NOTIC: [8] Use of undefined constant 于爽 - assumed '于爽' D:\www\mind\Home\Controller\WebController.class.php 第 54 行.
SQL: SELECT * FROM `hw_expert` WHERE ( name='于爽' )  [ RunTime:0.0156s ]
NOTIC: [8] Use of undefined constant 王焕 - assumed '王焕' D:\www\mind\Home\Controller\WebController.class.php 第 57 行.
SQL: SELECT * FROM `hw_expert` WHERE ( name='王焕' )  [ RunTime:0.0000s ]
SQL: SHOW COLUMNS FROM `hw_aboutus` [ RunTime:0.0312s ]
SQL: SELECT * FROM `hw_aboutus`  [ RunTime:0.0000s ]
SQL: SHOW COLUMNS FROM `hw_service` [ RunTime:0.0312s ]
SQL: SELECT * FROM `hw_service`  [ RunTime:0.0000s ]
SQL: SHOW COLUMNS FROM `hw_judge` [ RunTime:0.0156s ]
SQL: SELECT * FROM `hw_judge`  [ RunTime:0.0000s ]
SQL: SHOW COLUMNS FROM `hw_judgebg` [ RunTime:0.0156s ]
SQL: SELECT * FROM `hw_judgebg`  [ RunTime:0.0000s ]
SQL: SHOW COLUMNS FROM `hw_topic` [ RunTime:0.0312s ]
SQL: SELECT * FROM `hw_topic` WHERE ( id=1 )  [ RunTime:0.0000s ]
SQL: SELECT * FROM `hw_topic` WHERE ( id=2 )  [ RunTime:0.0000s ]
SQL: SELECT * FROM `hw_topic` WHERE ( id=3 )  [ RunTime:0.0000s ]
SQL: SELECT * FROM `hw_topic` WHERE ( id=4 )  [ RunTime:0.0000s ]
SQL: SELECT * FROM `hw_topic` WHERE ( id=5 )  [ RunTime:0.0000s ]
INFO: [ view_parse ] --START--
INFO: [ template_filter ] --START--
INFO: Run Behavior\ContentReplaceBehavior [ RunTime:0.000000s ]
INFO: [ template_filter ] --END-- [ RunTime:0.000000s ]
INFO: Run Behavior\ParseTemplateBehavior [ RunTime:0.109201s ]
INFO: [ view_parse ] --END-- [ RunTime:0.109201s ]
INFO: [ view_filter ] --START--
INFO: Run Behavior\WriteHtmlCacheBehavior [ RunTime:0.000000s ]
INFO: [ view_filter ] --END-- [ RunTime:0.000000s ]
INFO: [ app_end ] --START--
INFO: Run Behavior\ShowPageTraceBehavior [ RunTime:0.000000s ]
INFO: [ app_end ] --END-- [ RunTime:0.000000s ]

[ 2016-12-03T16:19:42+08:00 ] 123.125.71.13 /index.php/Home/Web/service
INFO: [ app_init ] --START--
INFO: Run Behavior\BuildLiteBehavior [ RunTime:0.000000s ]
INFO: [ app_init ] --END-- [ RunTime:0.015600s ]
INFO: [ app_begin ] --START--
INFO: Run Behavior\ReadHtmlCacheBehavior [ RunTime:0.000000s ]
INFO: [ app_begin ] --END-- [ RunTime:0.000000s ]
SQL: SHOW COLUMNS FROM `hw_cate` [ RunTime:0.0000s ]
SQL: SELECT * FROM `hw_cate` ORDER BY sort ASC  [ RunTime:0.0000s ]
SQL: SHOW COLUMNS FROM `hw_top` [ RunTime:0.0000s ]
SQL: SELECT * FROM `hw_top`  [ RunTime:0.0000s ]
SQL: SHOW COLUMNS FROM `hw_footer` [ RunTime:0.0156s ]
SQL: SELECT * FROM `hw_footer`  [ RunTime:0.0000s ]
SQL: SHOW COLUMNS FROM `hw_youlian` [ RunTime:0.0000s ]
SQL: SELECT * FROM `hw_youlian`  [ RunTime:0.0000s ]
SQL: SHOW COLUMNS FROM `hw_service` [ RunTime:0.0156s ]
SQL: SELECT * FROM `hw_service` WHERE ( id=1 )  [ RunTime:0.0000s ]
SQL: SELECT * FROM `hw_service`  [ RunTime:0.0000s ]
INFO: [ view_parse ] --START--
INFO: [ template_filter ] --START--
INFO: Run Behavior\ContentReplaceBehavior [ RunTime:0.000000s ]
INFO: [ template_filter ] --END-- [ RunTime:0.000000s ]
INFO: Run Behavior\ParseTemplateBehavior [ RunTime:0.062400s ]
INFO: [ view_parse ] --END-- [ RunTime:0.062400s ]
INFO: [ view_filter ] --START--
INFO: Run Behavior\WriteHtmlCacheBehavior [ RunTime:0.000000s ]
INFO: [ view_filter ] --END-- [ RunTime:0.000000s ]
INFO: [ app_end ] --START--
INFO: Run Behavior\ShowPageTraceBehavior [ RunTime:0.000000s ]
INFO: [ app_end ] --END-- [ RunTime:0.000000s ]

[ 2016-12-03T17:38:16+08:00 ] 40.77.167.4 /
INFO: [ app_init ] --START--
INFO: Run Behavior\BuildLiteBehavior [ RunTime:0.000000s ]
INFO: [ app_init ] --END-- [ RunTime:0.000000s ]
INFO: [ app_begin ] --START--
INFO: Run Behavior\ReadHtmlCacheBehavior [ RunTime:0.000000s ]
INFO: [ app_begin ] --END-- [ RunTime:0.000000s ]

[ 2016-12-03T18:18:51+08:00 ] 213.159.38.90 /
INFO: [ app_init ] --START--
INFO: Run Behavior\BuildLiteBehavior [ RunTime:0.000000s ]
INFO: [ app_init ] --END-- [ RunTime:0.000000s ]
INFO: [ app_begin ] --START--
INFO: Run Behavior\ReadHtmlCacheBehavior [ RunTime:0.000000s ]
INFO: [ app_begin ] --END-- [ RunTime:0.000000s ]

[ 2016-12-03T18:18:52+08:00 ] 213.159.38.90 /index.php/Home/Web/index.html
INFO: [ app_init ] --START--
INFO: Run Behavior\BuildLiteBehavior [ RunTime:0.000000s ]
INFO: [ app_init ] --END-- [ RunTime:0.000000s ]
INFO: [ app_begin ] --START--
INFO: Run Behavior\ReadHtmlCacheBehavior [ RunTime:0.000000s ]
INFO: [ app_begin ] --END-- [ RunTime:0.000000s ]
SQL: SHOW COLUMNS FROM `hw_cate` [ RunTime:0.0312s ]
SQL: SELECT * FROM `hw_cate` ORDER BY sort ASC  [ RunTime:0.0000s ]
SQL: SHOW COLUMNS FROM `hw_top` [ RunTime:0.0312s ]
SQL: SELECT * FROM `hw_top`  [ RunTime:0.0000s ]
SQL: SHOW COLUMNS FROM `hw_footer` [ RunTime:0.0000s ]
SQL: SELECT * FROM `hw_footer`  [ RunTime:0.0156s ]
SQL: SHOW COLUMNS FROM `hw_youlian` [ RunTime:0.0156s ]
SQL: SELECT * FROM `hw_youlian`  [ RunTime:0.0000s ]
SQL: SHOW COLUMNS FROM `hw_banner` [ RunTime:0.0156s ]
SQL: SELECT * FROM `hw_banner`  [ RunTime:0.0000s ]
SQL: SHOW COLUMNS FROM `hw_bnews` [ RunTime:0.0312s ]
SQL: SELECT * FROM `hw_bnews`  [ RunTime:0.0000s ]
SQL: SHOW COLUMNS FROM `hw_news` [ RunTime:0.0156s ]
SQL: SELECT * FROM `hw_news` ORDER BY time desc LIMIT 2   [ RunTime:0.0156s ]
SQL: SHOW COLUMNS FROM `hw_newst` [ RunTime:0.0156s ]
SQL: SELECT * FROM `hw_newst` ORDER BY time desc LIMIT 2   [ RunTime:0.0156s ]
SQL: SHOW COLUMNS FROM `hw_expert` [ RunTime:0.0156s ]
NOTIC: [8] Use of undefined constant 豆立宁 - assumed '豆立宁' D:\www\mind\Home\Controller\WebController.class.php 第 51 行.
SQL: SELECT * FROM `hw_expert` WHERE ( name='豆立宁' )  [ RunTime:0.0000s ]
NOTIC: [8] Use of undefined constant 于爽 - assumed '于爽' D:\www\mind\Home\Controller\WebController.class.php 第 54 行.
SQL: SELECT * FROM `hw_expert` WHERE ( name='于爽' )  [ RunTime:0.0000s ]
NOTIC: [8] Use of undefined constant 王焕 - assumed '王焕' D:\www\mind\Home\Controller\WebController.class.php 第 57 行.
SQL: SELECT * FROM `hw_expert` WHERE ( name='王焕' )  [ RunTime:0.0000s ]
SQL: SHOW COLUMNS FROM `hw_aboutus` [ RunTime:0.0312s ]
SQL: SELECT * FROM `hw_aboutus`  [ RunTime:0.0000s ]
SQL: SHOW COLUMNS FROM `hw_service` [ RunTime:0.0156s ]
SQL: SELECT * FROM `hw_service`  [ RunTime:0.0000s ]
SQL: SHOW COLUMNS FROM `hw_judge` [ RunTime:0.0156s ]
SQL: SELECT * FROM `hw_judge`  [ RunTime:0.0000s ]
SQL: SHOW COLUMNS FROM `hw_judgebg` [ RunTime:0.0156s ]
SQL: SELECT * FROM `hw_judgebg`  [ RunTime:0.0000s ]
SQL: SHOW COLUMNS FROM `hw_topic` [ RunTime:0.0156s ]
SQL: SELECT * FROM `hw_topic` WHERE ( id=1 )  [ RunTime:0.0000s ]
SQL: SELECT * FROM `hw_topic` WHERE ( id=2 )  [ RunTime:0.0000s ]
SQL: SELECT * FROM `hw_topic` WHERE ( id=3 )  [ RunTime:0.0156s ]
SQL: SELECT * FROM `hw_topic` WHERE ( id=4 )  [ RunTime:0.0000s ]
SQL: SELECT * FROM `hw_topic` WHERE ( id=5 )  [ RunTime:0.0000s ]
INFO: [ view_parse ] --START--
INFO: [ template_filter ] --START--
INFO: Run Behavior\ContentReplaceBehavior [ RunTime:0.000000s ]
INFO: [ template_filter ] --END-- [ RunTime:0.000000s ]
INFO: Run Behavior\ParseTemplateBehavior [ RunTime:0.124800s ]
INFO: [ view_parse ] --END-- [ RunTime:0.124800s ]
INFO: [ view_filter ] --START--
INFO: Run Behavior\WriteHtmlCacheBehavior [ RunTime:0.000000s ]
INFO: [ view_filter ] --END-- [ RunTime:0.000000s ]
INFO: [ app_end ] --START--
INFO: Run Behavior\ShowPageTraceBehavior [ RunTime:0.000000s ]
INFO: [ app_end ] --END-- [ RunTime:0.000000s ]

[ 2016-12-03T18:18:54+08:00 ] 213.159.38.90 /index.php/Home/Web/sendmess.html
INFO: [ app_init ] --START--
INFO: Run Behavior\BuildLiteBehavior [ RunTime:0.000000s ]
INFO: [ app_init ] --END-- [ RunTime:0.000000s ]
INFO: [ app_begin ] --START--
INFO: Run Behavior\ReadHtmlCacheBehavior [ RunTime:0.000000s ]
INFO: [ app_begin ] --END-- [ RunTime:0.000000s ]
SQL: SHOW COLUMNS FROM `hw_message` [ RunTime:0.0000s ]
SQL: INSERT INTO `hw_message` (`name`,`email`,`phone`,`content`,`time`) VALUES ('muzzicNib','simas999555@gmail.com','123456','http://0daymusic.org 
 
 
Wonderful site you\'ve right here.','2016-12-03 18:18:54') [ RunTime:0.0000s ]

[ 2016-12-03T18:18:55+08:00 ] 213.159.38.90 /index.php/Home/Web/index.html
INFO: [ app_init ] --START--
INFO: Run Behavior\BuildLiteBehavior [ RunTime:0.000000s ]
INFO: [ app_init ] --END-- [ RunTime:0.000000s ]
INFO: [ app_begin ] --START--
INFO: Run Behavior\ReadHtmlCacheBehavior [ RunTime:0.000000s ]
INFO: [ app_begin ] --END-- [ RunTime:0.000000s ]
SQL: SHOW COLUMNS FROM `hw_cate` [ RunTime:0.0000s ]
SQL: SELECT * FROM `hw_cate` ORDER BY sort ASC  [ RunTime:0.0000s ]
SQL: SHOW COLUMNS FROM `hw_top` [ RunTime:0.0312s ]
SQL: SELECT * FROM `hw_top`  [ RunTime:0.0000s ]
SQL: SHOW COLUMNS FROM `hw_footer` [ RunTime:0.0000s ]
SQL: SELECT * FROM `hw_footer`  [ RunTime:0.0000s ]
SQL: SHOW COLUMNS FROM `hw_youlian` [ RunTime:0.0156s ]
SQL: SELECT * FROM `hw_youlian`  [ RunTime:0.0000s ]
SQL: SHOW COLUMNS FROM `hw_banner` [ RunTime:0.0156s ]
SQL: SELECT * FROM `hw_banner`  [ RunTime:0.0000s ]
SQL: SHOW COLUMNS FROM `hw_bnews` [ RunTime:0.0000s ]
SQL: SELECT * FROM `hw_bnews`  [ RunTime:0.0000s ]
SQL: SHOW COLUMNS FROM `hw_news` [ RunTime:0.0156s ]
SQL: SELECT * FROM `hw_news` ORDER BY time desc LIMIT 2   [ RunTime:0.0000s ]
SQL: SHOW COLUMNS FROM `hw_newst` [ RunTime:0.0156s ]
SQL: SELECT * FROM `hw_newst` ORDER BY time desc LIMIT 2   [ RunTime:0.0000s ]
SQL: SHOW COLUMNS FROM `hw_expert` [ RunTime:0.0000s ]
NOTIC: [8] Use of undefined constant 豆立宁 - assumed '豆立宁' D:\www\mind\Home\Controller\WebController.class.php 第 51 行.
SQL: SELECT * FROM `hw_expert` WHERE ( name='豆立宁' )  [ RunTime:0.0000s ]
NOTIC: [8] Use of undefined constant 于爽 - assumed '于爽' D:\www\mind\Home\Controller\WebController.class.php 第 54 行.
SQL: SELECT * FROM `hw_expert` WHERE ( name='于爽' )  [ RunTime:0.0000s ]
NOTIC: [8] Use of undefined constant 王焕 - assumed '王焕' D:\www\mind\Home\Controller\WebController.class.php 第 57 行.
SQL: SELECT * FROM `hw_expert` WHERE ( name='王焕' )  [ RunTime:0.0000s ]
SQL: SHOW COLUMNS FROM `hw_aboutus` [ RunTime:0.0156s ]
SQL: SELECT * FROM `hw_aboutus`  [ RunTime:0.0000s ]
SQL: SHOW COLUMNS FROM `hw_service` [ RunTime:0.0156s ]
SQL: SELECT * FROM `hw_service`  [ RunTime:0.0000s ]
SQL: SHOW COLUMNS FROM `hw_judge` [ RunTime:0.0000s ]
SQL: SELECT * FROM `hw_judge`  [ RunTime:0.0000s ]
SQL: SHOW COLUMNS FROM `hw_judgebg` [ RunTime:0.0156s ]
SQL: SELECT * FROM `hw_judgebg`  [ RunTime:0.0000s ]
SQL: SHOW COLUMNS FROM `hw_topic` [ RunTime:0.0156s ]
SQL: SELECT * FROM `hw_topic` WHERE ( id=1 )  [ RunTime:0.0000s ]
SQL: SELECT * FROM `hw_topic` WHERE ( id=2 )  [ RunTime:0.0000s ]
SQL: SELECT * FROM `hw_topic` WHERE ( id=3 )  [ RunTime:0.0000s ]
SQL: SELECT * FROM `hw_topic` WHERE ( id=4 )  [ RunTime:0.0000s ]
SQL: SELECT * FROM `hw_topic` WHERE ( id=5 )  [ RunTime:0.0000s ]
INFO: [ view_parse ] --START--
INFO: [ template_filter ] --START--
INFO: Run Behavior\ContentReplaceBehavior [ RunTime:0.000000s ]
INFO: [ template_filter ] --END-- [ RunTime:0.000000s ]
INFO: Run Behavior\ParseTemplateBehavior [ RunTime:0.062400s ]
INFO: [ view_parse ] --END-- [ RunTime:0.062400s ]
INFO: [ view_filter ] --START--
INFO: Run Behavior\WriteHtmlCacheBehavior [ RunTime:0.000000s ]
INFO: [ view_filter ] --END-- [ RunTime:0.000000s ]
INFO: [ app_end ] --START--
INFO: Run Behavior\ShowPageTraceBehavior [ RunTime:0.000000s ]
INFO: [ app_end ] --END-- [ RunTime:0.000000s ]

[ 2016-12-03T18:18:56+08:00 ] 213.159.38.90 /index.php/Home/Web/index.html
INFO: [ app_init ] --START--
INFO: Run Behavior\BuildLiteBehavior [ RunTime:0.000000s ]
INFO: [ app_init ] --END-- [ RunTime:0.000000s ]
INFO: [ app_begin ] --START--
INFO: Run Behavior\ReadHtmlCacheBehavior [ RunTime:0.000000s ]
INFO: [ app_begin ] --END-- [ RunTime:0.000000s ]
SQL: SHOW COLUMNS FROM `hw_cate` [ RunTime:0.0000s ]
SQL: SELECT * FROM `hw_cate` ORDER BY sort ASC  [ RunTime:0.0000s ]
SQL: SHOW COLUMNS FROM `hw_top` [ RunTime:0.0156s ]
SQL: SELECT * FROM `hw_top`  [ RunTime:0.0000s ]
SQL: SHOW COLUMNS FROM `hw_footer` [ RunTime:0.0156s ]
SQL: SELECT * FROM `hw_footer`  [ RunTime:0.0000s ]
SQL: SHOW COLUMNS FROM `hw_youlian` [ RunTime:0.0000s ]
SQL: SELECT * FROM `hw_youlian`  [ RunTime:0.0000s ]
SQL: SHOW COLUMNS FROM `hw_banner` [ RunTime:0.0156s ]
SQL: SELECT * FROM `hw_banner`  [ RunTime:0.0000s ]
SQL: SHOW COLUMNS FROM `hw_bnews` [ RunTime:0.0156s ]
SQL: SELECT * FROM `hw_bnews`  [ RunTime:0.0000s ]
SQL: SHOW COLUMNS FROM `hw_news` [ RunTime:0.0000s ]
SQL: SELECT * FROM `hw_news` ORDER BY time desc LIMIT 2   [ RunTime:0.0000s ]
SQL: SHOW COLUMNS FROM `hw_newst` [ RunTime:0.0156s ]
SQL: SELECT * FROM `hw_newst` ORDER BY time desc LIMIT 2   [ RunTime:0.0000s ]
SQL: SHOW COLUMNS FROM `hw_expert` [ RunTime:0.0156s ]
NOTIC: [8] Use of undefined constant 豆立宁 - assumed '豆立宁' D:\www\mind\Home\Controller\WebController.class.php 第 51 行.
SQL: SELECT * FROM `hw_expert` WHERE ( name='豆立宁' )  [ RunTime:0.0000s ]
NOTIC: [8] Use of undefined constant 于爽 - assumed '于爽' D:\www\mind\Home\Controller\WebController.class.php 第 54 行.
SQL: SELECT * FROM `hw_expert` WHERE ( name='于爽' )  [ RunTime:0.0000s ]
NOTIC: [8] Use of undefined constant 王焕 - assumed '王焕' D:\www\mind\Home\Controller\WebController.class.php 第 57 行.
SQL: SELECT * FROM `hw_expert` WHERE ( name='王焕' )  [ RunTime:0.0000s ]
SQL: SHOW COLUMNS FROM `hw_aboutus` [ RunTime:0.0000s ]
SQL: SELECT * FROM `hw_aboutus`  [ RunTime:0.0000s ]
SQL: SHOW COLUMNS FROM `hw_service` [ RunTime:0.0156s ]
SQL: SELECT * FROM `hw_service`  [ RunTime:0.0000s ]
SQL: SHOW COLUMNS FROM `hw_judge` [ RunTime:0.0156s ]
SQL: SELECT * FROM `hw_judge`  [ RunTime:0.0000s ]
SQL: SHOW COLUMNS FROM `hw_judgebg` [ RunTime:0.0000s ]
SQL: SELECT * FROM `hw_judgebg`  [ RunTime:0.0000s ]
SQL: SHOW COLUMNS FROM `hw_topic` [ RunTime:0.0156s ]
SQL: SELECT * FROM `hw_topic` WHERE ( id=1 )  [ RunTime:0.0000s ]
SQL: SELECT * FROM `hw_topic` WHERE ( id=2 )  [ RunTime:0.0000s ]
SQL: SELECT * FROM `hw_topic` WHERE ( id=3 )  [ RunTime:0.0000s ]
SQL: SELECT * FROM `hw_topic` WHERE ( id=4 )  [ RunTime:0.0000s ]
SQL: SELECT * FROM `hw_topic` WHERE ( id=5 )  [ RunTime:0.0000s ]
INFO: [ view_parse ] --START--
INFO: [ template_filter ] --START--
INFO: Run Behavior\ContentReplaceBehavior [ RunTime:0.000000s ]
INFO: [ template_filter ] --END-- [ RunTime:0.000000s ]
INFO: Run Behavior\ParseTemplateBehavior [ RunTime:0.078000s ]
INFO: [ view_parse ] --END-- [ RunTime:0.078000s ]
INFO: [ view_filter ] --START--
INFO: Run Behavior\WriteHtmlCacheBehavior [ RunTime:0.000000s ]
INFO: [ view_filter ] --END-- [ RunTime:0.000000s ]
INFO: [ app_end ] --START--
INFO: Run Behavior\ShowPageTraceBehavior [ RunTime:0.000000s ]
INFO: [ app_end ] --END-- [ RunTime:0.000000s ]

[ 2016-12-03T18:52:01+08:00 ] 40.77.167.4 /
INFO: [ app_init ] --START--
INFO: Run Behavior\BuildLiteBehavior [ RunTime:0.000000s ]
INFO: [ app_init ] --END-- [ RunTime:0.000000s ]
INFO: [ app_begin ] --START--
INFO: Run Behavior\ReadHtmlCacheBehavior [ RunTime:0.000000s ]
INFO: [ app_begin ] --END-- [ RunTime:0.000000s ]

[ 2016-12-03T20:25:40+08:00 ] 176.31.149.121 /?author=1
INFO: [ app_init ] --START--
INFO: Run Behavior\BuildLiteBehavior [ RunTime:0.000000s ]
INFO: [ app_init ] --END-- [ RunTime:0.015600s ]
INFO: [ app_begin ] --START--
INFO: Run Behavior\ReadHtmlCacheBehavior [ RunTime:0.015600s ]
INFO: [ app_begin ] --END-- [ RunTime:0.015600s ]

[ 2016-12-03T20:25:44+08:00 ] 176.31.149.121 /index.php/Home/Web/index.html
INFO: [ app_init ] --START--
INFO: Run Behavior\BuildLiteBehavior [ RunTime:0.000000s ]
INFO: [ app_init ] --END-- [ RunTime:0.000000s ]
INFO: [ app_begin ] --START--
INFO: Run Behavior\ReadHtmlCacheBehavior [ RunTime:0.015600s ]
INFO: [ app_begin ] --END-- [ RunTime:0.015600s ]
SQL: SHOW COLUMNS FROM `hw_cate` [ RunTime:0.0312s ]
SQL: SELECT * FROM `hw_cate` ORDER BY sort ASC  [ RunTime:0.0000s ]
SQL: SHOW COLUMNS FROM `hw_top` [ RunTime:0.0312s ]
SQL: SELECT * FROM `hw_top`  [ RunTime:0.0000s ]
SQL: SHOW COLUMNS FROM `hw_footer` [ RunTime:0.0156s ]
SQL: SELECT * FROM `hw_footer`  [ RunTime:0.0000s ]
SQL: SHOW COLUMNS FROM `hw_youlian` [ RunTime:0.0156s ]
SQL: SELECT * FROM `hw_youlian`  [ RunTime:0.0000s ]
SQL: SHOW COLUMNS FROM `hw_banner` [ RunTime:0.0312s ]
SQL: SELECT * FROM `hw_banner`  [ RunTime:0.0000s ]
SQL: SHOW COLUMNS FROM `hw_bnews` [ RunTime:0.0156s ]
SQL: SELECT * FROM `hw_bnews`  [ RunTime:0.0000s ]
SQL: SHOW COLUMNS FROM `hw_news` [ RunTime:0.0156s ]
SQL: SELECT * FROM `hw_news` ORDER BY time desc LIMIT 2   [ RunTime:0.0156s ]
SQL: SHOW COLUMNS FROM `hw_newst` [ RunTime:0.0156s ]
SQL: SELECT * FROM `hw_newst` ORDER BY time desc LIMIT 2   [ RunTime:0.0312s ]
SQL: SHOW COLUMNS FROM `hw_expert` [ RunTime:0.0156s ]
NOTIC: [8] Use of undefined constant 豆立宁 - assumed '豆立宁' D:\www\mind\Home\Controller\WebController.class.php 第 51 行.
SQL: SELECT * FROM `hw_expert` WHERE ( name='豆立宁' )  [ RunTime:0.0000s ]
NOTIC: [8] Use of undefined constant 于爽 - assumed '于爽' D:\www\mind\Home\Controller\WebController.class.php 第 54 行.
SQL: SELECT * FROM `hw_expert` WHERE ( name='于爽' )  [ RunTime:0.0000s ]
NOTIC: [8] Use of undefined constant 王焕 - assumed '王焕' D:\www\mind\Home\Controller\WebController.class.php 第 57 行.
SQL: SELECT * FROM `hw_expert` WHERE ( name='王焕' )  [ RunTime:0.0000s ]
SQL: SHOW COLUMNS FROM `hw_aboutus` [ RunTime:0.0156s ]
SQL: SELECT * FROM `hw_aboutus`  [ RunTime:0.0000s ]
SQL: SHOW COLUMNS FROM `hw_service` [ RunTime:0.0156s ]
SQL: SELECT * FROM `hw_service`  [ RunTime:0.0000s ]
SQL: SHOW COLUMNS FROM `hw_judge` [ RunTime:0.0156s ]
SQL: SELECT * FROM `hw_judge`  [ RunTime:0.0000s ]
SQL: SHOW COLUMNS FROM `hw_judgebg` [ RunTime:0.0156s ]
SQL: SELECT * FROM `hw_judgebg`  [ RunTime:0.0000s ]
SQL: SHOW COLUMNS FROM `hw_topic` [ RunTime:0.0312s ]
SQL: SELECT * FROM `hw_topic` WHERE ( id=1 )  [ RunTime:0.0000s ]
SQL: SELECT * FROM `hw_topic` WHERE ( id=2 )  [ RunTime:0.0000s ]
SQL: SELECT * FROM `hw_topic` WHERE ( id=3 )  [ RunTime:0.0000s ]
SQL: SELECT * FROM `hw_topic` WHERE ( id=4 )  [ RunTime:0.0000s ]
SQL: SELECT * FROM `hw_topic` WHERE ( id=5 )  [ RunTime:0.0000s ]
INFO: [ view_parse ] --START--
INFO: [ template_filter ] --START--
INFO: Run Behavior\ContentReplaceBehavior [ RunTime:0.000000s ]
INFO: [ template_filter ] --END-- [ RunTime:0.000000s ]
INFO: Run Behavior\ParseTemplateBehavior [ RunTime:0.140400s ]
INFO: [ view_parse ] --END-- [ RunTime:0.140400s ]
INFO: [ view_filter ] --START--
INFO: Run Behavior\WriteHtmlCacheBehavior [ RunTime:0.000000s ]
INFO: [ view_filter ] --END-- [ RunTime:0.000000s ]
INFO: [ app_end ] --START--
INFO: Run Behavior\ShowPageTraceBehavior [ RunTime:0.000000s ]
INFO: [ app_end ] --END-- [ RunTime:0.000000s ]

[ 2016-12-03T20:28:26+08:00 ] 123.125.71.75 /index.php/Home/Web/newsdetail/id/25.html
INFO: [ app_init ] --START--
INFO: Run Behavior\BuildLiteBehavior [ RunTime:0.000000s ]
INFO: [ app_init ] --END-- [ RunTime:0.000000s ]
INFO: [ app_begin ] --START--
INFO: Run Behavior\ReadHtmlCacheBehavior [ RunTime:0.000000s ]
INFO: [ app_begin ] --END-- [ RunTime:0.000000s ]
SQL: SHOW COLUMNS FROM `hw_cate` [ RunTime:0.0000s ]
SQL: SELECT * FROM `hw_cate` ORDER BY sort ASC  [ RunTime:0.0000s ]
SQL: SHOW COLUMNS FROM `hw_top` [ RunTime:0.0156s ]
SQL: SELECT * FROM `hw_top`  [ RunTime:0.0000s ]
SQL: SHOW COLUMNS FROM `hw_footer` [ RunTime:0.0156s ]
SQL: SELECT * FROM `hw_footer`  [ RunTime:0.0000s ]
SQL: SHOW COLUMNS FROM `hw_youlian` [ RunTime:0.0000s ]
SQL: SELECT * FROM `hw_youlian`  [ RunTime:0.0000s ]
SQL: SHOW COLUMNS FROM `hw_newsbg` [ RunTime:0.0312s ]
SQL: SELECT * FROM `hw_newsbg` WHERE ( id=1 )  [ RunTime:0.0000s ]
SQL: SHOW COLUMNS FROM `hw_news` [ RunTime:0.0156s ]
SQL: SELECT * FROM `hw_news` WHERE `id` = 25 LIMIT 1   [ RunTime:0.0000s ]
INFO: [ view_parse ] --START--
INFO: [ template_filter ] --START--
INFO: Run Behavior\ContentReplaceBehavior [ RunTime:0.000000s ]
INFO: [ template_filter ] --END-- [ RunTime:0.000000s ]
INFO: Run Behavior\ParseTemplateBehavior [ RunTime:0.046800s ]
INFO: [ view_parse ] --END-- [ RunTime:0.046800s ]
INFO: [ view_filter ] --START--
INFO: Run Behavior\WriteHtmlCacheBehavior [ RunTime:0.000000s ]
INFO: [ view_filter ] --END-- [ RunTime:0.000000s ]
INFO: [ app_end ] --START--
INFO: Run Behavior\ShowPageTraceBehavior [ RunTime:0.000000s ]
INFO: [ app_end ] --END-- [ RunTime:0.000000s ]

[ 2016-12-03T23:55:37+08:00 ] 123.126.113.94 /index.php/Home/Web/newsdetail/id/23.html
INFO: [ app_init ] --START--
INFO: Run Behavior\BuildLiteBehavior [ RunTime:0.000000s ]
INFO: [ app_init ] --END-- [ RunTime:0.000000s ]
INFO: [ app_begin ] --START--
INFO: Run Behavior\ReadHtmlCacheBehavior [ RunTime:0.000000s ]
INFO: [ app_begin ] --END-- [ RunTime:0.000000s ]
SQL: SHOW COLUMNS FROM `hw_cate` [ RunTime:0.0156s ]
SQL: SELECT * FROM `hw_cate` ORDER BY sort ASC  [ RunTime:0.0000s ]
SQL: SHOW COLUMNS FROM `hw_top` [ RunTime:0.0312s ]
SQL: SELECT * FROM `hw_top`  [ RunTime:0.0000s ]
SQL: SHOW COLUMNS FROM `hw_footer` [ RunTime:0.0156s ]
SQL: SELECT * FROM `hw_footer`  [ RunTime:0.0000s ]
SQL: SHOW COLUMNS FROM `hw_youlian` [ RunTime:0.0000s ]
SQL: SELECT * FROM `hw_youlian`  [ RunTime:0.0156s ]
SQL: SHOW COLUMNS FROM `hw_newsbg` [ RunTime:0.0000s ]
SQL: SELECT * FROM `hw_newsbg` WHERE ( id=1 )  [ RunTime:0.0156s ]
SQL: SHOW COLUMNS FROM `hw_news` [ RunTime:0.0000s ]
SQL: SELECT * FROM `hw_news` WHERE `id` = 23 LIMIT 1   [ RunTime:0.0000s ]
INFO: [ view_parse ] --START--
INFO: [ template_filter ] --START--
INFO: Run Behavior\ContentReplaceBehavior [ RunTime:0.000000s ]
INFO: [ template_filter ] --END-- [ RunTime:0.000000s ]
INFO: Run Behavior\ParseTemplateBehavior [ RunTime:0.046800s ]
INFO: [ view_parse ] --END-- [ RunTime:0.046800s ]
INFO: [ view_filter ] --START--
INFO: Run Behavior\WriteHtmlCacheBehavior [ RunTime:0.000000s ]
INFO: [ view_filter ] --END-- [ RunTime:0.000000s ]
INFO: [ app_end ] --START--
INFO: Run Behavior\ShowPageTraceBehavior [ RunTime:0.000000s ]
INFO: [ app_end ] --END-- [ RunTime:0.000000s ]

[ 2016-12-03T23:55:47+08:00 ] 123.126.113.94 /index.php/Home/Web/newstdetail/id/92.html
INFO: [ app_init ] --START--
INFO: Run Behavior\BuildLiteBehavior [ RunTime:0.000000s ]
INFO: [ app_init ] --END-- [ RunTime:0.000000s ]
INFO: [ app_begin ] --START--
INFO: Run Behavior\ReadHtmlCacheBehavior [ RunTime:0.000000s ]
INFO: [ app_begin ] --END-- [ RunTime:0.000000s ]
SQL: SHOW COLUMNS FROM `hw_cate` [ RunTime:0.0000s ]
SQL: SELECT * FROM `hw_cate` ORDER BY sort ASC  [ RunTime:0.0000s ]
SQL: SHOW COLUMNS FROM `hw_top` [ RunTime:0.0156s ]
SQL: SELECT * FROM `hw_top`  [ RunTime:0.0000s ]
SQL: SHOW COLUMNS FROM `hw_footer` [ RunTime:0.0156s ]
SQL: SELECT * FROM `hw_footer`  [ RunTime:0.0000s ]
SQL: SHOW COLUMNS FROM `hw_youlian` [ RunTime:0.0000s ]
SQL: SELECT * FROM `hw_youlian`  [ RunTime:0.0000s ]
SQL: SHOW COLUMNS FROM `hw_newsbg` [ RunTime:0.0156s ]
SQL: SELECT * FROM `hw_newsbg` WHERE ( id=2 )  [ RunTime:0.0000s ]
SQL: SHOW COLUMNS FROM `hw_newst` [ RunTime:0.0156s ]
SQL: SELECT * FROM `hw_newst` WHERE `id` = 92 LIMIT 1   [ RunTime:0.0000s ]
INFO: [ view_parse ] --START--
INFO: [ template_filter ] --START--
INFO: Run Behavior\ContentReplaceBehavior [ RunTime:0.000000s ]
INFO: [ template_filter ] --END-- [ RunTime:0.000000s ]
INFO: Run Behavior\ParseTemplateBehavior [ RunTime:0.031200s ]
INFO: [ view_parse ] --END-- [ RunTime:0.031200s ]
INFO: [ view_filter ] --START--
INFO: Run Behavior\WriteHtmlCacheBehavior [ RunTime:0.000000s ]
INFO: [ view_filter ] --END-- [ RunTime:0.000000s ]
INFO: [ app_end ] --START--
INFO: Run Behavior\ShowPageTraceBehavior [ RunTime:0.000000s ]
INFO: [ app_end ] --END-- [ RunTime:0.000000s ]

