[ 2016-10-31T09:39:48+08:00 ] 211.137.13.86 /
INFO: [ app_init ] --START--
INFO: Run Behavior\BuildLiteBehavior [ RunTime:0.000000s ]
INFO: [ app_init ] --END-- [ RunTime:0.000000s ]
INFO: [ app_begin ] --START--
INFO: Run Behavior\ReadHtmlCacheBehavior [ RunTime:0.000000s ]
INFO: [ app_begin ] --END-- [ RunTime:0.000000s ]

[ 2016-10-31T09:39:48+08:00 ] 211.137.13.86 /index.php/Home/Web/index.html
INFO: [ app_init ] --START--
INFO: Run Behavior\BuildLiteBehavior [ RunTime:0.000000s ]
INFO: [ app_init ] --END-- [ RunTime:0.000000s ]
INFO: [ app_begin ] --START--
INFO: Run Behavior\ReadHtmlCacheBehavior [ RunTime:0.000000s ]
INFO: [ app_begin ] --END-- [ RunTime:0.000000s ]
SQL: SHOW COLUMNS FROM `hw_cate` [ RunTime:0.0156s ]
SQL: SELECT * FROM `hw_cate` ORDER BY sort ASC  [ RunTime:0.0000s ]
SQL: SHOW COLUMNS FROM `hw_top` [ RunTime:0.0156s ]
SQL: SELECT * FROM `hw_top`  [ RunTime:0.0000s ]
SQL: SHOW COLUMNS FROM `hw_footer` [ RunTime:0.0000s ]
SQL: SELECT * FROM `hw_footer`  [ RunTime:0.0000s ]
SQL: SHOW COLUMNS FROM `hw_youlian` [ RunTime:0.0156s ]
SQL: SELECT * FROM `hw_youlian`  [ RunTime:0.0000s ]
SQL: SHOW COLUMNS FROM `hw_banner` [ RunTime:0.0156s ]
SQL: SELECT * FROM `hw_banner`  [ RunTime:0.0000s ]
SQL: SHOW COLUMNS FROM `hw_bnews` [ RunTime:0.0000s ]
SQL: SELECT * FROM `hw_bnews`  [ RunTime:0.0000s ]
SQL: SHOW COLUMNS FROM `hw_expert` [ RunTime:0.0156s ]
NOTIC: [8] Use of undefined constant 豆立宁 - assumed '豆立宁' D:\www\mind\Home\Controller\WebController.class.php 第 42 行.
SQL: SELECT * FROM `hw_expert` WHERE ( name='豆立宁' )  [ RunTime:0.0000s ]
NOTIC: [8] Use of undefined constant 于爽 - assumed '于爽' D:\www\mind\Home\Controller\WebController.class.php 第 45 行.
SQL: SELECT * FROM `hw_expert` WHERE ( name='于爽' )  [ RunTime:0.0000s ]
NOTIC: [8] Use of undefined constant 王焕 - assumed '王焕' D:\www\mind\Home\Controller\WebController.class.php 第 48 行.
SQL: SELECT * FROM `hw_expert` WHERE ( name='王焕' )  [ RunTime:0.0000s ]
SQL: SHOW COLUMNS FROM `hw_aboutus` [ RunTime:0.0156s ]
SQL: SELECT * FROM `hw_aboutus`  [ RunTime:0.0000s ]
SQL: SHOW COLUMNS FROM `hw_service` [ RunTime:0.0000s ]
SQL: SELECT * FROM `hw_service`  [ RunTime:0.0000s ]
SQL: SHOW COLUMNS FROM `hw_judge` [ RunTime:0.0156s ]
SQL: SELECT * FROM `hw_judge`  [ RunTime:0.0000s ]
SQL: SHOW COLUMNS FROM `hw_judgebg` [ RunTime:0.0156s ]
SQL: SELECT * FROM `hw_judgebg`  [ RunTime:0.0000s ]
SQL: SHOW COLUMNS FROM `hw_topic` [ RunTime:0.0000s ]
SQL: SELECT * FROM `hw_topic` WHERE ( id=1 )  [ RunTime:0.0000s ]
SQL: SELECT * FROM `hw_topic` WHERE ( id=2 )  [ RunTime:0.0000s ]
SQL: SELECT * FROM `hw_topic` WHERE ( id=3 )  [ RunTime:0.0000s ]
SQL: SELECT * FROM `hw_topic` WHERE ( id=4 )  [ RunTime:0.0000s ]
SQL: SELECT * FROM `hw_topic` WHERE ( id=5 )  [ RunTime:0.0000s ]
INFO: [ view_parse ] --START--
INFO: [ template_filter ] --START--
INFO: Run Behavior\ContentReplaceBehavior [ RunTime:0.000000s ]
INFO: [ template_filter ] --END-- [ RunTime:0.000000s ]
INFO: Run Behavior\ParseTemplateBehavior [ RunTime:0.093600s ]
INFO: [ view_parse ] --END-- [ RunTime:0.093600s ]
INFO: [ view_filter ] --START--
INFO: Run Behavior\WriteHtmlCacheBehavior [ RunTime:0.000000s ]
INFO: [ view_filter ] --END-- [ RunTime:0.000000s ]
INFO: [ app_end ] --START--
INFO: Run Behavior\ShowPageTraceBehavior [ RunTime:0.000000s ]
INFO: [ app_end ] --END-- [ RunTime:0.000000s ]

[ 2016-10-31T09:41:25+08:00 ] 106.120.161.66 /
INFO: [ app_init ] --START--
INFO: Run Behavior\BuildLiteBehavior [ RunTime:0.000000s ]
INFO: [ app_init ] --END-- [ RunTime:0.015600s ]
INFO: [ app_begin ] --START--
INFO: Run Behavior\ReadHtmlCacheBehavior [ RunTime:0.000000s ]
INFO: [ app_begin ] --END-- [ RunTime:0.000000s ]

[ 2016-10-31T09:41:26+08:00 ] 106.120.160.119 /index.php/Home/Web/index.html
INFO: [ app_init ] --START--
INFO: Run Behavior\BuildLiteBehavior [ RunTime:0.000000s ]
INFO: [ app_init ] --END-- [ RunTime:0.000000s ]
INFO: [ app_begin ] --START--
INFO: Run Behavior\ReadHtmlCacheBehavior [ RunTime:0.000000s ]
INFO: [ app_begin ] --END-- [ RunTime:0.000000s ]
SQL: SHOW COLUMNS FROM `hw_cate` [ RunTime:0.0156s ]
SQL: SELECT * FROM `hw_cate` ORDER BY sort ASC  [ RunTime:0.0000s ]
SQL: SHOW COLUMNS FROM `hw_top` [ RunTime:0.0156s ]
SQL: SELECT * FROM `hw_top`  [ RunTime:0.0000s ]
SQL: SHOW COLUMNS FROM `hw_footer` [ RunTime:0.0000s ]
SQL: SELECT * FROM `hw_footer`  [ RunTime:0.0000s ]
SQL: SHOW COLUMNS FROM `hw_youlian` [ RunTime:0.0156s ]
SQL: SELECT * FROM `hw_youlian`  [ RunTime:0.0000s ]
SQL: SHOW COLUMNS FROM `hw_banner` [ RunTime:0.0000s ]
SQL: SELECT * FROM `hw_banner`  [ RunTime:0.0000s ]
SQL: SHOW COLUMNS FROM `hw_bnews` [ RunTime:0.0156s ]
SQL: SELECT * FROM `hw_bnews`  [ RunTime:0.0000s ]
SQL: SHOW COLUMNS FROM `hw_expert` [ RunTime:0.0156s ]
NOTIC: [8] Use of undefined constant 豆立宁 - assumed '豆立宁' D:\www\mind\Home\Controller\WebController.class.php 第 42 行.
SQL: SELECT * FROM `hw_expert` WHERE ( name='豆立宁' )  [ RunTime:0.0000s ]
NOTIC: [8] Use of undefined constant 于爽 - assumed '于爽' D:\www\mind\Home\Controller\WebController.class.php 第 45 行.
SQL: SELECT * FROM `hw_expert` WHERE ( name='于爽' )  [ RunTime:0.0000s ]
NOTIC: [8] Use of undefined constant 王焕 - assumed '王焕' D:\www\mind\Home\Controller\WebController.class.php 第 48 行.
SQL: SELECT * FROM `hw_expert` WHERE ( name='王焕' )  [ RunTime:0.0000s ]
SQL: SHOW COLUMNS FROM `hw_aboutus` [ RunTime:0.0000s ]
SQL: SELECT * FROM `hw_aboutus`  [ RunTime:0.0000s ]
SQL: SHOW COLUMNS FROM `hw_service` [ RunTime:0.0156s ]
SQL: SELECT * FROM `hw_service`  [ RunTime:0.0000s ]
SQL: SHOW COLUMNS FROM `hw_judge` [ RunTime:0.0156s ]
SQL: SELECT * FROM `hw_judge`  [ RunTime:0.0000s ]
SQL: SHOW COLUMNS FROM `hw_judgebg` [ RunTime:0.0000s ]
SQL: SELECT * FROM `hw_judgebg`  [ RunTime:0.0000s ]
SQL: SHOW COLUMNS FROM `hw_topic` [ RunTime:0.0156s ]
SQL: SELECT * FROM `hw_topic` WHERE ( id=1 )  [ RunTime:0.0000s ]
SQL: SELECT * FROM `hw_topic` WHERE ( id=2 )  [ RunTime:0.0000s ]
SQL: SELECT * FROM `hw_topic` WHERE ( id=3 )  [ RunTime:0.0000s ]
SQL: SELECT * FROM `hw_topic` WHERE ( id=4 )  [ RunTime:0.0000s ]
SQL: SELECT * FROM `hw_topic` WHERE ( id=5 )  [ RunTime:0.0000s ]
INFO: [ view_parse ] --START--
INFO: [ template_filter ] --START--
INFO: Run Behavior\ContentReplaceBehavior [ RunTime:0.000000s ]
INFO: [ template_filter ] --END-- [ RunTime:0.000000s ]
INFO: Run Behavior\ParseTemplateBehavior [ RunTime:0.062400s ]
INFO: [ view_parse ] --END-- [ RunTime:0.062400s ]
INFO: [ view_filter ] --START--
INFO: Run Behavior\WriteHtmlCacheBehavior [ RunTime:0.000000s ]
INFO: [ view_filter ] --END-- [ RunTime:0.000000s ]
INFO: [ app_end ] --START--
INFO: Run Behavior\ShowPageTraceBehavior [ RunTime:0.000000s ]
INFO: [ app_end ] --END-- [ RunTime:0.000000s ]

[ 2016-10-31T09:41:57+08:00 ] 101.199.112.49 /
INFO: [ app_init ] --START--
INFO: Run Behavior\BuildLiteBehavior [ RunTime:0.000000s ]
INFO: [ app_init ] --END-- [ RunTime:0.000000s ]
INFO: [ app_begin ] --START--
INFO: Run Behavior\ReadHtmlCacheBehavior [ RunTime:0.015600s ]
INFO: [ app_begin ] --END-- [ RunTime:0.015600s ]

[ 2016-10-31T09:41:58+08:00 ] 101.199.112.49 /index.php/Home/Web/index.html
INFO: [ app_init ] --START--
INFO: Run Behavior\BuildLiteBehavior [ RunTime:0.000000s ]
INFO: [ app_init ] --END-- [ RunTime:0.000000s ]
INFO: [ app_begin ] --START--
INFO: Run Behavior\ReadHtmlCacheBehavior [ RunTime:0.000000s ]
INFO: [ app_begin ] --END-- [ RunTime:0.000000s ]
SQL: SHOW COLUMNS FROM `hw_cate` [ RunTime:0.0156s ]
SQL: SELECT * FROM `hw_cate` ORDER BY sort ASC  [ RunTime:0.0000s ]
SQL: SHOW COLUMNS FROM `hw_top` [ RunTime:0.0000s ]
SQL: SELECT * FROM `hw_top`  [ RunTime:0.0000s ]
SQL: SHOW COLUMNS FROM `hw_footer` [ RunTime:0.0156s ]
SQL: SELECT * FROM `hw_footer`  [ RunTime:0.0000s ]
SQL: SHOW COLUMNS FROM `hw_youlian` [ RunTime:0.0156s ]
SQL: SELECT * FROM `hw_youlian`  [ RunTime:0.0000s ]
SQL: SHOW COLUMNS FROM `hw_banner` [ RunTime:0.0000s ]
SQL: SELECT * FROM `hw_banner`  [ RunTime:0.0000s ]
SQL: SHOW COLUMNS FROM `hw_bnews` [ RunTime:0.0156s ]
SQL: SELECT * FROM `hw_bnews`  [ RunTime:0.0000s ]
SQL: SHOW COLUMNS FROM `hw_expert` [ RunTime:0.0000s ]
NOTIC: [8] Use of undefined constant 豆立宁 - assumed '豆立宁' D:\www\mind\Home\Controller\WebController.class.php 第 42 行.
SQL: SELECT * FROM `hw_expert` WHERE ( name='豆立宁' )  [ RunTime:0.0000s ]
NOTIC: [8] Use of undefined constant 于爽 - assumed '于爽' D:\www\mind\Home\Controller\WebController.class.php 第 45 行.
SQL: SELECT * FROM `hw_expert` WHERE ( name='于爽' )  [ RunTime:0.0156s ]
NOTIC: [8] Use of undefined constant 王焕 - assumed '王焕' D:\www\mind\Home\Controller\WebController.class.php 第 48 行.
SQL: SELECT * FROM `hw_expert` WHERE ( name='王焕' )  [ RunTime:0.0000s ]
SQL: SHOW COLUMNS FROM `hw_aboutus` [ RunTime:0.0000s ]
SQL: SELECT * FROM `hw_aboutus`  [ RunTime:0.0000s ]
SQL: SHOW COLUMNS FROM `hw_service` [ RunTime:0.0156s ]
SQL: SELECT * FROM `hw_service`  [ RunTime:0.0000s ]
SQL: SHOW COLUMNS FROM `hw_judge` [ RunTime:0.0000s ]
SQL: SELECT * FROM `hw_judge`  [ RunTime:0.0000s ]
SQL: SHOW COLUMNS FROM `hw_judgebg` [ RunTime:0.0156s ]
SQL: SELECT * FROM `hw_judgebg`  [ RunTime:0.0000s ]
SQL: SHOW COLUMNS FROM `hw_topic` [ RunTime:0.0156s ]
SQL: SELECT * FROM `hw_topic` WHERE ( id=1 )  [ RunTime:0.0000s ]
SQL: SELECT * FROM `hw_topic` WHERE ( id=2 )  [ RunTime:0.0000s ]
SQL: SELECT * FROM `hw_topic` WHERE ( id=3 )  [ RunTime:0.0000s ]
SQL: SELECT * FROM `hw_topic` WHERE ( id=4 )  [ RunTime:0.0000s ]
SQL: SELECT * FROM `hw_topic` WHERE ( id=5 )  [ RunTime:0.0000s ]
INFO: [ view_parse ] --START--
INFO: [ template_filter ] --START--
INFO: Run Behavior\ContentReplaceBehavior [ RunTime:0.000000s ]
INFO: [ template_filter ] --END-- [ RunTime:0.000000s ]
INFO: Run Behavior\ParseTemplateBehavior [ RunTime:0.062400s ]
INFO: [ view_parse ] --END-- [ RunTime:0.062400s ]
INFO: [ view_filter ] --START--
INFO: Run Behavior\WriteHtmlCacheBehavior [ RunTime:0.000000s ]
INFO: [ view_filter ] --END-- [ RunTime:0.000000s ]
INFO: [ app_end ] --START--
INFO: Run Behavior\ShowPageTraceBehavior [ RunTime:0.000000s ]
INFO: [ app_end ] --END-- [ RunTime:0.000000s ]

[ 2016-10-31T09:42:00+08:00 ] 106.120.161.66 /index.php/Home/Web/index.html
INFO: [ app_init ] --START--
INFO: Run Behavior\BuildLiteBehavior [ RunTime:0.000000s ]
INFO: [ app_init ] --END-- [ RunTime:0.000000s ]
INFO: [ app_begin ] --START--
INFO: Run Behavior\ReadHtmlCacheBehavior [ RunTime:0.000000s ]
INFO: [ app_begin ] --END-- [ RunTime:0.000000s ]
SQL: SHOW COLUMNS FROM `hw_cate` [ RunTime:0.0000s ]
SQL: SELECT * FROM `hw_cate` ORDER BY sort ASC  [ RunTime:0.0000s ]
SQL: SHOW COLUMNS FROM `hw_top` [ RunTime:0.0156s ]
SQL: SELECT * FROM `hw_top`  [ RunTime:0.0000s ]
SQL: SHOW COLUMNS FROM `hw_footer` [ RunTime:0.0000s ]
SQL: SELECT * FROM `hw_footer`  [ RunTime:0.0156s ]
SQL: SHOW COLUMNS FROM `hw_youlian` [ RunTime:0.0000s ]
SQL: SELECT * FROM `hw_youlian`  [ RunTime:0.0000s ]
SQL: SHOW COLUMNS FROM `hw_banner` [ RunTime:0.0156s ]
SQL: SELECT * FROM `hw_banner`  [ RunTime:0.0000s ]
SQL: SHOW COLUMNS FROM `hw_bnews` [ RunTime:0.0000s ]
SQL: SELECT * FROM `hw_bnews`  [ RunTime:0.0000s ]
SQL: SHOW COLUMNS FROM `hw_expert` [ RunTime:0.0156s ]
NOTIC: [8] Use of undefined constant 豆立宁 - assumed '豆立宁' D:\www\mind\Home\Controller\WebController.class.php 第 42 行.
SQL: SELECT * FROM `hw_expert` WHERE ( name='豆立宁' )  [ RunTime:0.0000s ]
NOTIC: [8] Use of undefined constant 于爽 - assumed '于爽' D:\www\mind\Home\Controller\WebController.class.php 第 45 行.
SQL: SELECT * FROM `hw_expert` WHERE ( name='于爽' )  [ RunTime:0.0000s ]
NOTIC: [8] Use of undefined constant 王焕 - assumed '王焕' D:\www\mind\Home\Controller\WebController.class.php 第 48 行.
SQL: SELECT * FROM `hw_expert` WHERE ( name='王焕' )  [ RunTime:0.0000s ]
SQL: SHOW COLUMNS FROM `hw_aboutus` [ RunTime:0.0156s ]
SQL: SELECT * FROM `hw_aboutus`  [ RunTime:0.0000s ]
SQL: SHOW COLUMNS FROM `hw_service` [ RunTime:0.0000s ]
SQL: SELECT * FROM `hw_service`  [ RunTime:0.0000s ]
SQL: SHOW COLUMNS FROM `hw_judge` [ RunTime:0.0156s ]
SQL: SELECT * FROM `hw_judge`  [ RunTime:0.0156s ]
SQL: SHOW COLUMNS FROM `hw_judgebg` [ RunTime:0.0000s ]
SQL: SELECT * FROM `hw_judgebg`  [ RunTime:0.0000s ]
SQL: SHOW COLUMNS FROM `hw_topic` [ RunTime:0.0156s ]
SQL: SELECT * FROM `hw_topic` WHERE ( id=1 )  [ RunTime:0.0000s ]
SQL: SELECT * FROM `hw_topic` WHERE ( id=2 )  [ RunTime:0.0000s ]
SQL: SELECT * FROM `hw_topic` WHERE ( id=3 )  [ RunTime:0.0000s ]
SQL: SELECT * FROM `hw_topic` WHERE ( id=4 )  [ RunTime:0.0000s ]
SQL: SELECT * FROM `hw_topic` WHERE ( id=5 )  [ RunTime:0.0000s ]
INFO: [ view_parse ] --START--
INFO: [ template_filter ] --START--
INFO: Run Behavior\ContentReplaceBehavior [ RunTime:0.000000s ]
INFO: [ template_filter ] --END-- [ RunTime:0.000000s ]
INFO: Run Behavior\ParseTemplateBehavior [ RunTime:0.062400s ]
INFO: [ view_parse ] --END-- [ RunTime:0.062400s ]
INFO: [ view_filter ] --START--
INFO: Run Behavior\WriteHtmlCacheBehavior [ RunTime:0.000000s ]
INFO: [ view_filter ] --END-- [ RunTime:0.000000s ]
INFO: [ app_end ] --START--
INFO: Run Behavior\ShowPageTraceBehavior [ RunTime:0.000000s ]
INFO: [ app_end ] --END-- [ RunTime:0.000000s ]

[ 2016-10-31T09:42:25+08:00 ] 220.181.132.199 /index.php/Home/Web/index.html
INFO: [ app_init ] --START--
INFO: Run Behavior\BuildLiteBehavior [ RunTime:0.000000s ]
INFO: [ app_init ] --END-- [ RunTime:0.000000s ]
INFO: [ app_begin ] --START--
INFO: Run Behavior\ReadHtmlCacheBehavior [ RunTime:0.000000s ]
INFO: [ app_begin ] --END-- [ RunTime:0.000000s ]
SQL: SHOW COLUMNS FROM `hw_cate` [ RunTime:0.0000s ]
SQL: SELECT * FROM `hw_cate` ORDER BY sort ASC  [ RunTime:0.0000s ]
SQL: SHOW COLUMNS FROM `hw_top` [ RunTime:0.0156s ]
SQL: SELECT * FROM `hw_top`  [ RunTime:0.0000s ]
SQL: SHOW COLUMNS FROM `hw_footer` [ RunTime:0.0000s ]
SQL: SELECT * FROM `hw_footer`  [ RunTime:0.0000s ]
SQL: SHOW COLUMNS FROM `hw_youlian` [ RunTime:0.0156s ]
SQL: SELECT * FROM `hw_youlian`  [ RunTime:0.0000s ]
SQL: SHOW COLUMNS FROM `hw_banner` [ RunTime:0.0156s ]
SQL: SELECT * FROM `hw_banner`  [ RunTime:0.0000s ]
SQL: SHOW COLUMNS FROM `hw_bnews` [ RunTime:0.0000s ]
SQL: SELECT * FROM `hw_bnews`  [ RunTime:0.0000s ]
SQL: SHOW COLUMNS FROM `hw_expert` [ RunTime:0.0156s ]
NOTIC: [8] Use of undefined constant 豆立宁 - assumed '豆立宁' D:\www\mind\Home\Controller\WebController.class.php 第 42 行.
SQL: SELECT * FROM `hw_expert` WHERE ( name='豆立宁' )  [ RunTime:0.0000s ]
NOTIC: [8] Use of undefined constant 于爽 - assumed '于爽' D:\www\mind\Home\Controller\WebController.class.php 第 45 行.
SQL: SELECT * FROM `hw_expert` WHERE ( name='于爽' )  [ RunTime:0.0000s ]
NOTIC: [8] Use of undefined constant 王焕 - assumed '王焕' D:\www\mind\Home\Controller\WebController.class.php 第 48 行.
SQL: SELECT * FROM `hw_expert` WHERE ( name='王焕' )  [ RunTime:0.0000s ]
SQL: SHOW COLUMNS FROM `hw_aboutus` [ RunTime:0.0156s ]
SQL: SELECT * FROM `hw_aboutus`  [ RunTime:0.0000s ]
SQL: SHOW COLUMNS FROM `hw_service` [ RunTime:0.0000s ]
SQL: SELECT * FROM `hw_service`  [ RunTime:0.0000s ]
SQL: SHOW COLUMNS FROM `hw_judge` [ RunTime:0.0156s ]
SQL: SELECT * FROM `hw_judge`  [ RunTime:0.0000s ]
SQL: SHOW COLUMNS FROM `hw_judgebg` [ RunTime:0.0000s ]
SQL: SELECT * FROM `hw_judgebg`  [ RunTime:0.0000s ]
SQL: SHOW COLUMNS FROM `hw_topic` [ RunTime:0.0156s ]
SQL: SELECT * FROM `hw_topic` WHERE ( id=1 )  [ RunTime:0.0000s ]
SQL: SELECT * FROM `hw_topic` WHERE ( id=2 )  [ RunTime:0.0000s ]
SQL: SELECT * FROM `hw_topic` WHERE ( id=3 )  [ RunTime:0.0000s ]
SQL: SELECT * FROM `hw_topic` WHERE ( id=4 )  [ RunTime:0.0000s ]
SQL: SELECT * FROM `hw_topic` WHERE ( id=5 )  [ RunTime:0.0000s ]
INFO: [ view_parse ] --START--
INFO: [ template_filter ] --START--
INFO: Run Behavior\ContentReplaceBehavior [ RunTime:0.000000s ]
INFO: [ template_filter ] --END-- [ RunTime:0.000000s ]
INFO: Run Behavior\ParseTemplateBehavior [ RunTime:0.062400s ]
INFO: [ view_parse ] --END-- [ RunTime:0.062400s ]
INFO: [ view_filter ] --START--
INFO: Run Behavior\WriteHtmlCacheBehavior [ RunTime:0.000000s ]
INFO: [ view_filter ] --END-- [ RunTime:0.000000s ]
INFO: [ app_end ] --START--
INFO: Run Behavior\ShowPageTraceBehavior [ RunTime:0.000000s ]
INFO: [ app_end ] --END-- [ RunTime:0.000000s ]

[ 2016-10-31T14:28:20+08:00 ] 95.213.184.35 /
INFO: [ app_init ] --START--
INFO: Run Behavior\BuildLiteBehavior [ RunTime:0.000000s ]
INFO: [ app_init ] --END-- [ RunTime:0.000000s ]
INFO: [ app_begin ] --START--
INFO: Run Behavior\ReadHtmlCacheBehavior [ RunTime:0.000000s ]
INFO: [ app_begin ] --END-- [ RunTime:0.000000s ]

[ 2016-10-31T14:28:21+08:00 ] 95.213.184.35 /index.php/Home/Web/index.html
INFO: [ app_init ] --START--
INFO: Run Behavior\BuildLiteBehavior [ RunTime:0.000000s ]
INFO: [ app_init ] --END-- [ RunTime:0.015600s ]
INFO: [ app_begin ] --START--
INFO: Run Behavior\ReadHtmlCacheBehavior [ RunTime:0.000000s ]
INFO: [ app_begin ] --END-- [ RunTime:0.000000s ]
SQL: SHOW COLUMNS FROM `hw_cate` [ RunTime:0.0156s ]
SQL: SELECT * FROM `hw_cate` ORDER BY sort ASC  [ RunTime:0.0000s ]
SQL: SHOW COLUMNS FROM `hw_top` [ RunTime:0.0000s ]
SQL: SELECT * FROM `hw_top`  [ RunTime:0.0000s ]
SQL: SHOW COLUMNS FROM `hw_footer` [ RunTime:0.0156s ]
SQL: SELECT * FROM `hw_footer`  [ RunTime:0.0000s ]
SQL: SHOW COLUMNS FROM `hw_youlian` [ RunTime:0.0156s ]
SQL: SELECT * FROM `hw_youlian`  [ RunTime:0.0000s ]
SQL: SHOW COLUMNS FROM `hw_banner` [ RunTime:0.0000s ]
SQL: SELECT * FROM `hw_banner`  [ RunTime:0.0000s ]
SQL: SHOW COLUMNS FROM `hw_bnews` [ RunTime:0.0156s ]
SQL: SELECT * FROM `hw_bnews`  [ RunTime:0.0000s ]
SQL: SHOW COLUMNS FROM `hw_expert` [ RunTime:0.0000s ]
NOTIC: [8] Use of undefined constant 豆立宁 - assumed '豆立宁' D:\www\mind\Home\Controller\WebController.class.php 第 42 行.
SQL: SELECT * FROM `hw_expert` WHERE ( name='豆立宁' )  [ RunTime:0.0000s ]
NOTIC: [8] Use of undefined constant 于爽 - assumed '于爽' D:\www\mind\Home\Controller\WebController.class.php 第 45 行.
SQL: SELECT * FROM `hw_expert` WHERE ( name='于爽' )  [ RunTime:0.0156s ]
NOTIC: [8] Use of undefined constant 王焕 - assumed '王焕' D:\www\mind\Home\Controller\WebController.class.php 第 48 行.
SQL: SELECT * FROM `hw_expert` WHERE ( name='王焕' )  [ RunTime:0.0000s ]
SQL: SHOW COLUMNS FROM `hw_aboutus` [ RunTime:0.0000s ]
SQL: SELECT * FROM `hw_aboutus`  [ RunTime:0.0000s ]
SQL: SHOW COLUMNS FROM `hw_service` [ RunTime:0.0156s ]
SQL: SELECT * FROM `hw_service`  [ RunTime:0.0000s ]
SQL: SHOW COLUMNS FROM `hw_judge` [ RunTime:0.0000s ]
SQL: SELECT * FROM `hw_judge`  [ RunTime:0.0000s ]
SQL: SHOW COLUMNS FROM `hw_judgebg` [ RunTime:0.0156s ]
SQL: SELECT * FROM `hw_judgebg`  [ RunTime:0.0000s ]
SQL: SHOW COLUMNS FROM `hw_topic` [ RunTime:0.0156s ]
SQL: SELECT * FROM `hw_topic` WHERE ( id=1 )  [ RunTime:0.0000s ]
SQL: SELECT * FROM `hw_topic` WHERE ( id=2 )  [ RunTime:0.0000s ]
SQL: SELECT * FROM `hw_topic` WHERE ( id=3 )  [ RunTime:0.0000s ]
SQL: SELECT * FROM `hw_topic` WHERE ( id=4 )  [ RunTime:0.0000s ]
SQL: SELECT * FROM `hw_topic` WHERE ( id=5 )  [ RunTime:0.0000s ]
INFO: [ view_parse ] --START--
INFO: [ template_filter ] --START--
INFO: Run Behavior\ContentReplaceBehavior [ RunTime:0.000000s ]
INFO: [ template_filter ] --END-- [ RunTime:0.000000s ]
INFO: Run Behavior\ParseTemplateBehavior [ RunTime:0.078000s ]
INFO: [ view_parse ] --END-- [ RunTime:0.078000s ]
INFO: [ view_filter ] --START--
INFO: Run Behavior\WriteHtmlCacheBehavior [ RunTime:0.015600s ]
INFO: [ view_filter ] --END-- [ RunTime:0.015600s ]
INFO: [ app_end ] --START--
INFO: Run Behavior\ShowPageTraceBehavior [ RunTime:0.000000s ]
INFO: [ app_end ] --END-- [ RunTime:0.000000s ]

[ 2016-10-31T20:15:55+08:00 ] 209.128.119.83 /
INFO: [ app_init ] --START--
INFO: Run Behavior\BuildLiteBehavior [ RunTime:0.000000s ]
INFO: [ app_init ] --END-- [ RunTime:0.000000s ]
INFO: [ app_begin ] --START--
INFO: Run Behavior\ReadHtmlCacheBehavior [ RunTime:0.000000s ]
INFO: [ app_begin ] --END-- [ RunTime:0.000000s ]

[ 2016-10-31T20:15:56+08:00 ] 209.128.119.83 /index.php/Home/Web/index.html
INFO: [ app_init ] --START--
INFO: Run Behavior\BuildLiteBehavior [ RunTime:0.000000s ]
INFO: [ app_init ] --END-- [ RunTime:0.000000s ]
INFO: [ app_begin ] --START--
INFO: Run Behavior\ReadHtmlCacheBehavior [ RunTime:0.000000s ]
INFO: [ app_begin ] --END-- [ RunTime:0.000000s ]
SQL: SHOW COLUMNS FROM `hw_cate` [ RunTime:0.0156s ]
SQL: SELECT * FROM `hw_cate` ORDER BY sort ASC  [ RunTime:0.0000s ]
SQL: SHOW COLUMNS FROM `hw_top` [ RunTime:0.0156s ]
SQL: SELECT * FROM `hw_top`  [ RunTime:0.0000s ]
SQL: SHOW COLUMNS FROM `hw_footer` [ RunTime:0.0000s ]
SQL: SELECT * FROM `hw_footer`  [ RunTime:0.0000s ]
SQL: SHOW COLUMNS FROM `hw_youlian` [ RunTime:0.0156s ]
SQL: SELECT * FROM `hw_youlian`  [ RunTime:0.0000s ]
SQL: SHOW COLUMNS FROM `hw_banner` [ RunTime:0.0000s ]
SQL: SELECT * FROM `hw_banner`  [ RunTime:0.0000s ]
SQL: SHOW COLUMNS FROM `hw_bnews` [ RunTime:0.0156s ]
SQL: SELECT * FROM `hw_bnews`  [ RunTime:0.0000s ]
SQL: SHOW COLUMNS FROM `hw_expert` [ RunTime:0.0156s ]
NOTIC: [8] Use of undefined constant 豆立宁 - assumed '豆立宁' D:\www\mind\Home\Controller\WebController.class.php 第 42 行.
SQL: SELECT * FROM `hw_expert` WHERE ( name='豆立宁' )  [ RunTime:0.0000s ]
NOTIC: [8] Use of undefined constant 于爽 - assumed '于爽' D:\www\mind\Home\Controller\WebController.class.php 第 45 行.
SQL: SELECT * FROM `hw_expert` WHERE ( name='于爽' )  [ RunTime:0.0000s ]
NOTIC: [8] Use of undefined constant 王焕 - assumed '王焕' D:\www\mind\Home\Controller\WebController.class.php 第 48 行.
SQL: SELECT * FROM `hw_expert` WHERE ( name='王焕' )  [ RunTime:0.0000s ]
SQL: SHOW COLUMNS FROM `hw_aboutus` [ RunTime:0.0000s ]
SQL: SELECT * FROM `hw_aboutus`  [ RunTime:0.0000s ]
SQL: SHOW COLUMNS FROM `hw_service` [ RunTime:0.0156s ]
SQL: SELECT * FROM `hw_service`  [ RunTime:0.0000s ]
SQL: SHOW COLUMNS FROM `hw_judge` [ RunTime:0.0156s ]
SQL: SELECT * FROM `hw_judge`  [ RunTime:0.0000s ]
SQL: SHOW COLUMNS FROM `hw_judgebg` [ RunTime:0.0000s ]
SQL: SELECT * FROM `hw_judgebg`  [ RunTime:0.0000s ]
SQL: SHOW COLUMNS FROM `hw_topic` [ RunTime:0.0156s ]
SQL: SELECT * FROM `hw_topic` WHERE ( id=1 )  [ RunTime:0.0000s ]
SQL: SELECT * FROM `hw_topic` WHERE ( id=2 )  [ RunTime:0.0000s ]
SQL: SELECT * FROM `hw_topic` WHERE ( id=3 )  [ RunTime:0.0000s ]
SQL: SELECT * FROM `hw_topic` WHERE ( id=4 )  [ RunTime:0.0000s ]
SQL: SELECT * FROM `hw_topic` WHERE ( id=5 )  [ RunTime:0.0000s ]
INFO: [ view_parse ] --START--
INFO: [ template_filter ] --START--
INFO: Run Behavior\ContentReplaceBehavior [ RunTime:0.000000s ]
INFO: [ template_filter ] --END-- [ RunTime:0.000000s ]
INFO: Run Behavior\ParseTemplateBehavior [ RunTime:0.093600s ]
INFO: [ view_parse ] --END-- [ RunTime:0.093600s ]
INFO: [ view_filter ] --START--
INFO: Run Behavior\WriteHtmlCacheBehavior [ RunTime:0.000000s ]
INFO: [ view_filter ] --END-- [ RunTime:0.000000s ]
INFO: [ app_end ] --START--
INFO: Run Behavior\ShowPageTraceBehavior [ RunTime:0.000000s ]
INFO: [ app_end ] --END-- [ RunTime:0.000000s ]

