[ 2016-12-09T02:01:23+08:00 ] 123.125.71.79 /
INFO: [ app_init ] --START--
INFO: Run Behavior\BuildLiteBehavior [ RunTime:0.000000s ]
INFO: [ app_init ] --END-- [ RunTime:0.000000s ]
INFO: [ app_begin ] --START--
INFO: Run Behavior\ReadHtmlCacheBehavior [ RunTime:0.000000s ]
INFO: [ app_begin ] --END-- [ RunTime:0.000000s ]

[ 2016-12-09T02:01:23+08:00 ] 123.125.71.102 /index.php/Home/Web/index.html
INFO: [ app_init ] --START--
INFO: Run Behavior\BuildLiteBehavior [ RunTime:0.000000s ]
INFO: [ app_init ] --END-- [ RunTime:0.000000s ]
INFO: [ app_begin ] --START--
INFO: Run Behavior\ReadHtmlCacheBehavior [ RunTime:0.000000s ]
INFO: [ app_begin ] --END-- [ RunTime:0.000000s ]
SQL: SHOW COLUMNS FROM `hw_cate` [ RunTime:0.0000s ]
SQL: SELECT * FROM `hw_cate` ORDER BY sort ASC  [ RunTime:0.0000s ]
SQL: SHOW COLUMNS FROM `hw_top` [ RunTime:0.0000s ]
SQL: SELECT * FROM `hw_top`  [ RunTime:0.0000s ]
SQL: SHOW COLUMNS FROM `hw_footer` [ RunTime:0.0156s ]
SQL: SELECT * FROM `hw_footer`  [ RunTime:0.0000s ]
SQL: SHOW COLUMNS FROM `hw_youlian` [ RunTime:0.0000s ]
SQL: SELECT * FROM `hw_youlian`  [ RunTime:0.0000s ]
SQL: SHOW COLUMNS FROM `hw_banner` [ RunTime:0.0156s ]
SQL: SELECT * FROM `hw_banner`  [ RunTime:0.0000s ]
SQL: SHOW COLUMNS FROM `hw_bnews` [ RunTime:0.0000s ]
SQL: SELECT * FROM `hw_bnews`  [ RunTime:0.0156s ]
SQL: SHOW COLUMNS FROM `hw_news` [ RunTime:0.0000s ]
SQL: SELECT * FROM `hw_news` ORDER BY time desc LIMIT 2   [ RunTime:0.0000s ]
SQL: SHOW COLUMNS FROM `hw_newst` [ RunTime:0.0156s ]
SQL: SELECT * FROM `hw_newst` ORDER BY time desc LIMIT 2   [ RunTime:0.0000s ]
SQL: SHOW COLUMNS FROM `hw_expert` [ RunTime:0.0000s ]
NOTIC: [8] Use of undefined constant 豆立宁 - assumed '豆立宁' D:\www\mind\Home\Controller\WebController.class.php 第 51 行.
SQL: SELECT * FROM `hw_expert` WHERE ( name='豆立宁' )  [ RunTime:0.0156s ]
NOTIC: [8] Use of undefined constant 于爽 - assumed '于爽' D:\www\mind\Home\Controller\WebController.class.php 第 54 行.
SQL: SELECT * FROM `hw_expert` WHERE ( name='于爽' )  [ RunTime:0.0000s ]
NOTIC: [8] Use of undefined constant 王焕 - assumed '王焕' D:\www\mind\Home\Controller\WebController.class.php 第 57 行.
SQL: SELECT * FROM `hw_expert` WHERE ( name='王焕' )  [ RunTime:0.0000s ]
SQL: SHOW COLUMNS FROM `hw_aboutus` [ RunTime:0.0000s ]
SQL: SELECT * FROM `hw_aboutus`  [ RunTime:0.0000s ]
SQL: SHOW COLUMNS FROM `hw_service` [ RunTime:0.0156s ]
SQL: SELECT * FROM `hw_service`  [ RunTime:0.0000s ]
SQL: SHOW COLUMNS FROM `hw_judge` [ RunTime:0.0000s ]
SQL: SELECT * FROM `hw_judge`  [ RunTime:0.0000s ]
SQL: SHOW COLUMNS FROM `hw_judgebg` [ RunTime:0.0156s ]
SQL: SELECT * FROM `hw_judgebg`  [ RunTime:0.0000s ]
SQL: SHOW COLUMNS FROM `hw_topic` [ RunTime:0.0156s ]
SQL: SELECT * FROM `hw_topic` WHERE ( id=1 )  [ RunTime:0.0000s ]
SQL: SELECT * FROM `hw_topic` WHERE ( id=2 )  [ RunTime:0.0000s ]
SQL: SELECT * FROM `hw_topic` WHERE ( id=3 )  [ RunTime:0.0000s ]
SQL: SELECT * FROM `hw_topic` WHERE ( id=4 )  [ RunTime:0.0000s ]
SQL: SELECT * FROM `hw_topic` WHERE ( id=5 )  [ RunTime:0.0000s ]
INFO: [ view_parse ] --START--
INFO: [ template_filter ] --START--
INFO: Run Behavior\ContentReplaceBehavior [ RunTime:0.000000s ]
INFO: [ template_filter ] --END-- [ RunTime:0.000000s ]
INFO: Run Behavior\ParseTemplateBehavior [ RunTime:0.046800s ]
INFO: [ view_parse ] --END-- [ RunTime:0.046800s ]
INFO: [ view_filter ] --START--
INFO: Run Behavior\WriteHtmlCacheBehavior [ RunTime:0.000000s ]
INFO: [ view_filter ] --END-- [ RunTime:0.000000s ]
INFO: [ app_end ] --START--
INFO: Run Behavior\ShowPageTraceBehavior [ RunTime:0.000000s ]
INFO: [ app_end ] --END-- [ RunTime:0.000000s ]

[ 2016-12-09T04:11:20+08:00 ] 121.42.0.56 /
INFO: [ app_init ] --START--
INFO: Run Behavior\BuildLiteBehavior [ RunTime:0.000000s ]
INFO: [ app_init ] --END-- [ RunTime:0.000000s ]
INFO: [ app_begin ] --START--
INFO: Run Behavior\ReadHtmlCacheBehavior [ RunTime:0.000000s ]
INFO: [ app_begin ] --END-- [ RunTime:0.000000s ]

[ 2016-12-09T04:11:21+08:00 ] 121.42.0.56 /index.php/Home/Web/index.html
INFO: [ app_init ] --START--
INFO: Run Behavior\BuildLiteBehavior [ RunTime:0.015600s ]
INFO: [ app_init ] --END-- [ RunTime:0.015600s ]
INFO: [ app_begin ] --START--
INFO: Run Behavior\ReadHtmlCacheBehavior [ RunTime:0.000000s ]
INFO: [ app_begin ] --END-- [ RunTime:0.000000s ]
SQL: SHOW COLUMNS FROM `hw_cate` [ RunTime:0.0156s ]
SQL: SELECT * FROM `hw_cate` ORDER BY sort ASC  [ RunTime:0.0000s ]
SQL: SHOW COLUMNS FROM `hw_top` [ RunTime:0.0000s ]
SQL: SELECT * FROM `hw_top`  [ RunTime:0.0156s ]
SQL: SHOW COLUMNS FROM `hw_footer` [ RunTime:0.0000s ]
SQL: SELECT * FROM `hw_footer`  [ RunTime:0.0000s ]
SQL: SHOW COLUMNS FROM `hw_youlian` [ RunTime:0.0156s ]
SQL: SELECT * FROM `hw_youlian`  [ RunTime:0.0000s ]
SQL: SHOW COLUMNS FROM `hw_banner` [ RunTime:0.0000s ]
SQL: SELECT * FROM `hw_banner`  [ RunTime:0.0000s ]
SQL: SHOW COLUMNS FROM `hw_bnews` [ RunTime:0.0156s ]
SQL: SELECT * FROM `hw_bnews`  [ RunTime:0.0000s ]
SQL: SHOW COLUMNS FROM `hw_news` [ RunTime:0.0156s ]
SQL: SELECT * FROM `hw_news` ORDER BY time desc LIMIT 2   [ RunTime:0.0000s ]
SQL: SHOW COLUMNS FROM `hw_newst` [ RunTime:0.0000s ]
SQL: SELECT * FROM `hw_newst` ORDER BY time desc LIMIT 2   [ RunTime:0.0000s ]
SQL: SHOW COLUMNS FROM `hw_expert` [ RunTime:0.0156s ]
NOTIC: [8] Use of undefined constant 豆立宁 - assumed '豆立宁' D:\www\mind\Home\Controller\WebController.class.php 第 51 行.
SQL: SELECT * FROM `hw_expert` WHERE ( name='豆立宁' )  [ RunTime:0.0000s ]
NOTIC: [8] Use of undefined constant 于爽 - assumed '于爽' D:\www\mind\Home\Controller\WebController.class.php 第 54 行.
SQL: SELECT * FROM `hw_expert` WHERE ( name='于爽' )  [ RunTime:0.0000s ]
NOTIC: [8] Use of undefined constant 王焕 - assumed '王焕' D:\www\mind\Home\Controller\WebController.class.php 第 57 行.
SQL: SELECT * FROM `hw_expert` WHERE ( name='王焕' )  [ RunTime:0.0000s ]
SQL: SHOW COLUMNS FROM `hw_aboutus` [ RunTime:0.0156s ]
SQL: SELECT * FROM `hw_aboutus`  [ RunTime:0.0000s ]
SQL: SHOW COLUMNS FROM `hw_service` [ RunTime:0.0000s ]
SQL: SELECT * FROM `hw_service`  [ RunTime:0.0000s ]
SQL: SHOW COLUMNS FROM `hw_judge` [ RunTime:0.0156s ]
SQL: SELECT * FROM `hw_judge`  [ RunTime:0.0000s ]
SQL: SHOW COLUMNS FROM `hw_judgebg` [ RunTime:0.0000s ]
SQL: SELECT * FROM `hw_judgebg`  [ RunTime:0.0000s ]
SQL: SHOW COLUMNS FROM `hw_topic` [ RunTime:0.0156s ]
SQL: SELECT * FROM `hw_topic` WHERE ( id=1 )  [ RunTime:0.0000s ]
SQL: SELECT * FROM `hw_topic` WHERE ( id=2 )  [ RunTime:0.0000s ]
SQL: SELECT * FROM `hw_topic` WHERE ( id=3 )  [ RunTime:0.0000s ]
SQL: SELECT * FROM `hw_topic` WHERE ( id=4 )  [ RunTime:0.0000s ]
SQL: SELECT * FROM `hw_topic` WHERE ( id=5 )  [ RunTime:0.0000s ]
INFO: [ view_parse ] --START--
INFO: [ template_filter ] --START--
INFO: Run Behavior\ContentReplaceBehavior [ RunTime:0.000000s ]
INFO: [ template_filter ] --END-- [ RunTime:0.000000s ]
INFO: Run Behavior\ParseTemplateBehavior [ RunTime:0.093600s ]
INFO: [ view_parse ] --END-- [ RunTime:0.093600s ]
INFO: [ view_filter ] --START--
INFO: Run Behavior\WriteHtmlCacheBehavior [ RunTime:0.000000s ]
INFO: [ view_filter ] --END-- [ RunTime:0.000000s ]
INFO: [ app_end ] --START--
INFO: Run Behavior\ShowPageTraceBehavior [ RunTime:0.000000s ]
INFO: [ app_end ] --END-- [ RunTime:0.000000s ]

[ 2016-12-09T04:11:29+08:00 ] 121.42.0.62 /
INFO: [ app_init ] --START--
INFO: Run Behavior\BuildLiteBehavior [ RunTime:0.000000s ]
INFO: [ app_init ] --END-- [ RunTime:0.000000s ]
INFO: [ app_begin ] --START--
INFO: Run Behavior\ReadHtmlCacheBehavior [ RunTime:0.000000s ]
INFO: [ app_begin ] --END-- [ RunTime:0.000000s ]

[ 2016-12-09T04:11:30+08:00 ] 121.42.0.62 /index.php/Home/Web/index.html
INFO: [ app_init ] --START--
INFO: Run Behavior\BuildLiteBehavior [ RunTime:0.000000s ]
INFO: [ app_init ] --END-- [ RunTime:0.000000s ]
INFO: [ app_begin ] --START--
INFO: Run Behavior\ReadHtmlCacheBehavior [ RunTime:0.000000s ]
INFO: [ app_begin ] --END-- [ RunTime:0.000000s ]
SQL: SHOW COLUMNS FROM `hw_cate` [ RunTime:0.0000s ]
SQL: SELECT * FROM `hw_cate` ORDER BY sort ASC  [ RunTime:0.0000s ]
SQL: SHOW COLUMNS FROM `hw_top` [ RunTime:0.0156s ]
SQL: SELECT * FROM `hw_top`  [ RunTime:0.0000s ]
SQL: SHOW COLUMNS FROM `hw_footer` [ RunTime:0.0000s ]
SQL: SELECT * FROM `hw_footer`  [ RunTime:0.0000s ]
SQL: SHOW COLUMNS FROM `hw_youlian` [ RunTime:0.0000s ]
SQL: SELECT * FROM `hw_youlian`  [ RunTime:0.0000s ]
SQL: SHOW COLUMNS FROM `hw_banner` [ RunTime:0.0156s ]
SQL: SELECT * FROM `hw_banner`  [ RunTime:0.0000s ]
SQL: SHOW COLUMNS FROM `hw_bnews` [ RunTime:0.0000s ]
SQL: SELECT * FROM `hw_bnews`  [ RunTime:0.0000s ]
SQL: SHOW COLUMNS FROM `hw_news` [ RunTime:0.0156s ]
SQL: SELECT * FROM `hw_news` ORDER BY time desc LIMIT 2   [ RunTime:0.0000s ]
SQL: SHOW COLUMNS FROM `hw_newst` [ RunTime:0.0000s ]
SQL: SELECT * FROM `hw_newst` ORDER BY time desc LIMIT 2   [ RunTime:0.0156s ]
SQL: SHOW COLUMNS FROM `hw_expert` [ RunTime:0.0000s ]
NOTIC: [8] Use of undefined constant 豆立宁 - assumed '豆立宁' D:\www\mind\Home\Controller\WebController.class.php 第 51 行.
SQL: SELECT * FROM `hw_expert` WHERE ( name='豆立宁' )  [ RunTime:0.0000s ]
NOTIC: [8] Use of undefined constant 于爽 - assumed '于爽' D:\www\mind\Home\Controller\WebController.class.php 第 54 行.
SQL: SELECT * FROM `hw_expert` WHERE ( name='于爽' )  [ RunTime:0.0000s ]
NOTIC: [8] Use of undefined constant 王焕 - assumed '王焕' D:\www\mind\Home\Controller\WebController.class.php 第 57 行.
SQL: SELECT * FROM `hw_expert` WHERE ( name='王焕' )  [ RunTime:0.0000s ]
SQL: SHOW COLUMNS FROM `hw_aboutus` [ RunTime:0.0156s ]
SQL: SELECT * FROM `hw_aboutus`  [ RunTime:0.0000s ]
SQL: SHOW COLUMNS FROM `hw_service` [ RunTime:0.0000s ]
SQL: SELECT * FROM `hw_service`  [ RunTime:0.0000s ]
SQL: SHOW COLUMNS FROM `hw_judge` [ RunTime:0.0156s ]
SQL: SELECT * FROM `hw_judge`  [ RunTime:0.0000s ]
SQL: SHOW COLUMNS FROM `hw_judgebg` [ RunTime:0.0156s ]
SQL: SELECT * FROM `hw_judgebg`  [ RunTime:0.0000s ]
SQL: SHOW COLUMNS FROM `hw_topic` [ RunTime:0.0000s ]
SQL: SELECT * FROM `hw_topic` WHERE ( id=1 )  [ RunTime:0.0000s ]
SQL: SELECT * FROM `hw_topic` WHERE ( id=2 )  [ RunTime:0.0000s ]
SQL: SELECT * FROM `hw_topic` WHERE ( id=3 )  [ RunTime:0.0000s ]
SQL: SELECT * FROM `hw_topic` WHERE ( id=4 )  [ RunTime:0.0000s ]
SQL: SELECT * FROM `hw_topic` WHERE ( id=5 )  [ RunTime:0.0000s ]
INFO: [ view_parse ] --START--
INFO: [ template_filter ] --START--
INFO: Run Behavior\ContentReplaceBehavior [ RunTime:0.000000s ]
INFO: [ template_filter ] --END-- [ RunTime:0.000000s ]
INFO: Run Behavior\ParseTemplateBehavior [ RunTime:0.078000s ]
INFO: [ view_parse ] --END-- [ RunTime:0.078000s ]
INFO: [ view_filter ] --START--
INFO: Run Behavior\WriteHtmlCacheBehavior [ RunTime:0.000000s ]
INFO: [ view_filter ] --END-- [ RunTime:0.000000s ]
INFO: [ app_end ] --START--
INFO: Run Behavior\ShowPageTraceBehavior [ RunTime:0.000000s ]
INFO: [ app_end ] --END-- [ RunTime:0.000000s ]

[ 2016-12-09T07:19:32+08:00 ] 42.236.10.100 /
INFO: [ app_init ] --START--
INFO: Run Behavior\BuildLiteBehavior [ RunTime:0.000000s ]
INFO: [ app_init ] --END-- [ RunTime:0.000000s ]
INFO: [ app_begin ] --START--
INFO: Run Behavior\ReadHtmlCacheBehavior [ RunTime:0.000000s ]
INFO: [ app_begin ] --END-- [ RunTime:0.000000s ]

[ 2016-12-09T07:19:34+08:00 ] 42.236.10.100 /index.php/Home/Web/index.html
INFO: [ app_init ] --START--
INFO: Run Behavior\BuildLiteBehavior [ RunTime:0.000000s ]
INFO: [ app_init ] --END-- [ RunTime:0.000000s ]
INFO: [ app_begin ] --START--
INFO: Run Behavior\ReadHtmlCacheBehavior [ RunTime:0.000000s ]
INFO: [ app_begin ] --END-- [ RunTime:0.000000s ]
SQL: SHOW COLUMNS FROM `hw_cate` [ RunTime:0.0156s ]
SQL: SELECT * FROM `hw_cate` ORDER BY sort ASC  [ RunTime:0.0000s ]
SQL: SHOW COLUMNS FROM `hw_top` [ RunTime:0.0000s ]
SQL: SELECT * FROM `hw_top`  [ RunTime:0.0000s ]
SQL: SHOW COLUMNS FROM `hw_footer` [ RunTime:0.0156s ]
SQL: SELECT * FROM `hw_footer`  [ RunTime:0.0000s ]
SQL: SHOW COLUMNS FROM `hw_youlian` [ RunTime:0.0156s ]
SQL: SELECT * FROM `hw_youlian`  [ RunTime:0.0000s ]
SQL: SHOW COLUMNS FROM `hw_banner` [ RunTime:0.0000s ]
SQL: SELECT * FROM `hw_banner`  [ RunTime:0.0000s ]
SQL: SHOW COLUMNS FROM `hw_bnews` [ RunTime:0.0156s ]
SQL: SELECT * FROM `hw_bnews`  [ RunTime:0.0000s ]
SQL: SHOW COLUMNS FROM `hw_news` [ RunTime:0.0000s ]
SQL: SELECT * FROM `hw_news` ORDER BY time desc LIMIT 2   [ RunTime:0.0000s ]
SQL: SHOW COLUMNS FROM `hw_newst` [ RunTime:0.0000s ]
SQL: SELECT * FROM `hw_newst` ORDER BY time desc LIMIT 2   [ RunTime:0.0000s ]
SQL: SHOW COLUMNS FROM `hw_expert` [ RunTime:0.0156s ]
NOTIC: [8] Use of undefined constant 豆立宁 - assumed '豆立宁' D:\www\mind\Home\Controller\WebController.class.php 第 51 行.
SQL: SELECT * FROM `hw_expert` WHERE ( name='豆立宁' )  [ RunTime:0.0000s ]
NOTIC: [8] Use of undefined constant 于爽 - assumed '于爽' D:\www\mind\Home\Controller\WebController.class.php 第 54 行.
SQL: SELECT * FROM `hw_expert` WHERE ( name='于爽' )  [ RunTime:0.0000s ]
NOTIC: [8] Use of undefined constant 王焕 - assumed '王焕' D:\www\mind\Home\Controller\WebController.class.php 第 57 行.
SQL: SELECT * FROM `hw_expert` WHERE ( name='王焕' )  [ RunTime:0.0000s ]
SQL: SHOW COLUMNS FROM `hw_aboutus` [ RunTime:0.0000s ]
SQL: SELECT * FROM `hw_aboutus`  [ RunTime:0.0156s ]
SQL: SHOW COLUMNS FROM `hw_service` [ RunTime:0.0000s ]
SQL: SELECT * FROM `hw_service`  [ RunTime:0.0000s ]
SQL: SHOW COLUMNS FROM `hw_judge` [ RunTime:0.0156s ]
SQL: SELECT * FROM `hw_judge`  [ RunTime:0.0000s ]
SQL: SHOW COLUMNS FROM `hw_judgebg` [ RunTime:0.0000s ]
SQL: SELECT * FROM `hw_judgebg`  [ RunTime:0.0000s ]
SQL: SHOW COLUMNS FROM `hw_topic` [ RunTime:0.0156s ]
SQL: SELECT * FROM `hw_topic` WHERE ( id=1 )  [ RunTime:0.0000s ]
SQL: SELECT * FROM `hw_topic` WHERE ( id=2 )  [ RunTime:0.0000s ]
SQL: SELECT * FROM `hw_topic` WHERE ( id=3 )  [ RunTime:0.0000s ]
SQL: SELECT * FROM `hw_topic` WHERE ( id=4 )  [ RunTime:0.0000s ]
SQL: SELECT * FROM `hw_topic` WHERE ( id=5 )  [ RunTime:0.0000s ]
INFO: [ view_parse ] --START--
INFO: [ template_filter ] --START--
INFO: Run Behavior\ContentReplaceBehavior [ RunTime:0.000000s ]
INFO: [ template_filter ] --END-- [ RunTime:0.000000s ]
INFO: Run Behavior\ParseTemplateBehavior [ RunTime:0.093600s ]
INFO: [ view_parse ] --END-- [ RunTime:0.093600s ]
INFO: [ view_filter ] --START--
INFO: Run Behavior\WriteHtmlCacheBehavior [ RunTime:0.000000s ]
INFO: [ view_filter ] --END-- [ RunTime:0.000000s ]
INFO: [ app_end ] --START--
INFO: Run Behavior\ShowPageTraceBehavior [ RunTime:0.000000s ]
INFO: [ app_end ] --END-- [ RunTime:0.000000s ]

[ 2016-12-09T08:19:03+08:00 ] 157.55.39.161 /
INFO: [ app_init ] --START--
INFO: Run Behavior\BuildLiteBehavior [ RunTime:0.000000s ]
INFO: [ app_init ] --END-- [ RunTime:0.000000s ]
INFO: [ app_begin ] --START--
INFO: Run Behavior\ReadHtmlCacheBehavior [ RunTime:0.015600s ]
INFO: [ app_begin ] --END-- [ RunTime:0.015600s ]

[ 2016-12-09T09:33:29+08:00 ] 157.55.39.161 /
INFO: [ app_init ] --START--
INFO: Run Behavior\BuildLiteBehavior [ RunTime:0.000000s ]
INFO: [ app_init ] --END-- [ RunTime:0.000000s ]
INFO: [ app_begin ] --START--
INFO: Run Behavior\ReadHtmlCacheBehavior [ RunTime:0.015600s ]
INFO: [ app_begin ] --END-- [ RunTime:0.015600s ]

[ 2016-12-09T12:14:50+08:00 ] 123.126.113.94 /index.php/Home/Web/index.html
INFO: [ app_init ] --START--
INFO: Run Behavior\BuildLiteBehavior [ RunTime:0.000000s ]
INFO: [ app_init ] --END-- [ RunTime:0.000000s ]
INFO: [ app_begin ] --START--
INFO: Run Behavior\ReadHtmlCacheBehavior [ RunTime:0.015600s ]
INFO: [ app_begin ] --END-- [ RunTime:0.015600s ]
SQL: SHOW COLUMNS FROM `hw_cate` [ RunTime:0.0000s ]
SQL: SELECT * FROM `hw_cate` ORDER BY sort ASC  [ RunTime:0.0156s ]
SQL: SHOW COLUMNS FROM `hw_top` [ RunTime:0.0000s ]
SQL: SELECT * FROM `hw_top`  [ RunTime:0.0000s ]
SQL: SHOW COLUMNS FROM `hw_footer` [ RunTime:0.0156s ]
SQL: SELECT * FROM `hw_footer`  [ RunTime:0.0000s ]
SQL: SHOW COLUMNS FROM `hw_youlian` [ RunTime:0.0000s ]
SQL: SELECT * FROM `hw_youlian`  [ RunTime:0.0156s ]
SQL: SHOW COLUMNS FROM `hw_banner` [ RunTime:0.0000s ]
SQL: SELECT * FROM `hw_banner`  [ RunTime:0.0000s ]
SQL: SHOW COLUMNS FROM `hw_bnews` [ RunTime:0.0156s ]
SQL: SELECT * FROM `hw_bnews`  [ RunTime:0.0000s ]
SQL: SHOW COLUMNS FROM `hw_news` [ RunTime:0.0000s ]
SQL: SELECT * FROM `hw_news` ORDER BY time desc LIMIT 2   [ RunTime:0.0000s ]
SQL: SHOW COLUMNS FROM `hw_newst` [ RunTime:0.0156s ]
SQL: SELECT * FROM `hw_newst` ORDER BY time desc LIMIT 2   [ RunTime:0.0000s ]
SQL: SHOW COLUMNS FROM `hw_expert` [ RunTime:0.0156s ]
NOTIC: [8] Use of undefined constant 豆立宁 - assumed '豆立宁' D:\www\mind\Home\Controller\WebController.class.php 第 51 行.
SQL: SELECT * FROM `hw_expert` WHERE ( name='豆立宁' )  [ RunTime:0.0000s ]
NOTIC: [8] Use of undefined constant 于爽 - assumed '于爽' D:\www\mind\Home\Controller\WebController.class.php 第 54 行.
SQL: SELECT * FROM `hw_expert` WHERE ( name='于爽' )  [ RunTime:0.0000s ]
NOTIC: [8] Use of undefined constant 王焕 - assumed '王焕' D:\www\mind\Home\Controller\WebController.class.php 第 57 行.
SQL: SELECT * FROM `hw_expert` WHERE ( name='王焕' )  [ RunTime:0.0000s ]
SQL: SHOW COLUMNS FROM `hw_aboutus` [ RunTime:0.0000s ]
SQL: SELECT * FROM `hw_aboutus`  [ RunTime:0.0000s ]
SQL: SHOW COLUMNS FROM `hw_service` [ RunTime:0.0156s ]
SQL: SELECT * FROM `hw_service`  [ RunTime:0.0000s ]
SQL: SHOW COLUMNS FROM `hw_judge` [ RunTime:0.0156s ]
SQL: SELECT * FROM `hw_judge`  [ RunTime:0.0000s ]
SQL: SHOW COLUMNS FROM `hw_judgebg` [ RunTime:0.0000s ]
SQL: SELECT * FROM `hw_judgebg`  [ RunTime:0.0000s ]
SQL: SHOW COLUMNS FROM `hw_topic` [ RunTime:0.0156s ]
SQL: SELECT * FROM `hw_topic` WHERE ( id=1 )  [ RunTime:0.0000s ]
SQL: SELECT * FROM `hw_topic` WHERE ( id=2 )  [ RunTime:0.0000s ]
SQL: SELECT * FROM `hw_topic` WHERE ( id=3 )  [ RunTime:0.0000s ]
SQL: SELECT * FROM `hw_topic` WHERE ( id=4 )  [ RunTime:0.0000s ]
SQL: SELECT * FROM `hw_topic` WHERE ( id=5 )  [ RunTime:0.0000s ]
INFO: [ view_parse ] --START--
INFO: [ template_filter ] --START--
INFO: Run Behavior\ContentReplaceBehavior [ RunTime:0.000000s ]
INFO: [ template_filter ] --END-- [ RunTime:0.000000s ]
INFO: Run Behavior\ParseTemplateBehavior [ RunTime:0.093600s ]
INFO: [ view_parse ] --END-- [ RunTime:0.093600s ]
INFO: [ view_filter ] --START--
INFO: Run Behavior\WriteHtmlCacheBehavior [ RunTime:0.000000s ]
INFO: [ view_filter ] --END-- [ RunTime:0.000000s ]
INFO: [ app_end ] --START--
INFO: Run Behavior\ShowPageTraceBehavior [ RunTime:0.000000s ]
INFO: [ app_end ] --END-- [ RunTime:0.000000s ]

[ 2016-12-09T12:15:00+08:00 ] 123.126.113.94 /
INFO: [ app_init ] --START--
INFO: Run Behavior\BuildLiteBehavior [ RunTime:0.000000s ]
INFO: [ app_init ] --END-- [ RunTime:0.000000s ]
INFO: [ app_begin ] --START--
INFO: Run Behavior\ReadHtmlCacheBehavior [ RunTime:0.000000s ]
INFO: [ app_begin ] --END-- [ RunTime:0.000000s ]

[ 2016-12-09T12:15:11+08:00 ] 123.126.113.94 /index.php/Home/Web/index.html
INFO: [ app_init ] --START--
INFO: Run Behavior\BuildLiteBehavior [ RunTime:0.000000s ]
INFO: [ app_init ] --END-- [ RunTime:0.000000s ]
INFO: [ app_begin ] --START--
INFO: Run Behavior\ReadHtmlCacheBehavior [ RunTime:0.000000s ]
INFO: [ app_begin ] --END-- [ RunTime:0.000000s ]
SQL: SHOW COLUMNS FROM `hw_cate` [ RunTime:0.0000s ]
SQL: SELECT * FROM `hw_cate` ORDER BY sort ASC  [ RunTime:0.0000s ]
SQL: SHOW COLUMNS FROM `hw_top` [ RunTime:0.0156s ]
SQL: SELECT * FROM `hw_top`  [ RunTime:0.0000s ]
SQL: SHOW COLUMNS FROM `hw_footer` [ RunTime:0.0156s ]
SQL: SELECT * FROM `hw_footer`  [ RunTime:0.0000s ]
SQL: SHOW COLUMNS FROM `hw_youlian` [ RunTime:0.0000s ]
SQL: SELECT * FROM `hw_youlian`  [ RunTime:0.0000s ]
SQL: SHOW COLUMNS FROM `hw_banner` [ RunTime:0.0156s ]
SQL: SELECT * FROM `hw_banner`  [ RunTime:0.0000s ]
SQL: SHOW COLUMNS FROM `hw_bnews` [ RunTime:0.0000s ]
SQL: SELECT * FROM `hw_bnews`  [ RunTime:0.0000s ]
SQL: SHOW COLUMNS FROM `hw_news` [ RunTime:0.0156s ]
SQL: SELECT * FROM `hw_news` ORDER BY time desc LIMIT 2   [ RunTime:0.0000s ]
SQL: SHOW COLUMNS FROM `hw_newst` [ RunTime:0.0156s ]
SQL: SELECT * FROM `hw_newst` ORDER BY time desc LIMIT 2   [ RunTime:0.0000s ]
SQL: SHOW COLUMNS FROM `hw_expert` [ RunTime:0.0000s ]
NOTIC: [8] Use of undefined constant 豆立宁 - assumed '豆立宁' D:\www\mind\Home\Controller\WebController.class.php 第 51 行.
SQL: SELECT * FROM `hw_expert` WHERE ( name='豆立宁' )  [ RunTime:0.0000s ]
NOTIC: [8] Use of undefined constant 于爽 - assumed '于爽' D:\www\mind\Home\Controller\WebController.class.php 第 54 行.
SQL: SELECT * FROM `hw_expert` WHERE ( name='于爽' )  [ RunTime:0.0000s ]
NOTIC: [8] Use of undefined constant 王焕 - assumed '王焕' D:\www\mind\Home\Controller\WebController.class.php 第 57 行.
SQL: SELECT * FROM `hw_expert` WHERE ( name='王焕' )  [ RunTime:0.0000s ]
SQL: SHOW COLUMNS FROM `hw_aboutus` [ RunTime:0.0156s ]
SQL: SELECT * FROM `hw_aboutus`  [ RunTime:0.0000s ]
SQL: SHOW COLUMNS FROM `hw_service` [ RunTime:0.0156s ]
SQL: SELECT * FROM `hw_service`  [ RunTime:0.0000s ]
SQL: SHOW COLUMNS FROM `hw_judge` [ RunTime:0.0000s ]
SQL: SELECT * FROM `hw_judge`  [ RunTime:0.0000s ]
SQL: SHOW COLUMNS FROM `hw_judgebg` [ RunTime:0.0156s ]
SQL: SELECT * FROM `hw_judgebg`  [ RunTime:0.0000s ]
SQL: SHOW COLUMNS FROM `hw_topic` [ RunTime:0.0000s ]
SQL: SELECT * FROM `hw_topic` WHERE ( id=1 )  [ RunTime:0.0000s ]
SQL: SELECT * FROM `hw_topic` WHERE ( id=2 )  [ RunTime:0.0000s ]
SQL: SELECT * FROM `hw_topic` WHERE ( id=3 )  [ RunTime:0.0000s ]
SQL: SELECT * FROM `hw_topic` WHERE ( id=4 )  [ RunTime:0.0156s ]
SQL: SELECT * FROM `hw_topic` WHERE ( id=5 )  [ RunTime:0.0000s ]
INFO: [ view_parse ] --START--
INFO: [ template_filter ] --START--
INFO: Run Behavior\ContentReplaceBehavior [ RunTime:0.000000s ]
INFO: [ template_filter ] --END-- [ RunTime:0.000000s ]
INFO: Run Behavior\ParseTemplateBehavior [ RunTime:0.062400s ]
INFO: [ view_parse ] --END-- [ RunTime:0.062400s ]
INFO: [ view_filter ] --START--
INFO: Run Behavior\WriteHtmlCacheBehavior [ RunTime:0.000000s ]
INFO: [ view_filter ] --END-- [ RunTime:0.000000s ]
INFO: [ app_end ] --START--
INFO: Run Behavior\ShowPageTraceBehavior [ RunTime:0.000000s ]
INFO: [ app_end ] --END-- [ RunTime:0.000000s ]

[ 2016-12-09T17:21:12+08:00 ] 157.55.39.199 /index.php/Home/Web/expert.html
INFO: [ app_init ] --START--
INFO: Run Behavior\BuildLiteBehavior [ RunTime:0.000000s ]
INFO: [ app_init ] --END-- [ RunTime:0.000000s ]
INFO: [ app_begin ] --START--
INFO: Run Behavior\ReadHtmlCacheBehavior [ RunTime:0.000000s ]
INFO: [ app_begin ] --END-- [ RunTime:0.000000s ]
SQL: SHOW COLUMNS FROM `hw_cate` [ RunTime:0.0156s ]
SQL: SELECT * FROM `hw_cate` ORDER BY sort ASC  [ RunTime:0.0000s ]
SQL: SHOW COLUMNS FROM `hw_top` [ RunTime:0.0156s ]
SQL: SELECT * FROM `hw_top`  [ RunTime:0.0000s ]
SQL: SHOW COLUMNS FROM `hw_footer` [ RunTime:0.0000s ]
SQL: SELECT * FROM `hw_footer`  [ RunTime:0.0000s ]
SQL: SHOW COLUMNS FROM `hw_youlian` [ RunTime:0.0156s ]
SQL: SELECT * FROM `hw_youlian`  [ RunTime:0.0000s ]
SQL: SHOW COLUMNS FROM `hw_expert` [ RunTime:0.0156s ]
SQL: SELECT * FROM `hw_expert` WHERE ( id=1 )  [ RunTime:0.0000s ]
SQL: SELECT * FROM `hw_expert`  [ RunTime:0.0000s ]
INFO: [ view_parse ] --START--
INFO: [ template_filter ] --START--
INFO: Run Behavior\ContentReplaceBehavior [ RunTime:0.000000s ]
INFO: [ template_filter ] --END-- [ RunTime:0.000000s ]
INFO: Run Behavior\ParseTemplateBehavior [ RunTime:0.078000s ]
INFO: [ view_parse ] --END-- [ RunTime:0.078000s ]
INFO: [ view_filter ] --START--
INFO: Run Behavior\WriteHtmlCacheBehavior [ RunTime:0.000000s ]
INFO: [ view_filter ] --END-- [ RunTime:0.000000s ]
INFO: [ app_end ] --START--
INFO: Run Behavior\ShowPageTraceBehavior [ RunTime:0.000000s ]
INFO: [ app_end ] --END-- [ RunTime:0.000000s ]

[ 2016-12-09T19:28:46+08:00 ] 180.153.236.11 /
INFO: [ app_init ] --START--
INFO: Run Behavior\BuildLiteBehavior [ RunTime:0.000000s ]
INFO: [ app_init ] --END-- [ RunTime:0.000000s ]
INFO: [ app_begin ] --START--
INFO: Run Behavior\ReadHtmlCacheBehavior [ RunTime:0.000000s ]
INFO: [ app_begin ] --END-- [ RunTime:0.000000s ]

[ 2016-12-09T19:28:47+08:00 ] 180.153.236.11 /index.php/Home/Web/index.html
INFO: [ app_init ] --START--
INFO: Run Behavior\BuildLiteBehavior [ RunTime:0.000000s ]
INFO: [ app_init ] --END-- [ RunTime:0.000000s ]
INFO: [ app_begin ] --START--
INFO: Run Behavior\ReadHtmlCacheBehavior [ RunTime:0.000000s ]
INFO: [ app_begin ] --END-- [ RunTime:0.000000s ]
SQL: SHOW COLUMNS FROM `hw_cate` [ RunTime:0.0000s ]
SQL: SELECT * FROM `hw_cate` ORDER BY sort ASC  [ RunTime:0.0000s ]
SQL: SHOW COLUMNS FROM `hw_top` [ RunTime:0.0000s ]
SQL: SELECT * FROM `hw_top`  [ RunTime:0.0000s ]
SQL: SHOW COLUMNS FROM `hw_footer` [ RunTime:0.0156s ]
SQL: SELECT * FROM `hw_footer`  [ RunTime:0.0000s ]
SQL: SHOW COLUMNS FROM `hw_youlian` [ RunTime:0.0000s ]
SQL: SELECT * FROM `hw_youlian`  [ RunTime:0.0156s ]
SQL: SHOW COLUMNS FROM `hw_banner` [ RunTime:0.0000s ]
SQL: SELECT * FROM `hw_banner`  [ RunTime:0.0000s ]
SQL: SHOW COLUMNS FROM `hw_bnews` [ RunTime:0.0156s ]
SQL: SELECT * FROM `hw_bnews`  [ RunTime:0.0000s ]
SQL: SHOW COLUMNS FROM `hw_news` [ RunTime:0.0000s ]
SQL: SELECT * FROM `hw_news` ORDER BY time desc LIMIT 2   [ RunTime:0.0000s ]
SQL: SHOW COLUMNS FROM `hw_newst` [ RunTime:0.0156s ]
SQL: SELECT * FROM `hw_newst` ORDER BY time desc LIMIT 2   [ RunTime:0.0000s ]
SQL: SHOW COLUMNS FROM `hw_expert` [ RunTime:0.0156s ]
NOTIC: [8] Use of undefined constant 豆立宁 - assumed '豆立宁' D:\www\mind\Home\Controller\WebController.class.php 第 51 行.
SQL: SELECT * FROM `hw_expert` WHERE ( name='豆立宁' )  [ RunTime:0.0000s ]
NOTIC: [8] Use of undefined constant 于爽 - assumed '于爽' D:\www\mind\Home\Controller\WebController.class.php 第 54 行.
SQL: SELECT * FROM `hw_expert` WHERE ( name='于爽' )  [ RunTime:0.0000s ]
NOTIC: [8] Use of undefined constant 王焕 - assumed '王焕' D:\www\mind\Home\Controller\WebController.class.php 第 57 行.
SQL: SELECT * FROM `hw_expert` WHERE ( name='王焕' )  [ RunTime:0.0000s ]
SQL: SHOW COLUMNS FROM `hw_aboutus` [ RunTime:0.0000s ]
SQL: SELECT * FROM `hw_aboutus`  [ RunTime:0.0000s ]
SQL: SHOW COLUMNS FROM `hw_service` [ RunTime:0.0156s ]
SQL: SELECT * FROM `hw_service`  [ RunTime:0.0000s ]
SQL: SHOW COLUMNS FROM `hw_judge` [ RunTime:0.0156s ]
SQL: SELECT * FROM `hw_judge`  [ RunTime:0.0000s ]
SQL: SHOW COLUMNS FROM `hw_judgebg` [ RunTime:0.0000s ]
SQL: SELECT * FROM `hw_judgebg`  [ RunTime:0.0000s ]
SQL: SHOW COLUMNS FROM `hw_topic` [ RunTime:0.0156s ]
SQL: SELECT * FROM `hw_topic` WHERE ( id=1 )  [ RunTime:0.0000s ]
SQL: SELECT * FROM `hw_topic` WHERE ( id=2 )  [ RunTime:0.0000s ]
SQL: SELECT * FROM `hw_topic` WHERE ( id=3 )  [ RunTime:0.0000s ]
SQL: SELECT * FROM `hw_topic` WHERE ( id=4 )  [ RunTime:0.0000s ]
SQL: SELECT * FROM `hw_topic` WHERE ( id=5 )  [ RunTime:0.0000s ]
INFO: [ view_parse ] --START--
INFO: [ template_filter ] --START--
INFO: Run Behavior\ContentReplaceBehavior [ RunTime:0.000000s ]
INFO: [ template_filter ] --END-- [ RunTime:0.000000s ]
INFO: Run Behavior\ParseTemplateBehavior [ RunTime:0.093600s ]
INFO: [ view_parse ] --END-- [ RunTime:0.093600s ]
INFO: [ view_filter ] --START--
INFO: Run Behavior\WriteHtmlCacheBehavior [ RunTime:0.000000s ]
INFO: [ view_filter ] --END-- [ RunTime:0.000000s ]
INFO: [ app_end ] --START--
INFO: Run Behavior\ShowPageTraceBehavior [ RunTime:0.000000s ]
INFO: [ app_end ] --END-- [ RunTime:0.000000s ]

[ 2016-12-09T19:54:09+08:00 ] 157.55.39.187 /
INFO: [ app_init ] --START--
INFO: Run Behavior\BuildLiteBehavior [ RunTime:0.000000s ]
INFO: [ app_init ] --END-- [ RunTime:0.000000s ]
INFO: [ app_begin ] --START--
INFO: Run Behavior\ReadHtmlCacheBehavior [ RunTime:0.000000s ]
INFO: [ app_begin ] --END-- [ RunTime:0.000000s ]

[ 2016-12-09T21:11:22+08:00 ] 123.125.71.80 /index.php/Home/Web/newstdetail/id/22.html
INFO: [ app_init ] --START--
INFO: Run Behavior\BuildLiteBehavior [ RunTime:0.000000s ]
INFO: [ app_init ] --END-- [ RunTime:0.000000s ]
INFO: [ app_begin ] --START--
INFO: Run Behavior\ReadHtmlCacheBehavior [ RunTime:0.000000s ]
INFO: [ app_begin ] --END-- [ RunTime:0.000000s ]
SQL: SHOW COLUMNS FROM `hw_cate` [ RunTime:0.0156s ]
SQL: SELECT * FROM `hw_cate` ORDER BY sort ASC  [ RunTime:0.0000s ]
SQL: SHOW COLUMNS FROM `hw_top` [ RunTime:0.0000s ]
SQL: SELECT * FROM `hw_top`  [ RunTime:0.0000s ]
SQL: SHOW COLUMNS FROM `hw_footer` [ RunTime:0.0156s ]
SQL: SELECT * FROM `hw_footer`  [ RunTime:0.0000s ]
SQL: SHOW COLUMNS FROM `hw_youlian` [ RunTime:0.0000s ]
SQL: SELECT * FROM `hw_youlian`  [ RunTime:0.0156s ]
SQL: SHOW COLUMNS FROM `hw_newsbg` [ RunTime:0.7332s ]
SQL: SELECT * FROM `hw_newsbg` WHERE ( id=2 )  [ RunTime:0.0000s ]
SQL: SHOW COLUMNS FROM `hw_newst` [ RunTime:0.0000s ]
SQL: SELECT * FROM `hw_newst` WHERE `id` = 22 LIMIT 1   [ RunTime:0.1404s ]
INFO: [ view_parse ] --START--
INFO: [ template_filter ] --START--
INFO: Run Behavior\ContentReplaceBehavior [ RunTime:0.078000s ]
INFO: [ template_filter ] --END-- [ RunTime:0.078000s ]
INFO: Run Behavior\ParseTemplateBehavior [ RunTime:0.358800s ]
INFO: [ view_parse ] --END-- [ RunTime:0.358800s ]
INFO: [ view_filter ] --START--
INFO: Run Behavior\WriteHtmlCacheBehavior [ RunTime:0.031200s ]
INFO: [ view_filter ] --END-- [ RunTime:0.031200s ]
INFO: [ app_end ] --START--
INFO: Run Behavior\ShowPageTraceBehavior [ RunTime:0.015600s ]
INFO: [ app_end ] --END-- [ RunTime:0.015600s ]

[ 2016-12-09T21:25:10+08:00 ] 157.55.39.187 /
INFO: [ app_init ] --START--
INFO: Run Behavior\BuildLiteBehavior [ RunTime:0.000000s ]
INFO: [ app_init ] --END-- [ RunTime:0.000000s ]
INFO: [ app_begin ] --START--
INFO: Run Behavior\ReadHtmlCacheBehavior [ RunTime:0.000000s ]
INFO: [ app_begin ] --END-- [ RunTime:0.000000s ]

