[ 2017-02-25T10:58:52+08:00 ] 192.168.1.108 /mind/
INFO: [ app_init ] --START--
INFO: Run Behavior\BuildLiteBehavior [ RunTime:0.000075s ]
INFO: [ app_init ] --END-- [ RunTime:0.010676s ]
INFO: [ app_begin ] --START--
INFO: Run Behavior\ReadHtmlCacheBehavior [ RunTime:0.018243s ]
INFO: [ app_begin ] --END-- [ RunTime:0.018604s ]

[ 2017-02-25T10:58:54+08:00 ] 192.168.1.108 /mind/index.php/Home/Web/index.html
INFO: [ app_init ] --START--
INFO: Run Behavior\BuildLiteBehavior [ RunTime:0.000043s ]
INFO: [ app_init ] --END-- [ RunTime:0.000660s ]
INFO: [ app_begin ] --START--
INFO: Run Behavior\ReadHtmlCacheBehavior [ RunTime:0.001824s ]
INFO: [ app_begin ] --END-- [ RunTime:0.002134s ]
SQL: SHOW COLUMNS FROM `hw_cate` [ RunTime:0.0517s ]
SQL: SELECT * FROM `hw_cate` ORDER BY sort ASC  [ RunTime:0.0009s ]
SQL: SHOW COLUMNS FROM `hw_top` [ RunTime:0.0272s ]
SQL: SELECT * FROM `hw_top`  [ RunTime:0.0005s ]
SQL: SHOW COLUMNS FROM `hw_footer` [ RunTime:0.0357s ]
SQL: SELECT * FROM `hw_footer`  [ RunTime:0.0005s ]
SQL: SHOW COLUMNS FROM `hw_youlian` [ RunTime:0.0215s ]
SQL: SELECT * FROM `hw_youlian`  [ RunTime:0.0004s ]
SQL: SHOW COLUMNS FROM `hw_banner` [ RunTime:0.0282s ]
SQL: SELECT * FROM `hw_banner`  [ RunTime:0.0009s ]
SQL: SHOW COLUMNS FROM `hw_bnews` [ RunTime:0.0208s ]
SQL: SELECT * FROM `hw_bnews`  [ RunTime:0.0004s ]
SQL: SHOW COLUMNS FROM `hw_news` [ RunTime:0.0536s ]
SQL: SELECT * FROM `hw_news` ORDER BY time desc LIMIT 2   [ RunTime:0.0016s ]
SQL: SHOW COLUMNS FROM `hw_newst` [ RunTime:0.0617s ]
SQL: SELECT * FROM `hw_newst` ORDER BY time desc LIMIT 2   [ RunTime:0.0026s ]
SQL: SHOW COLUMNS FROM `hw_expert` [ RunTime:0.0477s ]
NOTIC: [8] Use of undefined constant 豆立宁 - assumed '豆立宁' D:\wamp\www\mind\Home\Controller\WebController.class.php 第 51 行.
SQL: SELECT * FROM `hw_expert` WHERE ( name='豆立宁' )  [ RunTime:0.0006s ]
NOTIC: [8] Use of undefined constant 于爽 - assumed '于爽' D:\wamp\www\mind\Home\Controller\WebController.class.php 第 54 行.
SQL: SELECT * FROM `hw_expert` WHERE ( name='于爽' )  [ RunTime:0.0004s ]
NOTIC: [8] Use of undefined constant 王焕 - assumed '王焕' D:\wamp\www\mind\Home\Controller\WebController.class.php 第 57 行.
SQL: SELECT * FROM `hw_expert` WHERE ( name='王焕' )  [ RunTime:0.0004s ]
SQL: SHOW COLUMNS FROM `hw_aboutus` [ RunTime:0.0561s ]
SQL: SELECT * FROM `hw_aboutus`  [ RunTime:0.0004s ]
SQL: SHOW COLUMNS FROM `hw_service` [ RunTime:0.0373s ]
SQL: SELECT * FROM `hw_service`  [ RunTime:0.0006s ]
SQL: SHOW COLUMNS FROM `hw_judge` [ RunTime:0.0324s ]
SQL: SELECT * FROM `hw_judge`  [ RunTime:0.0004s ]
SQL: SHOW COLUMNS FROM `hw_judgebg` [ RunTime:0.0141s ]
SQL: SELECT * FROM `hw_judgebg`  [ RunTime:0.0005s ]
SQL: SHOW COLUMNS FROM `hw_topic` [ RunTime:0.0142s ]
SQL: SELECT * FROM `hw_topic` WHERE ( id=1 )  [ RunTime:0.0005s ]
SQL: SELECT * FROM `hw_topic` WHERE ( id=2 )  [ RunTime:0.0005s ]
SQL: SELECT * FROM `hw_topic` WHERE ( id=3 )  [ RunTime:0.0004s ]
SQL: SELECT * FROM `hw_topic` WHERE ( id=4 )  [ RunTime:0.0004s ]
SQL: SELECT * FROM `hw_topic` WHERE ( id=5 )  [ RunTime:0.0004s ]
INFO: [ view_parse ] --START--
INFO: [ template_filter ] --START--
INFO: Run Behavior\ContentReplaceBehavior [ RunTime:0.000340s ]
INFO: [ template_filter ] --END-- [ RunTime:0.000538s ]
INFO: Run Behavior\ParseTemplateBehavior [ RunTime:0.171555s ]
INFO: [ view_parse ] --END-- [ RunTime:0.171879s ]
INFO: [ view_filter ] --START--
INFO: Run Behavior\WriteHtmlCacheBehavior [ RunTime:0.017381s ]
INFO: [ view_filter ] --END-- [ RunTime:0.017706s ]
INFO: [ app_end ] --START--
INFO: Run Behavior\ShowPageTraceBehavior [ RunTime:0.015022s ]
INFO: [ app_end ] --END-- [ RunTime:0.015360s ]

