[ 2017-02-22T09:11:24+08:00 ] 192.168.1.101 /mind/
INFO: [ app_init ] --START--
INFO: Run Behavior\BuildLiteBehavior [ RunTime:0.000076s ]
INFO: [ app_init ] --END-- [ RunTime:0.010664s ]
INFO: [ app_begin ] --START--
INFO: Run Behavior\ReadHtmlCacheBehavior [ RunTime:0.017809s ]
INFO: [ app_begin ] --END-- [ RunTime:0.018172s ]

[ 2017-02-22T09:11:25+08:00 ] 192.168.1.101 /mind/index.php/Home/Web/index.html
INFO: [ app_init ] --START--
INFO: Run Behavior\BuildLiteBehavior [ RunTime:0.000068s ]
INFO: [ app_init ] --END-- [ RunTime:0.001218s ]
INFO: [ app_begin ] --START--
INFO: Run Behavior\ReadHtmlCacheBehavior [ RunTime:0.001906s ]
INFO: [ app_begin ] --END-- [ RunTime:0.002244s ]
SQL: SHOW COLUMNS FROM `hw_cate` [ RunTime:0.0525s ]
SQL: SELECT * FROM `hw_cate` ORDER BY sort ASC  [ RunTime:0.0013s ]
SQL: SHOW COLUMNS FROM `hw_top` [ RunTime:0.0505s ]
SQL: SELECT * FROM `hw_top`  [ RunTime:0.0006s ]
SQL: SHOW COLUMNS FROM `hw_footer` [ RunTime:0.0502s ]
SQL: SELECT * FROM `hw_footer`  [ RunTime:0.0006s ]
SQL: SHOW COLUMNS FROM `hw_youlian` [ RunTime:0.0274s ]
SQL: SELECT * FROM `hw_youlian`  [ RunTime:0.0007s ]
SQL: SHOW COLUMNS FROM `hw_banner` [ RunTime:0.0489s ]
SQL: SELECT * FROM `hw_banner`  [ RunTime:0.0006s ]
SQL: SHOW COLUMNS FROM `hw_bnews` [ RunTime:0.0212s ]
SQL: SELECT * FROM `hw_bnews`  [ RunTime:0.0006s ]
SQL: SHOW COLUMNS FROM `hw_news` [ RunTime:0.0999s ]
SQL: SELECT * FROM `hw_news` ORDER BY time desc LIMIT 2   [ RunTime:0.0021s ]
SQL: SHOW COLUMNS FROM `hw_newst` [ RunTime:0.1520s ]
SQL: SELECT * FROM `hw_newst` ORDER BY time desc LIMIT 2   [ RunTime:0.0293s ]
SQL: SHOW COLUMNS FROM `hw_expert` [ RunTime:0.0498s ]
NOTIC: [8] Use of undefined constant 豆立宁 - assumed '豆立宁' D:\wamp\www\mind\Home\Controller\WebController.class.php 第 51 行.
SQL: SELECT * FROM `hw_expert` WHERE ( name='豆立宁' )  [ RunTime:0.0006s ]
NOTIC: [8] Use of undefined constant 于爽 - assumed '于爽' D:\wamp\www\mind\Home\Controller\WebController.class.php 第 54 行.
SQL: SELECT * FROM `hw_expert` WHERE ( name='于爽' )  [ RunTime:0.0006s ]
NOTIC: [8] Use of undefined constant 王焕 - assumed '王焕' D:\wamp\www\mind\Home\Controller\WebController.class.php 第 57 行.
SQL: SELECT * FROM `hw_expert` WHERE ( name='王焕' )  [ RunTime:0.0006s ]
SQL: SHOW COLUMNS FROM `hw_aboutus` [ RunTime:0.0874s ]
SQL: SELECT * FROM `hw_aboutus`  [ RunTime:0.0006s ]
SQL: SHOW COLUMNS FROM `hw_service` [ RunTime:0.0362s ]
SQL: SELECT * FROM `hw_service`  [ RunTime:0.0007s ]
SQL: SHOW COLUMNS FROM `hw_judge` [ RunTime:0.0428s ]
SQL: SELECT * FROM `hw_judge`  [ RunTime:0.0006s ]
SQL: SHOW COLUMNS FROM `hw_judgebg` [ RunTime:0.0250s ]
SQL: SELECT * FROM `hw_judgebg`  [ RunTime:0.0005s ]
SQL: SHOW COLUMNS FROM `hw_topic` [ RunTime:0.0462s ]
SQL: SELECT * FROM `hw_topic` WHERE ( id=1 )  [ RunTime:0.0006s ]
SQL: SELECT * FROM `hw_topic` WHERE ( id=2 )  [ RunTime:0.0005s ]
SQL: SELECT * FROM `hw_topic` WHERE ( id=3 )  [ RunTime:0.0005s ]
SQL: SELECT * FROM `hw_topic` WHERE ( id=4 )  [ RunTime:0.0005s ]
SQL: SELECT * FROM `hw_topic` WHERE ( id=5 )  [ RunTime:0.0005s ]
INFO: [ view_parse ] --START--
INFO: [ template_filter ] --START--
INFO: Run Behavior\ContentReplaceBehavior [ RunTime:0.000325s ]
INFO: [ template_filter ] --END-- [ RunTime:0.000514s ]
INFO: Run Behavior\ParseTemplateBehavior [ RunTime:0.175232s ]
INFO: [ view_parse ] --END-- [ RunTime:0.175622s ]
INFO: [ view_filter ] --START--
INFO: Run Behavior\WriteHtmlCacheBehavior [ RunTime:0.028627s ]
INFO: [ view_filter ] --END-- [ RunTime:0.028953s ]
INFO: [ app_end ] --START--
INFO: Run Behavior\ShowPageTraceBehavior [ RunTime:0.015042s ]
INFO: [ app_end ] --END-- [ RunTime:0.015372s ]

