[ 2017-02-04T00:23:13+08:00 ] 123.126.113.94 /index.php/Home/Web/psydetail/id/2.html
INFO: [ app_init ] --START--
INFO: Run Behavior\BuildLiteBehavior [ RunTime:0.000000s ]
INFO: [ app_init ] --END-- [ RunTime:0.015600s ]
INFO: [ app_begin ] --START--
INFO: Run Behavior\ReadHtmlCacheBehavior [ RunTime:0.000000s ]
INFO: [ app_begin ] --END-- [ RunTime:0.000000s ]
SQL: SHOW COLUMNS FROM `hw_cate` [ RunTime:0.0156s ]
SQL: SELECT * FROM `hw_cate` ORDER BY sort ASC  [ RunTime:0.0000s ]
SQL: SHOW COLUMNS FROM `hw_top` [ RunTime:0.0000s ]
SQL: SELECT * FROM `hw_top`  [ RunTime:0.0000s ]
SQL: SHOW COLUMNS FROM `hw_footer` [ RunTime:0.0156s ]
SQL: SELECT * FROM `hw_footer`  [ RunTime:0.0000s ]
SQL: SHOW COLUMNS FROM `hw_youlian` [ RunTime:0.0000s ]
SQL: SELECT * FROM `hw_youlian`  [ RunTime:0.0000s ]
SQL: SHOW COLUMNS FROM `hw_psy` [ RunTime:0.0156s ]
SQL: SELECT * FROM `hw_psy` WHERE ( id=1 )  [ RunTime:0.0000s ]
SQL: SHOW COLUMNS FROM `hw_psy` [ RunTime:0.0156s ]
SQL: SELECT * FROM `hw_psy` WHERE `id` = 2 LIMIT 1   [ RunTime:0.0000s ]
INFO: [ view_parse ] --START--
INFO: [ template_filter ] --START--
INFO: Run Behavior\ContentReplaceBehavior [ RunTime:0.000000s ]
INFO: [ template_filter ] --END-- [ RunTime:0.000000s ]
INFO: Run Behavior\ParseTemplateBehavior [ RunTime:0.046800s ]
INFO: [ view_parse ] --END-- [ RunTime:0.046800s ]
INFO: [ view_filter ] --START--
INFO: Run Behavior\WriteHtmlCacheBehavior [ RunTime:0.000000s ]
INFO: [ view_filter ] --END-- [ RunTime:0.000000s ]
INFO: [ app_end ] --START--
INFO: Run Behavior\ShowPageTraceBehavior [ RunTime:0.000000s ]
INFO: [ app_end ] --END-- [ RunTime:0.000000s ]

[ 2017-02-04T00:23:23+08:00 ] 123.126.113.94 /index.php/Home/Web/psydetail/id/4.html
INFO: [ app_init ] --START--
INFO: Run Behavior\BuildLiteBehavior [ RunTime:0.000000s ]
INFO: [ app_init ] --END-- [ RunTime:0.000000s ]
INFO: [ app_begin ] --START--
INFO: Run Behavior\ReadHtmlCacheBehavior [ RunTime:0.000000s ]
INFO: [ app_begin ] --END-- [ RunTime:0.000000s ]
SQL: SHOW COLUMNS FROM `hw_cate` [ RunTime:0.0000s ]
SQL: SELECT * FROM `hw_cate` ORDER BY sort ASC  [ RunTime:0.0000s ]
SQL: SHOW COLUMNS FROM `hw_top` [ RunTime:0.0156s ]
SQL: SELECT * FROM `hw_top`  [ RunTime:0.0000s ]
SQL: SHOW COLUMNS FROM `hw_footer` [ RunTime:0.0000s ]
SQL: SELECT * FROM `hw_footer`  [ RunTime:0.0000s ]
SQL: SHOW COLUMNS FROM `hw_youlian` [ RunTime:0.0156s ]
SQL: SELECT * FROM `hw_youlian`  [ RunTime:0.0000s ]
SQL: SHOW COLUMNS FROM `hw_psy` [ RunTime:0.0000s ]
SQL: SELECT * FROM `hw_psy` WHERE ( id=1 )  [ RunTime:0.0000s ]
SQL: SHOW COLUMNS FROM `hw_psy` [ RunTime:0.0000s ]
SQL: SELECT * FROM `hw_psy` WHERE `id` = 4 LIMIT 1   [ RunTime:0.0000s ]
INFO: [ view_parse ] --START--
INFO: [ template_filter ] --START--
INFO: Run Behavior\ContentReplaceBehavior [ RunTime:0.000000s ]
INFO: [ template_filter ] --END-- [ RunTime:0.000000s ]
INFO: Run Behavior\ParseTemplateBehavior [ RunTime:0.031200s ]
INFO: [ view_parse ] --END-- [ RunTime:0.031200s ]
INFO: [ view_filter ] --START--
INFO: Run Behavior\WriteHtmlCacheBehavior [ RunTime:0.000000s ]
INFO: [ view_filter ] --END-- [ RunTime:0.000000s ]
INFO: [ app_end ] --START--
INFO: Run Behavior\ShowPageTraceBehavior [ RunTime:0.000000s ]
INFO: [ app_end ] --END-- [ RunTime:0.000000s ]

[ 2017-02-04T04:33:55+08:00 ] 123.125.71.49 /index.php/Home/Web/mpthreedetail/id/4.html
INFO: [ app_init ] --START--
INFO: Run Behavior\BuildLiteBehavior [ RunTime:0.000000s ]
INFO: [ app_init ] --END-- [ RunTime:0.000000s ]
INFO: [ app_begin ] --START--
INFO: Run Behavior\ReadHtmlCacheBehavior [ RunTime:0.015600s ]
INFO: [ app_begin ] --END-- [ RunTime:0.015600s ]
SQL: SHOW COLUMNS FROM `hw_cate` [ RunTime:0.0000s ]
SQL: SELECT * FROM `hw_cate` ORDER BY sort ASC  [ RunTime:0.0000s ]
SQL: SHOW COLUMNS FROM `hw_top` [ RunTime:0.0000s ]
SQL: SELECT * FROM `hw_top`  [ RunTime:0.0000s ]
SQL: SHOW COLUMNS FROM `hw_footer` [ RunTime:0.0000s ]
SQL: SELECT * FROM `hw_footer`  [ RunTime:0.0000s ]
SQL: SHOW COLUMNS FROM `hw_youlian` [ RunTime:0.0156s ]
SQL: SELECT * FROM `hw_youlian`  [ RunTime:0.0000s ]
SQL: SHOW COLUMNS FROM `hw_mpthree` [ RunTime:0.0000s ]
SQL: SELECT * FROM `hw_mpthree` WHERE ( id=1 )  [ RunTime:0.0000s ]
SQL: SHOW COLUMNS FROM `hw_mpthree` [ RunTime:0.0156s ]
SQL: SELECT * FROM `hw_mpthree` WHERE `id` = 4 LIMIT 1   [ RunTime:0.0000s ]
INFO: [ view_parse ] --START--
INFO: [ template_filter ] --START--
INFO: Run Behavior\ContentReplaceBehavior [ RunTime:0.000000s ]
INFO: [ template_filter ] --END-- [ RunTime:0.000000s ]
INFO: Run Behavior\ParseTemplateBehavior [ RunTime:0.062400s ]
INFO: [ view_parse ] --END-- [ RunTime:0.062400s ]
INFO: [ view_filter ] --START--
INFO: Run Behavior\WriteHtmlCacheBehavior [ RunTime:0.000000s ]
INFO: [ view_filter ] --END-- [ RunTime:0.000000s ]
INFO: [ app_end ] --START--
INFO: Run Behavior\ShowPageTraceBehavior [ RunTime:0.000000s ]
INFO: [ app_end ] --END-- [ RunTime:0.000000s ]

[ 2017-02-04T04:36:03+08:00 ] 123.125.71.19 /
INFO: [ app_init ] --START--
INFO: Run Behavior\BuildLiteBehavior [ RunTime:0.000000s ]
INFO: [ app_init ] --END-- [ RunTime:0.000000s ]
INFO: [ app_begin ] --START--
INFO: Run Behavior\ReadHtmlCacheBehavior [ RunTime:0.000000s ]
INFO: [ app_begin ] --END-- [ RunTime:0.000000s ]

[ 2017-02-04T04:36:03+08:00 ] 220.181.108.168 /index.php/Home/Web/index.html
INFO: [ app_init ] --START--
INFO: Run Behavior\BuildLiteBehavior [ RunTime:0.000000s ]
INFO: [ app_init ] --END-- [ RunTime:0.000000s ]
INFO: [ app_begin ] --START--
INFO: Run Behavior\ReadHtmlCacheBehavior [ RunTime:0.000000s ]
INFO: [ app_begin ] --END-- [ RunTime:0.000000s ]
SQL: SHOW COLUMNS FROM `hw_cate` [ RunTime:0.0000s ]
SQL: SELECT * FROM `hw_cate` ORDER BY sort ASC  [ RunTime:0.0000s ]
SQL: SHOW COLUMNS FROM `hw_top` [ RunTime:0.0156s ]
SQL: SELECT * FROM `hw_top`  [ RunTime:0.0000s ]
SQL: SHOW COLUMNS FROM `hw_footer` [ RunTime:0.0156s ]
SQL: SELECT * FROM `hw_footer`  [ RunTime:0.0000s ]
SQL: SHOW COLUMNS FROM `hw_youlian` [ RunTime:0.0000s ]
SQL: SELECT * FROM `hw_youlian`  [ RunTime:0.0000s ]
SQL: SHOW COLUMNS FROM `hw_banner` [ RunTime:0.0156s ]
SQL: SELECT * FROM `hw_banner`  [ RunTime:0.0000s ]
SQL: SHOW COLUMNS FROM `hw_bnews` [ RunTime:0.0000s ]
SQL: SELECT * FROM `hw_bnews`  [ RunTime:0.0000s ]
SQL: SHOW COLUMNS FROM `hw_news` [ RunTime:0.0156s ]
SQL: SELECT * FROM `hw_news` ORDER BY time desc LIMIT 2   [ RunTime:0.0000s ]
SQL: SHOW COLUMNS FROM `hw_newst` [ RunTime:0.0156s ]
SQL: SELECT * FROM `hw_newst` ORDER BY time desc LIMIT 2   [ RunTime:0.0000s ]
SQL: SHOW COLUMNS FROM `hw_expert` [ RunTime:0.0000s ]
NOTIC: [8] Use of undefined constant 豆立宁 - assumed '豆立宁' D:\www\mind\Home\Controller\WebController.class.php 第 51 行.
SQL: SELECT * FROM `hw_expert` WHERE ( name='豆立宁' )  [ RunTime:0.0000s ]
NOTIC: [8] Use of undefined constant 于爽 - assumed '于爽' D:\www\mind\Home\Controller\WebController.class.php 第 54 行.
SQL: SELECT * FROM `hw_expert` WHERE ( name='于爽' )  [ RunTime:0.0000s ]
NOTIC: [8] Use of undefined constant 王焕 - assumed '王焕' D:\www\mind\Home\Controller\WebController.class.php 第 57 行.
SQL: SELECT * FROM `hw_expert` WHERE ( name='王焕' )  [ RunTime:0.0000s ]
SQL: SHOW COLUMNS FROM `hw_aboutus` [ RunTime:0.0156s ]
SQL: SELECT * FROM `hw_aboutus`  [ RunTime:0.0000s ]
SQL: SHOW COLUMNS FROM `hw_service` [ RunTime:0.0000s ]
SQL: SELECT * FROM `hw_service`  [ RunTime:0.0000s ]
SQL: SHOW COLUMNS FROM `hw_judge` [ RunTime:0.0156s ]
SQL: SELECT * FROM `hw_judge`  [ RunTime:0.0000s ]
SQL: SHOW COLUMNS FROM `hw_judgebg` [ RunTime:0.0000s ]
SQL: SELECT * FROM `hw_judgebg`  [ RunTime:0.0000s ]
SQL: SHOW COLUMNS FROM `hw_topic` [ RunTime:0.0000s ]
SQL: SELECT * FROM `hw_topic` WHERE ( id=1 )  [ RunTime:0.0000s ]
SQL: SELECT * FROM `hw_topic` WHERE ( id=2 )  [ RunTime:0.0000s ]
SQL: SELECT * FROM `hw_topic` WHERE ( id=3 )  [ RunTime:0.0000s ]
SQL: SELECT * FROM `hw_topic` WHERE ( id=4 )  [ RunTime:0.0000s ]
SQL: SELECT * FROM `hw_topic` WHERE ( id=5 )  [ RunTime:0.0000s ]
INFO: [ view_parse ] --START--
INFO: [ template_filter ] --START--
INFO: Run Behavior\ContentReplaceBehavior [ RunTime:0.000000s ]
INFO: [ template_filter ] --END-- [ RunTime:0.000000s ]
INFO: Run Behavior\ParseTemplateBehavior [ RunTime:0.078000s ]
INFO: [ view_parse ] --END-- [ RunTime:0.078000s ]
INFO: [ view_filter ] --START--
INFO: Run Behavior\WriteHtmlCacheBehavior [ RunTime:0.000000s ]
INFO: [ view_filter ] --END-- [ RunTime:0.000000s ]
INFO: [ app_end ] --START--
INFO: Run Behavior\ShowPageTraceBehavior [ RunTime:0.000000s ]
INFO: [ app_end ] --END-- [ RunTime:0.000000s ]

[ 2017-02-04T06:16:11+08:00 ] 220.181.108.173 /index.php/Home/Web/news.html
INFO: [ app_init ] --START--
INFO: Run Behavior\BuildLiteBehavior [ RunTime:0.000000s ]
INFO: [ app_init ] --END-- [ RunTime:0.000000s ]
INFO: [ app_begin ] --START--
INFO: Run Behavior\ReadHtmlCacheBehavior [ RunTime:0.000000s ]
INFO: [ app_begin ] --END-- [ RunTime:0.000000s ]
SQL: SHOW COLUMNS FROM `hw_cate` [ RunTime:0.0156s ]
SQL: SELECT * FROM `hw_cate` ORDER BY sort ASC  [ RunTime:0.0000s ]
SQL: SHOW COLUMNS FROM `hw_top` [ RunTime:0.0156s ]
SQL: SELECT * FROM `hw_top`  [ RunTime:0.0000s ]
SQL: SHOW COLUMNS FROM `hw_footer` [ RunTime:0.0000s ]
SQL: SELECT * FROM `hw_footer`  [ RunTime:0.0000s ]
SQL: SHOW COLUMNS FROM `hw_youlian` [ RunTime:0.0000s ]
SQL: SELECT * FROM `hw_youlian`  [ RunTime:0.0156s ]
SQL: SHOW COLUMNS FROM `hw_newsbg` [ RunTime:0.0000s ]
SQL: SELECT * FROM `hw_newsbg` WHERE ( id=1 )  [ RunTime:0.0000s ]
SQL: SHOW COLUMNS FROM `hw_news` [ RunTime:0.0156s ]
SQL: SELECT COUNT(*) AS tp_count FROM `hw_news` LIMIT 1   [ RunTime:0.0000s ]
SQL: SELECT * FROM `hw_news` ORDER BY time desc LIMIT 0,16   [ RunTime:0.0000s ]
INFO: [ view_parse ] --START--
INFO: [ template_filter ] --START--
INFO: Run Behavior\ContentReplaceBehavior [ RunTime:0.000000s ]
INFO: [ template_filter ] --END-- [ RunTime:0.000000s ]
INFO: Run Behavior\ParseTemplateBehavior [ RunTime:0.062400s ]
INFO: [ view_parse ] --END-- [ RunTime:0.062400s ]
INFO: [ view_filter ] --START--
INFO: Run Behavior\WriteHtmlCacheBehavior [ RunTime:0.000000s ]
INFO: [ view_filter ] --END-- [ RunTime:0.000000s ]
INFO: [ app_end ] --START--
INFO: Run Behavior\ShowPageTraceBehavior [ RunTime:0.000000s ]
INFO: [ app_end ] --END-- [ RunTime:0.000000s ]

[ 2017-02-04T06:51:51+08:00 ] 220.181.108.83 /index.php/Home/Web/newstdetail/id/55.html
INFO: [ app_init ] --START--
INFO: Run Behavior\BuildLiteBehavior [ RunTime:0.000000s ]
INFO: [ app_init ] --END-- [ RunTime:0.015600s ]
INFO: [ app_begin ] --START--
INFO: Run Behavior\ReadHtmlCacheBehavior [ RunTime:0.000000s ]
INFO: [ app_begin ] --END-- [ RunTime:0.000000s ]
SQL: SHOW COLUMNS FROM `hw_cate` [ RunTime:0.0156s ]
SQL: SELECT * FROM `hw_cate` ORDER BY sort ASC  [ RunTime:0.0000s ]
SQL: SHOW COLUMNS FROM `hw_top` [ RunTime:0.0000s ]
SQL: SELECT * FROM `hw_top`  [ RunTime:0.0000s ]
SQL: SHOW COLUMNS FROM `hw_footer` [ RunTime:0.0156s ]
SQL: SELECT * FROM `hw_footer`  [ RunTime:0.0000s ]
SQL: SHOW COLUMNS FROM `hw_youlian` [ RunTime:0.0000s ]
SQL: SELECT * FROM `hw_youlian`  [ RunTime:0.0000s ]
SQL: SHOW COLUMNS FROM `hw_newsbg` [ RunTime:0.0156s ]
SQL: SELECT * FROM `hw_newsbg` WHERE ( id=2 )  [ RunTime:0.0000s ]
SQL: SHOW COLUMNS FROM `hw_newst` [ RunTime:0.0000s ]
SQL: SELECT * FROM `hw_newst` WHERE `id` = 55 LIMIT 1   [ RunTime:0.0000s ]
INFO: [ view_parse ] --START--
INFO: [ template_filter ] --START--
INFO: Run Behavior\ContentReplaceBehavior [ RunTime:0.000000s ]
INFO: [ template_filter ] --END-- [ RunTime:0.000000s ]
INFO: Run Behavior\ParseTemplateBehavior [ RunTime:0.046800s ]
INFO: [ view_parse ] --END-- [ RunTime:0.046800s ]
INFO: [ view_filter ] --START--
INFO: Run Behavior\WriteHtmlCacheBehavior [ RunTime:0.000000s ]
INFO: [ view_filter ] --END-- [ RunTime:0.000000s ]
INFO: [ app_end ] --START--
INFO: Run Behavior\ShowPageTraceBehavior [ RunTime:0.000000s ]
INFO: [ app_end ] --END-- [ RunTime:0.000000s ]

[ 2017-02-04T06:58:34+08:00 ] 157.55.39.123 /
INFO: [ app_init ] --START--
INFO: Run Behavior\BuildLiteBehavior [ RunTime:0.000000s ]
INFO: [ app_init ] --END-- [ RunTime:0.000000s ]
INFO: [ app_begin ] --START--
INFO: Run Behavior\ReadHtmlCacheBehavior [ RunTime:0.000000s ]
INFO: [ app_begin ] --END-- [ RunTime:0.000000s ]

[ 2017-02-04T08:09:47+08:00 ] 157.55.39.123 /
INFO: [ app_init ] --START--
INFO: Run Behavior\BuildLiteBehavior [ RunTime:0.000000s ]
INFO: [ app_init ] --END-- [ RunTime:0.000000s ]
INFO: [ app_begin ] --START--
INFO: Run Behavior\ReadHtmlCacheBehavior [ RunTime:0.000000s ]
INFO: [ app_begin ] --END-- [ RunTime:0.000000s ]

[ 2017-02-04T09:08:30+08:00 ] 120.25.222.158 /
INFO: [ app_init ] --START--
INFO: Run Behavior\BuildLiteBehavior [ RunTime:0.000000s ]
INFO: [ app_init ] --END-- [ RunTime:0.000000s ]
INFO: [ app_begin ] --START--
INFO: Run Behavior\ReadHtmlCacheBehavior [ RunTime:0.000000s ]
INFO: [ app_begin ] --END-- [ RunTime:0.000000s ]

[ 2017-02-04T09:08:30+08:00 ] 120.25.222.158 /index.php/Home/Web/index.html
INFO: [ app_init ] --START--
INFO: Run Behavior\BuildLiteBehavior [ RunTime:0.000000s ]
INFO: [ app_init ] --END-- [ RunTime:0.000000s ]
INFO: [ app_begin ] --START--
INFO: Run Behavior\ReadHtmlCacheBehavior [ RunTime:0.000000s ]
INFO: [ app_begin ] --END-- [ RunTime:0.000000s ]
SQL: SHOW COLUMNS FROM `hw_cate` [ RunTime:0.0000s ]
SQL: SELECT * FROM `hw_cate` ORDER BY sort ASC  [ RunTime:0.0000s ]
SQL: SHOW COLUMNS FROM `hw_top` [ RunTime:0.0000s ]
SQL: SELECT * FROM `hw_top`  [ RunTime:0.0000s ]
SQL: SHOW COLUMNS FROM `hw_footer` [ RunTime:0.0156s ]
SQL: SELECT * FROM `hw_footer`  [ RunTime:0.0000s ]
SQL: SHOW COLUMNS FROM `hw_youlian` [ RunTime:0.0000s ]
SQL: SELECT * FROM `hw_youlian`  [ RunTime:0.0000s ]
SQL: SHOW COLUMNS FROM `hw_banner` [ RunTime:0.0312s ]
SQL: SELECT * FROM `hw_banner`  [ RunTime:0.0000s ]
SQL: SHOW COLUMNS FROM `hw_bnews` [ RunTime:0.0000s ]
SQL: SELECT * FROM `hw_bnews`  [ RunTime:0.0000s ]
SQL: SHOW COLUMNS FROM `hw_news` [ RunTime:0.0156s ]
SQL: SELECT * FROM `hw_news` ORDER BY time desc LIMIT 2   [ RunTime:0.0000s ]
SQL: SHOW COLUMNS FROM `hw_newst` [ RunTime:0.0156s ]
SQL: SELECT * FROM `hw_newst` ORDER BY time desc LIMIT 2   [ RunTime:0.0000s ]
SQL: SHOW COLUMNS FROM `hw_expert` [ RunTime:0.0000s ]
NOTIC: [8] Use of undefined constant 豆立宁 - assumed '豆立宁' D:\www\mind\Home\Controller\WebController.class.php 第 51 行.
SQL: SELECT * FROM `hw_expert` WHERE ( name='豆立宁' )  [ RunTime:0.0156s ]
NOTIC: [8] Use of undefined constant 于爽 - assumed '于爽' D:\www\mind\Home\Controller\WebController.class.php 第 54 行.
SQL: SELECT * FROM `hw_expert` WHERE ( name='于爽' )  [ RunTime:0.0000s ]
NOTIC: [8] Use of undefined constant 王焕 - assumed '王焕' D:\www\mind\Home\Controller\WebController.class.php 第 57 行.
SQL: SELECT * FROM `hw_expert` WHERE ( name='王焕' )  [ RunTime:0.0000s ]
SQL: SHOW COLUMNS FROM `hw_aboutus` [ RunTime:0.0000s ]
SQL: SELECT * FROM `hw_aboutus`  [ RunTime:0.0000s ]
SQL: SHOW COLUMNS FROM `hw_service` [ RunTime:0.0156s ]
SQL: SELECT * FROM `hw_service`  [ RunTime:0.0000s ]
SQL: SHOW COLUMNS FROM `hw_judge` [ RunTime:0.0000s ]
SQL: SELECT * FROM `hw_judge`  [ RunTime:0.0000s ]
SQL: SHOW COLUMNS FROM `hw_judgebg` [ RunTime:0.0000s ]
SQL: SELECT * FROM `hw_judgebg`  [ RunTime:0.0000s ]
SQL: SHOW COLUMNS FROM `hw_topic` [ RunTime:0.0000s ]
SQL: SELECT * FROM `hw_topic` WHERE ( id=1 )  [ RunTime:0.0000s ]
SQL: SELECT * FROM `hw_topic` WHERE ( id=2 )  [ RunTime:0.0000s ]
SQL: SELECT * FROM `hw_topic` WHERE ( id=3 )  [ RunTime:0.0000s ]
SQL: SELECT * FROM `hw_topic` WHERE ( id=4 )  [ RunTime:0.0000s ]
SQL: SELECT * FROM `hw_topic` WHERE ( id=5 )  [ RunTime:0.0000s ]
INFO: [ view_parse ] --START--
INFO: [ template_filter ] --START--
INFO: Run Behavior\ContentReplaceBehavior [ RunTime:0.000000s ]
INFO: [ template_filter ] --END-- [ RunTime:0.000000s ]
INFO: Run Behavior\ParseTemplateBehavior [ RunTime:0.124800s ]
INFO: [ view_parse ] --END-- [ RunTime:0.124800s ]
INFO: [ view_filter ] --START--
INFO: Run Behavior\WriteHtmlCacheBehavior [ RunTime:0.015600s ]
INFO: [ view_filter ] --END-- [ RunTime:0.015600s ]
INFO: [ app_end ] --START--
INFO: Run Behavior\ShowPageTraceBehavior [ RunTime:0.000000s ]
INFO: [ app_end ] --END-- [ RunTime:0.000000s ]

[ 2017-02-04T09:42:53+08:00 ] 211.137.13.86 /
INFO: [ app_init ] --START--
INFO: Run Behavior\BuildLiteBehavior [ RunTime:0.000000s ]
INFO: [ app_init ] --END-- [ RunTime:0.000000s ]
INFO: [ app_begin ] --START--
INFO: Run Behavior\ReadHtmlCacheBehavior [ RunTime:0.000000s ]
INFO: [ app_begin ] --END-- [ RunTime:0.000000s ]

[ 2017-02-04T09:42:53+08:00 ] 211.137.13.86 /index.php/Home/Web/index.html
INFO: [ app_init ] --START--
INFO: Run Behavior\BuildLiteBehavior [ RunTime:0.000000s ]
INFO: [ app_init ] --END-- [ RunTime:0.000000s ]
INFO: [ app_begin ] --START--
INFO: Run Behavior\ReadHtmlCacheBehavior [ RunTime:0.000000s ]
INFO: [ app_begin ] --END-- [ RunTime:0.000000s ]
SQL: SHOW COLUMNS FROM `hw_cate` [ RunTime:0.0000s ]
SQL: SELECT * FROM `hw_cate` ORDER BY sort ASC  [ RunTime:0.0000s ]
SQL: SHOW COLUMNS FROM `hw_top` [ RunTime:0.0156s ]
SQL: SELECT * FROM `hw_top`  [ RunTime:0.0000s ]
SQL: SHOW COLUMNS FROM `hw_footer` [ RunTime:0.0000s ]
SQL: SELECT * FROM `hw_footer`  [ RunTime:0.0000s ]
SQL: SHOW COLUMNS FROM `hw_youlian` [ RunTime:0.0156s ]
SQL: SELECT * FROM `hw_youlian`  [ RunTime:0.0000s ]
SQL: SHOW COLUMNS FROM `hw_banner` [ RunTime:0.0000s ]
SQL: SELECT * FROM `hw_banner`  [ RunTime:0.0000s ]
SQL: SHOW COLUMNS FROM `hw_bnews` [ RunTime:0.0156s ]
SQL: SELECT * FROM `hw_bnews`  [ RunTime:0.0000s ]
SQL: SHOW COLUMNS FROM `hw_news` [ RunTime:0.0000s ]
SQL: SELECT * FROM `hw_news` ORDER BY time desc LIMIT 2   [ RunTime:0.0000s ]
SQL: SHOW COLUMNS FROM `hw_newst` [ RunTime:0.0156s ]
SQL: SELECT * FROM `hw_newst` ORDER BY time desc LIMIT 2   [ RunTime:0.0000s ]
SQL: SHOW COLUMNS FROM `hw_expert` [ RunTime:0.0000s ]
NOTIC: [8] Use of undefined constant 豆立宁 - assumed '豆立宁' D:\www\mind\Home\Controller\WebController.class.php 第 51 行.
SQL: SELECT * FROM `hw_expert` WHERE ( name='豆立宁' )  [ RunTime:0.0000s ]
NOTIC: [8] Use of undefined constant 于爽 - assumed '于爽' D:\www\mind\Home\Controller\WebController.class.php 第 54 行.
SQL: SELECT * FROM `hw_expert` WHERE ( name='于爽' )  [ RunTime:0.0000s ]
NOTIC: [8] Use of undefined constant 王焕 - assumed '王焕' D:\www\mind\Home\Controller\WebController.class.php 第 57 行.
SQL: SELECT * FROM `hw_expert` WHERE ( name='王焕' )  [ RunTime:0.0000s ]
SQL: SHOW COLUMNS FROM `hw_aboutus` [ RunTime:0.0156s ]
SQL: SELECT * FROM `hw_aboutus`  [ RunTime:0.0000s ]
SQL: SHOW COLUMNS FROM `hw_service` [ RunTime:0.0000s ]
SQL: SELECT * FROM `hw_service`  [ RunTime:0.0000s ]
SQL: SHOW COLUMNS FROM `hw_judge` [ RunTime:0.0156s ]
SQL: SELECT * FROM `hw_judge`  [ RunTime:0.0000s ]
SQL: SHOW COLUMNS FROM `hw_judgebg` [ RunTime:0.0000s ]
SQL: SELECT * FROM `hw_judgebg`  [ RunTime:0.0000s ]
SQL: SHOW COLUMNS FROM `hw_topic` [ RunTime:0.0156s ]
SQL: SELECT * FROM `hw_topic` WHERE ( id=1 )  [ RunTime:0.0000s ]
SQL: SELECT * FROM `hw_topic` WHERE ( id=2 )  [ RunTime:0.0000s ]
SQL: SELECT * FROM `hw_topic` WHERE ( id=3 )  [ RunTime:0.0000s ]
SQL: SELECT * FROM `hw_topic` WHERE ( id=4 )  [ RunTime:0.0000s ]
SQL: SELECT * FROM `hw_topic` WHERE ( id=5 )  [ RunTime:0.0000s ]
INFO: [ view_parse ] --START--
INFO: [ template_filter ] --START--
INFO: Run Behavior\ContentReplaceBehavior [ RunTime:0.000000s ]
INFO: [ template_filter ] --END-- [ RunTime:0.000000s ]
INFO: Run Behavior\ParseTemplateBehavior [ RunTime:0.093600s ]
INFO: [ view_parse ] --END-- [ RunTime:0.093600s ]
INFO: [ view_filter ] --START--
INFO: Run Behavior\WriteHtmlCacheBehavior [ RunTime:0.000000s ]
INFO: [ view_filter ] --END-- [ RunTime:0.000000s ]
INFO: [ app_end ] --START--
INFO: Run Behavior\ShowPageTraceBehavior [ RunTime:0.000000s ]
INFO: [ app_end ] --END-- [ RunTime:0.000000s ]

[ 2017-02-04T09:45:23+08:00 ] 109.87.36.111 /
INFO: [ app_init ] --START--
INFO: Run Behavior\BuildLiteBehavior [ RunTime:0.000000s ]
INFO: [ app_init ] --END-- [ RunTime:0.000000s ]
INFO: [ app_begin ] --START--
INFO: Run Behavior\ReadHtmlCacheBehavior [ RunTime:0.000000s ]
INFO: [ app_begin ] --END-- [ RunTime:0.000000s ]

[ 2017-02-04T09:45:25+08:00 ] 109.87.36.111 /index.php/Home/Web/index.html
INFO: [ app_init ] --START--
INFO: Run Behavior\BuildLiteBehavior [ RunTime:0.000000s ]
INFO: [ app_init ] --END-- [ RunTime:0.000000s ]
INFO: [ app_begin ] --START--
INFO: Run Behavior\ReadHtmlCacheBehavior [ RunTime:0.000000s ]
INFO: [ app_begin ] --END-- [ RunTime:0.000000s ]
SQL: SHOW COLUMNS FROM `hw_cate` [ RunTime:0.0156s ]
SQL: SELECT * FROM `hw_cate` ORDER BY sort ASC  [ RunTime:0.0156s ]
SQL: SHOW COLUMNS FROM `hw_top` [ RunTime:0.0000s ]
SQL: SELECT * FROM `hw_top`  [ RunTime:0.0000s ]
SQL: SHOW COLUMNS FROM `hw_footer` [ RunTime:0.0156s ]
SQL: SELECT * FROM `hw_footer`  [ RunTime:0.0000s ]
SQL: SHOW COLUMNS FROM `hw_youlian` [ RunTime:0.0312s ]
SQL: SELECT * FROM `hw_youlian`  [ RunTime:0.0000s ]
SQL: SHOW COLUMNS FROM `hw_banner` [ RunTime:0.0000s ]
SQL: SELECT * FROM `hw_banner`  [ RunTime:0.0000s ]
SQL: SHOW COLUMNS FROM `hw_bnews` [ RunTime:0.0156s ]
SQL: SELECT * FROM `hw_bnews`  [ RunTime:0.0000s ]
SQL: SHOW COLUMNS FROM `hw_news` [ RunTime:0.0000s ]
SQL: SELECT * FROM `hw_news` ORDER BY time desc LIMIT 2   [ RunTime:0.0000s ]
SQL: SHOW COLUMNS FROM `hw_newst` [ RunTime:0.0156s ]
SQL: SELECT * FROM `hw_newst` ORDER BY time desc LIMIT 2   [ RunTime:0.0000s ]
SQL: SHOW COLUMNS FROM `hw_expert` [ RunTime:0.0000s ]
NOTIC: [8] Use of undefined constant 豆立宁 - assumed '豆立宁' D:\www\mind\Home\Controller\WebController.class.php 第 51 行.
SQL: SELECT * FROM `hw_expert` WHERE ( name='豆立宁' )  [ RunTime:0.0000s ]
NOTIC: [8] Use of undefined constant 于爽 - assumed '于爽' D:\www\mind\Home\Controller\WebController.class.php 第 54 行.
SQL: SELECT * FROM `hw_expert` WHERE ( name='于爽' )  [ RunTime:0.0000s ]
NOTIC: [8] Use of undefined constant 王焕 - assumed '王焕' D:\www\mind\Home\Controller\WebController.class.php 第 57 行.
SQL: SELECT * FROM `hw_expert` WHERE ( name='王焕' )  [ RunTime:0.0000s ]
SQL: SHOW COLUMNS FROM `hw_aboutus` [ RunTime:0.0156s ]
SQL: SELECT * FROM `hw_aboutus`  [ RunTime:0.0000s ]
SQL: SHOW COLUMNS FROM `hw_service` [ RunTime:0.0000s ]
SQL: SELECT * FROM `hw_service`  [ RunTime:0.0000s ]
SQL: SHOW COLUMNS FROM `hw_judge` [ RunTime:0.0156s ]
SQL: SELECT * FROM `hw_judge`  [ RunTime:0.0000s ]
SQL: SHOW COLUMNS FROM `hw_judgebg` [ RunTime:0.0000s ]
SQL: SELECT * FROM `hw_judgebg`  [ RunTime:0.0000s ]
SQL: SHOW COLUMNS FROM `hw_topic` [ RunTime:0.0156s ]
SQL: SELECT * FROM `hw_topic` WHERE ( id=1 )  [ RunTime:0.0000s ]
SQL: SELECT * FROM `hw_topic` WHERE ( id=2 )  [ RunTime:0.0000s ]
SQL: SELECT * FROM `hw_topic` WHERE ( id=3 )  [ RunTime:0.0000s ]
SQL: SELECT * FROM `hw_topic` WHERE ( id=4 )  [ RunTime:0.0000s ]
SQL: SELECT * FROM `hw_topic` WHERE ( id=5 )  [ RunTime:0.0000s ]
INFO: [ view_parse ] --START--
INFO: [ template_filter ] --START--
INFO: Run Behavior\ContentReplaceBehavior [ RunTime:0.000000s ]
INFO: [ template_filter ] --END-- [ RunTime:0.000000s ]
INFO: Run Behavior\ParseTemplateBehavior [ RunTime:0.078000s ]
INFO: [ view_parse ] --END-- [ RunTime:0.078000s ]
INFO: [ view_filter ] --START--
INFO: Run Behavior\WriteHtmlCacheBehavior [ RunTime:0.000000s ]
INFO: [ view_filter ] --END-- [ RunTime:0.000000s ]
INFO: [ app_end ] --START--
INFO: Run Behavior\ShowPageTraceBehavior [ RunTime:0.000000s ]
INFO: [ app_end ] --END-- [ RunTime:0.000000s ]

[ 2017-02-04T09:57:23+08:00 ] 211.137.13.86 /
INFO: [ app_init ] --START--
INFO: Run Behavior\BuildLiteBehavior [ RunTime:0.000000s ]
INFO: [ app_init ] --END-- [ RunTime:0.000000s ]
INFO: [ app_begin ] --START--
INFO: Run Behavior\ReadHtmlCacheBehavior [ RunTime:0.000000s ]
INFO: [ app_begin ] --END-- [ RunTime:0.000000s ]

[ 2017-02-04T09:57:23+08:00 ] 211.137.13.86 /index.php/Home/Web/index.html
INFO: [ app_init ] --START--
INFO: Run Behavior\BuildLiteBehavior [ RunTime:0.000000s ]
INFO: [ app_init ] --END-- [ RunTime:0.000000s ]
INFO: [ app_begin ] --START--
INFO: Run Behavior\ReadHtmlCacheBehavior [ RunTime:0.000000s ]
INFO: [ app_begin ] --END-- [ RunTime:0.000000s ]
SQL: SHOW COLUMNS FROM `hw_cate` [ RunTime:0.0000s ]
SQL: SELECT * FROM `hw_cate` ORDER BY sort ASC  [ RunTime:0.0000s ]
SQL: SHOW COLUMNS FROM `hw_top` [ RunTime:0.0000s ]
SQL: SELECT * FROM `hw_top`  [ RunTime:0.0000s ]
SQL: SHOW COLUMNS FROM `hw_footer` [ RunTime:0.0156s ]
SQL: SELECT * FROM `hw_footer`  [ RunTime:0.0000s ]
SQL: SHOW COLUMNS FROM `hw_youlian` [ RunTime:0.0000s ]
SQL: SELECT * FROM `hw_youlian`  [ RunTime:0.0000s ]
SQL: SHOW COLUMNS FROM `hw_banner` [ RunTime:0.0000s ]
SQL: SELECT * FROM `hw_banner`  [ RunTime:0.0000s ]
SQL: SHOW COLUMNS FROM `hw_bnews` [ RunTime:0.0000s ]
SQL: SELECT * FROM `hw_bnews`  [ RunTime:0.0000s ]
SQL: SHOW COLUMNS FROM `hw_news` [ RunTime:0.0000s ]
SQL: SELECT * FROM `hw_news` ORDER BY time desc LIMIT 2   [ RunTime:0.0156s ]
SQL: SHOW COLUMNS FROM `hw_newst` [ RunTime:0.0000s ]
SQL: SELECT * FROM `hw_newst` ORDER BY time desc LIMIT 2   [ RunTime:0.0000s ]
SQL: SHOW COLUMNS FROM `hw_expert` [ RunTime:0.0156s ]
NOTIC: [8] Use of undefined constant 豆立宁 - assumed '豆立宁' D:\www\mind\Home\Controller\WebController.class.php 第 51 行.
SQL: SELECT * FROM `hw_expert` WHERE ( name='豆立宁' )  [ RunTime:0.0000s ]
NOTIC: [8] Use of undefined constant 于爽 - assumed '于爽' D:\www\mind\Home\Controller\WebController.class.php 第 54 行.
SQL: SELECT * FROM `hw_expert` WHERE ( name='于爽' )  [ RunTime:0.0000s ]
NOTIC: [8] Use of undefined constant 王焕 - assumed '王焕' D:\www\mind\Home\Controller\WebController.class.php 第 57 行.
SQL: SELECT * FROM `hw_expert` WHERE ( name='王焕' )  [ RunTime:0.0000s ]
SQL: SHOW COLUMNS FROM `hw_aboutus` [ RunTime:0.0000s ]
SQL: SELECT * FROM `hw_aboutus`  [ RunTime:0.0000s ]
SQL: SHOW COLUMNS FROM `hw_service` [ RunTime:0.0156s ]
SQL: SELECT * FROM `hw_service`  [ RunTime:0.0000s ]
SQL: SHOW COLUMNS FROM `hw_judge` [ RunTime:0.0000s ]
SQL: SELECT * FROM `hw_judge`  [ RunTime:0.0000s ]
SQL: SHOW COLUMNS FROM `hw_judgebg` [ RunTime:0.0156s ]
SQL: SELECT * FROM `hw_judgebg`  [ RunTime:0.0000s ]
SQL: SHOW COLUMNS FROM `hw_topic` [ RunTime:0.0000s ]
SQL: SELECT * FROM `hw_topic` WHERE ( id=1 )  [ RunTime:0.0000s ]
SQL: SELECT * FROM `hw_topic` WHERE ( id=2 )  [ RunTime:0.0000s ]
SQL: SELECT * FROM `hw_topic` WHERE ( id=3 )  [ RunTime:0.0000s ]
SQL: SELECT * FROM `hw_topic` WHERE ( id=4 )  [ RunTime:0.0000s ]
SQL: SELECT * FROM `hw_topic` WHERE ( id=5 )  [ RunTime:0.0000s ]
INFO: [ view_parse ] --START--
INFO: [ template_filter ] --START--
INFO: Run Behavior\ContentReplaceBehavior [ RunTime:0.000000s ]
INFO: [ template_filter ] --END-- [ RunTime:0.000000s ]
INFO: Run Behavior\ParseTemplateBehavior [ RunTime:0.093600s ]
INFO: [ view_parse ] --END-- [ RunTime:0.093600s ]
INFO: [ view_filter ] --START--
INFO: Run Behavior\WriteHtmlCacheBehavior [ RunTime:0.000000s ]
INFO: [ view_filter ] --END-- [ RunTime:0.000000s ]
INFO: [ app_end ] --START--
INFO: Run Behavior\ShowPageTraceBehavior [ RunTime:0.015600s ]
INFO: [ app_end ] --END-- [ RunTime:0.015600s ]

[ 2017-02-04T09:58:17+08:00 ] 211.137.13.86 /index.php/Home/Web/index.html
INFO: [ app_init ] --START--
INFO: Run Behavior\BuildLiteBehavior [ RunTime:0.000000s ]
INFO: [ app_init ] --END-- [ RunTime:0.000000s ]
INFO: [ app_begin ] --START--
INFO: Run Behavior\ReadHtmlCacheBehavior [ RunTime:0.000000s ]
INFO: [ app_begin ] --END-- [ RunTime:0.000000s ]
SQL: SHOW COLUMNS FROM `hw_cate` [ RunTime:0.0000s ]
SQL: SELECT * FROM `hw_cate` ORDER BY sort ASC  [ RunTime:0.0000s ]
SQL: SHOW COLUMNS FROM `hw_top` [ RunTime:0.0156s ]
SQL: SELECT * FROM `hw_top`  [ RunTime:0.0000s ]
SQL: SHOW COLUMNS FROM `hw_footer` [ RunTime:0.0000s ]
SQL: SELECT * FROM `hw_footer`  [ RunTime:0.0000s ]
SQL: SHOW COLUMNS FROM `hw_youlian` [ RunTime:0.0156s ]
SQL: SELECT * FROM `hw_youlian`  [ RunTime:0.0000s ]
SQL: SHOW COLUMNS FROM `hw_banner` [ RunTime:0.0000s ]
SQL: SELECT * FROM `hw_banner`  [ RunTime:0.0000s ]
SQL: SHOW COLUMNS FROM `hw_bnews` [ RunTime:0.0156s ]
SQL: SELECT * FROM `hw_bnews`  [ RunTime:0.0000s ]
SQL: SHOW COLUMNS FROM `hw_news` [ RunTime:0.0000s ]
SQL: SELECT * FROM `hw_news` ORDER BY time desc LIMIT 2   [ RunTime:0.0000s ]
SQL: SHOW COLUMNS FROM `hw_newst` [ RunTime:0.0156s ]
SQL: SELECT * FROM `hw_newst` ORDER BY time desc LIMIT 2   [ RunTime:0.0000s ]
SQL: SHOW COLUMNS FROM `hw_expert` [ RunTime:0.0000s ]
NOTIC: [8] Use of undefined constant 豆立宁 - assumed '豆立宁' D:\www\mind\Home\Controller\WebController.class.php 第 51 行.
SQL: SELECT * FROM `hw_expert` WHERE ( name='豆立宁' )  [ RunTime:0.0000s ]
NOTIC: [8] Use of undefined constant 于爽 - assumed '于爽' D:\www\mind\Home\Controller\WebController.class.php 第 54 行.
SQL: SELECT * FROM `hw_expert` WHERE ( name='于爽' )  [ RunTime:0.0000s ]
NOTIC: [8] Use of undefined constant 王焕 - assumed '王焕' D:\www\mind\Home\Controller\WebController.class.php 第 57 行.
SQL: SELECT * FROM `hw_expert` WHERE ( name='王焕' )  [ RunTime:0.0000s ]
SQL: SHOW COLUMNS FROM `hw_aboutus` [ RunTime:0.0156s ]
SQL: SELECT * FROM `hw_aboutus`  [ RunTime:0.0000s ]
SQL: SHOW COLUMNS FROM `hw_service` [ RunTime:0.0000s ]
SQL: SELECT * FROM `hw_service`  [ RunTime:0.0000s ]
SQL: SHOW COLUMNS FROM `hw_judge` [ RunTime:0.0156s ]
SQL: SELECT * FROM `hw_judge`  [ RunTime:0.0000s ]
SQL: SHOW COLUMNS FROM `hw_judgebg` [ RunTime:0.0000s ]
SQL: SELECT * FROM `hw_judgebg`  [ RunTime:0.0000s ]
SQL: SHOW COLUMNS FROM `hw_topic` [ RunTime:0.0156s ]
SQL: SELECT * FROM `hw_topic` WHERE ( id=1 )  [ RunTime:0.0000s ]
SQL: SELECT * FROM `hw_topic` WHERE ( id=2 )  [ RunTime:0.0000s ]
SQL: SELECT * FROM `hw_topic` WHERE ( id=3 )  [ RunTime:0.0000s ]
SQL: SELECT * FROM `hw_topic` WHERE ( id=4 )  [ RunTime:0.0000s ]
SQL: SELECT * FROM `hw_topic` WHERE ( id=5 )  [ RunTime:0.0000s ]
INFO: [ view_parse ] --START--
INFO: [ template_filter ] --START--
INFO: Run Behavior\ContentReplaceBehavior [ RunTime:0.000000s ]
INFO: [ template_filter ] --END-- [ RunTime:0.000000s ]
INFO: Run Behavior\ParseTemplateBehavior [ RunTime:0.078000s ]
INFO: [ view_parse ] --END-- [ RunTime:0.078000s ]
INFO: [ view_filter ] --START--
INFO: Run Behavior\WriteHtmlCacheBehavior [ RunTime:0.000000s ]
INFO: [ view_filter ] --END-- [ RunTime:0.000000s ]
INFO: [ app_end ] --START--
INFO: Run Behavior\ShowPageTraceBehavior [ RunTime:0.000000s ]
INFO: [ app_end ] --END-- [ RunTime:0.000000s ]

[ 2017-02-04T10:00:00+08:00 ] 106.120.161.66 /index.php/Home/Web/index.html
INFO: [ app_init ] --START--
INFO: Run Behavior\BuildLiteBehavior [ RunTime:0.000000s ]
INFO: [ app_init ] --END-- [ RunTime:0.000000s ]
INFO: [ app_begin ] --START--
INFO: Run Behavior\ReadHtmlCacheBehavior [ RunTime:0.000000s ]
INFO: [ app_begin ] --END-- [ RunTime:0.000000s ]
SQL: SHOW COLUMNS FROM `hw_cate` [ RunTime:0.0156s ]
SQL: SELECT * FROM `hw_cate` ORDER BY sort ASC  [ RunTime:0.0000s ]
SQL: SHOW COLUMNS FROM `hw_top` [ RunTime:0.0156s ]
SQL: SELECT * FROM `hw_top`  [ RunTime:0.0000s ]
SQL: SHOW COLUMNS FROM `hw_footer` [ RunTime:0.0156s ]
SQL: SELECT * FROM `hw_footer`  [ RunTime:0.0000s ]
SQL: SHOW COLUMNS FROM `hw_youlian` [ RunTime:0.0156s ]
SQL: SELECT * FROM `hw_youlian`  [ RunTime:0.0000s ]
SQL: SHOW COLUMNS FROM `hw_banner` [ RunTime:0.0156s ]
SQL: SELECT * FROM `hw_banner`  [ RunTime:0.0000s ]
SQL: SHOW COLUMNS FROM `hw_bnews` [ RunTime:0.0312s ]
SQL: SELECT * FROM `hw_bnews`  [ RunTime:0.0000s ]
SQL: SHOW COLUMNS FROM `hw_news` [ RunTime:0.0156s ]
SQL: SELECT * FROM `hw_news` ORDER BY time desc LIMIT 2   [ RunTime:0.0000s ]
SQL: SHOW COLUMNS FROM `hw_newst` [ RunTime:0.0000s ]
SQL: SELECT * FROM `hw_newst` ORDER BY time desc LIMIT 2   [ RunTime:0.0156s ]
SQL: SHOW COLUMNS FROM `hw_expert` [ RunTime:0.0156s ]
NOTIC: [8] Use of undefined constant 豆立宁 - assumed '豆立宁' D:\www\mind\Home\Controller\WebController.class.php 第 51 行.
SQL: SELECT * FROM `hw_expert` WHERE ( name='豆立宁' )  [ RunTime:0.0000s ]
NOTIC: [8] Use of undefined constant 于爽 - assumed '于爽' D:\www\mind\Home\Controller\WebController.class.php 第 54 行.
SQL: SELECT * FROM `hw_expert` WHERE ( name='于爽' )  [ RunTime:0.0000s ]
NOTIC: [8] Use of undefined constant 王焕 - assumed '王焕' D:\www\mind\Home\Controller\WebController.class.php 第 57 行.
SQL: SELECT * FROM `hw_expert` WHERE ( name='王焕' )  [ RunTime:0.0000s ]
SQL: SHOW COLUMNS FROM `hw_aboutus` [ RunTime:0.0312s ]
SQL: SELECT * FROM `hw_aboutus`  [ RunTime:0.0000s ]
SQL: SHOW COLUMNS FROM `hw_service` [ RunTime:0.0156s ]
SQL: SELECT * FROM `hw_service`  [ RunTime:0.0000s ]
SQL: SHOW COLUMNS FROM `hw_judge` [ RunTime:0.0000s ]
SQL: SELECT * FROM `hw_judge`  [ RunTime:0.0000s ]
SQL: SHOW COLUMNS FROM `hw_judgebg` [ RunTime:0.0156s ]
SQL: SELECT * FROM `hw_judgebg`  [ RunTime:0.0000s ]
SQL: SHOW COLUMNS FROM `hw_topic` [ RunTime:0.0156s ]
SQL: SELECT * FROM `hw_topic` WHERE ( id=1 )  [ RunTime:0.0000s ]
SQL: SELECT * FROM `hw_topic` WHERE ( id=2 )  [ RunTime:0.0000s ]
SQL: SELECT * FROM `hw_topic` WHERE ( id=3 )  [ RunTime:0.0000s ]
SQL: SELECT * FROM `hw_topic` WHERE ( id=4 )  [ RunTime:0.0156s ]
SQL: SELECT * FROM `hw_topic` WHERE ( id=5 )  [ RunTime:0.0000s ]
INFO: [ view_parse ] --START--
INFO: [ template_filter ] --START--
INFO: Run Behavior\ContentReplaceBehavior [ RunTime:0.000000s ]
INFO: [ template_filter ] --END-- [ RunTime:0.000000s ]
INFO: Run Behavior\ParseTemplateBehavior [ RunTime:0.078000s ]
INFO: [ view_parse ] --END-- [ RunTime:0.078000s ]
INFO: [ view_filter ] --START--
INFO: Run Behavior\WriteHtmlCacheBehavior [ RunTime:0.000000s ]
INFO: [ view_filter ] --END-- [ RunTime:0.000000s ]
INFO: [ app_end ] --START--
INFO: Run Behavior\ShowPageTraceBehavior [ RunTime:0.000000s ]
INFO: [ app_end ] --END-- [ RunTime:0.000000s ]

[ 2017-02-04T10:00:17+08:00 ] 101.199.108.119 /
INFO: [ app_init ] --START--
INFO: Run Behavior\BuildLiteBehavior [ RunTime:0.000000s ]
INFO: [ app_init ] --END-- [ RunTime:0.000000s ]
INFO: [ app_begin ] --START--
INFO: Run Behavior\ReadHtmlCacheBehavior [ RunTime:0.000000s ]
INFO: [ app_begin ] --END-- [ RunTime:0.000000s ]

[ 2017-02-04T10:00:17+08:00 ] 101.199.108.119 /index.php/Home/Web/index.html
INFO: [ app_init ] --START--
INFO: Run Behavior\BuildLiteBehavior [ RunTime:0.000000s ]
INFO: [ app_init ] --END-- [ RunTime:0.000000s ]
INFO: [ app_begin ] --START--
INFO: Run Behavior\ReadHtmlCacheBehavior [ RunTime:0.000000s ]
INFO: [ app_begin ] --END-- [ RunTime:0.000000s ]
SQL: SHOW COLUMNS FROM `hw_cate` [ RunTime:0.0000s ]
SQL: SELECT * FROM `hw_cate` ORDER BY sort ASC  [ RunTime:0.0000s ]
SQL: SHOW COLUMNS FROM `hw_top` [ RunTime:0.0156s ]
SQL: SELECT * FROM `hw_top`  [ RunTime:0.0000s ]
SQL: SHOW COLUMNS FROM `hw_footer` [ RunTime:0.0000s ]
SQL: SELECT * FROM `hw_footer`  [ RunTime:0.0000s ]
SQL: SHOW COLUMNS FROM `hw_youlian` [ RunTime:0.0000s ]
SQL: SELECT * FROM `hw_youlian`  [ RunTime:0.0156s ]
SQL: SHOW COLUMNS FROM `hw_banner` [ RunTime:0.0000s ]
SQL: SELECT * FROM `hw_banner`  [ RunTime:0.0000s ]
SQL: SHOW COLUMNS FROM `hw_bnews` [ RunTime:0.0000s ]
SQL: SELECT * FROM `hw_bnews`  [ RunTime:0.0000s ]
SQL: SHOW COLUMNS FROM `hw_news` [ RunTime:0.0156s ]
SQL: SELECT * FROM `hw_news` ORDER BY time desc LIMIT 2   [ RunTime:0.0000s ]
SQL: SHOW COLUMNS FROM `hw_newst` [ RunTime:0.0156s ]
SQL: SELECT * FROM `hw_newst` ORDER BY time desc LIMIT 2   [ RunTime:0.0000s ]
SQL: SHOW COLUMNS FROM `hw_expert` [ RunTime:0.0000s ]
NOTIC: [8] Use of undefined constant 豆立宁 - assumed '豆立宁' D:\www\mind\Home\Controller\WebController.class.php 第 51 行.
SQL: SELECT * FROM `hw_expert` WHERE ( name='豆立宁' )  [ RunTime:0.0000s ]
NOTIC: [8] Use of undefined constant 于爽 - assumed '于爽' D:\www\mind\Home\Controller\WebController.class.php 第 54 行.
SQL: SELECT * FROM `hw_expert` WHERE ( name='于爽' )  [ RunTime:0.0000s ]
NOTIC: [8] Use of undefined constant 王焕 - assumed '王焕' D:\www\mind\Home\Controller\WebController.class.php 第 57 行.
SQL: SELECT * FROM `hw_expert` WHERE ( name='王焕' )  [ RunTime:0.0000s ]
SQL: SHOW COLUMNS FROM `hw_aboutus` [ RunTime:0.0156s ]
SQL: SELECT * FROM `hw_aboutus`  [ RunTime:0.0000s ]
SQL: SHOW COLUMNS FROM `hw_service` [ RunTime:0.0000s ]
SQL: SELECT * FROM `hw_service`  [ RunTime:0.0000s ]
SQL: SHOW COLUMNS FROM `hw_judge` [ RunTime:0.0156s ]
SQL: SELECT * FROM `hw_judge`  [ RunTime:0.0000s ]
SQL: SHOW COLUMNS FROM `hw_judgebg` [ RunTime:0.0000s ]
SQL: SELECT * FROM `hw_judgebg`  [ RunTime:0.0000s ]
SQL: SHOW COLUMNS FROM `hw_topic` [ RunTime:0.0000s ]
SQL: SELECT * FROM `hw_topic` WHERE ( id=1 )  [ RunTime:0.0156s ]
SQL: SELECT * FROM `hw_topic` WHERE ( id=2 )  [ RunTime:0.0000s ]
SQL: SELECT * FROM `hw_topic` WHERE ( id=3 )  [ RunTime:0.0000s ]
SQL: SELECT * FROM `hw_topic` WHERE ( id=4 )  [ RunTime:0.0000s ]
SQL: SELECT * FROM `hw_topic` WHERE ( id=5 )  [ RunTime:0.0000s ]
INFO: [ view_parse ] --START--
INFO: [ template_filter ] --START--
INFO: Run Behavior\ContentReplaceBehavior [ RunTime:0.000000s ]
INFO: [ template_filter ] --END-- [ RunTime:0.000000s ]
INFO: Run Behavior\ParseTemplateBehavior [ RunTime:0.062401s ]
INFO: [ view_parse ] --END-- [ RunTime:0.062401s ]
INFO: [ view_filter ] --START--
INFO: Run Behavior\WriteHtmlCacheBehavior [ RunTime:0.000000s ]
INFO: [ view_filter ] --END-- [ RunTime:0.000000s ]
INFO: [ app_end ] --START--
INFO: Run Behavior\ShowPageTraceBehavior [ RunTime:0.000000s ]
INFO: [ app_end ] --END-- [ RunTime:0.000000s ]

[ 2017-02-04T10:00:20+08:00 ] 101.199.108.57 /index.php/Home/Web/index.html
INFO: [ app_init ] --START--
INFO: Run Behavior\BuildLiteBehavior [ RunTime:0.000000s ]
INFO: [ app_init ] --END-- [ RunTime:0.000000s ]
INFO: [ app_begin ] --START--
INFO: Run Behavior\ReadHtmlCacheBehavior [ RunTime:0.000000s ]
INFO: [ app_begin ] --END-- [ RunTime:0.000000s ]
SQL: SHOW COLUMNS FROM `hw_cate` [ RunTime:0.0000s ]
SQL: SELECT * FROM `hw_cate` ORDER BY sort ASC  [ RunTime:0.0000s ]
SQL: SHOW COLUMNS FROM `hw_top` [ RunTime:0.0156s ]
SQL: SELECT * FROM `hw_top`  [ RunTime:0.0000s ]
SQL: SHOW COLUMNS FROM `hw_footer` [ RunTime:0.0000s ]
SQL: SELECT * FROM `hw_footer`  [ RunTime:0.0000s ]
SQL: SHOW COLUMNS FROM `hw_youlian` [ RunTime:0.0000s ]
SQL: SELECT * FROM `hw_youlian`  [ RunTime:0.0156s ]
SQL: SHOW COLUMNS FROM `hw_banner` [ RunTime:0.0000s ]
SQL: SELECT * FROM `hw_banner`  [ RunTime:0.0000s ]
SQL: SHOW COLUMNS FROM `hw_bnews` [ RunTime:0.0000s ]
SQL: SELECT * FROM `hw_bnews`  [ RunTime:0.0000s ]
SQL: SHOW COLUMNS FROM `hw_news` [ RunTime:0.0156s ]
SQL: SELECT * FROM `hw_news` ORDER BY time desc LIMIT 2   [ RunTime:0.0000s ]
SQL: SHOW COLUMNS FROM `hw_newst` [ RunTime:0.0000s ]
SQL: SELECT * FROM `hw_newst` ORDER BY time desc LIMIT 2   [ RunTime:0.0000s ]
SQL: SHOW COLUMNS FROM `hw_expert` [ RunTime:0.0000s ]
NOTIC: [8] Use of undefined constant 豆立宁 - assumed '豆立宁' D:\www\mind\Home\Controller\WebController.class.php 第 51 行.
SQL: SELECT * FROM `hw_expert` WHERE ( name='豆立宁' )  [ RunTime:0.0000s ]
NOTIC: [8] Use of undefined constant 于爽 - assumed '于爽' D:\www\mind\Home\Controller\WebController.class.php 第 54 行.
SQL: SELECT * FROM `hw_expert` WHERE ( name='于爽' )  [ RunTime:0.0000s ]
NOTIC: [8] Use of undefined constant 王焕 - assumed '王焕' D:\www\mind\Home\Controller\WebController.class.php 第 57 行.
SQL: SELECT * FROM `hw_expert` WHERE ( name='王焕' )  [ RunTime:0.0000s ]
SQL: SHOW COLUMNS FROM `hw_aboutus` [ RunTime:0.0000s ]
SQL: SELECT * FROM `hw_aboutus`  [ RunTime:0.0156s ]
SQL: SHOW COLUMNS FROM `hw_service` [ RunTime:0.0000s ]
SQL: SELECT * FROM `hw_service`  [ RunTime:0.0000s ]
SQL: SHOW COLUMNS FROM `hw_judge` [ RunTime:0.0000s ]
SQL: SELECT * FROM `hw_judge`  [ RunTime:0.0000s ]
SQL: SHOW COLUMNS FROM `hw_judgebg` [ RunTime:0.0156s ]
SQL: SELECT * FROM `hw_judgebg`  [ RunTime:0.0000s ]
SQL: SHOW COLUMNS FROM `hw_topic` [ RunTime:0.0000s ]
SQL: SELECT * FROM `hw_topic` WHERE ( id=1 )  [ RunTime:0.0000s ]
SQL: SELECT * FROM `hw_topic` WHERE ( id=2 )  [ RunTime:0.0000s ]
SQL: SELECT * FROM `hw_topic` WHERE ( id=3 )  [ RunTime:0.0000s ]
SQL: SELECT * FROM `hw_topic` WHERE ( id=4 )  [ RunTime:0.0156s ]
SQL: SELECT * FROM `hw_topic` WHERE ( id=5 )  [ RunTime:0.0000s ]
INFO: [ view_parse ] --START--
INFO: [ template_filter ] --START--
INFO: Run Behavior\ContentReplaceBehavior [ RunTime:0.000000s ]
INFO: [ template_filter ] --END-- [ RunTime:0.000000s ]
INFO: Run Behavior\ParseTemplateBehavior [ RunTime:0.062401s ]
INFO: [ view_parse ] --END-- [ RunTime:0.062401s ]
INFO: [ view_filter ] --START--
INFO: Run Behavior\WriteHtmlCacheBehavior [ RunTime:0.000000s ]
INFO: [ view_filter ] --END-- [ RunTime:0.000000s ]
INFO: [ app_end ] --START--
INFO: Run Behavior\ShowPageTraceBehavior [ RunTime:0.000000s ]
INFO: [ app_end ] --END-- [ RunTime:0.000000s ]

[ 2017-02-04T10:01:20+08:00 ] 106.120.161.66 /index.php/Home/Web/index.html
INFO: [ app_init ] --START--
INFO: Run Behavior\BuildLiteBehavior [ RunTime:0.000000s ]
INFO: [ app_init ] --END-- [ RunTime:0.000000s ]
INFO: [ app_begin ] --START--
INFO: Run Behavior\ReadHtmlCacheBehavior [ RunTime:0.000000s ]
INFO: [ app_begin ] --END-- [ RunTime:0.000000s ]
SQL: SHOW COLUMNS FROM `hw_cate` [ RunTime:0.0000s ]
SQL: SELECT * FROM `hw_cate` ORDER BY sort ASC  [ RunTime:0.0000s ]
SQL: SHOW COLUMNS FROM `hw_top` [ RunTime:0.0156s ]
SQL: SELECT * FROM `hw_top`  [ RunTime:0.0000s ]
SQL: SHOW COLUMNS FROM `hw_footer` [ RunTime:0.0156s ]
SQL: SELECT * FROM `hw_footer`  [ RunTime:0.0000s ]
SQL: SHOW COLUMNS FROM `hw_youlian` [ RunTime:0.0000s ]
SQL: SELECT * FROM `hw_youlian`  [ RunTime:0.0000s ]
SQL: SHOW COLUMNS FROM `hw_banner` [ RunTime:0.0000s ]
SQL: SELECT * FROM `hw_banner`  [ RunTime:0.0000s ]
SQL: SHOW COLUMNS FROM `hw_bnews` [ RunTime:0.0156s ]
SQL: SELECT * FROM `hw_bnews`  [ RunTime:0.0000s ]
SQL: SHOW COLUMNS FROM `hw_news` [ RunTime:0.0000s ]
SQL: SELECT * FROM `hw_news` ORDER BY time desc LIMIT 2   [ RunTime:0.0000s ]
SQL: SHOW COLUMNS FROM `hw_newst` [ RunTime:0.0000s ]
SQL: SELECT * FROM `hw_newst` ORDER BY time desc LIMIT 2   [ RunTime:0.0000s ]
SQL: SHOW COLUMNS FROM `hw_expert` [ RunTime:0.0000s ]
NOTIC: [8] Use of undefined constant 豆立宁 - assumed '豆立宁' D:\www\mind\Home\Controller\WebController.class.php 第 51 行.
SQL: SELECT * FROM `hw_expert` WHERE ( name='豆立宁' )  [ RunTime:0.0156s ]
NOTIC: [8] Use of undefined constant 于爽 - assumed '于爽' D:\www\mind\Home\Controller\WebController.class.php 第 54 行.
SQL: SELECT * FROM `hw_expert` WHERE ( name='于爽' )  [ RunTime:0.0000s ]
NOTIC: [8] Use of undefined constant 王焕 - assumed '王焕' D:\www\mind\Home\Controller\WebController.class.php 第 57 行.
SQL: SELECT * FROM `hw_expert` WHERE ( name='王焕' )  [ RunTime:0.0000s ]
SQL: SHOW COLUMNS FROM `hw_aboutus` [ RunTime:0.0156s ]
SQL: SELECT * FROM `hw_aboutus`  [ RunTime:0.0000s ]
SQL: SHOW COLUMNS FROM `hw_service` [ RunTime:0.0000s ]
SQL: SELECT * FROM `hw_service`  [ RunTime:0.0000s ]
SQL: SHOW COLUMNS FROM `hw_judge` [ RunTime:0.0156s ]
SQL: SELECT * FROM `hw_judge`  [ RunTime:0.0000s ]
SQL: SHOW COLUMNS FROM `hw_judgebg` [ RunTime:0.0000s ]
SQL: SELECT * FROM `hw_judgebg`  [ RunTime:0.0000s ]
SQL: SHOW COLUMNS FROM `hw_topic` [ RunTime:0.0156s ]
SQL: SELECT * FROM `hw_topic` WHERE ( id=1 )  [ RunTime:0.0000s ]
SQL: SELECT * FROM `hw_topic` WHERE ( id=2 )  [ RunTime:0.0000s ]
SQL: SELECT * FROM `hw_topic` WHERE ( id=3 )  [ RunTime:0.0000s ]
SQL: SELECT * FROM `hw_topic` WHERE ( id=4 )  [ RunTime:0.0000s ]
SQL: SELECT * FROM `hw_topic` WHERE ( id=5 )  [ RunTime:0.0000s ]
INFO: [ view_parse ] --START--
INFO: [ template_filter ] --START--
INFO: Run Behavior\ContentReplaceBehavior [ RunTime:0.015600s ]
INFO: [ template_filter ] --END-- [ RunTime:0.015600s ]
INFO: Run Behavior\ParseTemplateBehavior [ RunTime:0.062400s ]
INFO: [ view_parse ] --END-- [ RunTime:0.062400s ]
INFO: [ view_filter ] --START--
INFO: Run Behavior\WriteHtmlCacheBehavior [ RunTime:0.000000s ]
INFO: [ view_filter ] --END-- [ RunTime:0.000000s ]
INFO: [ app_end ] --START--
INFO: Run Behavior\ShowPageTraceBehavior [ RunTime:0.000000s ]
INFO: [ app_end ] --END-- [ RunTime:0.000000s ]

[ 2017-02-04T10:01:41+08:00 ] 101.199.108.59 /index.php/Home/Web/index.html
INFO: [ app_init ] --START--
INFO: Run Behavior\BuildLiteBehavior [ RunTime:0.000000s ]
INFO: [ app_init ] --END-- [ RunTime:0.000000s ]
INFO: [ app_begin ] --START--
INFO: Run Behavior\ReadHtmlCacheBehavior [ RunTime:0.000000s ]
INFO: [ app_begin ] --END-- [ RunTime:0.000000s ]
SQL: SHOW COLUMNS FROM `hw_cate` [ RunTime:0.0156s ]
SQL: SELECT * FROM `hw_cate` ORDER BY sort ASC  [ RunTime:0.0000s ]
SQL: SHOW COLUMNS FROM `hw_top` [ RunTime:0.0000s ]
SQL: SELECT * FROM `hw_top`  [ RunTime:0.0000s ]
SQL: SHOW COLUMNS FROM `hw_footer` [ RunTime:0.0156s ]
SQL: SELECT * FROM `hw_footer`  [ RunTime:0.0000s ]
SQL: SHOW COLUMNS FROM `hw_youlian` [ RunTime:0.0000s ]
SQL: SELECT * FROM `hw_youlian`  [ RunTime:0.0000s ]
SQL: SHOW COLUMNS FROM `hw_banner` [ RunTime:0.0156s ]
SQL: SELECT * FROM `hw_banner`  [ RunTime:0.0000s ]
SQL: SHOW COLUMNS FROM `hw_bnews` [ RunTime:0.0000s ]
SQL: SELECT * FROM `hw_bnews`  [ RunTime:0.0000s ]
SQL: SHOW COLUMNS FROM `hw_news` [ RunTime:0.0156s ]
SQL: SELECT * FROM `hw_news` ORDER BY time desc LIMIT 2   [ RunTime:0.0000s ]
SQL: SHOW COLUMNS FROM `hw_newst` [ RunTime:0.0000s ]
SQL: SELECT * FROM `hw_newst` ORDER BY time desc LIMIT 2   [ RunTime:0.0000s ]
SQL: SHOW COLUMNS FROM `hw_expert` [ RunTime:0.0156s ]
NOTIC: [8] Use of undefined constant 豆立宁 - assumed '豆立宁' D:\www\mind\Home\Controller\WebController.class.php 第 51 行.
SQL: SELECT * FROM `hw_expert` WHERE ( name='豆立宁' )  [ RunTime:0.0000s ]
NOTIC: [8] Use of undefined constant 于爽 - assumed '于爽' D:\www\mind\Home\Controller\WebController.class.php 第 54 行.
SQL: SELECT * FROM `hw_expert` WHERE ( name='于爽' )  [ RunTime:0.0000s ]
NOTIC: [8] Use of undefined constant 王焕 - assumed '王焕' D:\www\mind\Home\Controller\WebController.class.php 第 57 行.
SQL: SELECT * FROM `hw_expert` WHERE ( name='王焕' )  [ RunTime:0.0000s ]
SQL: SHOW COLUMNS FROM `hw_aboutus` [ RunTime:0.0000s ]
SQL: SELECT * FROM `hw_aboutus`  [ RunTime:0.0000s ]
SQL: SHOW COLUMNS FROM `hw_service` [ RunTime:0.0156s ]
SQL: SELECT * FROM `hw_service`  [ RunTime:0.0000s ]
SQL: SHOW COLUMNS FROM `hw_judge` [ RunTime:0.0000s ]
SQL: SELECT * FROM `hw_judge`  [ RunTime:0.0000s ]
SQL: SHOW COLUMNS FROM `hw_judgebg` [ RunTime:0.0156s ]
SQL: SELECT * FROM `hw_judgebg`  [ RunTime:0.0000s ]
SQL: SHOW COLUMNS FROM `hw_topic` [ RunTime:0.0000s ]
SQL: SELECT * FROM `hw_topic` WHERE ( id=1 )  [ RunTime:0.0000s ]
SQL: SELECT * FROM `hw_topic` WHERE ( id=2 )  [ RunTime:0.0000s ]
SQL: SELECT * FROM `hw_topic` WHERE ( id=3 )  [ RunTime:0.0000s ]
SQL: SELECT * FROM `hw_topic` WHERE ( id=4 )  [ RunTime:0.0000s ]
SQL: SELECT * FROM `hw_topic` WHERE ( id=5 )  [ RunTime:0.0000s ]
INFO: [ view_parse ] --START--
INFO: [ template_filter ] --START--
INFO: Run Behavior\ContentReplaceBehavior [ RunTime:0.000000s ]
INFO: [ template_filter ] --END-- [ RunTime:0.000000s ]
INFO: Run Behavior\ParseTemplateBehavior [ RunTime:0.078000s ]
INFO: [ view_parse ] --END-- [ RunTime:0.078000s ]
INFO: [ view_filter ] --START--
INFO: Run Behavior\WriteHtmlCacheBehavior [ RunTime:0.000000s ]
INFO: [ view_filter ] --END-- [ RunTime:0.000000s ]
INFO: [ app_end ] --START--
INFO: Run Behavior\ShowPageTraceBehavior [ RunTime:0.000000s ]
INFO: [ app_end ] --END-- [ RunTime:0.000000s ]

[ 2017-02-04T10:09:56+08:00 ] 180.74.96.209 /
INFO: [ app_init ] --START--
INFO: Run Behavior\BuildLiteBehavior [ RunTime:0.000000s ]
INFO: [ app_init ] --END-- [ RunTime:0.000000s ]
INFO: [ app_begin ] --START--
INFO: Run Behavior\ReadHtmlCacheBehavior [ RunTime:0.000000s ]
INFO: [ app_begin ] --END-- [ RunTime:0.000000s ]

[ 2017-02-04T10:09:56+08:00 ] 180.74.96.209 /index.php/Home/Web/index.html
INFO: [ app_init ] --START--
INFO: Run Behavior\BuildLiteBehavior [ RunTime:0.000000s ]
INFO: [ app_init ] --END-- [ RunTime:0.000000s ]
INFO: [ app_begin ] --START--
INFO: Run Behavior\ReadHtmlCacheBehavior [ RunTime:0.000000s ]
INFO: [ app_begin ] --END-- [ RunTime:0.000000s ]
SQL: SHOW COLUMNS FROM `hw_cate` [ RunTime:0.0000s ]
SQL: SELECT * FROM `hw_cate` ORDER BY sort ASC  [ RunTime:0.0000s ]
SQL: SHOW COLUMNS FROM `hw_top` [ RunTime:0.0156s ]
SQL: SELECT * FROM `hw_top`  [ RunTime:0.0000s ]
SQL: SHOW COLUMNS FROM `hw_footer` [ RunTime:0.0000s ]
SQL: SELECT * FROM `hw_footer`  [ RunTime:0.0000s ]
SQL: SHOW COLUMNS FROM `hw_youlian` [ RunTime:0.0156s ]
SQL: SELECT * FROM `hw_youlian`  [ RunTime:0.0000s ]
SQL: SHOW COLUMNS FROM `hw_banner` [ RunTime:0.0000s ]
SQL: SELECT * FROM `hw_banner`  [ RunTime:0.0000s ]
SQL: SHOW COLUMNS FROM `hw_bnews` [ RunTime:0.0156s ]
SQL: SELECT * FROM `hw_bnews`  [ RunTime:0.0000s ]
SQL: SHOW COLUMNS FROM `hw_news` [ RunTime:0.0000s ]
SQL: SELECT * FROM `hw_news` ORDER BY time desc LIMIT 2   [ RunTime:0.0000s ]
SQL: SHOW COLUMNS FROM `hw_newst` [ RunTime:0.0156s ]
SQL: SELECT * FROM `hw_newst` ORDER BY time desc LIMIT 2   [ RunTime:0.0000s ]
SQL: SHOW COLUMNS FROM `hw_expert` [ RunTime:0.0000s ]
NOTIC: [8] Use of undefined constant 豆立宁 - assumed '豆立宁' D:\www\mind\Home\Controller\WebController.class.php 第 51 行.
SQL: SELECT * FROM `hw_expert` WHERE ( name='豆立宁' )  [ RunTime:0.0000s ]
NOTIC: [8] Use of undefined constant 于爽 - assumed '于爽' D:\www\mind\Home\Controller\WebController.class.php 第 54 行.
SQL: SELECT * FROM `hw_expert` WHERE ( name='于爽' )  [ RunTime:0.0000s ]
NOTIC: [8] Use of undefined constant 王焕 - assumed '王焕' D:\www\mind\Home\Controller\WebController.class.php 第 57 行.
SQL: SELECT * FROM `hw_expert` WHERE ( name='王焕' )  [ RunTime:0.0000s ]
SQL: SHOW COLUMNS FROM `hw_aboutus` [ RunTime:0.0156s ]
SQL: SELECT * FROM `hw_aboutus`  [ RunTime:0.0000s ]
SQL: SHOW COLUMNS FROM `hw_service` [ RunTime:0.0156s ]
SQL: SELECT * FROM `hw_service`  [ RunTime:0.0000s ]
SQL: SHOW COLUMNS FROM `hw_judge` [ RunTime:0.0000s ]
SQL: SELECT * FROM `hw_judge`  [ RunTime:0.0000s ]
SQL: SHOW COLUMNS FROM `hw_judgebg` [ RunTime:0.0156s ]
SQL: SELECT * FROM `hw_judgebg`  [ RunTime:0.0000s ]
SQL: SHOW COLUMNS FROM `hw_topic` [ RunTime:0.0000s ]
SQL: SELECT * FROM `hw_topic` WHERE ( id=1 )  [ RunTime:0.0000s ]
SQL: SELECT * FROM `hw_topic` WHERE ( id=2 )  [ RunTime:0.0000s ]
SQL: SELECT * FROM `hw_topic` WHERE ( id=3 )  [ RunTime:0.0000s ]
SQL: SELECT * FROM `hw_topic` WHERE ( id=4 )  [ RunTime:0.0000s ]
SQL: SELECT * FROM `hw_topic` WHERE ( id=5 )  [ RunTime:0.0000s ]
INFO: [ view_parse ] --START--
INFO: [ template_filter ] --START--
INFO: Run Behavior\ContentReplaceBehavior [ RunTime:0.000000s ]
INFO: [ template_filter ] --END-- [ RunTime:0.000000s ]
INFO: Run Behavior\ParseTemplateBehavior [ RunTime:0.093600s ]
INFO: [ view_parse ] --END-- [ RunTime:0.093600s ]
INFO: [ view_filter ] --START--
INFO: Run Behavior\WriteHtmlCacheBehavior [ RunTime:0.000000s ]
INFO: [ view_filter ] --END-- [ RunTime:0.000000s ]
INFO: [ app_end ] --START--
INFO: Run Behavior\ShowPageTraceBehavior [ RunTime:0.000000s ]
INFO: [ app_end ] --END-- [ RunTime:0.000000s ]

[ 2017-02-04T10:21:02+08:00 ] 123.125.71.51 /index.php/Home/Web/newstdetail/id/29.html
INFO: [ app_init ] --START--
INFO: Run Behavior\BuildLiteBehavior [ RunTime:0.000000s ]
INFO: [ app_init ] --END-- [ RunTime:0.000000s ]
INFO: [ app_begin ] --START--
INFO: Run Behavior\ReadHtmlCacheBehavior [ RunTime:0.000000s ]
INFO: [ app_begin ] --END-- [ RunTime:0.000000s ]
SQL: SHOW COLUMNS FROM `hw_cate` [ RunTime:0.0000s ]
SQL: SELECT * FROM `hw_cate` ORDER BY sort ASC  [ RunTime:0.0000s ]
SQL: SHOW COLUMNS FROM `hw_top` [ RunTime:0.0156s ]
SQL: SELECT * FROM `hw_top`  [ RunTime:0.0000s ]
SQL: SHOW COLUMNS FROM `hw_footer` [ RunTime:0.0000s ]
SQL: SELECT * FROM `hw_footer`  [ RunTime:0.0000s ]
SQL: SHOW COLUMNS FROM `hw_youlian` [ RunTime:0.0156s ]
SQL: SELECT * FROM `hw_youlian`  [ RunTime:0.0000s ]
SQL: SHOW COLUMNS FROM `hw_newsbg` [ RunTime:0.0000s ]
SQL: SELECT * FROM `hw_newsbg` WHERE ( id=2 )  [ RunTime:0.0000s ]
SQL: SHOW COLUMNS FROM `hw_newst` [ RunTime:0.0156s ]
SQL: SELECT * FROM `hw_newst` WHERE `id` = 29 LIMIT 1   [ RunTime:0.0000s ]
INFO: [ view_parse ] --START--
INFO: [ template_filter ] --START--
INFO: Run Behavior\ContentReplaceBehavior [ RunTime:0.000000s ]
INFO: [ template_filter ] --END-- [ RunTime:0.000000s ]
INFO: Run Behavior\ParseTemplateBehavior [ RunTime:0.062400s ]
INFO: [ view_parse ] --END-- [ RunTime:0.062400s ]
INFO: [ view_filter ] --START--
INFO: Run Behavior\WriteHtmlCacheBehavior [ RunTime:0.015600s ]
INFO: [ view_filter ] --END-- [ RunTime:0.015600s ]
INFO: [ app_end ] --START--
INFO: Run Behavior\ShowPageTraceBehavior [ RunTime:0.000000s ]
INFO: [ app_end ] --END-- [ RunTime:0.000000s ]

[ 2017-02-04T16:26:07+08:00 ] 123.126.113.94 /index.php/Home/Web/contactusdetail/id/2.html
INFO: [ app_init ] --START--
INFO: Run Behavior\BuildLiteBehavior [ RunTime:0.000000s ]
INFO: [ app_init ] --END-- [ RunTime:0.000000s ]
INFO: [ app_begin ] --START--
INFO: Run Behavior\ReadHtmlCacheBehavior [ RunTime:0.000000s ]
INFO: [ app_begin ] --END-- [ RunTime:0.000000s ]
SQL: SHOW COLUMNS FROM `hw_cate` [ RunTime:0.0000s ]
SQL: SELECT * FROM `hw_cate` ORDER BY sort ASC  [ RunTime:0.0000s ]
SQL: SHOW COLUMNS FROM `hw_top` [ RunTime:0.0000s ]
SQL: SELECT * FROM `hw_top`  [ RunTime:0.0000s ]
SQL: SHOW COLUMNS FROM `hw_footer` [ RunTime:0.0156s ]
SQL: SELECT * FROM `hw_footer`  [ RunTime:0.0000s ]
SQL: SHOW COLUMNS FROM `hw_youlian` [ RunTime:0.0000s ]
SQL: SELECT * FROM `hw_youlian`  [ RunTime:0.0000s ]
SQL: SHOW COLUMNS FROM `hw_contactus` [ RunTime:0.0000s ]
SQL: SELECT * FROM `hw_contactus` WHERE ( id=1 )  [ RunTime:0.0000s ]
SQL: SHOW COLUMNS FROM `hw_contactus` [ RunTime:0.0000s ]
SQL: SELECT * FROM `hw_contactus` WHERE `id` = 2 LIMIT 1   [ RunTime:0.0000s ]
INFO: [ view_parse ] --START--
INFO: [ template_filter ] --START--
INFO: Run Behavior\ContentReplaceBehavior [ RunTime:0.000000s ]
INFO: [ template_filter ] --END-- [ RunTime:0.000000s ]
INFO: Run Behavior\ParseTemplateBehavior [ RunTime:0.062400s ]
INFO: [ view_parse ] --END-- [ RunTime:0.062400s ]
INFO: [ view_filter ] --START--
INFO: Run Behavior\WriteHtmlCacheBehavior [ RunTime:0.000000s ]
INFO: [ view_filter ] --END-- [ RunTime:0.000000s ]
INFO: [ app_end ] --START--
INFO: Run Behavior\ShowPageTraceBehavior [ RunTime:0.000000s ]
INFO: [ app_end ] --END-- [ RunTime:0.000000s ]

[ 2017-02-04T16:26:17+08:00 ] 123.126.113.94 /
INFO: [ app_init ] --START--
INFO: Run Behavior\BuildLiteBehavior [ RunTime:0.000000s ]
INFO: [ app_init ] --END-- [ RunTime:0.000000s ]
INFO: [ app_begin ] --START--
INFO: Run Behavior\ReadHtmlCacheBehavior [ RunTime:0.000000s ]
INFO: [ app_begin ] --END-- [ RunTime:0.000000s ]

[ 2017-02-04T16:26:28+08:00 ] 123.126.113.94 /index.php/Home/Web/index.html
INFO: [ app_init ] --START--
INFO: Run Behavior\BuildLiteBehavior [ RunTime:0.000000s ]
INFO: [ app_init ] --END-- [ RunTime:0.000000s ]
INFO: [ app_begin ] --START--
INFO: Run Behavior\ReadHtmlCacheBehavior [ RunTime:0.000000s ]
INFO: [ app_begin ] --END-- [ RunTime:0.000000s ]
SQL: SHOW COLUMNS FROM `hw_cate` [ RunTime:0.0000s ]
SQL: SELECT * FROM `hw_cate` ORDER BY sort ASC  [ RunTime:0.0000s ]
SQL: SHOW COLUMNS FROM `hw_top` [ RunTime:0.0156s ]
SQL: SELECT * FROM `hw_top`  [ RunTime:0.0000s ]
SQL: SHOW COLUMNS FROM `hw_footer` [ RunTime:0.0000s ]
SQL: SELECT * FROM `hw_footer`  [ RunTime:0.0000s ]
SQL: SHOW COLUMNS FROM `hw_youlian` [ RunTime:0.0156s ]
SQL: SELECT * FROM `hw_youlian`  [ RunTime:0.0000s ]
SQL: SHOW COLUMNS FROM `hw_banner` [ RunTime:0.0000s ]
SQL: SELECT * FROM `hw_banner`  [ RunTime:0.0000s ]
SQL: SHOW COLUMNS FROM `hw_bnews` [ RunTime:0.0156s ]
SQL: SELECT * FROM `hw_bnews`  [ RunTime:0.0000s ]
SQL: SHOW COLUMNS FROM `hw_news` [ RunTime:0.0000s ]
SQL: SELECT * FROM `hw_news` ORDER BY time desc LIMIT 2   [ RunTime:0.0000s ]
SQL: SHOW COLUMNS FROM `hw_newst` [ RunTime:0.0156s ]
SQL: SELECT * FROM `hw_newst` ORDER BY time desc LIMIT 2   [ RunTime:0.0000s ]
SQL: SHOW COLUMNS FROM `hw_expert` [ RunTime:0.0000s ]
NOTIC: [8] Use of undefined constant 豆立宁 - assumed '豆立宁' D:\www\mind\Home\Controller\WebController.class.php 第 51 行.
SQL: SELECT * FROM `hw_expert` WHERE ( name='豆立宁' )  [ RunTime:0.0000s ]
NOTIC: [8] Use of undefined constant 于爽 - assumed '于爽' D:\www\mind\Home\Controller\WebController.class.php 第 54 行.
SQL: SELECT * FROM `hw_expert` WHERE ( name='于爽' )  [ RunTime:0.0000s ]
NOTIC: [8] Use of undefined constant 王焕 - assumed '王焕' D:\www\mind\Home\Controller\WebController.class.php 第 57 行.
SQL: SELECT * FROM `hw_expert` WHERE ( name='王焕' )  [ RunTime:0.0000s ]
SQL: SHOW COLUMNS FROM `hw_aboutus` [ RunTime:0.0156s ]
SQL: SELECT * FROM `hw_aboutus`  [ RunTime:0.0000s ]
SQL: SHOW COLUMNS FROM `hw_service` [ RunTime:0.0000s ]
SQL: SELECT * FROM `hw_service`  [ RunTime:0.0000s ]
SQL: SHOW COLUMNS FROM `hw_judge` [ RunTime:0.0156s ]
SQL: SELECT * FROM `hw_judge`  [ RunTime:0.0000s ]
SQL: SHOW COLUMNS FROM `hw_judgebg` [ RunTime:0.0000s ]
SQL: SELECT * FROM `hw_judgebg`  [ RunTime:0.0000s ]
SQL: SHOW COLUMNS FROM `hw_topic` [ RunTime:0.0156s ]
SQL: SELECT * FROM `hw_topic` WHERE ( id=1 )  [ RunTime:0.0000s ]
SQL: SELECT * FROM `hw_topic` WHERE ( id=2 )  [ RunTime:0.0000s ]
SQL: SELECT * FROM `hw_topic` WHERE ( id=3 )  [ RunTime:0.0000s ]
SQL: SELECT * FROM `hw_topic` WHERE ( id=4 )  [ RunTime:0.0000s ]
SQL: SELECT * FROM `hw_topic` WHERE ( id=5 )  [ RunTime:0.0000s ]
INFO: [ view_parse ] --START--
INFO: [ template_filter ] --START--
INFO: Run Behavior\ContentReplaceBehavior [ RunTime:0.000000s ]
INFO: [ template_filter ] --END-- [ RunTime:0.000000s ]
INFO: Run Behavior\ParseTemplateBehavior [ RunTime:0.078000s ]
INFO: [ view_parse ] --END-- [ RunTime:0.078000s ]
INFO: [ view_filter ] --START--
INFO: Run Behavior\WriteHtmlCacheBehavior [ RunTime:0.000000s ]
INFO: [ view_filter ] --END-- [ RunTime:0.000000s ]
INFO: [ app_end ] --START--
INFO: Run Behavior\ShowPageTraceBehavior [ RunTime:0.000000s ]
INFO: [ app_end ] --END-- [ RunTime:0.000000s ]

[ 2017-02-04T16:26:50+08:00 ] 211.137.13.86 /
INFO: [ app_init ] --START--
INFO: Run Behavior\BuildLiteBehavior [ RunTime:0.000000s ]
INFO: [ app_init ] --END-- [ RunTime:0.000000s ]
INFO: [ app_begin ] --START--
INFO: Run Behavior\ReadHtmlCacheBehavior [ RunTime:0.015600s ]
INFO: [ app_begin ] --END-- [ RunTime:0.015600s ]

[ 2017-02-04T16:26:50+08:00 ] 211.137.13.86 /index.php/Home/Web/index.html
INFO: [ app_init ] --START--
INFO: Run Behavior\BuildLiteBehavior [ RunTime:0.000000s ]
INFO: [ app_init ] --END-- [ RunTime:0.000000s ]
INFO: [ app_begin ] --START--
INFO: Run Behavior\ReadHtmlCacheBehavior [ RunTime:0.015600s ]
INFO: [ app_begin ] --END-- [ RunTime:0.015600s ]
SQL: SHOW COLUMNS FROM `hw_cate` [ RunTime:0.0000s ]
SQL: SELECT * FROM `hw_cate` ORDER BY sort ASC  [ RunTime:0.0000s ]
SQL: SHOW COLUMNS FROM `hw_top` [ RunTime:0.0156s ]
SQL: SELECT * FROM `hw_top`  [ RunTime:0.0000s ]
SQL: SHOW COLUMNS FROM `hw_footer` [ RunTime:0.0000s ]
SQL: SELECT * FROM `hw_footer`  [ RunTime:0.0000s ]
SQL: SHOW COLUMNS FROM `hw_youlian` [ RunTime:0.0156s ]
SQL: SELECT * FROM `hw_youlian`  [ RunTime:0.0000s ]
SQL: SHOW COLUMNS FROM `hw_banner` [ RunTime:0.0000s ]
SQL: SELECT * FROM `hw_banner`  [ RunTime:0.0000s ]
SQL: SHOW COLUMNS FROM `hw_bnews` [ RunTime:0.0156s ]
SQL: SELECT * FROM `hw_bnews`  [ RunTime:0.0000s ]
SQL: SHOW COLUMNS FROM `hw_news` [ RunTime:0.0000s ]
SQL: SELECT * FROM `hw_news` ORDER BY time desc LIMIT 2   [ RunTime:0.0000s ]
SQL: SHOW COLUMNS FROM `hw_newst` [ RunTime:0.0156s ]
SQL: SELECT * FROM `hw_newst` ORDER BY time desc LIMIT 2   [ RunTime:0.0000s ]
SQL: SHOW COLUMNS FROM `hw_expert` [ RunTime:0.0000s ]
NOTIC: [8] Use of undefined constant 豆立宁 - assumed '豆立宁' D:\www\mind\Home\Controller\WebController.class.php 第 51 行.
SQL: SELECT * FROM `hw_expert` WHERE ( name='豆立宁' )  [ RunTime:0.0000s ]
NOTIC: [8] Use of undefined constant 于爽 - assumed '于爽' D:\www\mind\Home\Controller\WebController.class.php 第 54 行.
SQL: SELECT * FROM `hw_expert` WHERE ( name='于爽' )  [ RunTime:0.0000s ]
NOTIC: [8] Use of undefined constant 王焕 - assumed '王焕' D:\www\mind\Home\Controller\WebController.class.php 第 57 行.
SQL: SELECT * FROM `hw_expert` WHERE ( name='王焕' )  [ RunTime:0.0156s ]
SQL: SHOW COLUMNS FROM `hw_aboutus` [ RunTime:0.0000s ]
SQL: SELECT * FROM `hw_aboutus`  [ RunTime:0.0000s ]
SQL: SHOW COLUMNS FROM `hw_service` [ RunTime:0.0000s ]
SQL: SELECT * FROM `hw_service`  [ RunTime:0.0000s ]
SQL: SHOW COLUMNS FROM `hw_judge` [ RunTime:0.0000s ]
SQL: SELECT * FROM `hw_judge`  [ RunTime:0.0000s ]
SQL: SHOW COLUMNS FROM `hw_judgebg` [ RunTime:0.0000s ]
SQL: SELECT * FROM `hw_judgebg`  [ RunTime:0.0000s ]
SQL: SHOW COLUMNS FROM `hw_topic` [ RunTime:0.0156s ]
SQL: SELECT * FROM `hw_topic` WHERE ( id=1 )  [ RunTime:0.0000s ]
SQL: SELECT * FROM `hw_topic` WHERE ( id=2 )  [ RunTime:0.0000s ]
SQL: SELECT * FROM `hw_topic` WHERE ( id=3 )  [ RunTime:0.0000s ]
SQL: SELECT * FROM `hw_topic` WHERE ( id=4 )  [ RunTime:0.0000s ]
SQL: SELECT * FROM `hw_topic` WHERE ( id=5 )  [ RunTime:0.0000s ]
INFO: [ view_parse ] --START--
INFO: [ template_filter ] --START--
INFO: Run Behavior\ContentReplaceBehavior [ RunTime:0.000000s ]
INFO: [ template_filter ] --END-- [ RunTime:0.000000s ]
INFO: Run Behavior\ParseTemplateBehavior [ RunTime:0.062400s ]
INFO: [ view_parse ] --END-- [ RunTime:0.062400s ]
INFO: [ view_filter ] --START--
INFO: Run Behavior\WriteHtmlCacheBehavior [ RunTime:0.000000s ]
INFO: [ view_filter ] --END-- [ RunTime:0.000000s ]
INFO: [ app_end ] --START--
INFO: Run Behavior\ShowPageTraceBehavior [ RunTime:0.015600s ]
INFO: [ app_end ] --END-- [ RunTime:0.015600s ]

[ 2017-02-04T16:26:54+08:00 ] 211.137.13.86 /index.php/Home/Web/newsdetail/id/24.html
INFO: [ app_init ] --START--
INFO: Run Behavior\BuildLiteBehavior [ RunTime:0.000000s ]
INFO: [ app_init ] --END-- [ RunTime:0.000000s ]
INFO: [ app_begin ] --START--
INFO: Run Behavior\ReadHtmlCacheBehavior [ RunTime:0.000000s ]
INFO: [ app_begin ] --END-- [ RunTime:0.000000s ]
SQL: SHOW COLUMNS FROM `hw_cate` [ RunTime:0.0000s ]
SQL: SELECT * FROM `hw_cate` ORDER BY sort ASC  [ RunTime:0.0000s ]
SQL: SHOW COLUMNS FROM `hw_top` [ RunTime:0.0156s ]
SQL: SELECT * FROM `hw_top`  [ RunTime:0.0000s ]
SQL: SHOW COLUMNS FROM `hw_footer` [ RunTime:0.0000s ]
SQL: SELECT * FROM `hw_footer`  [ RunTime:0.0000s ]
SQL: SHOW COLUMNS FROM `hw_youlian` [ RunTime:0.0000s ]
SQL: SELECT * FROM `hw_youlian`  [ RunTime:0.0000s ]
SQL: SHOW COLUMNS FROM `hw_newsbg` [ RunTime:0.0000s ]
SQL: SELECT * FROM `hw_newsbg` WHERE ( id=1 )  [ RunTime:0.0000s ]
SQL: SHOW COLUMNS FROM `hw_news` [ RunTime:0.0156s ]
SQL: SELECT * FROM `hw_news` WHERE `id` = 24 LIMIT 1   [ RunTime:0.0000s ]
INFO: [ view_parse ] --START--
INFO: [ template_filter ] --START--
INFO: Run Behavior\ContentReplaceBehavior [ RunTime:0.000000s ]
INFO: [ template_filter ] --END-- [ RunTime:0.000000s ]
INFO: Run Behavior\ParseTemplateBehavior [ RunTime:0.031200s ]
INFO: [ view_parse ] --END-- [ RunTime:0.031200s ]
INFO: [ view_filter ] --START--
INFO: Run Behavior\WriteHtmlCacheBehavior [ RunTime:0.000000s ]
INFO: [ view_filter ] --END-- [ RunTime:0.000000s ]
INFO: [ app_end ] --START--
INFO: Run Behavior\ShowPageTraceBehavior [ RunTime:0.000000s ]
INFO: [ app_end ] --END-- [ RunTime:0.000000s ]

[ 2017-02-04T16:27:02+08:00 ] 211.137.13.86 /index.php/Home/Web/newstdetail/id/62.html
INFO: [ app_init ] --START--
INFO: Run Behavior\BuildLiteBehavior [ RunTime:0.000000s ]
INFO: [ app_init ] --END-- [ RunTime:0.000000s ]
INFO: [ app_begin ] --START--
INFO: Run Behavior\ReadHtmlCacheBehavior [ RunTime:0.000000s ]
INFO: [ app_begin ] --END-- [ RunTime:0.000000s ]
SQL: SHOW COLUMNS FROM `hw_cate` [ RunTime:0.0000s ]
SQL: SELECT * FROM `hw_cate` ORDER BY sort ASC  [ RunTime:0.0000s ]
SQL: SHOW COLUMNS FROM `hw_top` [ RunTime:0.0156s ]
SQL: SELECT * FROM `hw_top`  [ RunTime:0.0000s ]
SQL: SHOW COLUMNS FROM `hw_footer` [ RunTime:0.0000s ]
SQL: SELECT * FROM `hw_footer`  [ RunTime:0.0000s ]
SQL: SHOW COLUMNS FROM `hw_youlian` [ RunTime:0.0000s ]
SQL: SELECT * FROM `hw_youlian`  [ RunTime:0.0000s ]
SQL: SHOW COLUMNS FROM `hw_newsbg` [ RunTime:0.0000s ]
SQL: SELECT * FROM `hw_newsbg` WHERE ( id=2 )  [ RunTime:0.0000s ]
SQL: SHOW COLUMNS FROM `hw_newst` [ RunTime:0.0000s ]
SQL: SELECT * FROM `hw_newst` WHERE `id` = 62 LIMIT 1   [ RunTime:0.0000s ]
INFO: [ view_parse ] --START--
INFO: [ template_filter ] --START--
INFO: Run Behavior\ContentReplaceBehavior [ RunTime:0.000000s ]
INFO: [ template_filter ] --END-- [ RunTime:0.000000s ]
INFO: Run Behavior\ParseTemplateBehavior [ RunTime:0.031200s ]
INFO: [ view_parse ] --END-- [ RunTime:0.031200s ]
INFO: [ view_filter ] --START--
INFO: Run Behavior\WriteHtmlCacheBehavior [ RunTime:0.000000s ]
INFO: [ view_filter ] --END-- [ RunTime:0.000000s ]
INFO: [ app_end ] --START--
INFO: Run Behavior\ShowPageTraceBehavior [ RunTime:0.000000s ]
INFO: [ app_end ] --END-- [ RunTime:0.000000s ]

[ 2017-02-04T17:54:51+08:00 ] 157.55.39.123 /
INFO: [ app_init ] --START--
INFO: Run Behavior\BuildLiteBehavior [ RunTime:0.000000s ]
INFO: [ app_init ] --END-- [ RunTime:0.000000s ]
INFO: [ app_begin ] --START--
INFO: Run Behavior\ReadHtmlCacheBehavior [ RunTime:0.000000s ]
INFO: [ app_begin ] --END-- [ RunTime:0.000000s ]

[ 2017-02-04T18:16:58+08:00 ] 61.245.170.197 /
INFO: [ app_init ] --START--
INFO: Run Behavior\BuildLiteBehavior [ RunTime:0.000000s ]
INFO: [ app_init ] --END-- [ RunTime:0.000000s ]
INFO: [ app_begin ] --START--
INFO: Run Behavior\ReadHtmlCacheBehavior [ RunTime:0.000000s ]
INFO: [ app_begin ] --END-- [ RunTime:0.000000s ]

[ 2017-02-04T18:16:59+08:00 ] 61.245.170.197 /index.php/Home/Web/index.html
INFO: [ app_init ] --START--
INFO: Run Behavior\BuildLiteBehavior [ RunTime:0.000000s ]
INFO: [ app_init ] --END-- [ RunTime:0.000000s ]
INFO: [ app_begin ] --START--
INFO: Run Behavior\ReadHtmlCacheBehavior [ RunTime:0.000000s ]
INFO: [ app_begin ] --END-- [ RunTime:0.000000s ]
SQL: SHOW COLUMNS FROM `hw_cate` [ RunTime:0.0156s ]
SQL: SELECT * FROM `hw_cate` ORDER BY sort ASC  [ RunTime:0.0000s ]
SQL: SHOW COLUMNS FROM `hw_top` [ RunTime:0.0000s ]
SQL: SELECT * FROM `hw_top`  [ RunTime:0.0000s ]
SQL: SHOW COLUMNS FROM `hw_footer` [ RunTime:0.0000s ]
SQL: SELECT * FROM `hw_footer`  [ RunTime:0.0000s ]
SQL: SHOW COLUMNS FROM `hw_youlian` [ RunTime:0.0156s ]
SQL: SELECT * FROM `hw_youlian`  [ RunTime:0.0000s ]
SQL: SHOW COLUMNS FROM `hw_banner` [ RunTime:0.0000s ]
SQL: SELECT * FROM `hw_banner`  [ RunTime:0.0000s ]
SQL: SHOW COLUMNS FROM `hw_bnews` [ RunTime:0.0156s ]
SQL: SELECT * FROM `hw_bnews`  [ RunTime:0.0000s ]
SQL: SHOW COLUMNS FROM `hw_news` [ RunTime:0.0000s ]
SQL: SELECT * FROM `hw_news` ORDER BY time desc LIMIT 2   [ RunTime:0.0000s ]
SQL: SHOW COLUMNS FROM `hw_newst` [ RunTime:0.0156s ]
SQL: SELECT * FROM `hw_newst` ORDER BY time desc LIMIT 2   [ RunTime:0.0000s ]
SQL: SHOW COLUMNS FROM `hw_expert` [ RunTime:0.0000s ]
NOTIC: [8] Use of undefined constant 豆立宁 - assumed '豆立宁' D:\www\mind\Home\Controller\WebController.class.php 第 51 行.
SQL: SELECT * FROM `hw_expert` WHERE ( name='豆立宁' )  [ RunTime:0.0000s ]
NOTIC: [8] Use of undefined constant 于爽 - assumed '于爽' D:\www\mind\Home\Controller\WebController.class.php 第 54 行.
SQL: SELECT * FROM `hw_expert` WHERE ( name='于爽' )  [ RunTime:0.0000s ]
NOTIC: [8] Use of undefined constant 王焕 - assumed '王焕' D:\www\mind\Home\Controller\WebController.class.php 第 57 行.
SQL: SELECT * FROM `hw_expert` WHERE ( name='王焕' )  [ RunTime:0.0156s ]
SQL: SHOW COLUMNS FROM `hw_aboutus` [ RunTime:0.0000s ]
SQL: SELECT * FROM `hw_aboutus`  [ RunTime:0.0000s ]
SQL: SHOW COLUMNS FROM `hw_service` [ RunTime:0.0000s ]
SQL: SELECT * FROM `hw_service`  [ RunTime:0.0000s ]
SQL: SHOW COLUMNS FROM `hw_judge` [ RunTime:0.0156s ]
SQL: SELECT * FROM `hw_judge`  [ RunTime:0.0000s ]
SQL: SHOW COLUMNS FROM `hw_judgebg` [ RunTime:0.0000s ]
SQL: SELECT * FROM `hw_judgebg`  [ RunTime:0.0000s ]
SQL: SHOW COLUMNS FROM `hw_topic` [ RunTime:0.0156s ]
SQL: SELECT * FROM `hw_topic` WHERE ( id=1 )  [ RunTime:0.0000s ]
SQL: SELECT * FROM `hw_topic` WHERE ( id=2 )  [ RunTime:0.0000s ]
SQL: SELECT * FROM `hw_topic` WHERE ( id=3 )  [ RunTime:0.0000s ]
SQL: SELECT * FROM `hw_topic` WHERE ( id=4 )  [ RunTime:0.0000s ]
SQL: SELECT * FROM `hw_topic` WHERE ( id=5 )  [ RunTime:0.0000s ]
INFO: [ view_parse ] --START--
INFO: [ template_filter ] --START--
INFO: Run Behavior\ContentReplaceBehavior [ RunTime:0.000000s ]
INFO: [ template_filter ] --END-- [ RunTime:0.000000s ]
INFO: Run Behavior\ParseTemplateBehavior [ RunTime:0.093600s ]
INFO: [ view_parse ] --END-- [ RunTime:0.093600s ]
INFO: [ view_filter ] --START--
INFO: Run Behavior\WriteHtmlCacheBehavior [ RunTime:0.000000s ]
INFO: [ view_filter ] --END-- [ RunTime:0.000000s ]
INFO: [ app_end ] --START--
INFO: Run Behavior\ShowPageTraceBehavior [ RunTime:0.000000s ]
INFO: [ app_end ] --END-- [ RunTime:0.000000s ]

[ 2017-02-04T19:05:57+08:00 ] 157.55.39.123 /
INFO: [ app_init ] --START--
INFO: Run Behavior\BuildLiteBehavior [ RunTime:0.000000s ]
INFO: [ app_init ] --END-- [ RunTime:0.000000s ]
INFO: [ app_begin ] --START--
INFO: Run Behavior\ReadHtmlCacheBehavior [ RunTime:0.015600s ]
INFO: [ app_begin ] --END-- [ RunTime:0.015600s ]

[ 2017-02-04T19:23:04+08:00 ] 42.236.99.79 /index.php/Home/Web/newstdetail/id/31.html
INFO: [ app_init ] --START--
INFO: Run Behavior\BuildLiteBehavior [ RunTime:0.000000s ]
INFO: [ app_init ] --END-- [ RunTime:0.000000s ]
INFO: [ app_begin ] --START--
INFO: Run Behavior\ReadHtmlCacheBehavior [ RunTime:0.000000s ]
INFO: [ app_begin ] --END-- [ RunTime:0.000000s ]
SQL: SHOW COLUMNS FROM `hw_cate` [ RunTime:0.0000s ]
SQL: SELECT * FROM `hw_cate` ORDER BY sort ASC  [ RunTime:0.0000s ]
SQL: SHOW COLUMNS FROM `hw_top` [ RunTime:0.0000s ]
SQL: SELECT * FROM `hw_top`  [ RunTime:0.0000s ]
SQL: SHOW COLUMNS FROM `hw_footer` [ RunTime:0.0156s ]
SQL: SELECT * FROM `hw_footer`  [ RunTime:0.0000s ]
SQL: SHOW COLUMNS FROM `hw_youlian` [ RunTime:0.0156s ]
SQL: SELECT * FROM `hw_youlian`  [ RunTime:0.0000s ]
SQL: SHOW COLUMNS FROM `hw_newsbg` [ RunTime:0.0156s ]
SQL: SELECT * FROM `hw_newsbg` WHERE ( id=2 )  [ RunTime:0.0000s ]
SQL: SHOW COLUMNS FROM `hw_newst` [ RunTime:0.0156s ]
SQL: SELECT * FROM `hw_newst` WHERE `id` = 31 LIMIT 1   [ RunTime:0.0000s ]
INFO: [ view_parse ] --START--
INFO: [ template_filter ] --START--
INFO: Run Behavior\ContentReplaceBehavior [ RunTime:0.000000s ]
INFO: [ template_filter ] --END-- [ RunTime:0.000000s ]
INFO: Run Behavior\ParseTemplateBehavior [ RunTime:0.046800s ]
INFO: [ view_parse ] --END-- [ RunTime:0.046800s ]
INFO: [ view_filter ] --START--
INFO: Run Behavior\WriteHtmlCacheBehavior [ RunTime:0.000000s ]
INFO: [ view_filter ] --END-- [ RunTime:0.000000s ]
INFO: [ app_end ] --START--
INFO: Run Behavior\ShowPageTraceBehavior [ RunTime:0.000000s ]
INFO: [ app_end ] --END-- [ RunTime:0.000000s ]

[ 2017-02-04T19:23:04+08:00 ] 42.236.10.86 /index.php/Home/Web/newstdetail/id/18.html
INFO: [ app_init ] --START--
INFO: Run Behavior\BuildLiteBehavior [ RunTime:0.000000s ]
INFO: [ app_init ] --END-- [ RunTime:0.000000s ]
INFO: [ app_begin ] --START--
INFO: Run Behavior\ReadHtmlCacheBehavior [ RunTime:0.015600s ]
INFO: [ app_begin ] --END-- [ RunTime:0.015600s ]
SQL: SHOW COLUMNS FROM `hw_cate` [ RunTime:0.0156s ]
SQL: SELECT * FROM `hw_cate` ORDER BY sort ASC  [ RunTime:0.0000s ]
SQL: SHOW COLUMNS FROM `hw_top` [ RunTime:0.0156s ]
SQL: SELECT * FROM `hw_top`  [ RunTime:0.0000s ]
SQL: SHOW COLUMNS FROM `hw_footer` [ RunTime:0.0156s ]
SQL: SELECT * FROM `hw_footer`  [ RunTime:0.0000s ]
SQL: SHOW COLUMNS FROM `hw_youlian` [ RunTime:0.0000s ]
SQL: SELECT * FROM `hw_youlian`  [ RunTime:0.0156s ]
SQL: SHOW COLUMNS FROM `hw_newsbg` [ RunTime:0.0000s ]
SQL: SELECT * FROM `hw_newsbg` WHERE ( id=2 )  [ RunTime:0.0000s ]
SQL: SHOW COLUMNS FROM `hw_newst` [ RunTime:0.0156s ]
SQL: SELECT * FROM `hw_newst` WHERE `id` = 18 LIMIT 1   [ RunTime:0.0000s ]
INFO: [ view_parse ] --START--
INFO: [ template_filter ] --START--
INFO: Run Behavior\ContentReplaceBehavior [ RunTime:0.000000s ]
INFO: [ template_filter ] --END-- [ RunTime:0.000000s ]
INFO: Run Behavior\ParseTemplateBehavior [ RunTime:0.046800s ]
INFO: [ view_parse ] --END-- [ RunTime:0.046800s ]
INFO: [ view_filter ] --START--
INFO: Run Behavior\WriteHtmlCacheBehavior [ RunTime:0.000000s ]
INFO: [ view_filter ] --END-- [ RunTime:0.000000s ]
INFO: [ app_end ] --START--
INFO: Run Behavior\ShowPageTraceBehavior [ RunTime:0.000000s ]
INFO: [ app_end ] --END-- [ RunTime:0.000000s ]

[ 2017-02-04T19:23:04+08:00 ] 42.236.10.83 /index.php/Home/Web/psydetail/id/2.html
INFO: [ app_init ] --START--
INFO: Run Behavior\BuildLiteBehavior [ RunTime:0.000000s ]
INFO: [ app_init ] --END-- [ RunTime:0.000000s ]
INFO: [ app_begin ] --START--
INFO: Run Behavior\ReadHtmlCacheBehavior [ RunTime:0.015600s ]
INFO: [ app_begin ] --END-- [ RunTime:0.015600s ]
SQL: SHOW COLUMNS FROM `hw_cate` [ RunTime:0.0156s ]
SQL: SELECT * FROM `hw_cate` ORDER BY sort ASC  [ RunTime:0.0000s ]
SQL: SHOW COLUMNS FROM `hw_top` [ RunTime:0.0156s ]
SQL: SELECT * FROM `hw_top`  [ RunTime:0.0000s ]
SQL: SHOW COLUMNS FROM `hw_footer` [ RunTime:0.0156s ]
SQL: SELECT * FROM `hw_footer`  [ RunTime:0.0000s ]
SQL: SHOW COLUMNS FROM `hw_youlian` [ RunTime:0.0000s ]
SQL: SELECT * FROM `hw_youlian`  [ RunTime:0.0000s ]
SQL: SHOW COLUMNS FROM `hw_psy` [ RunTime:0.0156s ]
SQL: SELECT * FROM `hw_psy` WHERE ( id=1 )  [ RunTime:0.0000s ]
SQL: SHOW COLUMNS FROM `hw_psy` [ RunTime:0.0156s ]
SQL: SELECT * FROM `hw_psy` WHERE `id` = 2 LIMIT 1   [ RunTime:0.0000s ]
INFO: [ view_parse ] --START--
INFO: [ template_filter ] --START--
INFO: Run Behavior\ContentReplaceBehavior [ RunTime:0.000000s ]
INFO: [ template_filter ] --END-- [ RunTime:0.000000s ]
INFO: Run Behavior\ParseTemplateBehavior [ RunTime:0.062400s ]
INFO: [ view_parse ] --END-- [ RunTime:0.062400s ]
INFO: [ view_filter ] --START--
INFO: Run Behavior\WriteHtmlCacheBehavior [ RunTime:0.000000s ]
INFO: [ view_filter ] --END-- [ RunTime:0.000000s ]
INFO: [ app_end ] --START--
INFO: Run Behavior\ShowPageTraceBehavior [ RunTime:0.000000s ]
INFO: [ app_end ] --END-- [ RunTime:0.000000s ]

[ 2017-02-04T19:23:04+08:00 ] 42.236.99.86 /index.php/Home/Web/mpthree.html
INFO: [ app_init ] --START--
INFO: Run Behavior\BuildLiteBehavior [ RunTime:0.000000s ]
INFO: [ app_init ] --END-- [ RunTime:0.000000s ]
INFO: [ app_begin ] --START--
INFO: Run Behavior\ReadHtmlCacheBehavior [ RunTime:0.000000s ]
INFO: [ app_begin ] --END-- [ RunTime:0.000000s ]
SQL: SHOW COLUMNS FROM `hw_cate` [ RunTime:0.0000s ]
SQL: SELECT * FROM `hw_cate` ORDER BY sort ASC  [ RunTime:0.0000s ]
SQL: SHOW COLUMNS FROM `hw_top` [ RunTime:0.0000s ]
SQL: SELECT * FROM `hw_top`  [ RunTime:0.0000s ]
SQL: SHOW COLUMNS FROM `hw_footer` [ RunTime:0.0000s ]
SQL: SELECT * FROM `hw_footer`  [ RunTime:0.0000s ]
SQL: SHOW COLUMNS FROM `hw_youlian` [ RunTime:0.0156s ]
SQL: SELECT * FROM `hw_youlian`  [ RunTime:0.0000s ]
SQL: SHOW COLUMNS FROM `hw_mpthree` [ RunTime:0.0156s ]
SQL: SELECT * FROM `hw_mpthree` WHERE ( id=1 )  [ RunTime:0.0000s ]
SQL: SELECT * FROM `hw_mpthree`  [ RunTime:0.0000s ]
INFO: [ view_parse ] --START--
INFO: [ template_filter ] --START--
INFO: Run Behavior\ContentReplaceBehavior [ RunTime:0.000000s ]
INFO: [ template_filter ] --END-- [ RunTime:0.000000s ]
INFO: Run Behavior\ParseTemplateBehavior [ RunTime:0.078000s ]
INFO: [ view_parse ] --END-- [ RunTime:0.078000s ]
INFO: [ view_filter ] --START--
INFO: Run Behavior\WriteHtmlCacheBehavior [ RunTime:0.000000s ]
INFO: [ view_filter ] --END-- [ RunTime:0.000000s ]
INFO: [ app_end ] --START--
INFO: Run Behavior\ShowPageTraceBehavior [ RunTime:0.000000s ]
INFO: [ app_end ] --END-- [ RunTime:0.000000s ]

[ 2017-02-04T19:23:04+08:00 ] 180.153.236.157 /index.php/Home/Web/newsdetail/id/22.html
INFO: [ app_init ] --START--
INFO: Run Behavior\BuildLiteBehavior [ RunTime:0.000000s ]
INFO: [ app_init ] --END-- [ RunTime:0.000000s ]
INFO: [ app_begin ] --START--
INFO: Run Behavior\ReadHtmlCacheBehavior [ RunTime:0.000000s ]
INFO: [ app_begin ] --END-- [ RunTime:0.000000s ]
SQL: SHOW COLUMNS FROM `hw_cate` [ RunTime:0.0156s ]
SQL: SELECT * FROM `hw_cate` ORDER BY sort ASC  [ RunTime:0.0000s ]
SQL: SHOW COLUMNS FROM `hw_top` [ RunTime:0.0000s ]
SQL: SELECT * FROM `hw_top`  [ RunTime:0.0000s ]
SQL: SHOW COLUMNS FROM `hw_footer` [ RunTime:0.0156s ]
SQL: SELECT * FROM `hw_footer`  [ RunTime:0.0000s ]
SQL: SHOW COLUMNS FROM `hw_youlian` [ RunTime:0.0000s ]
SQL: SELECT * FROM `hw_youlian`  [ RunTime:0.0000s ]
SQL: SHOW COLUMNS FROM `hw_newsbg` [ RunTime:0.0156s ]
SQL: SELECT * FROM `hw_newsbg` WHERE ( id=1 )  [ RunTime:0.0000s ]
SQL: SHOW COLUMNS FROM `hw_news` [ RunTime:0.0000s ]
SQL: SELECT * FROM `hw_news` WHERE `id` = 22 LIMIT 1   [ RunTime:0.0000s ]
INFO: [ view_parse ] --START--
INFO: [ template_filter ] --START--
INFO: Run Behavior\ContentReplaceBehavior [ RunTime:0.000000s ]
INFO: [ template_filter ] --END-- [ RunTime:0.000000s ]
INFO: Run Behavior\ParseTemplateBehavior [ RunTime:0.031200s ]
INFO: [ view_parse ] --END-- [ RunTime:0.031200s ]
INFO: [ view_filter ] --START--
INFO: Run Behavior\WriteHtmlCacheBehavior [ RunTime:0.000000s ]
INFO: [ view_filter ] --END-- [ RunTime:0.000000s ]
INFO: [ app_end ] --START--
INFO: Run Behavior\ShowPageTraceBehavior [ RunTime:0.000000s ]
INFO: [ app_end ] --END-- [ RunTime:0.000000s ]

