[ 2017-03-28T07:49:14+08:00 ] 127.0.0.1 /guanbo/mind/
INFO: [ app_init ] --START--
INFO: Run Behavior\BuildLiteBehavior [ RunTime:0.000092s ]
INFO: [ app_init ] --END-- [ RunTime:0.002324s ]
INFO: [ app_begin ] --START--
INFO: Run Behavior\ReadHtmlCacheBehavior [ RunTime:0.002338s ]
INFO: [ app_begin ] --END-- [ RunTime:0.002697s ]

[ 2017-03-28T07:49:15+08:00 ] 127.0.0.1 /guanbo/mind/index.php/Home/Web/index.html
INFO: [ app_init ] --START--
INFO: Run Behavior\BuildLiteBehavior [ RunTime:0.000043s ]
INFO: [ app_init ] --END-- [ RunTime:0.000766s ]
INFO: [ app_begin ] --START--
INFO: Run Behavior\ReadHtmlCacheBehavior [ RunTime:0.001060s ]
INFO: [ app_begin ] --END-- [ RunTime:0.001258s ]
SQL: SHOW COLUMNS FROM `hw_cate` [ RunTime:0.0531s ]
SQL: SELECT * FROM `hw_cate` ORDER BY sort ASC  [ RunTime:0.0014s ]
SQL: SHOW COLUMNS FROM `hw_top` [ RunTime:0.0273s ]
SQL: SELECT * FROM `hw_top`  [ RunTime:0.0006s ]
SQL: SHOW COLUMNS FROM `hw_footer` [ RunTime:0.0351s ]
SQL: SELECT * FROM `hw_footer`  [ RunTime:0.0009s ]
SQL: SHOW COLUMNS FROM `hw_youlian` [ RunTime:0.0197s ]
SQL: SELECT * FROM `hw_youlian`  [ RunTime:0.0006s ]
SQL: SHOW COLUMNS FROM `hw_banner` [ RunTime:0.0379s ]
SQL: SELECT * FROM `hw_banner`  [ RunTime:0.0007s ]
SQL: SHOW COLUMNS FROM `hw_bnews` [ RunTime:0.0203s ]
SQL: SELECT * FROM `hw_bnews`  [ RunTime:0.0006s ]
SQL: SHOW COLUMNS FROM `hw_news` [ RunTime:0.0682s ]
SQL: SELECT * FROM `hw_news` ORDER BY time desc LIMIT 2   [ RunTime:0.0020s ]
SQL: SHOW COLUMNS FROM `hw_newst` [ RunTime:0.0482s ]
SQL: SELECT * FROM `hw_newst` ORDER BY time desc LIMIT 2   [ RunTime:0.0044s ]
SQL: SHOW COLUMNS FROM `hw_expert` [ RunTime:0.0454s ]
NOTIC: [8] Use of undefined constant 豆立宁 - assumed '豆立宁' D:\wamp\www\guanbo\mind\Home\Controller\WebController.class.php 第 51 行.
SQL: SELECT * FROM `hw_expert` WHERE ( name='豆立宁' )  [ RunTime:0.0006s ]
NOTIC: [8] Use of undefined constant 于爽 - assumed '于爽' D:\wamp\www\guanbo\mind\Home\Controller\WebController.class.php 第 54 行.
SQL: SELECT * FROM `hw_expert` WHERE ( name='于爽' )  [ RunTime:0.0006s ]
NOTIC: [8] Use of undefined constant 王焕 - assumed '王焕' D:\wamp\www\guanbo\mind\Home\Controller\WebController.class.php 第 57 行.
SQL: SELECT * FROM `hw_expert` WHERE ( name='王焕' )  [ RunTime:0.0006s ]
SQL: SHOW COLUMNS FROM `hw_aboutus` [ RunTime:0.0476s ]
SQL: SELECT * FROM `hw_aboutus`  [ RunTime:0.0007s ]
SQL: SHOW COLUMNS FROM `hw_service` [ RunTime:0.0415s ]
SQL: SELECT * FROM `hw_service`  [ RunTime:0.0008s ]
SQL: SHOW COLUMNS FROM `hw_judge` [ RunTime:0.0424s ]
SQL: SELECT * FROM `hw_judge`  [ RunTime:0.0006s ]
SQL: SHOW COLUMNS FROM `hw_judgebg` [ RunTime:0.0241s ]
SQL: SELECT * FROM `hw_judgebg`  [ RunTime:0.0005s ]
SQL: SHOW COLUMNS FROM `hw_topic` [ RunTime:0.0136s ]
SQL: SELECT * FROM `hw_topic` WHERE ( id=1 )  [ RunTime:0.0006s ]
SQL: SELECT * FROM `hw_topic` WHERE ( id=2 )  [ RunTime:0.0006s ]
SQL: SELECT * FROM `hw_topic` WHERE ( id=3 )  [ RunTime:0.0007s ]
SQL: SELECT * FROM `hw_topic` WHERE ( id=4 )  [ RunTime:0.0008s ]
SQL: SELECT * FROM `hw_topic` WHERE ( id=5 )  [ RunTime:0.0006s ]
INFO: [ view_parse ] --START--
INFO: [ template_filter ] --START--
INFO: Run Behavior\ContentReplaceBehavior [ RunTime:0.000333s ]
INFO: [ template_filter ] --END-- [ RunTime:0.000540s ]
INFO: Run Behavior\ParseTemplateBehavior [ RunTime:0.158972s ]
INFO: [ view_parse ] --END-- [ RunTime:0.159315s ]
INFO: [ view_filter ] --START--
INFO: Run Behavior\WriteHtmlCacheBehavior [ RunTime:0.007864s ]
INFO: [ view_filter ] --END-- [ RunTime:0.008073s ]
INFO: [ app_end ] --START--
INFO: Run Behavior\ShowPageTraceBehavior [ RunTime:0.030539s ]
INFO: [ app_end ] --END-- [ RunTime:0.030741s ]

[ 2017-03-28T07:49:33+08:00 ] 127.0.0.1 /guanbo/mind/
INFO: [ app_init ] --START--
INFO: Run Behavior\BuildLiteBehavior [ RunTime:0.000049s ]
INFO: [ app_init ] --END-- [ RunTime:0.000789s ]
INFO: [ app_begin ] --START--
INFO: Run Behavior\ReadHtmlCacheBehavior [ RunTime:0.001398s ]
INFO: [ app_begin ] --END-- [ RunTime:0.001716s ]

[ 2017-03-28T07:49:33+08:00 ] 127.0.0.1 /guanbo/mind/index.php/Home/Web/index.html
INFO: [ app_init ] --START--
INFO: Run Behavior\BuildLiteBehavior [ RunTime:0.000045s ]
INFO: [ app_init ] --END-- [ RunTime:0.000745s ]
INFO: [ app_begin ] --START--
INFO: Run Behavior\ReadHtmlCacheBehavior [ RunTime:0.001087s ]
INFO: [ app_begin ] --END-- [ RunTime:0.001302s ]
SQL: SHOW COLUMNS FROM `hw_cate` [ RunTime:0.0031s ]
SQL: SELECT * FROM `hw_cate` ORDER BY sort ASC  [ RunTime:0.0009s ]
SQL: SHOW COLUMNS FROM `hw_top` [ RunTime:0.0025s ]
SQL: SELECT * FROM `hw_top`  [ RunTime:0.0004s ]
SQL: SHOW COLUMNS FROM `hw_footer` [ RunTime:0.0025s ]
SQL: SELECT * FROM `hw_footer`  [ RunTime:0.0004s ]
SQL: SHOW COLUMNS FROM `hw_youlian` [ RunTime:0.0030s ]
SQL: SELECT * FROM `hw_youlian`  [ RunTime:0.0004s ]
SQL: SHOW COLUMNS FROM `hw_banner` [ RunTime:0.0024s ]
SQL: SELECT * FROM `hw_banner`  [ RunTime:0.0004s ]
SQL: SHOW COLUMNS FROM `hw_bnews` [ RunTime:0.0026s ]
SQL: SELECT * FROM `hw_bnews`  [ RunTime:0.0004s ]
SQL: SHOW COLUMNS FROM `hw_news` [ RunTime:0.0026s ]
SQL: SELECT * FROM `hw_news` ORDER BY time desc LIMIT 2   [ RunTime:0.0006s ]
SQL: SHOW COLUMNS FROM `hw_newst` [ RunTime:0.0030s ]
SQL: SELECT * FROM `hw_newst` ORDER BY time desc LIMIT 2   [ RunTime:0.0010s ]
SQL: SHOW COLUMNS FROM `hw_expert` [ RunTime:0.0027s ]
NOTIC: [8] Use of undefined constant 豆立宁 - assumed '豆立宁' D:\wamp\www\guanbo\mind\Home\Controller\WebController.class.php 第 51 行.
SQL: SELECT * FROM `hw_expert` WHERE ( name='豆立宁' )  [ RunTime:0.0004s ]
NOTIC: [8] Use of undefined constant 于爽 - assumed '于爽' D:\wamp\www\guanbo\mind\Home\Controller\WebController.class.php 第 54 行.
SQL: SELECT * FROM `hw_expert` WHERE ( name='于爽' )  [ RunTime:0.0004s ]
NOTIC: [8] Use of undefined constant 王焕 - assumed '王焕' D:\wamp\www\guanbo\mind\Home\Controller\WebController.class.php 第 57 行.
SQL: SELECT * FROM `hw_expert` WHERE ( name='王焕' )  [ RunTime:0.0004s ]
SQL: SHOW COLUMNS FROM `hw_aboutus` [ RunTime:0.0032s ]
SQL: SELECT * FROM `hw_aboutus`  [ RunTime:0.0004s ]
SQL: SHOW COLUMNS FROM `hw_service` [ RunTime:0.0033s ]
SQL: SELECT * FROM `hw_service`  [ RunTime:0.0005s ]
SQL: SHOW COLUMNS FROM `hw_judge` [ RunTime:0.0026s ]
SQL: SELECT * FROM `hw_judge`  [ RunTime:0.0004s ]
SQL: SHOW COLUMNS FROM `hw_judgebg` [ RunTime:0.0025s ]
SQL: SELECT * FROM `hw_judgebg`  [ RunTime:0.0004s ]
SQL: SHOW COLUMNS FROM `hw_topic` [ RunTime:0.0025s ]
SQL: SELECT * FROM `hw_topic` WHERE ( id=1 )  [ RunTime:0.0004s ]
SQL: SELECT * FROM `hw_topic` WHERE ( id=2 )  [ RunTime:0.0005s ]
SQL: SELECT * FROM `hw_topic` WHERE ( id=3 )  [ RunTime:0.0004s ]
SQL: SELECT * FROM `hw_topic` WHERE ( id=4 )  [ RunTime:0.0003s ]
SQL: SELECT * FROM `hw_topic` WHERE ( id=5 )  [ RunTime:0.0003s ]
INFO: [ view_parse ] --START--
INFO: [ template_filter ] --START--
INFO: Run Behavior\ContentReplaceBehavior [ RunTime:0.000382s ]
INFO: [ template_filter ] --END-- [ RunTime:0.000616s ]
INFO: Run Behavior\ParseTemplateBehavior [ RunTime:0.085238s ]
INFO: [ view_parse ] --END-- [ RunTime:0.085472s ]
INFO: [ view_filter ] --START--
INFO: Run Behavior\WriteHtmlCacheBehavior [ RunTime:0.000710s ]
INFO: [ view_filter ] --END-- [ RunTime:0.000895s ]
INFO: [ app_end ] --START--
INFO: Run Behavior\ShowPageTraceBehavior [ RunTime:0.001197s ]
INFO: [ app_end ] --END-- [ RunTime:0.001384s ]

[ 2017-03-28T07:50:21+08:00 ] 127.0.0.1 /guanbo/mind/index.php/Home/Web/index.html
INFO: [ app_init ] --START--
INFO: Run Behavior\BuildLiteBehavior [ RunTime:0.000041s ]
INFO: [ app_init ] --END-- [ RunTime:0.000729s ]
INFO: [ app_begin ] --START--
INFO: Run Behavior\ReadHtmlCacheBehavior [ RunTime:0.001175s ]
INFO: [ app_begin ] --END-- [ RunTime:0.001388s ]
SQL: SHOW COLUMNS FROM `hw_cate` [ RunTime:0.0027s ]
SQL: SELECT * FROM `hw_cate` ORDER BY sort ASC  [ RunTime:0.0008s ]
SQL: SHOW COLUMNS FROM `hw_top` [ RunTime:0.0025s ]
SQL: SELECT * FROM `hw_top`  [ RunTime:0.0004s ]
SQL: SHOW COLUMNS FROM `hw_footer` [ RunTime:0.0026s ]
SQL: SELECT * FROM `hw_footer`  [ RunTime:0.0004s ]
SQL: SHOW COLUMNS FROM `hw_youlian` [ RunTime:0.0025s ]
SQL: SELECT * FROM `hw_youlian`  [ RunTime:0.0004s ]
SQL: SHOW COLUMNS FROM `hw_banner` [ RunTime:0.0026s ]
SQL: SELECT * FROM `hw_banner`  [ RunTime:0.0004s ]
SQL: SHOW COLUMNS FROM `hw_bnews` [ RunTime:0.0030s ]
SQL: SELECT * FROM `hw_bnews`  [ RunTime:0.0004s ]
SQL: SHOW COLUMNS FROM `hw_news` [ RunTime:0.0027s ]
SQL: SELECT * FROM `hw_news` ORDER BY time desc LIMIT 2   [ RunTime:0.0008s ]
SQL: SHOW COLUMNS FROM `hw_newst` [ RunTime:0.0026s ]
SQL: SELECT * FROM `hw_newst` ORDER BY time desc LIMIT 2   [ RunTime:0.0009s ]
SQL: SHOW COLUMNS FROM `hw_expert` [ RunTime:0.0025s ]
NOTIC: [8] Use of undefined constant 豆立宁 - assumed '豆立宁' D:\wamp\www\guanbo\mind\Home\Controller\WebController.class.php 第 51 行.
SQL: SELECT * FROM `hw_expert` WHERE ( name='豆立宁' )  [ RunTime:0.0004s ]
NOTIC: [8] Use of undefined constant 于爽 - assumed '于爽' D:\wamp\www\guanbo\mind\Home\Controller\WebController.class.php 第 54 行.
SQL: SELECT * FROM `hw_expert` WHERE ( name='于爽' )  [ RunTime:0.0003s ]
NOTIC: [8] Use of undefined constant 王焕 - assumed '王焕' D:\wamp\www\guanbo\mind\Home\Controller\WebController.class.php 第 57 行.
SQL: SELECT * FROM `hw_expert` WHERE ( name='王焕' )  [ RunTime:0.0006s ]
SQL: SHOW COLUMNS FROM `hw_aboutus` [ RunTime:0.0026s ]
SQL: SELECT * FROM `hw_aboutus`  [ RunTime:0.0003s ]
SQL: SHOW COLUMNS FROM `hw_service` [ RunTime:0.0025s ]
SQL: SELECT * FROM `hw_service`  [ RunTime:0.0004s ]
SQL: SHOW COLUMNS FROM `hw_judge` [ RunTime:0.0032s ]
SQL: SELECT * FROM `hw_judge`  [ RunTime:0.0003s ]
SQL: SHOW COLUMNS FROM `hw_judgebg` [ RunTime:0.0024s ]
SQL: SELECT * FROM `hw_judgebg`  [ RunTime:0.0003s ]
SQL: SHOW COLUMNS FROM `hw_topic` [ RunTime:0.0026s ]
SQL: SELECT * FROM `hw_topic` WHERE ( id=1 )  [ RunTime:0.0003s ]
SQL: SELECT * FROM `hw_topic` WHERE ( id=2 )  [ RunTime:0.0005s ]
SQL: SELECT * FROM `hw_topic` WHERE ( id=3 )  [ RunTime:0.0003s ]
SQL: SELECT * FROM `hw_topic` WHERE ( id=4 )  [ RunTime:0.0002s ]
SQL: SELECT * FROM `hw_topic` WHERE ( id=5 )  [ RunTime:0.0002s ]
INFO: [ view_parse ] --START--
INFO: [ template_filter ] --START--
INFO: Run Behavior\ContentReplaceBehavior [ RunTime:0.000343s ]
INFO: [ template_filter ] --END-- [ RunTime:0.000565s ]
INFO: Run Behavior\ParseTemplateBehavior [ RunTime:0.093517s ]
INFO: [ view_parse ] --END-- [ RunTime:0.093770s ]
INFO: [ view_filter ] --START--
INFO: Run Behavior\WriteHtmlCacheBehavior [ RunTime:0.002441s ]
INFO: [ view_filter ] --END-- [ RunTime:0.002658s ]
INFO: [ app_end ] --START--
INFO: Run Behavior\ShowPageTraceBehavior [ RunTime:0.001802s ]
INFO: [ app_end ] --END-- [ RunTime:0.002077s ]

[ 2017-03-28T07:52:34+08:00 ] 127.0.0.1 /guanbo/mind/index.php/Home/Web/index.html
INFO: [ app_init ] --START--
INFO: Run Behavior\BuildLiteBehavior [ RunTime:0.000041s ]
INFO: [ app_init ] --END-- [ RunTime:0.000777s ]
INFO: [ app_begin ] --START--
INFO: Run Behavior\ReadHtmlCacheBehavior [ RunTime:0.001081s ]
INFO: [ app_begin ] --END-- [ RunTime:0.001279s ]
SQL: SHOW COLUMNS FROM `hw_cate` [ RunTime:0.0026s ]
SQL: SELECT * FROM `hw_cate` ORDER BY sort ASC  [ RunTime:0.0008s ]
SQL: SHOW COLUMNS FROM `hw_top` [ RunTime:0.0028s ]
SQL: SELECT * FROM `hw_top`  [ RunTime:0.0004s ]
SQL: SHOW COLUMNS FROM `hw_footer` [ RunTime:0.0039s ]
SQL: SELECT * FROM `hw_footer`  [ RunTime:0.0004s ]
SQL: SHOW COLUMNS FROM `hw_youlian` [ RunTime:0.0025s ]
SQL: SELECT * FROM `hw_youlian`  [ RunTime:0.0005s ]
SQL: SHOW COLUMNS FROM `hw_banner` [ RunTime:0.0025s ]
SQL: SELECT * FROM `hw_banner`  [ RunTime:0.0004s ]
SQL: SHOW COLUMNS FROM `hw_bnews` [ RunTime:0.0028s ]
SQL: SELECT * FROM `hw_bnews`  [ RunTime:0.0004s ]
SQL: SHOW COLUMNS FROM `hw_news` [ RunTime:0.0026s ]
SQL: SELECT * FROM `hw_news` ORDER BY time desc LIMIT 2   [ RunTime:0.0006s ]
SQL: SHOW COLUMNS FROM `hw_newst` [ RunTime:0.0026s ]
SQL: SELECT * FROM `hw_newst` ORDER BY time desc LIMIT 2   [ RunTime:0.0011s ]
SQL: SHOW COLUMNS FROM `hw_expert` [ RunTime:0.0026s ]
NOTIC: [8] Use of undefined constant 豆立宁 - assumed '豆立宁' D:\wamp\www\guanbo\mind\Home\Controller\WebController.class.php 第 51 行.
SQL: SELECT * FROM `hw_expert` WHERE ( name='豆立宁' )  [ RunTime:0.0007s ]
NOTIC: [8] Use of undefined constant 于爽 - assumed '于爽' D:\wamp\www\guanbo\mind\Home\Controller\WebController.class.php 第 54 行.
SQL: SELECT * FROM `hw_expert` WHERE ( name='于爽' )  [ RunTime:0.0004s ]
NOTIC: [8] Use of undefined constant 王焕 - assumed '王焕' D:\wamp\www\guanbo\mind\Home\Controller\WebController.class.php 第 57 行.
SQL: SELECT * FROM `hw_expert` WHERE ( name='王焕' )  [ RunTime:0.0003s ]
SQL: SHOW COLUMNS FROM `hw_aboutus` [ RunTime:0.0025s ]
SQL: SELECT * FROM `hw_aboutus`  [ RunTime:0.0004s ]
SQL: SHOW COLUMNS FROM `hw_service` [ RunTime:0.0026s ]
SQL: SELECT * FROM `hw_service`  [ RunTime:0.0004s ]
SQL: SHOW COLUMNS FROM `hw_judge` [ RunTime:0.0024s ]
SQL: SELECT * FROM `hw_judge`  [ RunTime:0.0003s ]
SQL: SHOW COLUMNS FROM `hw_judgebg` [ RunTime:0.0027s ]
SQL: SELECT * FROM `hw_judgebg`  [ RunTime:0.0003s ]
SQL: SHOW COLUMNS FROM `hw_topic` [ RunTime:0.0025s ]
SQL: SELECT * FROM `hw_topic` WHERE ( id=1 )  [ RunTime:0.0004s ]
SQL: SELECT * FROM `hw_topic` WHERE ( id=2 )  [ RunTime:0.0003s ]
SQL: SELECT * FROM `hw_topic` WHERE ( id=3 )  [ RunTime:0.0003s ]
SQL: SELECT * FROM `hw_topic` WHERE ( id=4 )  [ RunTime:0.0003s ]
SQL: SELECT * FROM `hw_topic` WHERE ( id=5 )  [ RunTime:0.0003s ]
INFO: [ view_parse ] --START--
INFO: [ template_filter ] --START--
INFO: Run Behavior\ContentReplaceBehavior [ RunTime:0.000435s ]
INFO: [ template_filter ] --END-- [ RunTime:0.000657s ]
INFO: Run Behavior\ParseTemplateBehavior [ RunTime:0.084725s ]
INFO: [ view_parse ] --END-- [ RunTime:0.084972s ]
INFO: [ view_filter ] --START--
INFO: Run Behavior\WriteHtmlCacheBehavior [ RunTime:0.000727s ]
INFO: [ view_filter ] --END-- [ RunTime:0.000911s ]
INFO: [ app_end ] --START--
INFO: Run Behavior\ShowPageTraceBehavior [ RunTime:0.001089s ]
INFO: [ app_end ] --END-- [ RunTime:0.001269s ]

[ 2017-03-28T07:55:37+08:00 ] 127.0.0.1 /guanbo/mind/index.php/Home/Web/index.html
INFO: [ app_init ] --START--
INFO: Run Behavior\BuildLiteBehavior [ RunTime:0.000044s ]
INFO: [ app_init ] --END-- [ RunTime:0.000772s ]
INFO: [ app_begin ] --START--
INFO: Run Behavior\ReadHtmlCacheBehavior [ RunTime:0.001011s ]
INFO: [ app_begin ] --END-- [ RunTime:0.001222s ]
SQL: SHOW COLUMNS FROM `hw_cate` [ RunTime:0.0042s ]
SQL: SELECT * FROM `hw_cate` ORDER BY sort ASC  [ RunTime:0.0084s ]
SQL: SHOW COLUMNS FROM `hw_top` [ RunTime:0.0048s ]
SQL: SELECT * FROM `hw_top`  [ RunTime:0.0004s ]
SQL: SHOW COLUMNS FROM `hw_footer` [ RunTime:0.0087s ]
SQL: SELECT * FROM `hw_footer`  [ RunTime:0.0004s ]
SQL: SHOW COLUMNS FROM `hw_youlian` [ RunTime:0.0049s ]
SQL: SELECT * FROM `hw_youlian`  [ RunTime:0.0004s ]
SQL: SHOW COLUMNS FROM `hw_banner` [ RunTime:0.0028s ]
SQL: SELECT * FROM `hw_banner`  [ RunTime:0.0004s ]
SQL: SHOW COLUMNS FROM `hw_bnews` [ RunTime:0.0110s ]
SQL: SELECT * FROM `hw_bnews`  [ RunTime:0.0021s ]
SQL: SHOW COLUMNS FROM `hw_news` [ RunTime:0.0076s ]
SQL: SELECT * FROM `hw_news` ORDER BY time desc LIMIT 2   [ RunTime:0.0023s ]
SQL: SHOW COLUMNS FROM `hw_newst` [ RunTime:0.0034s ]
SQL: SELECT * FROM `hw_newst` ORDER BY time desc LIMIT 2   [ RunTime:0.0012s ]
SQL: SHOW COLUMNS FROM `hw_expert` [ RunTime:0.0048s ]
NOTIC: [8] Use of undefined constant 豆立宁 - assumed '豆立宁' D:\wamp\www\guanbo\mind\Home\Controller\WebController.class.php 第 51 行.
SQL: SELECT * FROM `hw_expert` WHERE ( name='豆立宁' )  [ RunTime:0.0007s ]
NOTIC: [8] Use of undefined constant 于爽 - assumed '于爽' D:\wamp\www\guanbo\mind\Home\Controller\WebController.class.php 第 54 行.
SQL: SELECT * FROM `hw_expert` WHERE ( name='于爽' )  [ RunTime:0.0008s ]
NOTIC: [8] Use of undefined constant 王焕 - assumed '王焕' D:\wamp\www\guanbo\mind\Home\Controller\WebController.class.php 第 57 行.
SQL: SELECT * FROM `hw_expert` WHERE ( name='王焕' )  [ RunTime:0.0004s ]
SQL: SHOW COLUMNS FROM `hw_aboutus` [ RunTime:0.0048s ]
SQL: SELECT * FROM `hw_aboutus`  [ RunTime:0.0004s ]
SQL: SHOW COLUMNS FROM `hw_service` [ RunTime:0.0034s ]
SQL: SELECT * FROM `hw_service`  [ RunTime:0.0005s ]
SQL: SHOW COLUMNS FROM `hw_judge` [ RunTime:0.0036s ]
SQL: SELECT * FROM `hw_judge`  [ RunTime:0.0005s ]
SQL: SHOW COLUMNS FROM `hw_judgebg` [ RunTime:0.0027s ]
SQL: SELECT * FROM `hw_judgebg`  [ RunTime:0.0004s ]
SQL: SHOW COLUMNS FROM `hw_topic` [ RunTime:0.0032s ]
SQL: SELECT * FROM `hw_topic` WHERE ( id=1 )  [ RunTime:0.0004s ]
SQL: SELECT * FROM `hw_topic` WHERE ( id=2 )  [ RunTime:0.0003s ]
SQL: SELECT * FROM `hw_topic` WHERE ( id=3 )  [ RunTime:0.0006s ]
SQL: SELECT * FROM `hw_topic` WHERE ( id=4 )  [ RunTime:0.0005s ]
SQL: SELECT * FROM `hw_topic` WHERE ( id=5 )  [ RunTime:0.0007s ]
INFO: [ view_parse ] --START--
INFO: [ template_filter ] --START--
INFO: Run Behavior\ContentReplaceBehavior [ RunTime:0.000339s ]
INFO: [ template_filter ] --END-- [ RunTime:0.000552s ]
INFO: Run Behavior\ParseTemplateBehavior [ RunTime:0.092952s ]
INFO: [ view_parse ] --END-- [ RunTime:0.093200s ]
INFO: [ view_filter ] --START--
INFO: Run Behavior\WriteHtmlCacheBehavior [ RunTime:0.000637s ]
INFO: [ view_filter ] --END-- [ RunTime:0.000823s ]
INFO: [ app_end ] --START--
INFO: Run Behavior\ShowPageTraceBehavior [ RunTime:0.001031s ]
INFO: [ app_end ] --END-- [ RunTime:0.001228s ]

[ 2017-03-28T07:55:49+08:00 ] 127.0.0.1 /guanbo/mind/index.php/Home/Web/index.html
INFO: [ app_init ] --START--
INFO: Run Behavior\BuildLiteBehavior [ RunTime:0.000045s ]
INFO: [ app_init ] --END-- [ RunTime:0.000870s ]
INFO: [ app_begin ] --START--
INFO: Run Behavior\ReadHtmlCacheBehavior [ RunTime:0.001010s ]
INFO: [ app_begin ] --END-- [ RunTime:0.001225s ]
SQL: SHOW COLUMNS FROM `hw_cate` [ RunTime:0.0025s ]
SQL: SELECT * FROM `hw_cate` ORDER BY sort ASC  [ RunTime:0.0008s ]
SQL: SHOW COLUMNS FROM `hw_top` [ RunTime:0.0026s ]
SQL: SELECT * FROM `hw_top`  [ RunTime:0.0004s ]
SQL: SHOW COLUMNS FROM `hw_footer` [ RunTime:0.0028s ]
SQL: SELECT * FROM `hw_footer`  [ RunTime:0.0004s ]
SQL: SHOW COLUMNS FROM `hw_youlian` [ RunTime:0.0024s ]
SQL: SELECT * FROM `hw_youlian`  [ RunTime:0.0004s ]
SQL: SHOW COLUMNS FROM `hw_banner` [ RunTime:0.0028s ]
SQL: SELECT * FROM `hw_banner`  [ RunTime:0.0004s ]
SQL: SHOW COLUMNS FROM `hw_bnews` [ RunTime:0.0026s ]
SQL: SELECT * FROM `hw_bnews`  [ RunTime:0.0004s ]
SQL: SHOW COLUMNS FROM `hw_news` [ RunTime:0.0035s ]
SQL: SELECT * FROM `hw_news` ORDER BY time desc LIMIT 2   [ RunTime:0.0006s ]
SQL: SHOW COLUMNS FROM `hw_newst` [ RunTime:0.0027s ]
SQL: SELECT * FROM `hw_newst` ORDER BY time desc LIMIT 2   [ RunTime:0.0012s ]
SQL: SHOW COLUMNS FROM `hw_expert` [ RunTime:0.0026s ]
NOTIC: [8] Use of undefined constant 豆立宁 - assumed '豆立宁' D:\wamp\www\guanbo\mind\Home\Controller\WebController.class.php 第 51 行.
SQL: SELECT * FROM `hw_expert` WHERE ( name='豆立宁' )  [ RunTime:0.0004s ]
NOTIC: [8] Use of undefined constant 于爽 - assumed '于爽' D:\wamp\www\guanbo\mind\Home\Controller\WebController.class.php 第 54 行.
SQL: SELECT * FROM `hw_expert` WHERE ( name='于爽' )  [ RunTime:0.0004s ]
NOTIC: [8] Use of undefined constant 王焕 - assumed '王焕' D:\wamp\www\guanbo\mind\Home\Controller\WebController.class.php 第 57 行.
SQL: SELECT * FROM `hw_expert` WHERE ( name='王焕' )  [ RunTime:0.0004s ]
SQL: SHOW COLUMNS FROM `hw_aboutus` [ RunTime:0.0030s ]
SQL: SELECT * FROM `hw_aboutus`  [ RunTime:0.0004s ]
SQL: SHOW COLUMNS FROM `hw_service` [ RunTime:0.0026s ]
SQL: SELECT * FROM `hw_service`  [ RunTime:0.0004s ]
SQL: SHOW COLUMNS FROM `hw_judge` [ RunTime:0.0027s ]
SQL: SELECT * FROM `hw_judge`  [ RunTime:0.0004s ]
SQL: SHOW COLUMNS FROM `hw_judgebg` [ RunTime:0.0032s ]
SQL: SELECT * FROM `hw_judgebg`  [ RunTime:0.0004s ]
SQL: SHOW COLUMNS FROM `hw_topic` [ RunTime:0.0031s ]
SQL: SELECT * FROM `hw_topic` WHERE ( id=1 )  [ RunTime:0.0004s ]
SQL: SELECT * FROM `hw_topic` WHERE ( id=2 )  [ RunTime:0.0003s ]
SQL: SELECT * FROM `hw_topic` WHERE ( id=3 )  [ RunTime:0.0003s ]
SQL: SELECT * FROM `hw_topic` WHERE ( id=4 )  [ RunTime:0.0003s ]
SQL: SELECT * FROM `hw_topic` WHERE ( id=5 )  [ RunTime:0.0003s ]
INFO: [ view_parse ] --START--
INFO: [ template_filter ] --START--
INFO: Run Behavior\ContentReplaceBehavior [ RunTime:0.000339s ]
INFO: [ template_filter ] --END-- [ RunTime:0.000550s ]
INFO: Run Behavior\ParseTemplateBehavior [ RunTime:0.085331s ]
INFO: [ view_parse ] --END-- [ RunTime:0.085567s ]
INFO: [ view_filter ] --START--
INFO: Run Behavior\WriteHtmlCacheBehavior [ RunTime:0.000640s ]
INFO: [ view_filter ] --END-- [ RunTime:0.000820s ]
INFO: [ app_end ] --START--
INFO: Run Behavior\ShowPageTraceBehavior [ RunTime:0.000958s ]
INFO: [ app_end ] --END-- [ RunTime:0.001137s ]

