[ 2017-02-26T20:02:32+08:00 ] 127.0.0.1 /mind/
INFO: [ app_init ] --START--
INFO: Run Behavior\BuildLiteBehavior [ RunTime:0.000082s ]
INFO: [ app_init ] --END-- [ RunTime:0.010688s ]
INFO: [ app_begin ] --START--
INFO: Run Behavior\ReadHtmlCacheBehavior [ RunTime:0.017768s ]
INFO: [ app_begin ] --END-- [ RunTime:0.018161s ]

[ 2017-02-26T20:02:34+08:00 ] 127.0.0.1 /mind/index.php/Home/Web/index.html
INFO: [ app_init ] --START--
INFO: Run Behavior\BuildLiteBehavior [ RunTime:0.000045s ]
INFO: [ app_init ] --END-- [ RunTime:0.000804s ]
INFO: [ app_begin ] --START--
INFO: Run Behavior\ReadHtmlCacheBehavior [ RunTime:0.001352s ]
INFO: [ app_begin ] --END-- [ RunTime:0.001578s ]
SQL: SHOW COLUMNS FROM `hw_cate` [ RunTime:0.0517s ]
SQL: SELECT * FROM `hw_cate` ORDER BY sort ASC  [ RunTime:0.0010s ]
SQL: SHOW COLUMNS FROM `hw_top` [ RunTime:0.2283s ]
SQL: SELECT * FROM `hw_top`  [ RunTime:0.0006s ]
SQL: SHOW COLUMNS FROM `hw_footer` [ RunTime:0.2057s ]
SQL: SELECT * FROM `hw_footer`  [ RunTime:0.0006s ]
SQL: SHOW COLUMNS FROM `hw_youlian` [ RunTime:0.0174s ]
SQL: SELECT * FROM `hw_youlian`  [ RunTime:0.0007s ]
SQL: SHOW COLUMNS FROM `hw_banner` [ RunTime:0.0360s ]
SQL: SELECT * FROM `hw_banner`  [ RunTime:0.0006s ]
SQL: SHOW COLUMNS FROM `hw_bnews` [ RunTime:0.0221s ]
SQL: SELECT * FROM `hw_bnews`  [ RunTime:0.0007s ]
SQL: SHOW COLUMNS FROM `hw_news` [ RunTime:0.0639s ]
SQL: SELECT * FROM `hw_news` ORDER BY time desc LIMIT 2   [ RunTime:0.0012s ]
SQL: SHOW COLUMNS FROM `hw_newst` [ RunTime:0.0583s ]
SQL: SELECT * FROM `hw_newst` ORDER BY time desc LIMIT 2   [ RunTime:0.0054s ]
SQL: SHOW COLUMNS FROM `hw_expert` [ RunTime:0.0490s ]
NOTIC: [8] Use of undefined constant 豆立宁 - assumed '豆立宁' D:\wamp\www\mind\Home\Controller\WebController.class.php 第 51 行.
SQL: SELECT * FROM `hw_expert` WHERE ( name='豆立宁' )  [ RunTime:0.0007s ]
NOTIC: [8] Use of undefined constant 于爽 - assumed '于爽' D:\wamp\www\mind\Home\Controller\WebController.class.php 第 54 行.
SQL: SELECT * FROM `hw_expert` WHERE ( name='于爽' )  [ RunTime:0.0007s ]
NOTIC: [8] Use of undefined constant 王焕 - assumed '王焕' D:\wamp\www\mind\Home\Controller\WebController.class.php 第 57 行.
SQL: SELECT * FROM `hw_expert` WHERE ( name='王焕' )  [ RunTime:0.0007s ]
SQL: SHOW COLUMNS FROM `hw_aboutus` [ RunTime:0.0477s ]
SQL: SELECT * FROM `hw_aboutus`  [ RunTime:0.0007s ]
SQL: SHOW COLUMNS FROM `hw_service` [ RunTime:0.0414s ]
SQL: SELECT * FROM `hw_service`  [ RunTime:0.0007s ]
SQL: SHOW COLUMNS FROM `hw_judge` [ RunTime:0.0424s ]
SQL: SELECT * FROM `hw_judge`  [ RunTime:0.0006s ]
SQL: SHOW COLUMNS FROM `hw_judgebg` [ RunTime:0.0241s ]
SQL: SELECT * FROM `hw_judgebg`  [ RunTime:0.0006s ]
SQL: SHOW COLUMNS FROM `hw_topic` [ RunTime:0.0130s ]
SQL: SELECT * FROM `hw_topic` WHERE ( id=1 )  [ RunTime:0.0006s ]
SQL: SELECT * FROM `hw_topic` WHERE ( id=2 )  [ RunTime:0.0006s ]
SQL: SELECT * FROM `hw_topic` WHERE ( id=3 )  [ RunTime:0.0006s ]
SQL: SELECT * FROM `hw_topic` WHERE ( id=4 )  [ RunTime:0.0005s ]
SQL: SELECT * FROM `hw_topic` WHERE ( id=5 )  [ RunTime:0.0005s ]
INFO: [ view_parse ] --START--
INFO: [ template_filter ] --START--
INFO: Run Behavior\ContentReplaceBehavior [ RunTime:0.000354s ]
INFO: [ template_filter ] --END-- [ RunTime:0.000572s ]
INFO: Run Behavior\ParseTemplateBehavior [ RunTime:0.161026s ]
INFO: [ view_parse ] --END-- [ RunTime:0.161384s ]
INFO: [ view_filter ] --START--
INFO: Run Behavior\WriteHtmlCacheBehavior [ RunTime:0.031653s ]
INFO: [ view_filter ] --END-- [ RunTime:0.031864s ]
INFO: [ app_end ] --START--
INFO: Run Behavior\ShowPageTraceBehavior [ RunTime:0.016240s ]
INFO: [ app_end ] --END-- [ RunTime:0.016536s ]

