[ 2017-01-13T18:50:40+08:00 ] 125.39.208.232 /index.php/我怎么进不去呀me/Index/reg.html
INFO: [ app_init ] --START--
INFO: Run Behavior\BuildLiteBehavior [ RunTime:0.000000s ]
INFO: [ app_init ] --END-- [ RunTime:0.000000s ]
ERR: 娉杞芥ā:我怎么进不去呀me

[ 2017-01-13T18:50:47+08:00 ] 125.39.208.232 /index.php/我怎么进不去呀me/Index/reg.html
INFO: [ app_init ] --START--
INFO: Run Behavior\BuildLiteBehavior [ RunTime:0.000000s ]
INFO: [ app_init ] --END-- [ RunTime:0.000000s ]
ERR: 娉杞芥ā:我怎么进不去呀me

[ 2017-01-13T18:50:50+08:00 ] 117.185.27.115 /index.php/我怎么进不去呀me/Index/reg.html
INFO: [ app_init ] --START--
INFO: Run Behavior\BuildLiteBehavior [ RunTime:0.000000s ]
INFO: [ app_init ] --END-- [ RunTime:0.000000s ]
ERR: 娉杞芥ā:我怎么进不去呀me

[ 2017-01-13T18:51:00+08:00 ] 125.39.208.232 /index.php/我怎么进不去呀me/Index/reg.html
INFO: [ app_init ] --START--
INFO: Run Behavior\BuildLiteBehavior [ RunTime:0.000000s ]
INFO: [ app_init ] --END-- [ RunTime:0.000000s ]
ERR: 娉杞芥ā:我怎么进不去呀me

[ 2017-01-13T18:51:02+08:00 ] 119.5.1.51 /index.php/我怎么进不去呀me/Index/reg.html
INFO: [ app_init ] --START--
INFO: Run Behavior\BuildLiteBehavior [ RunTime:0.000000s ]
INFO: [ app_init ] --END-- [ RunTime:0.000000s ]
ERR: 娉杞芥ā:我怎么进不去呀me

[ 2017-01-13T18:51:03+08:00 ] 123.151.138.56 /index.php/我怎么进不去呀me/Index/reg.html
INFO: [ app_init ] --START--
INFO: Run Behavior\BuildLiteBehavior [ RunTime:0.000000s ]
INFO: [ app_init ] --END-- [ RunTime:0.000000s ]
ERR: 娉杞芥ā:我怎么进不去呀me

[ 2017-01-13T18:51:04+08:00 ] 125.39.208.232 /index.php/我怎么进不去呀me/Index/reg.html
INFO: [ app_init ] --START--
INFO: Run Behavior\BuildLiteBehavior [ RunTime:0.000000s ]
INFO: [ app_init ] --END-- [ RunTime:0.015600s ]
ERR: 娉杞芥ā:我怎么进不去呀me

