[ 2017-03-28T07:46:40+08:00 ] 127.0.0.1 /guanbo/maxlb/
INFO: [ app_init ] --START--
INFO: Run Behavior\BuildLiteBehavior [ RunTime:0.000080s ]
INFO: [ app_init ] --END-- [ RunTime:0.012713s ]
INFO: [ app_begin ] --START--
INFO: Run Behavior\ReadHtmlCacheBehavior [ RunTime:0.022131s ]
INFO: [ app_begin ] --END-- [ RunTime:0.022508s ]

[ 2017-03-28T07:46:41+08:00 ] 127.0.0.1 /guanbo/maxlb/index.php/Home/Index/lb.html
INFO: [ app_init ] --START--
INFO: Run Behavior\BuildLiteBehavior [ RunTime:0.000044s ]
INFO: [ app_init ] --END-- [ RunTime:0.000820s ]
INFO: [ app_begin ] --START--
INFO: Run Behavior\ReadHtmlCacheBehavior [ RunTime:0.001038s ]
INFO: [ app_begin ] --END-- [ RunTime:0.001256s ]
SQL: SHOW COLUMNS FROM `student` [ RunTime:0.0050s ]
SQL: SELECT `max_head` FROM `student` WHERE `id` = 5 LIMIT 1   [ RunTime:0.0007s ]
SQL: SHOW COLUMNS FROM `max_lblist` [ RunTime:0.0588s ]
SQL: SELECT * FROM `max_lblist` WHERE ( new_type=1 )  [ RunTime:0.0019s ]
SQL: SELECT * FROM `max_lblist` WHERE ( new_type=2 )  [ RunTime:0.0017s ]
SQL: SELECT * FROM `max_lblist` WHERE ( new_type=3 )  [ RunTime:0.0012s ]
SQL: SELECT * FROM `max_lblist` WHERE ( new_type=4 )  [ RunTime:0.0012s ]
SQL: SELECT * FROM `max_lblist` WHERE ( new_type=5 )  [ RunTime:0.0012s ]
SQL: SELECT * FROM `max_lblist` WHERE ( new_type=6 )  [ RunTime:0.0011s ]
SQL: SELECT * FROM `max_lblist` WHERE ( new_type=7 )  [ RunTime:0.0010s ]
SQL: SELECT * FROM `max_lblist` WHERE ( new_type=8 )  [ RunTime:0.0012s ]
SQL: SELECT * FROM `max_lblist` WHERE ( new_type=9 )  [ RunTime:0.0011s ]
SQL: SELECT * FROM `max_lblist` WHERE ( new_type=10 )  [ RunTime:0.0011s ]
SQL: SELECT * FROM `max_lblist` WHERE ( new_type=11 )  [ RunTime:0.0011s ]
INFO: [ view_parse ] --START--
INFO: [ template_filter ] --START--
INFO: Run Behavior\ContentReplaceBehavior [ RunTime:0.000242s ]
INFO: [ template_filter ] --END-- [ RunTime:0.000430s ]
INFO: Run Behavior\ParseTemplateBehavior [ RunTime:0.264310s ]
INFO: [ view_parse ] --END-- [ RunTime:0.264629s ]
INFO: [ view_filter ] --START--
INFO: Run Behavior\WriteHtmlCacheBehavior [ RunTime:0.022582s ]
INFO: [ view_filter ] --END-- [ RunTime:0.022776s ]
INFO: [ app_end ] --START--
INFO: Run Behavior\ShowPageTraceBehavior [ RunTime:0.006176s ]
INFO: [ app_end ] --END-- [ RunTime:0.006982s ]

[ 2017-03-28T07:46:44+08:00 ] 127.0.0.1 /guanbo/maxlb/index.php/Home/Index/music.html
INFO: [ app_init ] --START--
INFO: Run Behavior\BuildLiteBehavior [ RunTime:0.000044s ]
INFO: [ app_init ] --END-- [ RunTime:0.000945s ]
INFO: [ app_begin ] --START--
INFO: Run Behavior\ReadHtmlCacheBehavior [ RunTime:0.001004s ]
INFO: [ app_begin ] --END-- [ RunTime:0.001214s ]
SQL: SHOW COLUMNS FROM `student` [ RunTime:0.0027s ]
SQL: SELECT `max_head` FROM `student` WHERE `id` = 5 LIMIT 1   [ RunTime:0.0007s ]
INFO: [ view_parse ] --START--
INFO: [ template_filter ] --START--
INFO: Run Behavior\ContentReplaceBehavior [ RunTime:0.000167s ]
INFO: [ template_filter ] --END-- [ RunTime:0.000381s ]
INFO: Run Behavior\ParseTemplateBehavior [ RunTime:0.035418s ]
INFO: [ view_parse ] --END-- [ RunTime:0.035672s ]
INFO: [ view_filter ] --START--
INFO: Run Behavior\WriteHtmlCacheBehavior [ RunTime:0.000658s ]
INFO: [ view_filter ] --END-- [ RunTime:0.000837s ]
INFO: [ app_end ] --START--
INFO: Run Behavior\ShowPageTraceBehavior [ RunTime:0.000983s ]
INFO: [ app_end ] --END-- [ RunTime:0.001164s ]

[ 2017-03-28T07:48:21+08:00 ] 127.0.0.1 /guanbo/maxlb/index.php/Home/Index/music.html
INFO: [ app_init ] --START--
INFO: Run Behavior\BuildLiteBehavior [ RunTime:0.000045s ]
INFO: [ app_init ] --END-- [ RunTime:0.001091s ]
INFO: [ app_begin ] --START--
INFO: Run Behavior\ReadHtmlCacheBehavior [ RunTime:0.001040s ]
INFO: [ app_begin ] --END-- [ RunTime:0.001257s ]
SQL: SHOW COLUMNS FROM `student` [ RunTime:0.0027s ]
SQL: SELECT `max_head` FROM `student` WHERE `id` = 5 LIMIT 1   [ RunTime:0.0004s ]
INFO: [ view_parse ] --START--
INFO: [ template_filter ] --START--
INFO: Run Behavior\ContentReplaceBehavior [ RunTime:0.000161s ]
INFO: [ template_filter ] --END-- [ RunTime:0.000373s ]
INFO: Run Behavior\ParseTemplateBehavior [ RunTime:0.022154s ]
INFO: [ view_parse ] --END-- [ RunTime:0.022379s ]
INFO: [ view_filter ] --START--
INFO: Run Behavior\WriteHtmlCacheBehavior [ RunTime:0.000701s ]
INFO: [ view_filter ] --END-- [ RunTime:0.000875s ]
INFO: [ app_end ] --START--
INFO: Run Behavior\ShowPageTraceBehavior [ RunTime:0.001077s ]
INFO: [ app_end ] --END-- [ RunTime:0.001261s ]

[ 2017-03-28T07:48:30+08:00 ] 127.0.0.1 /guanbo/maxlb/index.php/Home/Index/music.html
INFO: [ app_init ] --START--
INFO: Run Behavior\BuildLiteBehavior [ RunTime:0.000046s ]
INFO: [ app_init ] --END-- [ RunTime:0.000733s ]
INFO: [ app_begin ] --START--
INFO: Run Behavior\ReadHtmlCacheBehavior [ RunTime:0.001002s ]
INFO: [ app_begin ] --END-- [ RunTime:0.001229s ]
SQL: SHOW COLUMNS FROM `student` [ RunTime:0.0032s ]
SQL: SELECT `max_head` FROM `student` WHERE `id` = 5 LIMIT 1   [ RunTime:0.0005s ]
INFO: [ view_parse ] --START--
INFO: [ template_filter ] --START--
INFO: Run Behavior\ContentReplaceBehavior [ RunTime:0.000211s ]
INFO: [ template_filter ] --END-- [ RunTime:0.000488s ]
INFO: Run Behavior\ParseTemplateBehavior [ RunTime:0.022707s ]
INFO: [ view_parse ] --END-- [ RunTime:0.022934s ]
INFO: [ view_filter ] --START--
INFO: Run Behavior\WriteHtmlCacheBehavior [ RunTime:0.000647s ]
INFO: [ view_filter ] --END-- [ RunTime:0.000821s ]
INFO: [ app_end ] --START--
INFO: Run Behavior\ShowPageTraceBehavior [ RunTime:0.000990s ]
INFO: [ app_end ] --END-- [ RunTime:0.001169s ]

[ 2017-03-28T07:48:37+08:00 ] 127.0.0.1 /guanbo/maxlb/index.php/Home/Index/listen/name/%E6%B2%89%E6%BD%9C%E4%B8%8B%E9%99%8D%E4%B9%8B%E6%B0%94/name2/%E6%B0%B4.html
INFO: [ app_init ] --START--
INFO: Run Behavior\BuildLiteBehavior [ RunTime:0.000044s ]
INFO: [ app_init ] --END-- [ RunTime:0.000788s ]
INFO: [ app_begin ] --START--
INFO: Run Behavior\ReadHtmlCacheBehavior [ RunTime:0.001084s ]
INFO: [ app_begin ] --END-- [ RunTime:0.001315s ]
SQL: SHOW COLUMNS FROM `student` [ RunTime:0.0027s ]
SQL: SELECT `max_head` FROM `student` WHERE `id` = 5 LIMIT 1   [ RunTime:0.0004s ]
SQL: SHOW COLUMNS FROM `music_count` [ RunTime:0.0755s ]
SQL: SELECT `count` FROM `music_count` WHERE `name` = '水' LIMIT 1   [ RunTime:0.0007s ]
SQL: UPDATE `music_count` SET `count`='19' WHERE ( name="水" ) [ RunTime:0.0751s ]
INFO: [ view_parse ] --START--
INFO: [ template_filter ] --START--
INFO: Run Behavior\ContentReplaceBehavior [ RunTime:0.000278s ]
INFO: [ template_filter ] --END-- [ RunTime:0.000746s ]
INFO: Run Behavior\ParseTemplateBehavior [ RunTime:0.057783s ]
INFO: [ view_parse ] --END-- [ RunTime:0.058135s ]
INFO: [ view_filter ] --START--
INFO: Run Behavior\WriteHtmlCacheBehavior [ RunTime:0.000948s ]
INFO: [ view_filter ] --END-- [ RunTime:0.001346s ]
INFO: [ app_end ] --START--
INFO: Run Behavior\ShowPageTraceBehavior [ RunTime:0.001962s ]
INFO: [ app_end ] --END-- [ RunTime:0.002275s ]

[ 2017-03-28T07:48:48+08:00 ] 127.0.0.1 /guanbo/maxlb/index.php/Home/Index/mytest.html
INFO: [ app_init ] --START--
INFO: Run Behavior\BuildLiteBehavior [ RunTime:0.000047s ]
INFO: [ app_init ] --END-- [ RunTime:0.000927s ]
INFO: [ app_begin ] --START--
INFO: Run Behavior\ReadHtmlCacheBehavior [ RunTime:0.001013s ]
INFO: [ app_begin ] --END-- [ RunTime:0.001228s ]
SQL: SHOW COLUMNS FROM `student` [ RunTime:0.0030s ]
SQL: SELECT `max_head` FROM `student` WHERE `id` = 5 LIMIT 1   [ RunTime:0.0004s ]
INFO: [ view_parse ] --START--
INFO: [ template_filter ] --START--
INFO: Run Behavior\ContentReplaceBehavior [ RunTime:0.000146s ]
INFO: [ template_filter ] --END-- [ RunTime:0.000356s ]
INFO: Run Behavior\ParseTemplateBehavior [ RunTime:0.042064s ]
INFO: [ view_parse ] --END-- [ RunTime:0.042358s ]
INFO: [ view_filter ] --START--
INFO: Run Behavior\WriteHtmlCacheBehavior [ RunTime:0.000735s ]
INFO: [ view_filter ] --END-- [ RunTime:0.000914s ]
INFO: [ app_end ] --START--
INFO: Run Behavior\ShowPageTraceBehavior [ RunTime:0.001413s ]
INFO: [ app_end ] --END-- [ RunTime:0.001641s ]

[ 2017-03-28T07:48:50+08:00 ] 127.0.0.1 /guanbo/maxlb/index.php/Home/Index/lb.html
INFO: [ app_init ] --START--
INFO: Run Behavior\BuildLiteBehavior [ RunTime:0.000043s ]
INFO: [ app_init ] --END-- [ RunTime:0.000733s ]
INFO: [ app_begin ] --START--
INFO: Run Behavior\ReadHtmlCacheBehavior [ RunTime:0.001085s ]
INFO: [ app_begin ] --END-- [ RunTime:0.001419s ]
SQL: SHOW COLUMNS FROM `student` [ RunTime:0.0030s ]
SQL: SELECT `max_head` FROM `student` WHERE `id` = 5 LIMIT 1   [ RunTime:0.0007s ]
SQL: SHOW COLUMNS FROM `max_lblist` [ RunTime:0.0034s ]
SQL: SELECT * FROM `max_lblist` WHERE ( new_type=1 )  [ RunTime:0.0010s ]
SQL: SELECT * FROM `max_lblist` WHERE ( new_type=2 )  [ RunTime:0.0013s ]
SQL: SELECT * FROM `max_lblist` WHERE ( new_type=3 )  [ RunTime:0.0013s ]
SQL: SELECT * FROM `max_lblist` WHERE ( new_type=4 )  [ RunTime:0.0019s ]
SQL: SELECT * FROM `max_lblist` WHERE ( new_type=5 )  [ RunTime:0.0021s ]
SQL: SELECT * FROM `max_lblist` WHERE ( new_type=6 )  [ RunTime:0.0009s ]
SQL: SELECT * FROM `max_lblist` WHERE ( new_type=7 )  [ RunTime:0.0010s ]
SQL: SELECT * FROM `max_lblist` WHERE ( new_type=8 )  [ RunTime:0.0013s ]
SQL: SELECT * FROM `max_lblist` WHERE ( new_type=9 )  [ RunTime:0.0009s ]
SQL: SELECT * FROM `max_lblist` WHERE ( new_type=10 )  [ RunTime:0.0008s ]
SQL: SELECT * FROM `max_lblist` WHERE ( new_type=11 )  [ RunTime:0.0008s ]
INFO: [ view_parse ] --START--
INFO: [ template_filter ] --START--
INFO: Run Behavior\ContentReplaceBehavior [ RunTime:0.000250s ]
INFO: [ template_filter ] --END-- [ RunTime:0.000460s ]
INFO: Run Behavior\ParseTemplateBehavior [ RunTime:0.082466s ]
INFO: [ view_parse ] --END-- [ RunTime:0.082685s ]
INFO: [ view_filter ] --START--
INFO: Run Behavior\WriteHtmlCacheBehavior [ RunTime:0.000869s ]
INFO: [ view_filter ] --END-- [ RunTime:0.001068s ]
INFO: [ app_end ] --START--
INFO: Run Behavior\ShowPageTraceBehavior [ RunTime:0.001670s ]
INFO: [ app_end ] --END-- [ RunTime:0.001868s ]

