[ 2017-04-01T18:25:44+08:00 ] 127.0.0.1 /guanbo/maxlb/index.php/Home/Admin/index
INFO: [ app_init ] --START--
INFO: Run Behavior\BuildLiteBehavior [ RunTime:0.000078s ]
INFO: [ app_init ] --END-- [ RunTime:0.012462s ]
INFO: [ app_begin ] --START--
INFO: Run Behavior\ReadHtmlCacheBehavior [ RunTime:0.021596s ]
INFO: [ app_begin ] --END-- [ RunTime:0.021974s ]

[ 2017-04-01T18:25:44+08:00 ] 127.0.0.1 /guanbo/maxlb/index.php/Home/Admin/maxlblogin.html
INFO: [ app_init ] --START--
INFO: Run Behavior\BuildLiteBehavior [ RunTime:0.000070s ]
INFO: [ app_init ] --END-- [ RunTime:0.001235s ]
INFO: [ app_begin ] --START--
INFO: Run Behavior\ReadHtmlCacheBehavior [ RunTime:0.001681s ]
INFO: [ app_begin ] --END-- [ RunTime:0.002021s ]
INFO: [ view_parse ] --START--
INFO: [ template_filter ] --START--
INFO: Run Behavior\ContentReplaceBehavior [ RunTime:0.000258s ]
INFO: [ template_filter ] --END-- [ RunTime:0.000600s ]
INFO: Run Behavior\ParseTemplateBehavior [ RunTime:0.111058s ]
INFO: [ view_parse ] --END-- [ RunTime:0.111449s ]
INFO: [ view_filter ] --START--
INFO: Run Behavior\WriteHtmlCacheBehavior [ RunTime:0.031557s ]
INFO: [ view_filter ] --END-- [ RunTime:0.031904s ]
INFO: [ app_end ] --START--
INFO: Run Behavior\ShowPageTraceBehavior [ RunTime:0.005681s ]
INFO: [ app_end ] --END-- [ RunTime:0.006025s ]

[ 2017-04-01T18:25:55+08:00 ] 127.0.0.1 /guanbo/maxlb/index.php/Home/Admin/maxlblogin.html
INFO: [ app_init ] --START--
INFO: Run Behavior\BuildLiteBehavior [ RunTime:0.000051s ]
INFO: [ app_init ] --END-- [ RunTime:0.000798s ]
INFO: [ app_begin ] --START--
INFO: Run Behavior\ReadHtmlCacheBehavior [ RunTime:0.000957s ]
INFO: [ app_begin ] --END-- [ RunTime:0.001169s ]

[ 2017-04-01T18:25:56+08:00 ] 127.0.0.1 /guanbo/maxlb/index.php/Home/Admin/index.html
INFO: [ app_init ] --START--
INFO: Run Behavior\BuildLiteBehavior [ RunTime:0.000041s ]
INFO: [ app_init ] --END-- [ RunTime:0.000774s ]
INFO: [ app_begin ] --START--
INFO: Run Behavior\ReadHtmlCacheBehavior [ RunTime:0.001003s ]
INFO: [ app_begin ] --END-- [ RunTime:0.001213s ]
SQL: SHOW COLUMNS FROM `student` [ RunTime:0.1297s ]
SQL: SELECT * FROM `student` WHERE ( type=1 )  [ RunTime:0.0374s ]
SQL: SELECT * FROM `student`  [ RunTime:0.0175s ]
SQL: SHOW COLUMNS FROM `ot_archive` [ RunTime:0.0711s ]
SQL: SELECT * FROM `ot_archive`  [ RunTime:0.1556s ]
SQL: SHOW COLUMNS FROM `student` [ RunTime:0.0027s ]
SQL: SELECT COUNT(*) AS tp_count FROM `student` LIMIT 1   [ RunTime:0.0211s ]
SQL: SELECT * FROM `student` ORDER BY regtime desc LIMIT 0,12   [ RunTime:0.0043s ]
INFO: [ view_parse ] --START--
INFO: [ template_filter ] --START--
INFO: Run Behavior\ContentReplaceBehavior [ RunTime:0.000237s ]
INFO: [ template_filter ] --END-- [ RunTime:0.000523s ]
NOTIC: [8] Undefined variable: user D:\wamp\www\guanbo\maxlb\Runtime\Cache\Home\5dce6ffb1968bb34b8c28c06354652b2.php 第 164 行.
INFO: Run Behavior\ParseTemplateBehavior [ RunTime:0.081154s ]
INFO: [ view_parse ] --END-- [ RunTime:0.081463s ]
INFO: [ view_filter ] --START--
INFO: Run Behavior\WriteHtmlCacheBehavior [ RunTime:0.000612s ]
INFO: [ view_filter ] --END-- [ RunTime:0.000784s ]
INFO: [ app_end ] --START--
INFO: Run Behavior\ShowPageTraceBehavior [ RunTime:0.001128s ]
INFO: [ app_end ] --END-- [ RunTime:0.001316s ]

