[ 2016-12-09T00:40:42+08:00 ] 138.197.208.123 /
INFO: [ app_init ] --START--
INFO: Run Behavior\BuildLiteBehavior [ RunTime:0.000000s ]
INFO: [ app_init ] --END-- [ RunTime:0.000000s ]
INFO: [ app_begin ] --START--
INFO: Run Behavior\ReadHtmlCacheBehavior [ RunTime:0.000000s ]
INFO: [ app_begin ] --END-- [ RunTime:0.000000s ]

[ 2016-12-09T00:40:46+08:00 ] 138.197.208.123 /index.php/Home/Manage/login.html
INFO: [ app_init ] --START--
INFO: Run Behavior\BuildLiteBehavior [ RunTime:0.000000s ]
INFO: [ app_init ] --END-- [ RunTime:0.000000s ]
INFO: [ app_begin ] --START--
INFO: Run Behavior\ReadHtmlCacheBehavior [ RunTime:0.000000s ]
INFO: [ app_begin ] --END-- [ RunTime:0.000000s ]
INFO: [ view_parse ] --START--
INFO: [ template_filter ] --START--
INFO: Run Behavior\ContentReplaceBehavior [ RunTime:0.000000s ]
INFO: [ template_filter ] --END-- [ RunTime:0.000000s ]
NOTIC: [8] Undefined variable: think D:\www\baoshu\Runtime\Cache\Home\bb1996cd3c52a3afa26df6c93a0d88b7.php 第 51 行.
INFO: Run Behavior\ParseTemplateBehavior [ RunTime:0.031200s ]
INFO: [ view_parse ] --END-- [ RunTime:0.031200s ]
INFO: [ view_filter ] --START--
INFO: Run Behavior\WriteHtmlCacheBehavior [ RunTime:0.000000s ]
INFO: [ view_filter ] --END-- [ RunTime:0.000000s ]
INFO: [ app_end ] --START--
INFO: Run Behavior\ShowPageTraceBehavior [ RunTime:0.000000s ]
INFO: [ app_end ] --END-- [ RunTime:0.000000s ]

[ 2016-12-09T02:49:41+08:00 ] 121.42.0.61 /
INFO: [ app_init ] --START--
INFO: Run Behavior\BuildLiteBehavior [ RunTime:0.000000s ]
INFO: [ app_init ] --END-- [ RunTime:0.000000s ]
INFO: [ app_begin ] --START--
INFO: Run Behavior\ReadHtmlCacheBehavior [ RunTime:0.000000s ]
INFO: [ app_begin ] --END-- [ RunTime:0.000000s ]

[ 2016-12-09T02:49:41+08:00 ] 121.42.0.61 /index.php/Home/Manage/login.html
INFO: [ app_init ] --START--
INFO: Run Behavior\BuildLiteBehavior [ RunTime:0.000000s ]
INFO: [ app_init ] --END-- [ RunTime:0.000000s ]
INFO: [ app_begin ] --START--
INFO: Run Behavior\ReadHtmlCacheBehavior [ RunTime:0.000000s ]
INFO: [ app_begin ] --END-- [ RunTime:0.000000s ]
INFO: [ view_parse ] --START--
INFO: [ template_filter ] --START--
INFO: Run Behavior\ContentReplaceBehavior [ RunTime:0.000000s ]
INFO: [ template_filter ] --END-- [ RunTime:0.000000s ]
NOTIC: [8] Undefined variable: think D:\www\baoshu\Runtime\Cache\Home\bb1996cd3c52a3afa26df6c93a0d88b7.php 第 51 行.
INFO: Run Behavior\ParseTemplateBehavior [ RunTime:0.046800s ]
INFO: [ view_parse ] --END-- [ RunTime:0.046800s ]
INFO: [ view_filter ] --START--
INFO: Run Behavior\WriteHtmlCacheBehavior [ RunTime:0.000000s ]
INFO: [ view_filter ] --END-- [ RunTime:0.000000s ]
INFO: [ app_end ] --START--
INFO: Run Behavior\ShowPageTraceBehavior [ RunTime:0.000000s ]
INFO: [ app_end ] --END-- [ RunTime:0.000000s ]

[ 2016-12-09T15:24:43+08:00 ] 180.76.15.34 /
INFO: [ app_init ] --START--
INFO: Run Behavior\BuildLiteBehavior [ RunTime:0.000000s ]
INFO: [ app_init ] --END-- [ RunTime:0.000000s ]
INFO: [ app_begin ] --START--
INFO: Run Behavior\ReadHtmlCacheBehavior [ RunTime:0.000000s ]
INFO: [ app_begin ] --END-- [ RunTime:0.000000s ]

[ 2016-12-09T15:24:43+08:00 ] 180.76.15.25 /index.php/Home/Manage/login.html
INFO: [ app_init ] --START--
INFO: Run Behavior\BuildLiteBehavior [ RunTime:0.000000s ]
INFO: [ app_init ] --END-- [ RunTime:0.000000s ]
INFO: [ app_begin ] --START--
INFO: Run Behavior\ReadHtmlCacheBehavior [ RunTime:0.000000s ]
INFO: [ app_begin ] --END-- [ RunTime:0.000000s ]
INFO: [ view_parse ] --START--
INFO: [ template_filter ] --START--
INFO: Run Behavior\ContentReplaceBehavior [ RunTime:0.000000s ]
INFO: [ template_filter ] --END-- [ RunTime:0.000000s ]
NOTIC: [8] Undefined variable: think D:\www\baoshu\Runtime\Cache\Home\bb1996cd3c52a3afa26df6c93a0d88b7.php 第 51 行.
INFO: Run Behavior\ParseTemplateBehavior [ RunTime:0.046800s ]
INFO: [ view_parse ] --END-- [ RunTime:0.046800s ]
INFO: [ view_filter ] --START--
INFO: Run Behavior\WriteHtmlCacheBehavior [ RunTime:0.000000s ]
INFO: [ view_filter ] --END-- [ RunTime:0.000000s ]
INFO: [ app_end ] --START--
INFO: Run Behavior\ShowPageTraceBehavior [ RunTime:0.000000s ]
INFO: [ app_end ] --END-- [ RunTime:0.000000s ]

[ 2016-12-09T20:51:37+08:00 ] 123.151.42.49 /
INFO: [ app_init ] --START--
INFO: Run Behavior\BuildLiteBehavior [ RunTime:0.000000s ]
INFO: [ app_init ] --END-- [ RunTime:0.000000s ]
INFO: [ app_begin ] --START--
INFO: Run Behavior\ReadHtmlCacheBehavior [ RunTime:0.000000s ]
INFO: [ app_begin ] --END-- [ RunTime:0.000000s ]

[ 2016-12-09T20:51:37+08:00 ] 111.161.57.31 /
INFO: [ app_init ] --START--
INFO: Run Behavior\BuildLiteBehavior [ RunTime:0.000000s ]
INFO: [ app_init ] --END-- [ RunTime:0.000000s ]
INFO: [ app_begin ] --START--
INFO: Run Behavior\ReadHtmlCacheBehavior [ RunTime:0.000000s ]
INFO: [ app_begin ] --END-- [ RunTime:0.000000s ]

[ 2016-12-09T20:51:38+08:00 ] 123.151.42.49 /index.php/Home/Manage/login.html
INFO: [ app_init ] --START--
INFO: Run Behavior\BuildLiteBehavior [ RunTime:0.000000s ]
INFO: [ app_init ] --END-- [ RunTime:0.000000s ]
INFO: [ app_begin ] --START--
INFO: Run Behavior\ReadHtmlCacheBehavior [ RunTime:0.000000s ]
INFO: [ app_begin ] --END-- [ RunTime:0.000000s ]
INFO: [ view_parse ] --START--
INFO: [ template_filter ] --START--
INFO: Run Behavior\ContentReplaceBehavior [ RunTime:0.000000s ]
INFO: [ template_filter ] --END-- [ RunTime:0.000000s ]
NOTIC: [8] Undefined variable: think D:\www\baoshu\Runtime\Cache\Home\bb1996cd3c52a3afa26df6c93a0d88b7.php 第 51 行.
INFO: Run Behavior\ParseTemplateBehavior [ RunTime:0.031200s ]
INFO: [ view_parse ] --END-- [ RunTime:0.031200s ]
INFO: [ view_filter ] --START--
INFO: Run Behavior\WriteHtmlCacheBehavior [ RunTime:0.000000s ]
INFO: [ view_filter ] --END-- [ RunTime:0.000000s ]
INFO: [ app_end ] --START--
INFO: Run Behavior\ShowPageTraceBehavior [ RunTime:0.015600s ]
INFO: [ app_end ] --END-- [ RunTime:0.015600s ]

[ 2016-12-09T20:51:39+08:00 ] 175.167.144.152 /index.php/Home/Manage/favicon.ico
INFO: [ app_init ] --START--
INFO: Run Behavior\BuildLiteBehavior [ RunTime:0.000000s ]
INFO: [ app_init ] --END-- [ RunTime:0.000000s ]

[ 2016-12-09T20:51:40+08:00 ] 175.167.144.152 /index.php/Home/Manage/favicon.ico
INFO: [ app_init ] --START--
INFO: Run Behavior\BuildLiteBehavior [ RunTime:0.000000s ]
INFO: [ app_init ] --END-- [ RunTime:0.000000s ]

[ 2016-12-09T20:51:53+08:00 ] 123.151.42.49 /index.php/Home/Manage/login.html
INFO: [ app_init ] --START--
INFO: Run Behavior\BuildLiteBehavior [ RunTime:0.000000s ]
INFO: [ app_init ] --END-- [ RunTime:0.000000s ]
INFO: [ app_begin ] --START--
INFO: Run Behavior\ReadHtmlCacheBehavior [ RunTime:0.000000s ]
INFO: [ app_begin ] --END-- [ RunTime:0.000000s ]
SQL: SHOW COLUMNS FROM `bs_user` [ RunTime:0.0000s ]
SQL: SELECT * FROM `bs_user` WHERE `name` = '宝慧金刚' LIMIT 1   [ RunTime:0.0000s ]

[ 2016-12-09T20:51:53+08:00 ] 123.151.42.49 /index.php/Home/Index/index.html
INFO: [ app_init ] --START--
INFO: Run Behavior\BuildLiteBehavior [ RunTime:0.000000s ]
INFO: [ app_init ] --END-- [ RunTime:0.000000s ]
INFO: [ app_begin ] --START--
INFO: Run Behavior\ReadHtmlCacheBehavior [ RunTime:0.000000s ]
INFO: [ app_begin ] --END-- [ RunTime:0.000000s ]
SQL: SHOW COLUMNS FROM `bs_user` [ RunTime:0.0000s ]
SQL: SELECT `name` FROM `bs_user` WHERE `id` = 49 LIMIT 1   [ RunTime:0.0000s ]
SQL: SELECT `img` FROM `bs_user` WHERE `id` = 49 LIMIT 1   [ RunTime:0.0000s ]
SQL: SHOW COLUMNS FROM `bs_gonggao` [ RunTime:0.0156s ]
SQL: SELECT MAX(id) AS tp_max FROM `bs_gonggao` LIMIT 1   [ RunTime:0.0000s ]
SQL: SELECT `content` FROM `bs_gonggao` WHERE `id` = 26 LIMIT 1   [ RunTime:0.0000s ]

[ 2016-12-09T20:51:54+08:00 ] 61.151.218.118 /
INFO: [ app_init ] --START--
INFO: Run Behavior\BuildLiteBehavior [ RunTime:0.000000s ]
INFO: [ app_init ] --END-- [ RunTime:0.000000s ]
INFO: [ app_begin ] --START--
INFO: Run Behavior\ReadHtmlCacheBehavior [ RunTime:0.000000s ]
INFO: [ app_begin ] --END-- [ RunTime:0.000000s ]

[ 2016-12-09T20:51:54+08:00 ] 61.151.218.118 /index.php/Home/Manage/login.html
INFO: [ app_init ] --START--
INFO: Run Behavior\BuildLiteBehavior [ RunTime:0.000000s ]
INFO: [ app_init ] --END-- [ RunTime:0.000000s ]
INFO: [ app_begin ] --START--
INFO: Run Behavior\ReadHtmlCacheBehavior [ RunTime:0.000000s ]
INFO: [ app_begin ] --END-- [ RunTime:0.000000s ]
INFO: [ view_parse ] --START--
INFO: [ template_filter ] --START--
INFO: Run Behavior\ContentReplaceBehavior [ RunTime:0.000000s ]
INFO: [ template_filter ] --END-- [ RunTime:0.000000s ]
NOTIC: [8] Undefined variable: think D:\www\baoshu\Runtime\Cache\Home\bb1996cd3c52a3afa26df6c93a0d88b7.php 第 51 行.
INFO: Run Behavior\ParseTemplateBehavior [ RunTime:0.031200s ]
INFO: [ view_parse ] --END-- [ RunTime:0.031200s ]
INFO: [ view_filter ] --START--
INFO: Run Behavior\WriteHtmlCacheBehavior [ RunTime:0.000000s ]
INFO: [ view_filter ] --END-- [ RunTime:0.000000s ]
INFO: [ app_end ] --START--
INFO: Run Behavior\ShowPageTraceBehavior [ RunTime:0.000000s ]
INFO: [ app_end ] --END-- [ RunTime:0.000000s ]

[ 2016-12-09T20:51:54+08:00 ] 123.151.42.49 /index.php/Home/Index/dongtai.html
INFO: [ app_init ] --START--
INFO: Run Behavior\BuildLiteBehavior [ RunTime:0.000000s ]
INFO: [ app_init ] --END-- [ RunTime:0.000000s ]
INFO: [ app_begin ] --START--
INFO: Run Behavior\ReadHtmlCacheBehavior [ RunTime:0.000000s ]
INFO: [ app_begin ] --END-- [ RunTime:0.000000s ]
SQL: SHOW COLUMNS FROM `bs_user` [ RunTime:0.0000s ]
SQL: SELECT `name` FROM `bs_user` WHERE `id` = 49 LIMIT 1   [ RunTime:0.0000s ]
SQL: SELECT `img` FROM `bs_user` WHERE `id` = 49 LIMIT 1   [ RunTime:0.0000s ]
SQL: SHOW COLUMNS FROM `bs_gonggao` [ RunTime:0.0156s ]
SQL: SELECT MAX(id) AS tp_max FROM `bs_gonggao` LIMIT 1   [ RunTime:0.0000s ]
SQL: SELECT `content` FROM `bs_gonggao` WHERE `id` = 26 LIMIT 1   [ RunTime:0.0000s ]
SQL: SHOW COLUMNS FROM `bs_user` [ RunTime:0.0156s ]
SQL: SELECT `team_id` FROM `bs_user` WHERE `id` = 49 LIMIT 1   [ RunTime:0.0000s ]
SQL: SHOW COLUMNS FROM `bs_dongtai` [ RunTime:0.0000s ]
SQL: SELECT * FROM `bs_dongtai` WHERE `daytime` = '2016-12-09' AND `teamid` = 2 ORDER BY did desc  [ RunTime:0.0000s ]
INFO: [ view_parse ] --START--
INFO: [ template_filter ] --START--
INFO: Run Behavior\ContentReplaceBehavior [ RunTime:0.000000s ]
INFO: [ template_filter ] --END-- [ RunTime:0.000000s ]
INFO: Run Behavior\ParseTemplateBehavior [ RunTime:0.015600s ]
INFO: [ view_parse ] --END-- [ RunTime:0.015600s ]
INFO: [ view_filter ] --START--
INFO: Run Behavior\WriteHtmlCacheBehavior [ RunTime:0.000000s ]
INFO: [ view_filter ] --END-- [ RunTime:0.000000s ]
INFO: [ app_end ] --START--
INFO: Run Behavior\ShowPageTraceBehavior [ RunTime:0.015600s ]
INFO: [ app_end ] --END-- [ RunTime:0.015600s ]

[ 2016-12-09T20:51:55+08:00 ] 101.226.125.103 /
INFO: [ app_init ] --START--
INFO: Run Behavior\BuildLiteBehavior [ RunTime:0.000000s ]
INFO: [ app_init ] --END-- [ RunTime:0.000000s ]
INFO: [ app_begin ] --START--
INFO: Run Behavior\ReadHtmlCacheBehavior [ RunTime:0.000000s ]
INFO: [ app_begin ] --END-- [ RunTime:0.000000s ]

[ 2016-12-09T20:51:55+08:00 ] 101.226.125.103 /index.php/Home/Manage/login.html
INFO: [ app_init ] --START--
INFO: Run Behavior\BuildLiteBehavior [ RunTime:0.000000s ]
INFO: [ app_init ] --END-- [ RunTime:0.000000s ]
INFO: [ app_begin ] --START--
INFO: Run Behavior\ReadHtmlCacheBehavior [ RunTime:0.000000s ]
INFO: [ app_begin ] --END-- [ RunTime:0.000000s ]
INFO: [ view_parse ] --START--
INFO: [ template_filter ] --START--
INFO: Run Behavior\ContentReplaceBehavior [ RunTime:0.000000s ]
INFO: [ template_filter ] --END-- [ RunTime:0.000000s ]
NOTIC: [8] Undefined variable: think D:\www\baoshu\Runtime\Cache\Home\bb1996cd3c52a3afa26df6c93a0d88b7.php 第 51 行.
INFO: Run Behavior\ParseTemplateBehavior [ RunTime:0.015600s ]
INFO: [ view_parse ] --END-- [ RunTime:0.015600s ]
INFO: [ view_filter ] --START--
INFO: Run Behavior\WriteHtmlCacheBehavior [ RunTime:0.000000s ]
INFO: [ view_filter ] --END-- [ RunTime:0.000000s ]
INFO: [ app_end ] --START--
INFO: Run Behavior\ShowPageTraceBehavior [ RunTime:0.000000s ]
INFO: [ app_end ] --END-- [ RunTime:0.000000s ]

[ 2016-12-09T20:51:57+08:00 ] 175.167.144.152 /index.php/Home/Index/favicon.ico
INFO: [ app_init ] --START--
INFO: Run Behavior\BuildLiteBehavior [ RunTime:0.000000s ]
INFO: [ app_init ] --END-- [ RunTime:0.000000s ]

[ 2016-12-09T20:51:57+08:00 ] 175.167.144.152 /index.php/Home/Index/favicon.ico
INFO: [ app_init ] --START--
INFO: Run Behavior\BuildLiteBehavior [ RunTime:0.000000s ]
INFO: [ app_init ] --END-- [ RunTime:0.000000s ]

[ 2016-12-09T20:52:01+08:00 ] 123.151.42.49 /index.php/Home/index/count.html
INFO: [ app_init ] --START--
INFO: Run Behavior\BuildLiteBehavior [ RunTime:0.000000s ]
INFO: [ app_init ] --END-- [ RunTime:0.000000s ]
INFO: [ app_begin ] --START--
INFO: Run Behavior\ReadHtmlCacheBehavior [ RunTime:0.000000s ]
INFO: [ app_begin ] --END-- [ RunTime:0.000000s ]
SQL: SHOW COLUMNS FROM `bs_user` [ RunTime:0.0000s ]
SQL: SELECT `name` FROM `bs_user` WHERE `id` = 49 LIMIT 1   [ RunTime:0.0000s ]
SQL: SELECT `img` FROM `bs_user` WHERE `id` = 49 LIMIT 1   [ RunTime:0.0000s ]
SQL: SHOW COLUMNS FROM `bs_gonggao` [ RunTime:0.0156s ]
SQL: SELECT MAX(id) AS tp_max FROM `bs_gonggao` LIMIT 1   [ RunTime:0.0000s ]
SQL: SELECT `content` FROM `bs_gonggao` WHERE `id` = 26 LIMIT 1   [ RunTime:0.0000s ]
SQL: SHOW COLUMNS FROM `bs_jing` [ RunTime:0.0000s ]
SQL: SELECT * FROM `bs_jing`  [ RunTime:0.0156s ]
SQL: SELECT `team_id` FROM `bs_user` WHERE `id` = 49 LIMIT 1   [ RunTime:0.0000s ]
SQL: SHOW COLUMNS FROM `bs_team` [ RunTime:0.0000s ]
SQL: SELECT `name` FROM `bs_team` WHERE `id` = 2 LIMIT 1   [ RunTime:0.0000s ]
SQL: SELECT * FROM `bs_jing` WHERE ( id<9 )  [ RunTime:0.0000s ]
SQL: SHOW COLUMNS FROM `bs_dongtai` [ RunTime:0.0156s ]
SQL: SELECT SUM(count) AS tp_sum FROM `bs_dongtai` WHERE ( jid="上师心咒" and teamid="2" ) LIMIT 1   [ RunTime:0.0000s ]
SQL: SELECT SUM(count) AS tp_sum FROM `bs_dongtai` WHERE ( jid="百字明" and teamid="2" ) LIMIT 1   [ RunTime:0.0000s ]
SQL: SELECT SUM(count) AS tp_sum FROM `bs_dongtai` WHERE ( jid="大头" and teamid="2" ) LIMIT 1   [ RunTime:0.0000s ]
SQL: SELECT SUM(count) AS tp_sum FROM `bs_dongtai` WHERE ( jid="点灯" and teamid="2" ) LIMIT 1   [ RunTime:0.0000s ]
SQL: SELECT SUM(count) AS tp_sum FROM `bs_dongtai` WHERE ( jid="大威德" and teamid="2" ) LIMIT 1   [ RunTime:0.0000s ]
SQL: SELECT SUM(count) AS tp_sum FROM `bs_dongtai` WHERE ( jid="光明佛母" and teamid="2" ) LIMIT 1   [ RunTime:0.0000s ]
SQL: SELECT SUM(count) AS tp_sum FROM `bs_dongtai` WHERE ( jid="大日如来" and teamid="2" ) LIMIT 1   [ RunTime:0.0000s ]
SQL: SELECT SUM(count) AS tp_sum FROM `bs_dongtai` WHERE ( jid="财宝天王" and teamid="2" ) LIMIT 1   [ RunTime:0.0000s ]
SQL: SHOW COLUMNS FROM `bs_user` [ RunTime:0.0156s ]
SQL: SELECT `level_id` FROM `bs_user` WHERE `id` = 49 LIMIT 1   [ RunTime:0.0000s ]
SQL: SHOW COLUMNS FROM `bs_jing` [ RunTime:0.0156s ]
SQL: SELECT MAX(id) AS tp_max FROM `bs_jing` LIMIT 1   [ RunTime:0.0000s ]
SQL: SELECT * FROM `bs_jing` WHERE ( id<="36" )  [ RunTime:0.0000s ]
SQL: SELECT SUM(count) AS tp_sum FROM `bs_dongtai` WHERE ( jid="上师心咒" and userid="49" ) LIMIT 1   [ RunTime:0.0000s ]
SQL: SELECT SUM(count) AS tp_sum FROM `bs_dongtai` WHERE ( jid="百字明" and userid="49" ) LIMIT 1   [ RunTime:0.0000s ]
SQL: SELECT SUM(count) AS tp_sum FROM `bs_dongtai` WHERE ( jid="大头" and userid="49" ) LIMIT 1   [ RunTime:0.0000s ]
SQL: SELECT SUM(count) AS tp_sum FROM `bs_dongtai` WHERE ( jid="点灯" and userid="49" ) LIMIT 1   [ RunTime:0.0000s ]
SQL: SELECT SUM(count) AS tp_sum FROM `bs_dongtai` WHERE ( jid="大威德" and userid="49" ) LIMIT 1   [ RunTime:0.0000s ]
SQL: SELECT SUM(count) AS tp_sum FROM `bs_dongtai` WHERE ( jid="光明佛母" and userid="49" ) LIMIT 1   [ RunTime:0.0000s ]
SQL: SELECT SUM(count) AS tp_sum FROM `bs_dongtai` WHERE ( jid="大日如来" and userid="49" ) LIMIT 1   [ RunTime:0.0000s ]
SQL: SELECT SUM(count) AS tp_sum FROM `bs_dongtai` WHERE ( jid="财宝天王" and userid="49" ) LIMIT 1   [ RunTime:0.0000s ]
SQL: SELECT SUM(count) AS tp_sum FROM `bs_dongtai` WHERE ( jid="文殊心咒" and userid="49" ) LIMIT 1   [ RunTime:0.0000s ]
SQL: SELECT SUM(count) AS tp_sum FROM `bs_dongtai` WHERE ( jid="金刚总持" and userid="49" ) LIMIT 1   [ RunTime:0.0000s ]
SQL: SELECT SUM(count) AS tp_sum FROM `bs_dongtai` WHERE ( jid="十福" and userid="49" ) LIMIT 1   [ RunTime:0.0000s ]
SQL: SELECT SUM(count) AS tp_sum FROM `bs_dongtai` WHERE ( jid="九大金刚" and userid="49" ) LIMIT 1   [ RunTime:0.0000s ]
SQL: SELECT SUM(count) AS tp_sum FROM `bs_dongtai` WHERE ( jid="财宝金刚" and userid="49" ) LIMIT 1   [ RunTime:0.0000s ]
SQL: SELECT SUM(count) AS tp_sum FROM `bs_dongtai` WHERE ( jid="文殊金刚" and userid="49" ) LIMIT 1   [ RunTime:0.0000s ]
SQL: SELECT SUM(count) AS tp_sum FROM `bs_dongtai` WHERE ( jid="度母" and userid="49" ) LIMIT 1   [ RunTime:0.0000s ]
SQL: SELECT SUM(count) AS tp_sum FROM `bs_dongtai` WHERE ( jid="观音心咒" and userid="49" ) LIMIT 1   [ RunTime:0.0156s ]
SQL: SELECT `level_id` FROM `bs_user` WHERE `id` = 49 LIMIT 1   [ RunTime:0.0000s ]
SQL: SELECT * FROM `bs_jing` LIMIT 16   [ RunTime:0.0000s ]
SQL: SELECT `team_id` FROM `bs_user` WHERE `id` = 49 LIMIT 1   [ RunTime:0.0000s ]
SQL: SELECT SUM(count) AS tp_sum FROM `bs_dongtai` WHERE ( teamid="2" ) LIMIT 1   [ RunTime:0.0000s ]
SQL: SHOW COLUMNS FROM `bs_team` [ RunTime:0.0000s ]
SQL: SELECT `name` FROM `bs_team` WHERE `id` = 2 LIMIT 1   [ RunTime:0.0000s ]
SQL: SELECT SUM(count) AS tp_sum FROM `bs_dongtai` WHERE ( uid='宝慧金刚' ) LIMIT 1   [ RunTime:0.0000s ]
SQL: SELECT SUM(count) AS tp_sum FROM `bs_dongtai` WHERE `uid` = '宝慧金刚' AND `daytime` = '2016-12-09' LIMIT 1   [ RunTime:0.0000s ]
SQL: SHOW COLUMNS FROM `bs_dongtai` [ RunTime:0.0000s ]
SQL: SELECT * FROM `bs_dongtai` WHERE `uid` = '宝慧金刚' AND `daytime` = '2016-12-09'  [ RunTime:0.0000s ]
SQL: SELECT `lastDayTime` FROM `bs_user` WHERE `id` = 49 LIMIT 1   [ RunTime:0.0000s ]
SQL: SELECT `newDayTime` FROM `bs_user` LIMIT 1   [ RunTime:0.0000s ]
SQL: SELECT `jianduan` FROM `bs_user` WHERE `id` = 49 LIMIT 1   [ RunTime:0.0000s ]
SQL: SELECT `jianduan` FROM `bs_user` WHERE `id` = 49 LIMIT 1   [ RunTime:0.0000s ]
INFO: [ view_parse ] --START--
INFO: [ template_filter ] --START--
INFO: Run Behavior\ContentReplaceBehavior [ RunTime:0.000000s ]
INFO: [ template_filter ] --END-- [ RunTime:0.000000s ]
NOTIC: [8] Undefined variable: think D:\www\baoshu\Runtime\Cache\Home\4c021b865228ac7c42549fec2acc3762.php 第 210 行.
INFO: Run Behavior\ParseTemplateBehavior [ RunTime:0.031200s ]
INFO: [ view_parse ] --END-- [ RunTime:0.031200s ]
INFO: [ view_filter ] --START--
INFO: Run Behavior\WriteHtmlCacheBehavior [ RunTime:0.000000s ]
INFO: [ view_filter ] --END-- [ RunTime:0.000000s ]
INFO: [ app_end ] --START--
INFO: Run Behavior\ShowPageTraceBehavior [ RunTime:0.015600s ]
INFO: [ app_end ] --END-- [ RunTime:0.015600s ]

[ 2016-12-09T20:52:03+08:00 ] 175.167.144.152 /index.php/Home/index/favicon.ico
INFO: [ app_init ] --START--
INFO: Run Behavior\BuildLiteBehavior [ RunTime:0.000000s ]
INFO: [ app_init ] --END-- [ RunTime:0.000000s ]

[ 2016-12-09T20:52:03+08:00 ] 175.167.144.152 /index.php/Home/index/favicon.ico
INFO: [ app_init ] --START--
INFO: Run Behavior\BuildLiteBehavior [ RunTime:0.000000s ]
INFO: [ app_init ] --END-- [ RunTime:0.000000s ]

[ 2016-12-09T20:52:03+08:00 ] 140.207.185.107 /index.php/Home/Index/index.html
INFO: [ app_init ] --START--
INFO: Run Behavior\BuildLiteBehavior [ RunTime:0.000000s ]
INFO: [ app_init ] --END-- [ RunTime:0.000000s ]
INFO: [ app_begin ] --START--
INFO: Run Behavior\ReadHtmlCacheBehavior [ RunTime:0.000000s ]
INFO: [ app_begin ] --END-- [ RunTime:0.000000s ]

[ 2016-12-09T20:52:03+08:00 ] 140.207.185.107 /index.php/Home/Manage/login.html
INFO: [ app_init ] --START--
INFO: Run Behavior\BuildLiteBehavior [ RunTime:0.000000s ]
INFO: [ app_init ] --END-- [ RunTime:0.000000s ]
INFO: [ app_begin ] --START--
INFO: Run Behavior\ReadHtmlCacheBehavior [ RunTime:0.000000s ]
INFO: [ app_begin ] --END-- [ RunTime:0.000000s ]
INFO: [ view_parse ] --START--
INFO: [ template_filter ] --START--
INFO: Run Behavior\ContentReplaceBehavior [ RunTime:0.000000s ]
INFO: [ template_filter ] --END-- [ RunTime:0.000000s ]
NOTIC: [8] Undefined variable: think D:\www\baoshu\Runtime\Cache\Home\bb1996cd3c52a3afa26df6c93a0d88b7.php 第 51 行.
INFO: Run Behavior\ParseTemplateBehavior [ RunTime:0.015600s ]
INFO: [ view_parse ] --END-- [ RunTime:0.015600s ]
INFO: [ view_filter ] --START--
INFO: Run Behavior\WriteHtmlCacheBehavior [ RunTime:0.000000s ]
INFO: [ view_filter ] --END-- [ RunTime:0.000000s ]
INFO: [ app_end ] --START--
INFO: Run Behavior\ShowPageTraceBehavior [ RunTime:0.000000s ]
INFO: [ app_end ] --END-- [ RunTime:0.000000s ]

[ 2016-12-09T20:52:14+08:00 ] 111.161.105.18 /index.php/Home/index/count.html
INFO: [ app_init ] --START--
INFO: Run Behavior\BuildLiteBehavior [ RunTime:0.000000s ]
INFO: [ app_init ] --END-- [ RunTime:0.000000s ]
INFO: [ app_begin ] --START--
INFO: Run Behavior\ReadHtmlCacheBehavior [ RunTime:0.000000s ]
INFO: [ app_begin ] --END-- [ RunTime:0.000000s ]
SQL: SHOW COLUMNS FROM `bs_user` [ RunTime:0.0000s ]
SQL: SELECT `name` FROM `bs_user` WHERE `id` = 49 LIMIT 1   [ RunTime:0.0000s ]
SQL: SELECT `img` FROM `bs_user` WHERE `id` = 49 LIMIT 1   [ RunTime:0.0000s ]
SQL: SHOW COLUMNS FROM `bs_gonggao` [ RunTime:0.0156s ]
SQL: SELECT MAX(id) AS tp_max FROM `bs_gonggao` LIMIT 1   [ RunTime:0.0000s ]
SQL: SELECT `content` FROM `bs_gonggao` WHERE `id` = 26 LIMIT 1   [ RunTime:0.0000s ]
SQL: SHOW COLUMNS FROM `bs_jing` [ RunTime:0.0156s ]
SQL: SELECT * FROM `bs_jing`  [ RunTime:0.0000s ]
SQL: SELECT `team_id` FROM `bs_user` WHERE `id` = 49 LIMIT 1   [ RunTime:0.0000s ]
SQL: SHOW COLUMNS FROM `bs_team` [ RunTime:0.0000s ]
SQL: SELECT `name` FROM `bs_team` WHERE `id` = 2 LIMIT 1   [ RunTime:0.0000s ]
SQL: SELECT * FROM `bs_jing` WHERE ( id<9 )  [ RunTime:0.0000s ]
SQL: SHOW COLUMNS FROM `bs_dongtai` [ RunTime:0.0156s ]
SQL: SELECT SUM(count) AS tp_sum FROM `bs_dongtai` WHERE ( jid="上师心咒" and teamid="2" ) LIMIT 1   [ RunTime:0.0000s ]
SQL: SELECT SUM(count) AS tp_sum FROM `bs_dongtai` WHERE ( jid="百字明" and teamid="2" ) LIMIT 1   [ RunTime:0.0000s ]
SQL: SELECT SUM(count) AS tp_sum FROM `bs_dongtai` WHERE ( jid="大头" and teamid="2" ) LIMIT 1   [ RunTime:0.0000s ]
SQL: SELECT SUM(count) AS tp_sum FROM `bs_dongtai` WHERE ( jid="点灯" and teamid="2" ) LIMIT 1   [ RunTime:0.0000s ]
SQL: SELECT SUM(count) AS tp_sum FROM `bs_dongtai` WHERE ( jid="大威德" and teamid="2" ) LIMIT 1   [ RunTime:0.0000s ]
SQL: SELECT SUM(count) AS tp_sum FROM `bs_dongtai` WHERE ( jid="光明佛母" and teamid="2" ) LIMIT 1   [ RunTime:0.0000s ]
SQL: SELECT SUM(count) AS tp_sum FROM `bs_dongtai` WHERE ( jid="大日如来" and teamid="2" ) LIMIT 1   [ RunTime:0.0000s ]
SQL: SELECT SUM(count) AS tp_sum FROM `bs_dongtai` WHERE ( jid="财宝天王" and teamid="2" ) LIMIT 1   [ RunTime:0.0000s ]
SQL: SHOW COLUMNS FROM `bs_user` [ RunTime:0.0156s ]
SQL: SELECT `level_id` FROM `bs_user` WHERE `id` = 49 LIMIT 1   [ RunTime:0.0000s ]
SQL: SHOW COLUMNS FROM `bs_jing` [ RunTime:0.0000s ]
SQL: SELECT MAX(id) AS tp_max FROM `bs_jing` LIMIT 1   [ RunTime:0.0000s ]
SQL: SELECT * FROM `bs_jing` WHERE ( id<="36" )  [ RunTime:0.0000s ]
SQL: SELECT SUM(count) AS tp_sum FROM `bs_dongtai` WHERE ( jid="上师心咒" and userid="49" ) LIMIT 1   [ RunTime:0.0000s ]
SQL: SELECT SUM(count) AS tp_sum FROM `bs_dongtai` WHERE ( jid="百字明" and userid="49" ) LIMIT 1   [ RunTime:0.0000s ]
SQL: SELECT SUM(count) AS tp_sum FROM `bs_dongtai` WHERE ( jid="大头" and userid="49" ) LIMIT 1   [ RunTime:0.0000s ]
SQL: SELECT SUM(count) AS tp_sum FROM `bs_dongtai` WHERE ( jid="点灯" and userid="49" ) LIMIT 1   [ RunTime:0.0000s ]
SQL: SELECT SUM(count) AS tp_sum FROM `bs_dongtai` WHERE ( jid="大威德" and userid="49" ) LIMIT 1   [ RunTime:0.0000s ]
SQL: SELECT SUM(count) AS tp_sum FROM `bs_dongtai` WHERE ( jid="光明佛母" and userid="49" ) LIMIT 1   [ RunTime:0.0000s ]
SQL: SELECT SUM(count) AS tp_sum FROM `bs_dongtai` WHERE ( jid="大日如来" and userid="49" ) LIMIT 1   [ RunTime:0.0000s ]
SQL: SELECT SUM(count) AS tp_sum FROM `bs_dongtai` WHERE ( jid="财宝天王" and userid="49" ) LIMIT 1   [ RunTime:0.0000s ]
SQL: SELECT SUM(count) AS tp_sum FROM `bs_dongtai` WHERE ( jid="文殊心咒" and userid="49" ) LIMIT 1   [ RunTime:0.0000s ]
SQL: SELECT SUM(count) AS tp_sum FROM `bs_dongtai` WHERE ( jid="金刚总持" and userid="49" ) LIMIT 1   [ RunTime:0.0000s ]
SQL: SELECT SUM(count) AS tp_sum FROM `bs_dongtai` WHERE ( jid="十福" and userid="49" ) LIMIT 1   [ RunTime:0.0000s ]
SQL: SELECT SUM(count) AS tp_sum FROM `bs_dongtai` WHERE ( jid="九大金刚" and userid="49" ) LIMIT 1   [ RunTime:0.0000s ]
SQL: SELECT SUM(count) AS tp_sum FROM `bs_dongtai` WHERE ( jid="财宝金刚" and userid="49" ) LIMIT 1   [ RunTime:0.0000s ]
SQL: SELECT SUM(count) AS tp_sum FROM `bs_dongtai` WHERE ( jid="文殊金刚" and userid="49" ) LIMIT 1   [ RunTime:0.0000s ]
SQL: SELECT SUM(count) AS tp_sum FROM `bs_dongtai` WHERE ( jid="度母" and userid="49" ) LIMIT 1   [ RunTime:0.0000s ]
SQL: SELECT SUM(count) AS tp_sum FROM `bs_dongtai` WHERE ( jid="观音心咒" and userid="49" ) LIMIT 1   [ RunTime:0.0156s ]
SQL: SELECT `level_id` FROM `bs_user` WHERE `id` = 49 LIMIT 1   [ RunTime:0.0000s ]
SQL: SELECT * FROM `bs_jing` LIMIT 16   [ RunTime:0.0000s ]
SQL: SELECT `team_id` FROM `bs_user` WHERE `id` = 49 LIMIT 1   [ RunTime:0.0000s ]
SQL: SELECT SUM(count) AS tp_sum FROM `bs_dongtai` WHERE ( teamid="2" ) LIMIT 1   [ RunTime:0.0000s ]
SQL: SHOW COLUMNS FROM `bs_team` [ RunTime:0.0000s ]
SQL: SELECT `name` FROM `bs_team` WHERE `id` = 2 LIMIT 1   [ RunTime:0.0000s ]
SQL: SELECT SUM(count) AS tp_sum FROM `bs_dongtai` WHERE ( uid='宝慧金刚' ) LIMIT 1   [ RunTime:0.0000s ]
SQL: SELECT SUM(count) AS tp_sum FROM `bs_dongtai` WHERE `uid` = '宝慧金刚' AND `daytime` = '2016-12-09' LIMIT 1   [ RunTime:0.0000s ]
SQL: SHOW COLUMNS FROM `bs_dongtai` [ RunTime:0.0000s ]
SQL: SELECT * FROM `bs_dongtai` WHERE `uid` = '宝慧金刚' AND `daytime` = '2016-12-09'  [ RunTime:0.0000s ]
SQL: SELECT `lastDayTime` FROM `bs_user` WHERE `id` = 49 LIMIT 1   [ RunTime:0.0000s ]
SQL: SELECT `newDayTime` FROM `bs_user` LIMIT 1   [ RunTime:0.0000s ]
SQL: SELECT `jianduan` FROM `bs_user` WHERE `id` = 49 LIMIT 1   [ RunTime:0.0000s ]
SQL: SELECT `jianduan` FROM `bs_user` WHERE `id` = 49 LIMIT 1   [ RunTime:0.0000s ]
SQL: SELECT `team_id` FROM `bs_user` WHERE `id` = 49 LIMIT 1   [ RunTime:0.0000s ]
SQL: INSERT INTO `bs_dongtai` (`uid`,`jid`,`count`,`daytime`,`userid`,`teamid`) VALUES ('宝慧金刚','大威德','5','2016-12-09','49','2') [ RunTime:0.0156s ]
NOTIC: [8] Undefined index: validate D:\www\baoshu\ThinkPHP\Library\Think\Model.class.php 第 1185 行.
NOTIC: [8] Undefined index: auto D:\www\baoshu\ThinkPHP\Library\Think\Model.class.php 第 1128 行.
SQL: UPDATE `bs_user` SET `jianduan`='0',`lastDaytime`='2016-12-09',`newDaytime`='2016-12-08' WHERE ( id='49' ) [ RunTime:0.0000s ]

[ 2016-12-09T20:52:16+08:00 ] 111.161.105.18 /index.php/Home/Index/count.html
INFO: [ app_init ] --START--
INFO: Run Behavior\BuildLiteBehavior [ RunTime:0.000000s ]
INFO: [ app_init ] --END-- [ RunTime:0.000000s ]
INFO: [ app_begin ] --START--
INFO: Run Behavior\ReadHtmlCacheBehavior [ RunTime:0.000000s ]
INFO: [ app_begin ] --END-- [ RunTime:0.000000s ]
SQL: SHOW COLUMNS FROM `bs_user` [ RunTime:0.0000s ]
SQL: SELECT `name` FROM `bs_user` WHERE `id` = 49 LIMIT 1   [ RunTime:0.0000s ]
SQL: SELECT `img` FROM `bs_user` WHERE `id` = 49 LIMIT 1   [ RunTime:0.0000s ]
SQL: SHOW COLUMNS FROM `bs_gonggao` [ RunTime:0.0156s ]
SQL: SELECT MAX(id) AS tp_max FROM `bs_gonggao` LIMIT 1   [ RunTime:0.0000s ]
SQL: SELECT `content` FROM `bs_gonggao` WHERE `id` = 26 LIMIT 1   [ RunTime:0.0000s ]
SQL: SHOW COLUMNS FROM `bs_jing` [ RunTime:0.0156s ]
SQL: SELECT * FROM `bs_jing`  [ RunTime:0.0000s ]
SQL: SELECT `team_id` FROM `bs_user` WHERE `id` = 49 LIMIT 1   [ RunTime:0.0000s ]
SQL: SHOW COLUMNS FROM `bs_team` [ RunTime:0.0000s ]
SQL: SELECT `name` FROM `bs_team` WHERE `id` = 2 LIMIT 1   [ RunTime:0.0000s ]
SQL: SELECT * FROM `bs_jing` WHERE ( id<9 )  [ RunTime:0.0000s ]
SQL: SHOW COLUMNS FROM `bs_dongtai` [ RunTime:0.0156s ]
SQL: SELECT SUM(count) AS tp_sum FROM `bs_dongtai` WHERE ( jid="上师心咒" and teamid="2" ) LIMIT 1   [ RunTime:0.0000s ]
SQL: SELECT SUM(count) AS tp_sum FROM `bs_dongtai` WHERE ( jid="百字明" and teamid="2" ) LIMIT 1   [ RunTime:0.0000s ]
SQL: SELECT SUM(count) AS tp_sum FROM `bs_dongtai` WHERE ( jid="大头" and teamid="2" ) LIMIT 1   [ RunTime:0.0000s ]
SQL: SELECT SUM(count) AS tp_sum FROM `bs_dongtai` WHERE ( jid="点灯" and teamid="2" ) LIMIT 1   [ RunTime:0.0000s ]
SQL: SELECT SUM(count) AS tp_sum FROM `bs_dongtai` WHERE ( jid="大威德" and teamid="2" ) LIMIT 1   [ RunTime:0.0000s ]
SQL: SELECT SUM(count) AS tp_sum FROM `bs_dongtai` WHERE ( jid="光明佛母" and teamid="2" ) LIMIT 1   [ RunTime:0.0000s ]
SQL: SELECT SUM(count) AS tp_sum FROM `bs_dongtai` WHERE ( jid="大日如来" and teamid="2" ) LIMIT 1   [ RunTime:0.0000s ]
SQL: SELECT SUM(count) AS tp_sum FROM `bs_dongtai` WHERE ( jid="财宝天王" and teamid="2" ) LIMIT 1   [ RunTime:0.0000s ]
SQL: SHOW COLUMNS FROM `bs_user` [ RunTime:0.0156s ]
SQL: SELECT `level_id` FROM `bs_user` WHERE `id` = 49 LIMIT 1   [ RunTime:0.0000s ]
SQL: SHOW COLUMNS FROM `bs_jing` [ RunTime:0.0156s ]
SQL: SELECT MAX(id) AS tp_max FROM `bs_jing` LIMIT 1   [ RunTime:0.0000s ]
SQL: SELECT * FROM `bs_jing` WHERE ( id<="36" )  [ RunTime:0.0000s ]
SQL: SELECT SUM(count) AS tp_sum FROM `bs_dongtai` WHERE ( jid="上师心咒" and userid="49" ) LIMIT 1   [ RunTime:0.0000s ]
SQL: SELECT SUM(count) AS tp_sum FROM `bs_dongtai` WHERE ( jid="百字明" and userid="49" ) LIMIT 1   [ RunTime:0.0000s ]
SQL: SELECT SUM(count) AS tp_sum FROM `bs_dongtai` WHERE ( jid="大头" and userid="49" ) LIMIT 1   [ RunTime:0.0000s ]
SQL: SELECT SUM(count) AS tp_sum FROM `bs_dongtai` WHERE ( jid="点灯" and userid="49" ) LIMIT 1   [ RunTime:0.0000s ]
SQL: SELECT SUM(count) AS tp_sum FROM `bs_dongtai` WHERE ( jid="大威德" and userid="49" ) LIMIT 1   [ RunTime:0.0000s ]
SQL: SELECT SUM(count) AS tp_sum FROM `bs_dongtai` WHERE ( jid="光明佛母" and userid="49" ) LIMIT 1   [ RunTime:0.0000s ]
SQL: SELECT SUM(count) AS tp_sum FROM `bs_dongtai` WHERE ( jid="大日如来" and userid="49" ) LIMIT 1   [ RunTime:0.0000s ]
SQL: SELECT SUM(count) AS tp_sum FROM `bs_dongtai` WHERE ( jid="财宝天王" and userid="49" ) LIMIT 1   [ RunTime:0.0000s ]
SQL: SELECT SUM(count) AS tp_sum FROM `bs_dongtai` WHERE ( jid="文殊心咒" and userid="49" ) LIMIT 1   [ RunTime:0.0000s ]
SQL: SELECT SUM(count) AS tp_sum FROM `bs_dongtai` WHERE ( jid="金刚总持" and userid="49" ) LIMIT 1   [ RunTime:0.0000s ]
SQL: SELECT SUM(count) AS tp_sum FROM `bs_dongtai` WHERE ( jid="十福" and userid="49" ) LIMIT 1   [ RunTime:0.0000s ]
SQL: SELECT SUM(count) AS tp_sum FROM `bs_dongtai` WHERE ( jid="九大金刚" and userid="49" ) LIMIT 1   [ RunTime:0.0000s ]
SQL: SELECT SUM(count) AS tp_sum FROM `bs_dongtai` WHERE ( jid="财宝金刚" and userid="49" ) LIMIT 1   [ RunTime:0.0000s ]
SQL: SELECT SUM(count) AS tp_sum FROM `bs_dongtai` WHERE ( jid="文殊金刚" and userid="49" ) LIMIT 1   [ RunTime:0.0000s ]
SQL: SELECT SUM(count) AS tp_sum FROM `bs_dongtai` WHERE ( jid="度母" and userid="49" ) LIMIT 1   [ RunTime:0.0156s ]
SQL: SELECT SUM(count) AS tp_sum FROM `bs_dongtai` WHERE ( jid="观音心咒" and userid="49" ) LIMIT 1   [ RunTime:0.0000s ]
SQL: SELECT `level_id` FROM `bs_user` WHERE `id` = 49 LIMIT 1   [ RunTime:0.0000s ]
SQL: SELECT * FROM `bs_jing` LIMIT 16   [ RunTime:0.0000s ]
SQL: SELECT `team_id` FROM `bs_user` WHERE `id` = 49 LIMIT 1   [ RunTime:0.0000s ]
SQL: SELECT SUM(count) AS tp_sum FROM `bs_dongtai` WHERE ( teamid="2" ) LIMIT 1   [ RunTime:0.0000s ]
SQL: SHOW COLUMNS FROM `bs_team` [ RunTime:0.0156s ]
SQL: SELECT `name` FROM `bs_team` WHERE `id` = 2 LIMIT 1   [ RunTime:0.0000s ]
SQL: SELECT SUM(count) AS tp_sum FROM `bs_dongtai` WHERE ( uid='宝慧金刚' ) LIMIT 1   [ RunTime:0.0000s ]
SQL: SELECT SUM(count) AS tp_sum FROM `bs_dongtai` WHERE `uid` = '宝慧金刚' AND `daytime` = '2016-12-09' LIMIT 1   [ RunTime:0.0000s ]
SQL: SHOW COLUMNS FROM `bs_dongtai` [ RunTime:0.0000s ]
SQL: SELECT * FROM `bs_dongtai` WHERE `uid` = '宝慧金刚' AND `daytime` = '2016-12-09'  [ RunTime:0.0000s ]
SQL: SELECT `lastDayTime` FROM `bs_user` WHERE `id` = 49 LIMIT 1   [ RunTime:0.0000s ]
SQL: SELECT `newDayTime` FROM `bs_user` LIMIT 1   [ RunTime:0.0000s ]
SQL: SELECT `jianduan` FROM `bs_user` WHERE `id` = 49 LIMIT 1   [ RunTime:0.0000s ]
SQL: SELECT `jianduan` FROM `bs_user` WHERE `id` = 49 LIMIT 1   [ RunTime:0.0000s ]
INFO: [ view_parse ] --START--
INFO: [ template_filter ] --START--
INFO: Run Behavior\ContentReplaceBehavior [ RunTime:0.000000s ]
INFO: [ template_filter ] --END-- [ RunTime:0.000000s ]
NOTIC: [8] Undefined variable: think D:\www\baoshu\Runtime\Cache\Home\4c021b865228ac7c42549fec2acc3762.php 第 210 行.
INFO: Run Behavior\ParseTemplateBehavior [ RunTime:0.031200s ]
INFO: [ view_parse ] --END-- [ RunTime:0.031200s ]
INFO: [ view_filter ] --START--
INFO: Run Behavior\WriteHtmlCacheBehavior [ RunTime:0.000000s ]
INFO: [ view_filter ] --END-- [ RunTime:0.000000s ]
INFO: [ app_end ] --START--
INFO: Run Behavior\ShowPageTraceBehavior [ RunTime:0.000000s ]
INFO: [ app_end ] --END-- [ RunTime:0.000000s ]

[ 2016-12-09T20:52:20+08:00 ] 123.151.42.49 /index.php/Home/index/count.html
INFO: [ app_init ] --START--
INFO: Run Behavior\BuildLiteBehavior [ RunTime:0.000000s ]
INFO: [ app_init ] --END-- [ RunTime:0.000000s ]
INFO: [ app_begin ] --START--
INFO: Run Behavior\ReadHtmlCacheBehavior [ RunTime:0.000000s ]
INFO: [ app_begin ] --END-- [ RunTime:0.000000s ]
SQL: SHOW COLUMNS FROM `bs_user` [ RunTime:0.0000s ]
SQL: SELECT `name` FROM `bs_user` WHERE `id` = 49 LIMIT 1   [ RunTime:0.0000s ]
SQL: SELECT `img` FROM `bs_user` WHERE `id` = 49 LIMIT 1   [ RunTime:0.0000s ]
SQL: SHOW COLUMNS FROM `bs_gonggao` [ RunTime:0.0156s ]
SQL: SELECT MAX(id) AS tp_max FROM `bs_gonggao` LIMIT 1   [ RunTime:0.0000s ]
SQL: SELECT `content` FROM `bs_gonggao` WHERE `id` = 26 LIMIT 1   [ RunTime:0.0000s ]
SQL: SHOW COLUMNS FROM `bs_jing` [ RunTime:0.0000s ]
SQL: SELECT * FROM `bs_jing`  [ RunTime:0.0156s ]
SQL: SELECT `team_id` FROM `bs_user` WHERE `id` = 49 LIMIT 1   [ RunTime:0.0000s ]
SQL: SHOW COLUMNS FROM `bs_team` [ RunTime:0.0000s ]
SQL: SELECT `name` FROM `bs_team` WHERE `id` = 2 LIMIT 1   [ RunTime:0.0000s ]
SQL: SELECT * FROM `bs_jing` WHERE ( id<9 )  [ RunTime:0.0000s ]
SQL: SHOW COLUMNS FROM `bs_dongtai` [ RunTime:0.0156s ]
SQL: SELECT SUM(count) AS tp_sum FROM `bs_dongtai` WHERE ( jid="上师心咒" and teamid="2" ) LIMIT 1   [ RunTime:0.0000s ]
SQL: SELECT SUM(count) AS tp_sum FROM `bs_dongtai` WHERE ( jid="百字明" and teamid="2" ) LIMIT 1   [ RunTime:0.0000s ]
SQL: SELECT SUM(count) AS tp_sum FROM `bs_dongtai` WHERE ( jid="大头" and teamid="2" ) LIMIT 1   [ RunTime:0.0000s ]
SQL: SELECT SUM(count) AS tp_sum FROM `bs_dongtai` WHERE ( jid="点灯" and teamid="2" ) LIMIT 1   [ RunTime:0.0000s ]
SQL: SELECT SUM(count) AS tp_sum FROM `bs_dongtai` WHERE ( jid="大威德" and teamid="2" ) LIMIT 1   [ RunTime:0.0000s ]
SQL: SELECT SUM(count) AS tp_sum FROM `bs_dongtai` WHERE ( jid="光明佛母" and teamid="2" ) LIMIT 1   [ RunTime:0.0000s ]
SQL: SELECT SUM(count) AS tp_sum FROM `bs_dongtai` WHERE ( jid="大日如来" and teamid="2" ) LIMIT 1   [ RunTime:0.0000s ]
SQL: SELECT SUM(count) AS tp_sum FROM `bs_dongtai` WHERE ( jid="财宝天王" and teamid="2" ) LIMIT 1   [ RunTime:0.0000s ]
SQL: SHOW COLUMNS FROM `bs_user` [ RunTime:0.0156s ]
SQL: SELECT `level_id` FROM `bs_user` WHERE `id` = 49 LIMIT 1   [ RunTime:0.0000s ]
SQL: SHOW COLUMNS FROM `bs_jing` [ RunTime:0.0000s ]
SQL: SELECT MAX(id) AS tp_max FROM `bs_jing` LIMIT 1   [ RunTime:0.0000s ]
SQL: SELECT * FROM `bs_jing` WHERE ( id<="36" )  [ RunTime:0.0000s ]
SQL: SELECT SUM(count) AS tp_sum FROM `bs_dongtai` WHERE ( jid="上师心咒" and userid="49" ) LIMIT 1   [ RunTime:0.0000s ]
SQL: SELECT SUM(count) AS tp_sum FROM `bs_dongtai` WHERE ( jid="百字明" and userid="49" ) LIMIT 1   [ RunTime:0.0000s ]
SQL: SELECT SUM(count) AS tp_sum FROM `bs_dongtai` WHERE ( jid="大头" and userid="49" ) LIMIT 1   [ RunTime:0.0000s ]
SQL: SELECT SUM(count) AS tp_sum FROM `bs_dongtai` WHERE ( jid="点灯" and userid="49" ) LIMIT 1   [ RunTime:0.0000s ]
SQL: SELECT SUM(count) AS tp_sum FROM `bs_dongtai` WHERE ( jid="大威德" and userid="49" ) LIMIT 1   [ RunTime:0.0000s ]
SQL: SELECT SUM(count) AS tp_sum FROM `bs_dongtai` WHERE ( jid="光明佛母" and userid="49" ) LIMIT 1   [ RunTime:0.0000s ]
SQL: SELECT SUM(count) AS tp_sum FROM `bs_dongtai` WHERE ( jid="大日如来" and userid="49" ) LIMIT 1   [ RunTime:0.0000s ]
SQL: SELECT SUM(count) AS tp_sum FROM `bs_dongtai` WHERE ( jid="财宝天王" and userid="49" ) LIMIT 1   [ RunTime:0.0000s ]
SQL: SELECT SUM(count) AS tp_sum FROM `bs_dongtai` WHERE ( jid="文殊心咒" and userid="49" ) LIMIT 1   [ RunTime:0.0000s ]
SQL: SELECT SUM(count) AS tp_sum FROM `bs_dongtai` WHERE ( jid="金刚总持" and userid="49" ) LIMIT 1   [ RunTime:0.0000s ]
SQL: SELECT SUM(count) AS tp_sum FROM `bs_dongtai` WHERE ( jid="十福" and userid="49" ) LIMIT 1   [ RunTime:0.0000s ]
SQL: SELECT SUM(count) AS tp_sum FROM `bs_dongtai` WHERE ( jid="九大金刚" and userid="49" ) LIMIT 1   [ RunTime:0.0000s ]
SQL: SELECT SUM(count) AS tp_sum FROM `bs_dongtai` WHERE ( jid="财宝金刚" and userid="49" ) LIMIT 1   [ RunTime:0.0000s ]
SQL: SELECT SUM(count) AS tp_sum FROM `bs_dongtai` WHERE ( jid="文殊金刚" and userid="49" ) LIMIT 1   [ RunTime:0.0000s ]
SQL: SELECT SUM(count) AS tp_sum FROM `bs_dongtai` WHERE ( jid="度母" and userid="49" ) LIMIT 1   [ RunTime:0.0000s ]
SQL: SELECT SUM(count) AS tp_sum FROM `bs_dongtai` WHERE ( jid="观音心咒" and userid="49" ) LIMIT 1   [ RunTime:0.0156s ]
SQL: SELECT `level_id` FROM `bs_user` WHERE `id` = 49 LIMIT 1   [ RunTime:0.0000s ]
SQL: SELECT * FROM `bs_jing` LIMIT 16   [ RunTime:0.0000s ]
SQL: SELECT `team_id` FROM `bs_user` WHERE `id` = 49 LIMIT 1   [ RunTime:0.0000s ]
SQL: SELECT SUM(count) AS tp_sum FROM `bs_dongtai` WHERE ( teamid="2" ) LIMIT 1   [ RunTime:0.0000s ]
SQL: SHOW COLUMNS FROM `bs_team` [ RunTime:0.0000s ]
SQL: SELECT `name` FROM `bs_team` WHERE `id` = 2 LIMIT 1   [ RunTime:0.0000s ]
SQL: SELECT SUM(count) AS tp_sum FROM `bs_dongtai` WHERE ( uid='宝慧金刚' ) LIMIT 1   [ RunTime:0.0000s ]
SQL: SELECT SUM(count) AS tp_sum FROM `bs_dongtai` WHERE `uid` = '宝慧金刚' AND `daytime` = '2016-12-09' LIMIT 1   [ RunTime:0.0156s ]
SQL: SHOW COLUMNS FROM `bs_dongtai` [ RunTime:0.0000s ]
SQL: SELECT * FROM `bs_dongtai` WHERE `uid` = '宝慧金刚' AND `daytime` = '2016-12-09'  [ RunTime:0.0000s ]
SQL: SELECT `lastDayTime` FROM `bs_user` WHERE `id` = 49 LIMIT 1   [ RunTime:0.0000s ]
SQL: SELECT `newDayTime` FROM `bs_user` LIMIT 1   [ RunTime:0.0000s ]
SQL: SELECT `jianduan` FROM `bs_user` WHERE `id` = 49 LIMIT 1   [ RunTime:0.0000s ]
SQL: SELECT `jianduan` FROM `bs_user` WHERE `id` = 49 LIMIT 1   [ RunTime:0.0000s ]
INFO: [ view_parse ] --START--
INFO: [ template_filter ] --START--
INFO: Run Behavior\ContentReplaceBehavior [ RunTime:0.000000s ]
INFO: [ template_filter ] --END-- [ RunTime:0.000000s ]
NOTIC: [8] Undefined variable: think D:\www\baoshu\Runtime\Cache\Home\4c021b865228ac7c42549fec2acc3762.php 第 210 行.
INFO: Run Behavior\ParseTemplateBehavior [ RunTime:0.031200s ]
INFO: [ view_parse ] --END-- [ RunTime:0.031200s ]
INFO: [ view_filter ] --START--
INFO: Run Behavior\WriteHtmlCacheBehavior [ RunTime:0.000000s ]
INFO: [ view_filter ] --END-- [ RunTime:0.000000s ]
INFO: [ app_end ] --START--
INFO: Run Behavior\ShowPageTraceBehavior [ RunTime:0.015600s ]
INFO: [ app_end ] --END-- [ RunTime:0.015600s ]

[ 2016-12-09T20:52:21+08:00 ] 111.161.105.18 /index.php/Home/Manage/login.html
INFO: [ app_init ] --START--
INFO: Run Behavior\BuildLiteBehavior [ RunTime:0.000000s ]
INFO: [ app_init ] --END-- [ RunTime:0.000000s ]
INFO: [ app_begin ] --START--
INFO: Run Behavior\ReadHtmlCacheBehavior [ RunTime:0.000000s ]
INFO: [ app_begin ] --END-- [ RunTime:0.000000s ]
INFO: [ view_parse ] --START--
INFO: [ template_filter ] --START--
INFO: Run Behavior\ContentReplaceBehavior [ RunTime:0.000000s ]
INFO: [ template_filter ] --END-- [ RunTime:0.000000s ]
NOTIC: [8] Undefined variable: think D:\www\baoshu\Runtime\Cache\Home\bb1996cd3c52a3afa26df6c93a0d88b7.php 第 51 行.
INFO: Run Behavior\ParseTemplateBehavior [ RunTime:0.015600s ]
INFO: [ view_parse ] --END-- [ RunTime:0.015600s ]
INFO: [ view_filter ] --START--
INFO: Run Behavior\WriteHtmlCacheBehavior [ RunTime:0.000000s ]
INFO: [ view_filter ] --END-- [ RunTime:0.000000s ]
INFO: [ app_end ] --START--
INFO: Run Behavior\ShowPageTraceBehavior [ RunTime:0.000000s ]
INFO: [ app_end ] --END-- [ RunTime:0.000000s ]

[ 2016-12-09T22:55:43+08:00 ] 111.161.57.49 /index.php/Home/Manage/login.html?from=groupmessage
INFO: [ app_init ] --START--
INFO: Run Behavior\BuildLiteBehavior [ RunTime:0.000000s ]
INFO: [ app_init ] --END-- [ RunTime:0.000000s ]
INFO: [ app_begin ] --START--
INFO: Run Behavior\ReadHtmlCacheBehavior [ RunTime:0.000000s ]
INFO: [ app_begin ] --END-- [ RunTime:0.000000s ]
INFO: [ view_parse ] --START--
INFO: [ template_filter ] --START--
INFO: Run Behavior\ContentReplaceBehavior [ RunTime:0.000000s ]
INFO: [ template_filter ] --END-- [ RunTime:0.000000s ]
NOTIC: [8] Undefined variable: think D:\www\baoshu\Runtime\Cache\Home\bb1996cd3c52a3afa26df6c93a0d88b7.php 第 51 行.
INFO: Run Behavior\ParseTemplateBehavior [ RunTime:0.062400s ]
INFO: [ view_parse ] --END-- [ RunTime:0.062400s ]
INFO: [ view_filter ] --START--
INFO: Run Behavior\WriteHtmlCacheBehavior [ RunTime:0.000000s ]
INFO: [ view_filter ] --END-- [ RunTime:0.000000s ]
INFO: [ app_end ] --START--
INFO: Run Behavior\ShowPageTraceBehavior [ RunTime:0.000000s ]
INFO: [ app_end ] --END-- [ RunTime:0.000000s ]

[ 2016-12-09T22:55:45+08:00 ] 175.167.136.225 /index.php/Home/Manage/favicon.ico
INFO: [ app_init ] --START--
INFO: Run Behavior\BuildLiteBehavior [ RunTime:0.000000s ]
INFO: [ app_init ] --END-- [ RunTime:0.000000s ]

[ 2016-12-09T22:55:46+08:00 ] 123.151.153.35 /
INFO: [ app_init ] --START--
INFO: Run Behavior\BuildLiteBehavior [ RunTime:0.000000s ]
INFO: [ app_init ] --END-- [ RunTime:0.000000s ]
INFO: [ app_begin ] --START--
INFO: Run Behavior\ReadHtmlCacheBehavior [ RunTime:0.000000s ]
INFO: [ app_begin ] --END-- [ RunTime:0.000000s ]

[ 2016-12-09T22:56:02+08:00 ] 180.153.214.178 /index.php/Home/Manage/login.html?from=groupmessage
INFO: [ app_init ] --START--
INFO: Run Behavior\BuildLiteBehavior [ RunTime:0.000000s ]
INFO: [ app_init ] --END-- [ RunTime:0.000000s ]
INFO: [ app_begin ] --START--
INFO: Run Behavior\ReadHtmlCacheBehavior [ RunTime:0.000000s ]
INFO: [ app_begin ] --END-- [ RunTime:0.000000s ]
INFO: [ view_parse ] --START--
INFO: [ template_filter ] --START--
INFO: Run Behavior\ContentReplaceBehavior [ RunTime:0.015600s ]
INFO: [ template_filter ] --END-- [ RunTime:0.015600s ]
NOTIC: [8] Undefined variable: think D:\www\baoshu\Runtime\Cache\Home\bb1996cd3c52a3afa26df6c93a0d88b7.php 第 51 行.
INFO: Run Behavior\ParseTemplateBehavior [ RunTime:0.015600s ]
INFO: [ view_parse ] --END-- [ RunTime:0.015600s ]
INFO: [ view_filter ] --START--
INFO: Run Behavior\WriteHtmlCacheBehavior [ RunTime:0.000000s ]
INFO: [ view_filter ] --END-- [ RunTime:0.000000s ]
INFO: [ app_end ] --START--
INFO: Run Behavior\ShowPageTraceBehavior [ RunTime:0.000000s ]
INFO: [ app_end ] --END-- [ RunTime:0.000000s ]

[ 2016-12-09T22:59:25+08:00 ] 111.161.57.49 /index.php/Home/Manage/login.html?from=groupmessage
INFO: [ app_init ] --START--
INFO: Run Behavior\BuildLiteBehavior [ RunTime:0.000000s ]
INFO: [ app_init ] --END-- [ RunTime:0.000000s ]
INFO: [ app_begin ] --START--
INFO: Run Behavior\ReadHtmlCacheBehavior [ RunTime:0.000000s ]
INFO: [ app_begin ] --END-- [ RunTime:0.000000s ]
INFO: [ view_parse ] --START--
INFO: [ template_filter ] --START--
INFO: Run Behavior\ContentReplaceBehavior [ RunTime:0.000000s ]
INFO: [ template_filter ] --END-- [ RunTime:0.000000s ]
NOTIC: [8] Undefined variable: think D:\www\baoshu\Runtime\Cache\Home\bb1996cd3c52a3afa26df6c93a0d88b7.php 第 51 行.
INFO: Run Behavior\ParseTemplateBehavior [ RunTime:0.015600s ]
INFO: [ view_parse ] --END-- [ RunTime:0.015600s ]
INFO: [ view_filter ] --START--
INFO: Run Behavior\WriteHtmlCacheBehavior [ RunTime:0.000000s ]
INFO: [ view_filter ] --END-- [ RunTime:0.000000s ]
INFO: [ app_end ] --START--
INFO: Run Behavior\ShowPageTraceBehavior [ RunTime:0.000000s ]
INFO: [ app_end ] --END-- [ RunTime:0.000000s ]

[ 2016-12-09T22:59:25+08:00 ] 175.167.136.225 /index.php/Home/Manage/favicon.ico
INFO: [ app_init ] --START--
INFO: Run Behavior\BuildLiteBehavior [ RunTime:0.000000s ]
INFO: [ app_init ] --END-- [ RunTime:0.000000s ]

[ 2016-12-09T22:59:36+08:00 ] 111.161.57.49 /index.php/Home/Manage/login.html?from=groupmessage
INFO: [ app_init ] --START--
INFO: Run Behavior\BuildLiteBehavior [ RunTime:0.000000s ]
INFO: [ app_init ] --END-- [ RunTime:0.000000s ]
INFO: [ app_begin ] --START--
INFO: Run Behavior\ReadHtmlCacheBehavior [ RunTime:0.000000s ]
INFO: [ app_begin ] --END-- [ RunTime:0.000000s ]
SQL: SHOW COLUMNS FROM `bs_user` [ RunTime:0.0156s ]
SQL: SELECT * FROM `bs_user` WHERE `name` = '大日莲花' LIMIT 1   [ RunTime:0.0000s ]

[ 2016-12-09T22:59:36+08:00 ] 111.161.57.49 /index.php/Home/Index/index.html
INFO: [ app_init ] --START--
INFO: Run Behavior\BuildLiteBehavior [ RunTime:0.000000s ]
INFO: [ app_init ] --END-- [ RunTime:0.000000s ]
INFO: [ app_begin ] --START--
INFO: Run Behavior\ReadHtmlCacheBehavior [ RunTime:0.000000s ]
INFO: [ app_begin ] --END-- [ RunTime:0.000000s ]
SQL: SHOW COLUMNS FROM `bs_user` [ RunTime:0.0000s ]
SQL: SELECT `name` FROM `bs_user` WHERE `id` = 48 LIMIT 1   [ RunTime:0.0000s ]
SQL: SELECT `img` FROM `bs_user` WHERE `id` = 48 LIMIT 1   [ RunTime:0.0000s ]
SQL: SHOW COLUMNS FROM `bs_gonggao` [ RunTime:0.0312s ]
SQL: SELECT MAX(id) AS tp_max FROM `bs_gonggao` LIMIT 1   [ RunTime:0.0000s ]
SQL: SELECT `content` FROM `bs_gonggao` WHERE `id` = 26 LIMIT 1   [ RunTime:0.0000s ]

[ 2016-12-09T22:59:36+08:00 ] 111.161.57.49 /index.php/Home/Index/dongtai.html
INFO: [ app_init ] --START--
INFO: Run Behavior\BuildLiteBehavior [ RunTime:0.000000s ]
INFO: [ app_init ] --END-- [ RunTime:0.000000s ]
INFO: [ app_begin ] --START--
INFO: Run Behavior\ReadHtmlCacheBehavior [ RunTime:0.015600s ]
INFO: [ app_begin ] --END-- [ RunTime:0.015600s ]
SQL: SHOW COLUMNS FROM `bs_user` [ RunTime:0.0000s ]
SQL: SELECT `name` FROM `bs_user` WHERE `id` = 48 LIMIT 1   [ RunTime:0.0000s ]
SQL: SELECT `img` FROM `bs_user` WHERE `id` = 48 LIMIT 1   [ RunTime:0.0000s ]
SQL: SHOW COLUMNS FROM `bs_gonggao` [ RunTime:0.0156s ]
SQL: SELECT MAX(id) AS tp_max FROM `bs_gonggao` LIMIT 1   [ RunTime:0.0000s ]
SQL: SELECT `content` FROM `bs_gonggao` WHERE `id` = 26 LIMIT 1   [ RunTime:0.0000s ]
SQL: SHOW COLUMNS FROM `bs_user` [ RunTime:0.0156s ]
SQL: SELECT `team_id` FROM `bs_user` WHERE `id` = 48 LIMIT 1   [ RunTime:0.0000s ]
SQL: SHOW COLUMNS FROM `bs_dongtai` [ RunTime:0.0156s ]
SQL: SELECT * FROM `bs_dongtai` WHERE `daytime` = '2016-12-09' AND `teamid` = 2 ORDER BY did desc  [ RunTime:0.0000s ]
INFO: [ view_parse ] --START--
INFO: [ template_filter ] --START--
INFO: Run Behavior\ContentReplaceBehavior [ RunTime:0.000000s ]
INFO: [ template_filter ] --END-- [ RunTime:0.000000s ]
INFO: Run Behavior\ParseTemplateBehavior [ RunTime:0.031201s ]
INFO: [ view_parse ] --END-- [ RunTime:0.031201s ]
INFO: [ view_filter ] --START--
INFO: Run Behavior\WriteHtmlCacheBehavior [ RunTime:0.000000s ]
INFO: [ view_filter ] --END-- [ RunTime:0.000000s ]
INFO: [ app_end ] --START--
INFO: Run Behavior\ShowPageTraceBehavior [ RunTime:0.000000s ]
INFO: [ app_end ] --END-- [ RunTime:0.000000s ]

[ 2016-12-09T22:59:37+08:00 ] 175.167.136.225 /index.php/Home/Index/favicon.ico
INFO: [ app_init ] --START--
INFO: Run Behavior\BuildLiteBehavior [ RunTime:0.000000s ]
INFO: [ app_init ] --END-- [ RunTime:0.000000s ]

[ 2016-12-09T22:59:38+08:00 ] 175.167.136.225 /index.php/Home/Index/favicon.ico
INFO: [ app_init ] --START--
INFO: Run Behavior\BuildLiteBehavior [ RunTime:0.000000s ]
INFO: [ app_init ] --END-- [ RunTime:0.000000s ]

[ 2016-12-09T22:59:45+08:00 ] 111.161.57.49 /index.php/Home/index/count.html
INFO: [ app_init ] --START--
INFO: Run Behavior\BuildLiteBehavior [ RunTime:0.000000s ]
INFO: [ app_init ] --END-- [ RunTime:0.000000s ]
INFO: [ app_begin ] --START--
INFO: Run Behavior\ReadHtmlCacheBehavior [ RunTime:0.000000s ]
INFO: [ app_begin ] --END-- [ RunTime:0.000000s ]
SQL: SHOW COLUMNS FROM `bs_user` [ RunTime:0.0000s ]
SQL: SELECT `name` FROM `bs_user` WHERE `id` = 48 LIMIT 1   [ RunTime:0.0000s ]
SQL: SELECT `img` FROM `bs_user` WHERE `id` = 48 LIMIT 1   [ RunTime:0.0000s ]
SQL: SHOW COLUMNS FROM `bs_gonggao` [ RunTime:0.0156s ]
SQL: SELECT MAX(id) AS tp_max FROM `bs_gonggao` LIMIT 1   [ RunTime:0.0000s ]
SQL: SELECT `content` FROM `bs_gonggao` WHERE `id` = 26 LIMIT 1   [ RunTime:0.0000s ]
SQL: SHOW COLUMNS FROM `bs_jing` [ RunTime:0.0156s ]
SQL: SELECT * FROM `bs_jing`  [ RunTime:0.0000s ]
SQL: SELECT `team_id` FROM `bs_user` WHERE `id` = 48 LIMIT 1   [ RunTime:0.0000s ]
SQL: SHOW COLUMNS FROM `bs_team` [ RunTime:0.0468s ]
SQL: SELECT `name` FROM `bs_team` WHERE `id` = 2 LIMIT 1   [ RunTime:0.0000s ]
SQL: SELECT * FROM `bs_jing` WHERE ( id<9 )  [ RunTime:0.0000s ]
SQL: SHOW COLUMNS FROM `bs_dongtai` [ RunTime:0.0000s ]
SQL: SELECT SUM(count) AS tp_sum FROM `bs_dongtai` WHERE ( jid="上师心咒" and teamid="2" ) LIMIT 1   [ RunTime:0.0000s ]
SQL: SELECT SUM(count) AS tp_sum FROM `bs_dongtai` WHERE ( jid="百字明" and teamid="2" ) LIMIT 1   [ RunTime:0.0000s ]
SQL: SELECT SUM(count) AS tp_sum FROM `bs_dongtai` WHERE ( jid="大头" and teamid="2" ) LIMIT 1   [ RunTime:0.0156s ]
SQL: SELECT SUM(count) AS tp_sum FROM `bs_dongtai` WHERE ( jid="点灯" and teamid="2" ) LIMIT 1   [ RunTime:0.0000s ]
SQL: SELECT SUM(count) AS tp_sum FROM `bs_dongtai` WHERE ( jid="大威德" and teamid="2" ) LIMIT 1   [ RunTime:0.0000s ]
SQL: SELECT SUM(count) AS tp_sum FROM `bs_dongtai` WHERE ( jid="光明佛母" and teamid="2" ) LIMIT 1   [ RunTime:0.0000s ]
SQL: SELECT SUM(count) AS tp_sum FROM `bs_dongtai` WHERE ( jid="大日如来" and teamid="2" ) LIMIT 1   [ RunTime:0.0000s ]
SQL: SELECT SUM(count) AS tp_sum FROM `bs_dongtai` WHERE ( jid="财宝天王" and teamid="2" ) LIMIT 1   [ RunTime:0.0000s ]
SQL: SHOW COLUMNS FROM `bs_user` [ RunTime:0.0000s ]
SQL: SELECT `level_id` FROM `bs_user` WHERE `id` = 48 LIMIT 1   [ RunTime:0.0000s ]
SQL: SHOW COLUMNS FROM `bs_jing` [ RunTime:0.0156s ]
SQL: SELECT MAX(id) AS tp_max FROM `bs_jing` LIMIT 1   [ RunTime:0.0000s ]
SQL: SELECT * FROM `bs_jing` WHERE ( id<="36" )  [ RunTime:0.0000s ]
SQL: SELECT SUM(count) AS tp_sum FROM `bs_dongtai` WHERE ( jid="上师心咒" and userid="48" ) LIMIT 1   [ RunTime:0.0000s ]
SQL: SELECT SUM(count) AS tp_sum FROM `bs_dongtai` WHERE ( jid="百字明" and userid="48" ) LIMIT 1   [ RunTime:0.0000s ]
SQL: SELECT SUM(count) AS tp_sum FROM `bs_dongtai` WHERE ( jid="大头" and userid="48" ) LIMIT 1   [ RunTime:0.0000s ]
SQL: SELECT SUM(count) AS tp_sum FROM `bs_dongtai` WHERE ( jid="点灯" and userid="48" ) LIMIT 1   [ RunTime:0.0000s ]
SQL: SELECT SUM(count) AS tp_sum FROM `bs_dongtai` WHERE ( jid="大威德" and userid="48" ) LIMIT 1   [ RunTime:0.0000s ]
SQL: SELECT SUM(count) AS tp_sum FROM `bs_dongtai` WHERE ( jid="光明佛母" and userid="48" ) LIMIT 1   [ RunTime:0.0000s ]
SQL: SELECT SUM(count) AS tp_sum FROM `bs_dongtai` WHERE ( jid="大日如来" and userid="48" ) LIMIT 1   [ RunTime:0.0000s ]
SQL: SELECT SUM(count) AS tp_sum FROM `bs_dongtai` WHERE ( jid="财宝天王" and userid="48" ) LIMIT 1   [ RunTime:0.0000s ]
SQL: SELECT SUM(count) AS tp_sum FROM `bs_dongtai` WHERE ( jid="文殊心咒" and userid="48" ) LIMIT 1   [ RunTime:0.0000s ]
SQL: SELECT SUM(count) AS tp_sum FROM `bs_dongtai` WHERE ( jid="金刚总持" and userid="48" ) LIMIT 1   [ RunTime:0.0000s ]
SQL: SELECT SUM(count) AS tp_sum FROM `bs_dongtai` WHERE ( jid="十福" and userid="48" ) LIMIT 1   [ RunTime:0.0000s ]
SQL: SELECT SUM(count) AS tp_sum FROM `bs_dongtai` WHERE ( jid="九大金刚" and userid="48" ) LIMIT 1   [ RunTime:0.0000s ]
SQL: SELECT SUM(count) AS tp_sum FROM `bs_dongtai` WHERE ( jid="财宝金刚" and userid="48" ) LIMIT 1   [ RunTime:0.0000s ]
SQL: SELECT SUM(count) AS tp_sum FROM `bs_dongtai` WHERE ( jid="文殊金刚" and userid="48" ) LIMIT 1   [ RunTime:0.0000s ]
SQL: SELECT SUM(count) AS tp_sum FROM `bs_dongtai` WHERE ( jid="度母" and userid="48" ) LIMIT 1   [ RunTime:0.0000s ]
SQL: SELECT SUM(count) AS tp_sum FROM `bs_dongtai` WHERE ( jid="观音心咒" and userid="48" ) LIMIT 1   [ RunTime:0.0000s ]
SQL: SELECT `level_id` FROM `bs_user` WHERE `id` = 48 LIMIT 1   [ RunTime:0.0000s ]
SQL: SELECT * FROM `bs_jing` LIMIT 16   [ RunTime:0.0000s ]
SQL: SELECT `team_id` FROM `bs_user` WHERE `id` = 48 LIMIT 1   [ RunTime:0.0000s ]
SQL: SELECT SUM(count) AS tp_sum FROM `bs_dongtai` WHERE ( teamid="2" ) LIMIT 1   [ RunTime:0.0000s ]
SQL: SHOW COLUMNS FROM `bs_team` [ RunTime:0.0156s ]
SQL: SELECT `name` FROM `bs_team` WHERE `id` = 2 LIMIT 1   [ RunTime:0.0000s ]
SQL: SELECT SUM(count) AS tp_sum FROM `bs_dongtai` WHERE ( uid='大日莲花' ) LIMIT 1   [ RunTime:0.0000s ]
SQL: SELECT SUM(count) AS tp_sum FROM `bs_dongtai` WHERE `uid` = '大日莲花' AND `daytime` = '2016-12-09' LIMIT 1   [ RunTime:0.0000s ]
SQL: SHOW COLUMNS FROM `bs_dongtai` [ RunTime:0.0156s ]
SQL: SELECT * FROM `bs_dongtai` WHERE `uid` = '大日莲花' AND `daytime` = '2016-12-09'  [ RunTime:0.0000s ]
SQL: SELECT `lastDayTime` FROM `bs_user` WHERE `id` = 48 LIMIT 1   [ RunTime:0.0000s ]
SQL: SELECT `newDayTime` FROM `bs_user` LIMIT 1   [ RunTime:0.0000s ]
SQL: SELECT `jianduan` FROM `bs_user` WHERE `id` = 48 LIMIT 1   [ RunTime:0.0000s ]
SQL: SELECT `jianduan` FROM `bs_user` WHERE `id` = 48 LIMIT 1   [ RunTime:0.0000s ]
INFO: [ view_parse ] --START--
INFO: [ template_filter ] --START--
INFO: Run Behavior\ContentReplaceBehavior [ RunTime:0.000000s ]
INFO: [ template_filter ] --END-- [ RunTime:0.000000s ]
NOTIC: [8] Undefined variable: think D:\www\baoshu\Runtime\Cache\Home\4c021b865228ac7c42549fec2acc3762.php 第 210 行.
INFO: Run Behavior\ParseTemplateBehavior [ RunTime:0.046800s ]
INFO: [ view_parse ] --END-- [ RunTime:0.046800s ]
INFO: [ view_filter ] --START--
INFO: Run Behavior\WriteHtmlCacheBehavior [ RunTime:0.000000s ]
INFO: [ view_filter ] --END-- [ RunTime:0.000000s ]
INFO: [ app_end ] --START--
INFO: Run Behavior\ShowPageTraceBehavior [ RunTime:0.000000s ]
INFO: [ app_end ] --END-- [ RunTime:0.000000s ]

[ 2016-12-09T22:59:46+08:00 ] 101.226.66.172 /index.php/Home/Index/dongtai.html
INFO: [ app_init ] --START--
INFO: Run Behavior\BuildLiteBehavior [ RunTime:0.000000s ]
INFO: [ app_init ] --END-- [ RunTime:0.000000s ]
INFO: [ app_begin ] --START--
INFO: Run Behavior\ReadHtmlCacheBehavior [ RunTime:0.000000s ]
INFO: [ app_begin ] --END-- [ RunTime:0.000000s ]

[ 2016-12-09T22:59:46+08:00 ] 101.226.66.172 /index.php/Home/Manage/login.html
INFO: [ app_init ] --START--
INFO: Run Behavior\BuildLiteBehavior [ RunTime:0.000000s ]
INFO: [ app_init ] --END-- [ RunTime:0.000000s ]
INFO: [ app_begin ] --START--
INFO: Run Behavior\ReadHtmlCacheBehavior [ RunTime:0.000000s ]
INFO: [ app_begin ] --END-- [ RunTime:0.000000s ]
INFO: [ view_parse ] --START--
INFO: [ template_filter ] --START--
INFO: Run Behavior\ContentReplaceBehavior [ RunTime:0.000000s ]
INFO: [ template_filter ] --END-- [ RunTime:0.000000s ]
NOTIC: [8] Undefined variable: think D:\www\baoshu\Runtime\Cache\Home\bb1996cd3c52a3afa26df6c93a0d88b7.php 第 51 行.
INFO: Run Behavior\ParseTemplateBehavior [ RunTime:0.000000s ]
INFO: [ view_parse ] --END-- [ RunTime:0.000000s ]
INFO: [ view_filter ] --START--
INFO: Run Behavior\WriteHtmlCacheBehavior [ RunTime:0.000000s ]
INFO: [ view_filter ] --END-- [ RunTime:0.000000s ]
INFO: [ app_end ] --START--
INFO: Run Behavior\ShowPageTraceBehavior [ RunTime:0.000000s ]
INFO: [ app_end ] --END-- [ RunTime:0.000000s ]

[ 2016-12-09T22:59:47+08:00 ] 175.167.136.225 /index.php/Home/index/favicon.ico
INFO: [ app_init ] --START--
INFO: Run Behavior\BuildLiteBehavior [ RunTime:0.000000s ]
INFO: [ app_init ] --END-- [ RunTime:0.000000s ]

[ 2016-12-09T22:59:47+08:00 ] 175.167.136.225 /index.php/Home/index/favicon.ico
INFO: [ app_init ] --START--
INFO: Run Behavior\BuildLiteBehavior [ RunTime:0.000000s ]
INFO: [ app_init ] --END-- [ RunTime:0.000000s ]

[ 2016-12-09T22:59:57+08:00 ] 111.161.59.193 /index.php/Home/index/count.html
INFO: [ app_init ] --START--
INFO: Run Behavior\BuildLiteBehavior [ RunTime:0.000000s ]
INFO: [ app_init ] --END-- [ RunTime:0.000000s ]
INFO: [ app_begin ] --START--
INFO: Run Behavior\ReadHtmlCacheBehavior [ RunTime:0.000000s ]
INFO: [ app_begin ] --END-- [ RunTime:0.000000s ]
SQL: SHOW COLUMNS FROM `bs_user` [ RunTime:0.0000s ]
SQL: SELECT `name` FROM `bs_user` WHERE `id` = 48 LIMIT 1   [ RunTime:0.0000s ]
SQL: SELECT `img` FROM `bs_user` WHERE `id` = 48 LIMIT 1   [ RunTime:0.0000s ]
SQL: SHOW COLUMNS FROM `bs_gonggao` [ RunTime:0.0156s ]
SQL: SELECT MAX(id) AS tp_max FROM `bs_gonggao` LIMIT 1   [ RunTime:0.0000s ]
SQL: SELECT `content` FROM `bs_gonggao` WHERE `id` = 26 LIMIT 1   [ RunTime:0.0000s ]
SQL: SHOW COLUMNS FROM `bs_jing` [ RunTime:0.0000s ]
SQL: SELECT * FROM `bs_jing`  [ RunTime:0.0000s ]
SQL: SELECT `team_id` FROM `bs_user` WHERE `id` = 48 LIMIT 1   [ RunTime:0.0000s ]
SQL: SHOW COLUMNS FROM `bs_team` [ RunTime:0.0000s ]
SQL: SELECT `name` FROM `bs_team` WHERE `id` = 2 LIMIT 1   [ RunTime:0.0000s ]
SQL: SELECT * FROM `bs_jing` WHERE ( id<9 )  [ RunTime:0.0000s ]
SQL: SHOW COLUMNS FROM `bs_dongtai` [ RunTime:0.0156s ]
SQL: SELECT SUM(count) AS tp_sum FROM `bs_dongtai` WHERE ( jid="上师心咒" and teamid="2" ) LIMIT 1   [ RunTime:0.0000s ]
SQL: SELECT SUM(count) AS tp_sum FROM `bs_dongtai` WHERE ( jid="百字明" and teamid="2" ) LIMIT 1   [ RunTime:0.0000s ]
SQL: SELECT SUM(count) AS tp_sum FROM `bs_dongtai` WHERE ( jid="大头" and teamid="2" ) LIMIT 1   [ RunTime:0.0000s ]
SQL: SELECT SUM(count) AS tp_sum FROM `bs_dongtai` WHERE ( jid="点灯" and teamid="2" ) LIMIT 1   [ RunTime:0.0000s ]
SQL: SELECT SUM(count) AS tp_sum FROM `bs_dongtai` WHERE ( jid="大威德" and teamid="2" ) LIMIT 1   [ RunTime:0.0000s ]
SQL: SELECT SUM(count) AS tp_sum FROM `bs_dongtai` WHERE ( jid="光明佛母" and teamid="2" ) LIMIT 1   [ RunTime:0.0000s ]
SQL: SELECT SUM(count) AS tp_sum FROM `bs_dongtai` WHERE ( jid="大日如来" and teamid="2" ) LIMIT 1   [ RunTime:0.0000s ]
SQL: SELECT SUM(count) AS tp_sum FROM `bs_dongtai` WHERE ( jid="财宝天王" and teamid="2" ) LIMIT 1   [ RunTime:0.0000s ]
SQL: SHOW COLUMNS FROM `bs_user` [ RunTime:0.0156s ]
SQL: SELECT `level_id` FROM `bs_user` WHERE `id` = 48 LIMIT 1   [ RunTime:0.0000s ]
SQL: SHOW COLUMNS FROM `bs_jing` [ RunTime:0.0156s ]
SQL: SELECT MAX(id) AS tp_max FROM `bs_jing` LIMIT 1   [ RunTime:0.0000s ]
SQL: SELECT * FROM `bs_jing` WHERE ( id<="36" )  [ RunTime:0.0000s ]
SQL: SELECT SUM(count) AS tp_sum FROM `bs_dongtai` WHERE ( jid="上师心咒" and userid="48" ) LIMIT 1   [ RunTime:0.0000s ]
SQL: SELECT SUM(count) AS tp_sum FROM `bs_dongtai` WHERE ( jid="百字明" and userid="48" ) LIMIT 1   [ RunTime:0.0000s ]
SQL: SELECT SUM(count) AS tp_sum FROM `bs_dongtai` WHERE ( jid="大头" and userid="48" ) LIMIT 1   [ RunTime:0.0000s ]
SQL: SELECT SUM(count) AS tp_sum FROM `bs_dongtai` WHERE ( jid="点灯" and userid="48" ) LIMIT 1   [ RunTime:0.0000s ]
SQL: SELECT SUM(count) AS tp_sum FROM `bs_dongtai` WHERE ( jid="大威德" and userid="48" ) LIMIT 1   [ RunTime:0.0000s ]
SQL: SELECT SUM(count) AS tp_sum FROM `bs_dongtai` WHERE ( jid="光明佛母" and userid="48" ) LIMIT 1   [ RunTime:0.0000s ]
SQL: SELECT SUM(count) AS tp_sum FROM `bs_dongtai` WHERE ( jid="大日如来" and userid="48" ) LIMIT 1   [ RunTime:0.0000s ]
SQL: SELECT SUM(count) AS tp_sum FROM `bs_dongtai` WHERE ( jid="财宝天王" and userid="48" ) LIMIT 1   [ RunTime:0.0000s ]
SQL: SELECT SUM(count) AS tp_sum FROM `bs_dongtai` WHERE ( jid="文殊心咒" and userid="48" ) LIMIT 1   [ RunTime:0.0000s ]
SQL: SELECT SUM(count) AS tp_sum FROM `bs_dongtai` WHERE ( jid="金刚总持" and userid="48" ) LIMIT 1   [ RunTime:0.0000s ]
SQL: SELECT SUM(count) AS tp_sum FROM `bs_dongtai` WHERE ( jid="十福" and userid="48" ) LIMIT 1   [ RunTime:0.0000s ]
SQL: SELECT SUM(count) AS tp_sum FROM `bs_dongtai` WHERE ( jid="九大金刚" and userid="48" ) LIMIT 1   [ RunTime:0.0000s ]
SQL: SELECT SUM(count) AS tp_sum FROM `bs_dongtai` WHERE ( jid="财宝金刚" and userid="48" ) LIMIT 1   [ RunTime:0.0000s ]
SQL: SELECT SUM(count) AS tp_sum FROM `bs_dongtai` WHERE ( jid="文殊金刚" and userid="48" ) LIMIT 1   [ RunTime:0.0000s ]
SQL: SELECT SUM(count) AS tp_sum FROM `bs_dongtai` WHERE ( jid="度母" and userid="48" ) LIMIT 1   [ RunTime:0.0156s ]
SQL: SELECT SUM(count) AS tp_sum FROM `bs_dongtai` WHERE ( jid="观音心咒" and userid="48" ) LIMIT 1   [ RunTime:0.0000s ]
SQL: SELECT `level_id` FROM `bs_user` WHERE `id` = 48 LIMIT 1   [ RunTime:0.0000s ]
SQL: SELECT * FROM `bs_jing` LIMIT 16   [ RunTime:0.0000s ]
SQL: SELECT `team_id` FROM `bs_user` WHERE `id` = 48 LIMIT 1   [ RunTime:0.0000s ]
SQL: SELECT SUM(count) AS tp_sum FROM `bs_dongtai` WHERE ( teamid="2" ) LIMIT 1   [ RunTime:0.0000s ]
SQL: SHOW COLUMNS FROM `bs_team` [ RunTime:0.0000s ]
SQL: SELECT `name` FROM `bs_team` WHERE `id` = 2 LIMIT 1   [ RunTime:0.0000s ]
SQL: SELECT SUM(count) AS tp_sum FROM `bs_dongtai` WHERE ( uid='大日莲花' ) LIMIT 1   [ RunTime:0.0000s ]
SQL: SELECT SUM(count) AS tp_sum FROM `bs_dongtai` WHERE `uid` = '大日莲花' AND `daytime` = '2016-12-09' LIMIT 1   [ RunTime:0.0156s ]
SQL: SHOW COLUMNS FROM `bs_dongtai` [ RunTime:0.0000s ]
SQL: SELECT * FROM `bs_dongtai` WHERE `uid` = '大日莲花' AND `daytime` = '2016-12-09'  [ RunTime:0.0000s ]
SQL: SELECT `lastDayTime` FROM `bs_user` WHERE `id` = 48 LIMIT 1   [ RunTime:0.0000s ]
SQL: SELECT `newDayTime` FROM `bs_user` LIMIT 1   [ RunTime:0.0000s ]
SQL: SELECT `jianduan` FROM `bs_user` WHERE `id` = 48 LIMIT 1   [ RunTime:0.0000s ]
SQL: SELECT `jianduan` FROM `bs_user` WHERE `id` = 48 LIMIT 1   [ RunTime:0.0000s ]
SQL: SELECT `team_id` FROM `bs_user` WHERE `id` = 48 LIMIT 1   [ RunTime:0.0000s ]
SQL: INSERT INTO `bs_dongtai` (`uid`,`jid`,`count`,`daytime`,`userid`,`teamid`) VALUES ('大日莲花','财宝天王','55','2016-12-09','48','2') [ RunTime:0.0156s ]
NOTIC: [8] Undefined index: validate D:\www\baoshu\ThinkPHP\Library\Think\Model.class.php 第 1185 行.
NOTIC: [8] Undefined index: auto D:\www\baoshu\ThinkPHP\Library\Think\Model.class.php 第 1128 行.
SQL: UPDATE `bs_user` SET `jianduan`='9',`lastDaytime`='2016-12-09',`newDaytime`='2016-12-05' WHERE ( id='48' ) [ RunTime:0.0000s ]

[ 2016-12-09T23:00:00+08:00 ] 111.161.57.49 /index.php/Home/Index/count.html
INFO: [ app_init ] --START--
INFO: Run Behavior\BuildLiteBehavior [ RunTime:0.000000s ]
INFO: [ app_init ] --END-- [ RunTime:0.000000s ]
INFO: [ app_begin ] --START--
INFO: Run Behavior\ReadHtmlCacheBehavior [ RunTime:0.000000s ]
INFO: [ app_begin ] --END-- [ RunTime:0.000000s ]
SQL: SHOW COLUMNS FROM `bs_user` [ RunTime:0.0000s ]
SQL: SELECT `name` FROM `bs_user` WHERE `id` = 48 LIMIT 1   [ RunTime:0.0000s ]
SQL: SELECT `img` FROM `bs_user` WHERE `id` = 48 LIMIT 1   [ RunTime:0.0000s ]
SQL: SHOW COLUMNS FROM `bs_gonggao` [ RunTime:0.0156s ]
SQL: SELECT MAX(id) AS tp_max FROM `bs_gonggao` LIMIT 1   [ RunTime:0.0000s ]
SQL: SELECT `content` FROM `bs_gonggao` WHERE `id` = 26 LIMIT 1   [ RunTime:0.0000s ]
SQL: SHOW COLUMNS FROM `bs_jing` [ RunTime:0.0000s ]
SQL: SELECT * FROM `bs_jing`  [ RunTime:0.0000s ]
SQL: SELECT `team_id` FROM `bs_user` WHERE `id` = 48 LIMIT 1   [ RunTime:0.0000s ]
SQL: SHOW COLUMNS FROM `bs_team` [ RunTime:0.0000s ]
SQL: SELECT `name` FROM `bs_team` WHERE `id` = 2 LIMIT 1   [ RunTime:0.0000s ]
SQL: SELECT * FROM `bs_jing` WHERE ( id<9 )  [ RunTime:0.0000s ]
SQL: SHOW COLUMNS FROM `bs_dongtai` [ RunTime:0.0156s ]
SQL: SELECT SUM(count) AS tp_sum FROM `bs_dongtai` WHERE ( jid="上师心咒" and teamid="2" ) LIMIT 1   [ RunTime:0.0000s ]
SQL: SELECT SUM(count) AS tp_sum FROM `bs_dongtai` WHERE ( jid="百字明" and teamid="2" ) LIMIT 1   [ RunTime:0.0000s ]
SQL: SELECT SUM(count) AS tp_sum FROM `bs_dongtai` WHERE ( jid="大头" and teamid="2" ) LIMIT 1   [ RunTime:0.0000s ]
SQL: SELECT SUM(count) AS tp_sum FROM `bs_dongtai` WHERE ( jid="点灯" and teamid="2" ) LIMIT 1   [ RunTime:0.0000s ]
SQL: SELECT SUM(count) AS tp_sum FROM `bs_dongtai` WHERE ( jid="大威德" and teamid="2" ) LIMIT 1   [ RunTime:0.0000s ]
SQL: SELECT SUM(count) AS tp_sum FROM `bs_dongtai` WHERE ( jid="光明佛母" and teamid="2" ) LIMIT 1   [ RunTime:0.0000s ]
SQL: SELECT SUM(count) AS tp_sum FROM `bs_dongtai` WHERE ( jid="大日如来" and teamid="2" ) LIMIT 1   [ RunTime:0.0000s ]
SQL: SELECT SUM(count) AS tp_sum FROM `bs_dongtai` WHERE ( jid="财宝天王" and teamid="2" ) LIMIT 1   [ RunTime:0.0000s ]
SQL: SHOW COLUMNS FROM `bs_user` [ RunTime:0.0156s ]
SQL: SELECT `level_id` FROM `bs_user` WHERE `id` = 48 LIMIT 1   [ RunTime:0.0000s ]
SQL: SHOW COLUMNS FROM `bs_jing` [ RunTime:0.0156s ]
SQL: SELECT MAX(id) AS tp_max FROM `bs_jing` LIMIT 1   [ RunTime:0.0000s ]
SQL: SELECT * FROM `bs_jing` WHERE ( id<="36" )  [ RunTime:0.0000s ]
SQL: SELECT SUM(count) AS tp_sum FROM `bs_dongtai` WHERE ( jid="上师心咒" and userid="48" ) LIMIT 1   [ RunTime:0.0000s ]
SQL: SELECT SUM(count) AS tp_sum FROM `bs_dongtai` WHERE ( jid="百字明" and userid="48" ) LIMIT 1   [ RunTime:0.0000s ]
SQL: SELECT SUM(count) AS tp_sum FROM `bs_dongtai` WHERE ( jid="大头" and userid="48" ) LIMIT 1   [ RunTime:0.0000s ]
SQL: SELECT SUM(count) AS tp_sum FROM `bs_dongtai` WHERE ( jid="点灯" and userid="48" ) LIMIT 1   [ RunTime:0.0000s ]
SQL: SELECT SUM(count) AS tp_sum FROM `bs_dongtai` WHERE ( jid="大威德" and userid="48" ) LIMIT 1   [ RunTime:0.0000s ]
SQL: SELECT SUM(count) AS tp_sum FROM `bs_dongtai` WHERE ( jid="光明佛母" and userid="48" ) LIMIT 1   [ RunTime:0.0000s ]
SQL: SELECT SUM(count) AS tp_sum FROM `bs_dongtai` WHERE ( jid="大日如来" and userid="48" ) LIMIT 1   [ RunTime:0.0000s ]
SQL: SELECT SUM(count) AS tp_sum FROM `bs_dongtai` WHERE ( jid="财宝天王" and userid="48" ) LIMIT 1   [ RunTime:0.0156s ]
SQL: SELECT SUM(count) AS tp_sum FROM `bs_dongtai` WHERE ( jid="文殊心咒" and userid="48" ) LIMIT 1   [ RunTime:0.0000s ]
SQL: SELECT SUM(count) AS tp_sum FROM `bs_dongtai` WHERE ( jid="金刚总持" and userid="48" ) LIMIT 1   [ RunTime:0.0000s ]
SQL: SELECT SUM(count) AS tp_sum FROM `bs_dongtai` WHERE ( jid="十福" and userid="48" ) LIMIT 1   [ RunTime:0.0000s ]
SQL: SELECT SUM(count) AS tp_sum FROM `bs_dongtai` WHERE ( jid="九大金刚" and userid="48" ) LIMIT 1   [ RunTime:0.0000s ]
SQL: SELECT SUM(count) AS tp_sum FROM `bs_dongtai` WHERE ( jid="财宝金刚" and userid="48" ) LIMIT 1   [ RunTime:0.0000s ]
SQL: SELECT SUM(count) AS tp_sum FROM `bs_dongtai` WHERE ( jid="文殊金刚" and userid="48" ) LIMIT 1   [ RunTime:0.0000s ]
SQL: SELECT SUM(count) AS tp_sum FROM `bs_dongtai` WHERE ( jid="度母" and userid="48" ) LIMIT 1   [ RunTime:0.0000s ]
SQL: SELECT SUM(count) AS tp_sum FROM `bs_dongtai` WHERE ( jid="观音心咒" and userid="48" ) LIMIT 1   [ RunTime:0.0000s ]
SQL: SELECT `level_id` FROM `bs_user` WHERE `id` = 48 LIMIT 1   [ RunTime:0.0000s ]
SQL: SELECT * FROM `bs_jing` LIMIT 16   [ RunTime:0.0000s ]
SQL: SELECT `team_id` FROM `bs_user` WHERE `id` = 48 LIMIT 1   [ RunTime:0.0000s ]
SQL: SELECT SUM(count) AS tp_sum FROM `bs_dongtai` WHERE ( teamid="2" ) LIMIT 1   [ RunTime:0.0000s ]
SQL: SHOW COLUMNS FROM `bs_team` [ RunTime:0.0156s ]
SQL: SELECT `name` FROM `bs_team` WHERE `id` = 2 LIMIT 1   [ RunTime:0.0000s ]
SQL: SELECT SUM(count) AS tp_sum FROM `bs_dongtai` WHERE ( uid='大日莲花' ) LIMIT 1   [ RunTime:0.0000s ]
SQL: SELECT SUM(count) AS tp_sum FROM `bs_dongtai` WHERE `uid` = '大日莲花' AND `daytime` = '2016-12-09' LIMIT 1   [ RunTime:0.0000s ]
SQL: SHOW COLUMNS FROM `bs_dongtai` [ RunTime:0.0156s ]
SQL: SELECT * FROM `bs_dongtai` WHERE `uid` = '大日莲花' AND `daytime` = '2016-12-09'  [ RunTime:0.0000s ]
SQL: SELECT `lastDayTime` FROM `bs_user` WHERE `id` = 48 LIMIT 1   [ RunTime:0.0000s ]
SQL: SELECT `newDayTime` FROM `bs_user` LIMIT 1   [ RunTime:0.0000s ]
SQL: SELECT `jianduan` FROM `bs_user` WHERE `id` = 48 LIMIT 1   [ RunTime:0.0000s ]
SQL: SELECT `jianduan` FROM `bs_user` WHERE `id` = 48 LIMIT 1   [ RunTime:0.0000s ]
INFO: [ view_parse ] --START--
INFO: [ template_filter ] --START--
INFO: Run Behavior\ContentReplaceBehavior [ RunTime:0.000000s ]
INFO: [ template_filter ] --END-- [ RunTime:0.000000s ]
NOTIC: [8] Undefined variable: think D:\www\baoshu\Runtime\Cache\Home\4c021b865228ac7c42549fec2acc3762.php 第 210 行.
INFO: Run Behavior\ParseTemplateBehavior [ RunTime:0.031200s ]
INFO: [ view_parse ] --END-- [ RunTime:0.031200s ]
INFO: [ view_filter ] --START--
INFO: Run Behavior\WriteHtmlCacheBehavior [ RunTime:0.000000s ]
INFO: [ view_filter ] --END-- [ RunTime:0.000000s ]
INFO: [ app_end ] --START--
INFO: Run Behavior\ShowPageTraceBehavior [ RunTime:0.000000s ]
INFO: [ app_end ] --END-- [ RunTime:0.000000s ]

[ 2016-12-09T23:02:25+08:00 ] 111.161.59.193 /index.php/Home/Manage/login.html?from=groupmessage
INFO: [ app_init ] --START--
INFO: Run Behavior\BuildLiteBehavior [ RunTime:0.000000s ]
INFO: [ app_init ] --END-- [ RunTime:0.000000s ]
INFO: [ app_begin ] --START--
INFO: Run Behavior\ReadHtmlCacheBehavior [ RunTime:0.000000s ]
INFO: [ app_begin ] --END-- [ RunTime:0.000000s ]
INFO: [ view_parse ] --START--
INFO: [ template_filter ] --START--
INFO: Run Behavior\ContentReplaceBehavior [ RunTime:0.000000s ]
INFO: [ template_filter ] --END-- [ RunTime:0.000000s ]
NOTIC: [8] Undefined variable: think D:\www\baoshu\Runtime\Cache\Home\bb1996cd3c52a3afa26df6c93a0d88b7.php 第 51 行.
INFO: Run Behavior\ParseTemplateBehavior [ RunTime:0.015600s ]
INFO: [ view_parse ] --END-- [ RunTime:0.015600s ]
INFO: [ view_filter ] --START--
INFO: Run Behavior\WriteHtmlCacheBehavior [ RunTime:0.000000s ]
INFO: [ view_filter ] --END-- [ RunTime:0.000000s ]
INFO: [ app_end ] --START--
INFO: Run Behavior\ShowPageTraceBehavior [ RunTime:0.000000s ]
INFO: [ app_end ] --END-- [ RunTime:0.000000s ]

[ 2016-12-09T23:02:25+08:00 ] 175.167.136.225 /index.php/Home/Manage/favicon.ico
INFO: [ app_init ] --START--
INFO: Run Behavior\BuildLiteBehavior [ RunTime:0.000000s ]
INFO: [ app_init ] --END-- [ RunTime:0.000000s ]

[ 2016-12-09T23:02:26+08:00 ] 175.167.136.225 /index.php/Home/Manage/favicon.ico
INFO: [ app_init ] --START--
INFO: Run Behavior\BuildLiteBehavior [ RunTime:0.000000s ]
INFO: [ app_init ] --END-- [ RunTime:0.000000s ]

[ 2016-12-09T23:15:19+08:00 ] 111.161.57.49 /index.php/Home/Manage/login.html?from=groupmessage
INFO: [ app_init ] --START--
INFO: Run Behavior\BuildLiteBehavior [ RunTime:0.000000s ]
INFO: [ app_init ] --END-- [ RunTime:0.000000s ]
INFO: [ app_begin ] --START--
INFO: Run Behavior\ReadHtmlCacheBehavior [ RunTime:0.000000s ]
INFO: [ app_begin ] --END-- [ RunTime:0.000000s ]
SQL: SHOW COLUMNS FROM `bs_user` [ RunTime:0.0000s ]
SQL: SELECT * FROM `bs_user` WHERE `name` = '大日莲花' LIMIT 1   [ RunTime:0.0000s ]

[ 2016-12-09T23:15:19+08:00 ] 123.151.64.142 /
INFO: [ app_init ] --START--
INFO: Run Behavior\BuildLiteBehavior [ RunTime:0.000000s ]
INFO: [ app_init ] --END-- [ RunTime:0.000000s ]
INFO: [ app_begin ] --START--
INFO: Run Behavior\ReadHtmlCacheBehavior [ RunTime:0.000000s ]
INFO: [ app_begin ] --END-- [ RunTime:0.000000s ]

[ 2016-12-09T23:15:19+08:00 ] 111.161.57.49 /index.php/Home/Index/index.html
INFO: [ app_init ] --START--
INFO: Run Behavior\BuildLiteBehavior [ RunTime:0.000000s ]
INFO: [ app_init ] --END-- [ RunTime:0.000000s ]
INFO: [ app_begin ] --START--
INFO: Run Behavior\ReadHtmlCacheBehavior [ RunTime:0.000000s ]
INFO: [ app_begin ] --END-- [ RunTime:0.000000s ]
SQL: SHOW COLUMNS FROM `bs_user` [ RunTime:0.0156s ]
SQL: SELECT `name` FROM `bs_user` WHERE `id` = 48 LIMIT 1   [ RunTime:0.0000s ]
SQL: SELECT `img` FROM `bs_user` WHERE `id` = 48 LIMIT 1   [ RunTime:0.0000s ]
SQL: SHOW COLUMNS FROM `bs_gonggao` [ RunTime:0.0156s ]
SQL: SELECT MAX(id) AS tp_max FROM `bs_gonggao` LIMIT 1   [ RunTime:0.0000s ]
SQL: SELECT `content` FROM `bs_gonggao` WHERE `id` = 26 LIMIT 1   [ RunTime:0.0000s ]

[ 2016-12-09T23:15:19+08:00 ] 111.161.57.49 /index.php/Home/Index/dongtai.html
INFO: [ app_init ] --START--
INFO: Run Behavior\BuildLiteBehavior [ RunTime:0.000000s ]
INFO: [ app_init ] --END-- [ RunTime:0.000000s ]
INFO: [ app_begin ] --START--
INFO: Run Behavior\ReadHtmlCacheBehavior [ RunTime:0.000000s ]
INFO: [ app_begin ] --END-- [ RunTime:0.000000s ]
SQL: SHOW COLUMNS FROM `bs_user` [ RunTime:0.0000s ]
SQL: SELECT `name` FROM `bs_user` WHERE `id` = 48 LIMIT 1   [ RunTime:0.0000s ]
SQL: SELECT `img` FROM `bs_user` WHERE `id` = 48 LIMIT 1   [ RunTime:0.0000s ]
SQL: SHOW COLUMNS FROM `bs_gonggao` [ RunTime:0.0156s ]
SQL: SELECT MAX(id) AS tp_max FROM `bs_gonggao` LIMIT 1   [ RunTime:0.0000s ]
SQL: SELECT `content` FROM `bs_gonggao` WHERE `id` = 26 LIMIT 1   [ RunTime:0.0000s ]
SQL: SHOW COLUMNS FROM `bs_user` [ RunTime:0.0156s ]
SQL: SELECT `team_id` FROM `bs_user` WHERE `id` = 48 LIMIT 1   [ RunTime:0.0000s ]
SQL: SHOW COLUMNS FROM `bs_dongtai` [ RunTime:0.0000s ]
SQL: SELECT * FROM `bs_dongtai` WHERE `daytime` = '2016-12-09' AND `teamid` = 2 ORDER BY did desc  [ RunTime:0.0000s ]
INFO: [ view_parse ] --START--
INFO: [ template_filter ] --START--
INFO: Run Behavior\ContentReplaceBehavior [ RunTime:0.000000s ]
INFO: [ template_filter ] --END-- [ RunTime:0.000000s ]
INFO: Run Behavior\ParseTemplateBehavior [ RunTime:0.046800s ]
INFO: [ view_parse ] --END-- [ RunTime:0.046800s ]
INFO: [ view_filter ] --START--
INFO: Run Behavior\WriteHtmlCacheBehavior [ RunTime:0.000000s ]
INFO: [ view_filter ] --END-- [ RunTime:0.000000s ]
INFO: [ app_end ] --START--
INFO: Run Behavior\ShowPageTraceBehavior [ RunTime:0.000000s ]
INFO: [ app_end ] --END-- [ RunTime:0.000000s ]

[ 2016-12-09T23:15:21+08:00 ] 175.167.136.225 /index.php/Home/Index/favicon.ico
INFO: [ app_init ] --START--
INFO: Run Behavior\BuildLiteBehavior [ RunTime:0.000000s ]
INFO: [ app_init ] --END-- [ RunTime:0.000000s ]

[ 2016-12-09T23:15:21+08:00 ] 175.167.136.225 /index.php/Home/Index/favicon.ico
INFO: [ app_init ] --START--
INFO: Run Behavior\BuildLiteBehavior [ RunTime:0.000000s ]
INFO: [ app_init ] --END-- [ RunTime:0.000000s ]

[ 2016-12-09T23:15:26+08:00 ] 111.161.59.193 /index.php/Home/index/count.html
INFO: [ app_init ] --START--
INFO: Run Behavior\BuildLiteBehavior [ RunTime:0.000000s ]
INFO: [ app_init ] --END-- [ RunTime:0.000000s ]
INFO: [ app_begin ] --START--
INFO: Run Behavior\ReadHtmlCacheBehavior [ RunTime:0.000000s ]
INFO: [ app_begin ] --END-- [ RunTime:0.000000s ]
SQL: SHOW COLUMNS FROM `bs_user` [ RunTime:0.0000s ]
SQL: SELECT `name` FROM `bs_user` WHERE `id` = 48 LIMIT 1   [ RunTime:0.0000s ]
SQL: SELECT `img` FROM `bs_user` WHERE `id` = 48 LIMIT 1   [ RunTime:0.0000s ]
SQL: SHOW COLUMNS FROM `bs_gonggao` [ RunTime:0.0156s ]
SQL: SELECT MAX(id) AS tp_max FROM `bs_gonggao` LIMIT 1   [ RunTime:0.0000s ]
SQL: SELECT `content` FROM `bs_gonggao` WHERE `id` = 26 LIMIT 1   [ RunTime:0.0000s ]
SQL: SHOW COLUMNS FROM `bs_jing` [ RunTime:0.0156s ]
SQL: SELECT * FROM `bs_jing`  [ RunTime:0.0000s ]
SQL: SELECT `team_id` FROM `bs_user` WHERE `id` = 48 LIMIT 1   [ RunTime:0.0000s ]
SQL: SHOW COLUMNS FROM `bs_team` [ RunTime:0.0000s ]
SQL: SELECT `name` FROM `bs_team` WHERE `id` = 2 LIMIT 1   [ RunTime:0.0000s ]
SQL: SELECT * FROM `bs_jing` WHERE ( id<9 )  [ RunTime:0.0000s ]
SQL: SHOW COLUMNS FROM `bs_dongtai` [ RunTime:0.0156s ]
SQL: SELECT SUM(count) AS tp_sum FROM `bs_dongtai` WHERE ( jid="上师心咒" and teamid="2" ) LIMIT 1   [ RunTime:0.0000s ]
SQL: SELECT SUM(count) AS tp_sum FROM `bs_dongtai` WHERE ( jid="百字明" and teamid="2" ) LIMIT 1   [ RunTime:0.0000s ]
SQL: SELECT SUM(count) AS tp_sum FROM `bs_dongtai` WHERE ( jid="大头" and teamid="2" ) LIMIT 1   [ RunTime:0.0000s ]
SQL: SELECT SUM(count) AS tp_sum FROM `bs_dongtai` WHERE ( jid="点灯" and teamid="2" ) LIMIT 1   [ RunTime:0.0000s ]
SQL: SELECT SUM(count) AS tp_sum FROM `bs_dongtai` WHERE ( jid="大威德" and teamid="2" ) LIMIT 1   [ RunTime:0.0000s ]
SQL: SELECT SUM(count) AS tp_sum FROM `bs_dongtai` WHERE ( jid="光明佛母" and teamid="2" ) LIMIT 1   [ RunTime:0.0000s ]
SQL: SELECT SUM(count) AS tp_sum FROM `bs_dongtai` WHERE ( jid="大日如来" and teamid="2" ) LIMIT 1   [ RunTime:0.0000s ]
SQL: SELECT SUM(count) AS tp_sum FROM `bs_dongtai` WHERE ( jid="财宝天王" and teamid="2" ) LIMIT 1   [ RunTime:0.0000s ]
SQL: SHOW COLUMNS FROM `bs_user` [ RunTime:0.0156s ]
SQL: SELECT `level_id` FROM `bs_user` WHERE `id` = 48 LIMIT 1   [ RunTime:0.0000s ]
SQL: SHOW COLUMNS FROM `bs_jing` [ RunTime:0.0156s ]
SQL: SELECT MAX(id) AS tp_max FROM `bs_jing` LIMIT 1   [ RunTime:0.0000s ]
SQL: SELECT * FROM `bs_jing` WHERE ( id<="36" )  [ RunTime:0.0000s ]
SQL: SELECT SUM(count) AS tp_sum FROM `bs_dongtai` WHERE ( jid="上师心咒" and userid="48" ) LIMIT 1   [ RunTime:0.0000s ]
SQL: SELECT SUM(count) AS tp_sum FROM `bs_dongtai` WHERE ( jid="百字明" and userid="48" ) LIMIT 1   [ RunTime:0.0000s ]
SQL: SELECT SUM(count) AS tp_sum FROM `bs_dongtai` WHERE ( jid="大头" and userid="48" ) LIMIT 1   [ RunTime:0.0000s ]
SQL: SELECT SUM(count) AS tp_sum FROM `bs_dongtai` WHERE ( jid="点灯" and userid="48" ) LIMIT 1   [ RunTime:0.0000s ]
SQL: SELECT SUM(count) AS tp_sum FROM `bs_dongtai` WHERE ( jid="大威德" and userid="48" ) LIMIT 1   [ RunTime:0.0000s ]
SQL: SELECT SUM(count) AS tp_sum FROM `bs_dongtai` WHERE ( jid="光明佛母" and userid="48" ) LIMIT 1   [ RunTime:0.0000s ]
SQL: SELECT SUM(count) AS tp_sum FROM `bs_dongtai` WHERE ( jid="大日如来" and userid="48" ) LIMIT 1   [ RunTime:0.0000s ]
SQL: SELECT SUM(count) AS tp_sum FROM `bs_dongtai` WHERE ( jid="财宝天王" and userid="48" ) LIMIT 1   [ RunTime:0.0000s ]
SQL: SELECT SUM(count) AS tp_sum FROM `bs_dongtai` WHERE ( jid="文殊心咒" and userid="48" ) LIMIT 1   [ RunTime:0.0000s ]
SQL: SELECT SUM(count) AS tp_sum FROM `bs_dongtai` WHERE ( jid="金刚总持" and userid="48" ) LIMIT 1   [ RunTime:0.0000s ]
SQL: SELECT SUM(count) AS tp_sum FROM `bs_dongtai` WHERE ( jid="十福" and userid="48" ) LIMIT 1   [ RunTime:0.0000s ]
SQL: SELECT SUM(count) AS tp_sum FROM `bs_dongtai` WHERE ( jid="九大金刚" and userid="48" ) LIMIT 1   [ RunTime:0.0000s ]
SQL: SELECT SUM(count) AS tp_sum FROM `bs_dongtai` WHERE ( jid="财宝金刚" and userid="48" ) LIMIT 1   [ RunTime:0.0000s ]
SQL: SELECT SUM(count) AS tp_sum FROM `bs_dongtai` WHERE ( jid="文殊金刚" and userid="48" ) LIMIT 1   [ RunTime:0.0156s ]
SQL: SELECT SUM(count) AS tp_sum FROM `bs_dongtai` WHERE ( jid="度母" and userid="48" ) LIMIT 1   [ RunTime:0.0000s ]
SQL: SELECT SUM(count) AS tp_sum FROM `bs_dongtai` WHERE ( jid="观音心咒" and userid="48" ) LIMIT 1   [ RunTime:0.0000s ]
SQL: SELECT `level_id` FROM `bs_user` WHERE `id` = 48 LIMIT 1   [ RunTime:0.0000s ]
SQL: SELECT * FROM `bs_jing` LIMIT 16   [ RunTime:0.0000s ]
SQL: SELECT `team_id` FROM `bs_user` WHERE `id` = 48 LIMIT 1   [ RunTime:0.0000s ]
SQL: SELECT SUM(count) AS tp_sum FROM `bs_dongtai` WHERE ( teamid="2" ) LIMIT 1   [ RunTime:0.0000s ]
SQL: SHOW COLUMNS FROM `bs_team` [ RunTime:0.0000s ]
SQL: SELECT `name` FROM `bs_team` WHERE `id` = 2 LIMIT 1   [ RunTime:0.0000s ]
SQL: SELECT SUM(count) AS tp_sum FROM `bs_dongtai` WHERE ( uid='大日莲花' ) LIMIT 1   [ RunTime:0.0156s ]
SQL: SELECT SUM(count) AS tp_sum FROM `bs_dongtai` WHERE `uid` = '大日莲花' AND `daytime` = '2016-12-09' LIMIT 1   [ RunTime:0.0000s ]
SQL: SHOW COLUMNS FROM `bs_dongtai` [ RunTime:0.0000s ]
SQL: SELECT * FROM `bs_dongtai` WHERE `uid` = '大日莲花' AND `daytime` = '2016-12-09'  [ RunTime:0.0000s ]
SQL: SELECT `lastDayTime` FROM `bs_user` WHERE `id` = 48 LIMIT 1   [ RunTime:0.0000s ]
SQL: SELECT `newDayTime` FROM `bs_user` LIMIT 1   [ RunTime:0.0000s ]
SQL: SELECT `jianduan` FROM `bs_user` WHERE `id` = 48 LIMIT 1   [ RunTime:0.0000s ]
SQL: SELECT `jianduan` FROM `bs_user` WHERE `id` = 48 LIMIT 1   [ RunTime:0.0000s ]
INFO: [ view_parse ] --START--
INFO: [ template_filter ] --START--
INFO: Run Behavior\ContentReplaceBehavior [ RunTime:0.000000s ]
INFO: [ template_filter ] --END-- [ RunTime:0.000000s ]
NOTIC: [8] Undefined variable: think D:\www\baoshu\Runtime\Cache\Home\4c021b865228ac7c42549fec2acc3762.php 第 210 行.
INFO: Run Behavior\ParseTemplateBehavior [ RunTime:0.031200s ]
INFO: [ view_parse ] --END-- [ RunTime:0.031200s ]
INFO: [ view_filter ] --START--
INFO: Run Behavior\WriteHtmlCacheBehavior [ RunTime:0.000000s ]
INFO: [ view_filter ] --END-- [ RunTime:0.015600s ]
INFO: [ app_end ] --START--
INFO: Run Behavior\ShowPageTraceBehavior [ RunTime:0.000000s ]
INFO: [ app_end ] --END-- [ RunTime:0.000000s ]

[ 2016-12-09T23:15:28+08:00 ] 175.167.136.225 /index.php/Home/index/favicon.ico
INFO: [ app_init ] --START--
INFO: Run Behavior\BuildLiteBehavior [ RunTime:0.000000s ]
INFO: [ app_init ] --END-- [ RunTime:0.000000s ]

[ 2016-12-09T23:15:32+08:00 ] 111.161.57.49 /index.php/Home/index/count.html
INFO: [ app_init ] --START--
INFO: Run Behavior\BuildLiteBehavior [ RunTime:0.000000s ]
INFO: [ app_init ] --END-- [ RunTime:0.000000s ]
INFO: [ app_begin ] --START--
INFO: Run Behavior\ReadHtmlCacheBehavior [ RunTime:0.000000s ]
INFO: [ app_begin ] --END-- [ RunTime:0.000000s ]
SQL: SHOW COLUMNS FROM `bs_user` [ RunTime:0.0000s ]
SQL: SELECT `name` FROM `bs_user` WHERE `id` = 48 LIMIT 1   [ RunTime:0.0000s ]
SQL: SELECT `img` FROM `bs_user` WHERE `id` = 48 LIMIT 1   [ RunTime:0.0000s ]
SQL: SHOW COLUMNS FROM `bs_gonggao` [ RunTime:0.0156s ]
SQL: SELECT MAX(id) AS tp_max FROM `bs_gonggao` LIMIT 1   [ RunTime:0.0000s ]
SQL: SELECT `content` FROM `bs_gonggao` WHERE `id` = 26 LIMIT 1   [ RunTime:0.0000s ]
SQL: SHOW COLUMNS FROM `bs_jing` [ RunTime:0.0156s ]
SQL: SELECT * FROM `bs_jing`  [ RunTime:0.0000s ]
SQL: SELECT `team_id` FROM `bs_user` WHERE `id` = 48 LIMIT 1   [ RunTime:0.0000s ]
SQL: SHOW COLUMNS FROM `bs_team` [ RunTime:0.0000s ]
SQL: SELECT `name` FROM `bs_team` WHERE `id` = 2 LIMIT 1   [ RunTime:0.0000s ]
SQL: SELECT * FROM `bs_jing` WHERE ( id<9 )  [ RunTime:0.0000s ]
SQL: SHOW COLUMNS FROM `bs_dongtai` [ RunTime:0.0156s ]
SQL: SELECT SUM(count) AS tp_sum FROM `bs_dongtai` WHERE ( jid="上师心咒" and teamid="2" ) LIMIT 1   [ RunTime:0.0000s ]
SQL: SELECT SUM(count) AS tp_sum FROM `bs_dongtai` WHERE ( jid="百字明" and teamid="2" ) LIMIT 1   [ RunTime:0.0000s ]
SQL: SELECT SUM(count) AS tp_sum FROM `bs_dongtai` WHERE ( jid="大头" and teamid="2" ) LIMIT 1   [ RunTime:0.0000s ]
SQL: SELECT SUM(count) AS tp_sum FROM `bs_dongtai` WHERE ( jid="点灯" and teamid="2" ) LIMIT 1   [ RunTime:0.0000s ]
SQL: SELECT SUM(count) AS tp_sum FROM `bs_dongtai` WHERE ( jid="大威德" and teamid="2" ) LIMIT 1   [ RunTime:0.0000s ]
SQL: SELECT SUM(count) AS tp_sum FROM `bs_dongtai` WHERE ( jid="光明佛母" and teamid="2" ) LIMIT 1   [ RunTime:0.0000s ]
SQL: SELECT SUM(count) AS tp_sum FROM `bs_dongtai` WHERE ( jid="大日如来" and teamid="2" ) LIMIT 1   [ RunTime:0.0000s ]
SQL: SELECT SUM(count) AS tp_sum FROM `bs_dongtai` WHERE ( jid="财宝天王" and teamid="2" ) LIMIT 1   [ RunTime:0.0000s ]
SQL: SHOW COLUMNS FROM `bs_user` [ RunTime:0.0156s ]
SQL: SELECT `level_id` FROM `bs_user` WHERE `id` = 48 LIMIT 1   [ RunTime:0.0000s ]
SQL: SHOW COLUMNS FROM `bs_jing` [ RunTime:0.0156s ]
SQL: SELECT MAX(id) AS tp_max FROM `bs_jing` LIMIT 1   [ RunTime:0.0000s ]
SQL: SELECT * FROM `bs_jing` WHERE ( id<="36" )  [ RunTime:0.0000s ]
SQL: SELECT SUM(count) AS tp_sum FROM `bs_dongtai` WHERE ( jid="上师心咒" and userid="48" ) LIMIT 1   [ RunTime:0.0000s ]
SQL: SELECT SUM(count) AS tp_sum FROM `bs_dongtai` WHERE ( jid="百字明" and userid="48" ) LIMIT 1   [ RunTime:0.0000s ]
SQL: SELECT SUM(count) AS tp_sum FROM `bs_dongtai` WHERE ( jid="大头" and userid="48" ) LIMIT 1   [ RunTime:0.0000s ]
SQL: SELECT SUM(count) AS tp_sum FROM `bs_dongtai` WHERE ( jid="点灯" and userid="48" ) LIMIT 1   [ RunTime:0.0000s ]
SQL: SELECT SUM(count) AS tp_sum FROM `bs_dongtai` WHERE ( jid="大威德" and userid="48" ) LIMIT 1   [ RunTime:0.0000s ]
SQL: SELECT SUM(count) AS tp_sum FROM `bs_dongtai` WHERE ( jid="光明佛母" and userid="48" ) LIMIT 1   [ RunTime:0.0000s ]
SQL: SELECT SUM(count) AS tp_sum FROM `bs_dongtai` WHERE ( jid="大日如来" and userid="48" ) LIMIT 1   [ RunTime:0.0000s ]
SQL: SELECT SUM(count) AS tp_sum FROM `bs_dongtai` WHERE ( jid="财宝天王" and userid="48" ) LIMIT 1   [ RunTime:0.0000s ]
SQL: SELECT SUM(count) AS tp_sum FROM `bs_dongtai` WHERE ( jid="文殊心咒" and userid="48" ) LIMIT 1   [ RunTime:0.0000s ]
SQL: SELECT SUM(count) AS tp_sum FROM `bs_dongtai` WHERE ( jid="金刚总持" and userid="48" ) LIMIT 1   [ RunTime:0.0000s ]
SQL: SELECT SUM(count) AS tp_sum FROM `bs_dongtai` WHERE ( jid="十福" and userid="48" ) LIMIT 1   [ RunTime:0.0000s ]
SQL: SELECT SUM(count) AS tp_sum FROM `bs_dongtai` WHERE ( jid="九大金刚" and userid="48" ) LIMIT 1   [ RunTime:0.0000s ]
SQL: SELECT SUM(count) AS tp_sum FROM `bs_dongtai` WHERE ( jid="财宝金刚" and userid="48" ) LIMIT 1   [ RunTime:0.0000s ]
SQL: SELECT SUM(count) AS tp_sum FROM `bs_dongtai` WHERE ( jid="文殊金刚" and userid="48" ) LIMIT 1   [ RunTime:0.0000s ]
SQL: SELECT SUM(count) AS tp_sum FROM `bs_dongtai` WHERE ( jid="度母" and userid="48" ) LIMIT 1   [ RunTime:0.0000s ]
SQL: SELECT SUM(count) AS tp_sum FROM `bs_dongtai` WHERE ( jid="观音心咒" and userid="48" ) LIMIT 1   [ RunTime:0.0000s ]
SQL: SELECT `level_id` FROM `bs_user` WHERE `id` = 48 LIMIT 1   [ RunTime:0.0000s ]
SQL: SELECT * FROM `bs_jing` LIMIT 16   [ RunTime:0.0000s ]
SQL: SELECT `team_id` FROM `bs_user` WHERE `id` = 48 LIMIT 1   [ RunTime:0.0000s ]
SQL: SELECT SUM(count) AS tp_sum FROM `bs_dongtai` WHERE ( teamid="2" ) LIMIT 1   [ RunTime:0.0000s ]
SQL: SHOW COLUMNS FROM `bs_team` [ RunTime:0.0000s ]
SQL: SELECT `name` FROM `bs_team` WHERE `id` = 2 LIMIT 1   [ RunTime:0.0000s ]
SQL: SELECT SUM(count) AS tp_sum FROM `bs_dongtai` WHERE ( uid='大日莲花' ) LIMIT 1   [ RunTime:0.0000s ]
SQL: SELECT SUM(count) AS tp_sum FROM `bs_dongtai` WHERE `uid` = '大日莲花' AND `daytime` = '2016-12-09' LIMIT 1   [ RunTime:0.0000s ]
SQL: SHOW COLUMNS FROM `bs_dongtai` [ RunTime:0.0000s ]
SQL: SELECT * FROM `bs_dongtai` WHERE `uid` = '大日莲花' AND `daytime` = '2016-12-09'  [ RunTime:0.0000s ]
SQL: SELECT `lastDayTime` FROM `bs_user` WHERE `id` = 48 LIMIT 1   [ RunTime:0.0000s ]
SQL: SELECT `newDayTime` FROM `bs_user` LIMIT 1   [ RunTime:0.0000s ]
SQL: SELECT `jianduan` FROM `bs_user` WHERE `id` = 48 LIMIT 1   [ RunTime:0.0000s ]
SQL: SELECT `jianduan` FROM `bs_user` WHERE `id` = 48 LIMIT 1   [ RunTime:0.0000s ]
SQL: SELECT `team_id` FROM `bs_user` WHERE `id` = 48 LIMIT 1   [ RunTime:0.0000s ]
SQL: INSERT INTO `bs_dongtai` (`uid`,`jid`,`count`,`daytime`,`userid`,`teamid`) VALUES ('大日莲花','上师心咒','50','2016-12-09','48','2') [ RunTime:0.0000s ]
NOTIC: [8] Undefined index: validate D:\www\baoshu\ThinkPHP\Library\Think\Model.class.php 第 1185 行.
NOTIC: [8] Undefined index: auto D:\www\baoshu\ThinkPHP\Library\Think\Model.class.php 第 1128 行.
SQL: UPDATE `bs_user` SET `newDaytime`='2016-12-09' WHERE ( id='48' ) [ RunTime:0.0000s ]

[ 2016-12-09T23:15:34+08:00 ] 111.161.57.49 /index.php/Home/Index/count.html
INFO: [ app_init ] --START--
INFO: Run Behavior\BuildLiteBehavior [ RunTime:0.000000s ]
INFO: [ app_init ] --END-- [ RunTime:0.000000s ]
INFO: [ app_begin ] --START--
INFO: Run Behavior\ReadHtmlCacheBehavior [ RunTime:0.000000s ]
INFO: [ app_begin ] --END-- [ RunTime:0.000000s ]
SQL: SHOW COLUMNS FROM `bs_user` [ RunTime:0.0000s ]
SQL: SELECT `name` FROM `bs_user` WHERE `id` = 48 LIMIT 1   [ RunTime:0.0000s ]
SQL: SELECT `img` FROM `bs_user` WHERE `id` = 48 LIMIT 1   [ RunTime:0.0000s ]
SQL: SHOW COLUMNS FROM `bs_gonggao` [ RunTime:0.0156s ]
SQL: SELECT MAX(id) AS tp_max FROM `bs_gonggao` LIMIT 1   [ RunTime:0.0000s ]
SQL: SELECT `content` FROM `bs_gonggao` WHERE `id` = 26 LIMIT 1   [ RunTime:0.0000s ]
SQL: SHOW COLUMNS FROM `bs_jing` [ RunTime:0.0156s ]
SQL: SELECT * FROM `bs_jing`  [ RunTime:0.0000s ]
SQL: SELECT `team_id` FROM `bs_user` WHERE `id` = 48 LIMIT 1   [ RunTime:0.0000s ]
SQL: SHOW COLUMNS FROM `bs_team` [ RunTime:0.0000s ]
SQL: SELECT `name` FROM `bs_team` WHERE `id` = 2 LIMIT 1   [ RunTime:0.0000s ]
SQL: SELECT * FROM `bs_jing` WHERE ( id<9 )  [ RunTime:0.0000s ]
SQL: SHOW COLUMNS FROM `bs_dongtai` [ RunTime:0.0000s ]
SQL: SELECT SUM(count) AS tp_sum FROM `bs_dongtai` WHERE ( jid="上师心咒" and teamid="2" ) LIMIT 1   [ RunTime:0.0000s ]
SQL: SELECT SUM(count) AS tp_sum FROM `bs_dongtai` WHERE ( jid="百字明" and teamid="2" ) LIMIT 1   [ RunTime:0.0000s ]
SQL: SELECT SUM(count) AS tp_sum FROM `bs_dongtai` WHERE ( jid="大头" and teamid="2" ) LIMIT 1   [ RunTime:0.0000s ]
SQL: SELECT SUM(count) AS tp_sum FROM `bs_dongtai` WHERE ( jid="点灯" and teamid="2" ) LIMIT 1   [ RunTime:0.0000s ]
SQL: SELECT SUM(count) AS tp_sum FROM `bs_dongtai` WHERE ( jid="大威德" and teamid="2" ) LIMIT 1   [ RunTime:0.0000s ]
SQL: SELECT SUM(count) AS tp_sum FROM `bs_dongtai` WHERE ( jid="光明佛母" and teamid="2" ) LIMIT 1   [ RunTime:0.0000s ]
SQL: SELECT SUM(count) AS tp_sum FROM `bs_dongtai` WHERE ( jid="大日如来" and teamid="2" ) LIMIT 1   [ RunTime:0.0156s ]
SQL: SELECT SUM(count) AS tp_sum FROM `bs_dongtai` WHERE ( jid="财宝天王" and teamid="2" ) LIMIT 1   [ RunTime:0.0000s ]
SQL: SHOW COLUMNS FROM `bs_user` [ RunTime:0.0000s ]
SQL: SELECT `level_id` FROM `bs_user` WHERE `id` = 48 LIMIT 1   [ RunTime:0.0000s ]
SQL: SHOW COLUMNS FROM `bs_jing` [ RunTime:0.0156s ]
SQL: SELECT MAX(id) AS tp_max FROM `bs_jing` LIMIT 1   [ RunTime:0.0000s ]
SQL: SELECT * FROM `bs_jing` WHERE ( id<="36" )  [ RunTime:0.0000s ]
SQL: SELECT SUM(count) AS tp_sum FROM `bs_dongtai` WHERE ( jid="上师心咒" and userid="48" ) LIMIT 1   [ RunTime:0.0000s ]
SQL: SELECT SUM(count) AS tp_sum FROM `bs_dongtai` WHERE ( jid="百字明" and userid="48" ) LIMIT 1   [ RunTime:0.0000s ]
SQL: SELECT SUM(count) AS tp_sum FROM `bs_dongtai` WHERE ( jid="大头" and userid="48" ) LIMIT 1   [ RunTime:0.0000s ]
SQL: SELECT SUM(count) AS tp_sum FROM `bs_dongtai` WHERE ( jid="点灯" and userid="48" ) LIMIT 1   [ RunTime:0.0000s ]
SQL: SELECT SUM(count) AS tp_sum FROM `bs_dongtai` WHERE ( jid="大威德" and userid="48" ) LIMIT 1   [ RunTime:0.0000s ]
SQL: SELECT SUM(count) AS tp_sum FROM `bs_dongtai` WHERE ( jid="光明佛母" and userid="48" ) LIMIT 1   [ RunTime:0.0000s ]
SQL: SELECT SUM(count) AS tp_sum FROM `bs_dongtai` WHERE ( jid="大日如来" and userid="48" ) LIMIT 1   [ RunTime:0.0000s ]
SQL: SELECT SUM(count) AS tp_sum FROM `bs_dongtai` WHERE ( jid="财宝天王" and userid="48" ) LIMIT 1   [ RunTime:0.0000s ]
SQL: SELECT SUM(count) AS tp_sum FROM `bs_dongtai` WHERE ( jid="文殊心咒" and userid="48" ) LIMIT 1   [ RunTime:0.0000s ]
SQL: SELECT SUM(count) AS tp_sum FROM `bs_dongtai` WHERE ( jid="金刚总持" and userid="48" ) LIMIT 1   [ RunTime:0.0156s ]
SQL: SELECT SUM(count) AS tp_sum FROM `bs_dongtai` WHERE ( jid="十福" and userid="48" ) LIMIT 1   [ RunTime:0.0000s ]
SQL: SELECT SUM(count) AS tp_sum FROM `bs_dongtai` WHERE ( jid="九大金刚" and userid="48" ) LIMIT 1   [ RunTime:0.0000s ]
SQL: SELECT SUM(count) AS tp_sum FROM `bs_dongtai` WHERE ( jid="财宝金刚" and userid="48" ) LIMIT 1   [ RunTime:0.0000s ]
SQL: SELECT SUM(count) AS tp_sum FROM `bs_dongtai` WHERE ( jid="文殊金刚" and userid="48" ) LIMIT 1   [ RunTime:0.0000s ]
SQL: SELECT SUM(count) AS tp_sum FROM `bs_dongtai` WHERE ( jid="度母" and userid="48" ) LIMIT 1   [ RunTime:0.0000s ]
SQL: SELECT SUM(count) AS tp_sum FROM `bs_dongtai` WHERE ( jid="观音心咒" and userid="48" ) LIMIT 1   [ RunTime:0.0000s ]
SQL: SELECT `level_id` FROM `bs_user` WHERE `id` = 48 LIMIT 1   [ RunTime:0.0000s ]
SQL: SELECT * FROM `bs_jing` LIMIT 16   [ RunTime:0.0000s ]
SQL: SELECT `team_id` FROM `bs_user` WHERE `id` = 48 LIMIT 1   [ RunTime:0.0000s ]
SQL: SELECT SUM(count) AS tp_sum FROM `bs_dongtai` WHERE ( teamid="2" ) LIMIT 1   [ RunTime:0.0000s ]
SQL: SHOW COLUMNS FROM `bs_team` [ RunTime:0.0156s ]
SQL: SELECT `name` FROM `bs_team` WHERE `id` = 2 LIMIT 1   [ RunTime:0.0000s ]
SQL: SELECT SUM(count) AS tp_sum FROM `bs_dongtai` WHERE ( uid='大日莲花' ) LIMIT 1   [ RunTime:0.0000s ]
SQL: SELECT SUM(count) AS tp_sum FROM `bs_dongtai` WHERE `uid` = '大日莲花' AND `daytime` = '2016-12-09' LIMIT 1   [ RunTime:0.0000s ]
SQL: SHOW COLUMNS FROM `bs_dongtai` [ RunTime:0.0000s ]
SQL: SELECT * FROM `bs_dongtai` WHERE `uid` = '大日莲花' AND `daytime` = '2016-12-09'  [ RunTime:0.0156s ]
SQL: SELECT `lastDayTime` FROM `bs_user` WHERE `id` = 48 LIMIT 1   [ RunTime:0.0000s ]
SQL: SELECT `newDayTime` FROM `bs_user` LIMIT 1   [ RunTime:0.0000s ]
SQL: SELECT `jianduan` FROM `bs_user` WHERE `id` = 48 LIMIT 1   [ RunTime:0.0000s ]
SQL: SELECT `jianduan` FROM `bs_user` WHERE `id` = 48 LIMIT 1   [ RunTime:0.0000s ]
INFO: [ view_parse ] --START--
INFO: [ template_filter ] --START--
INFO: Run Behavior\ContentReplaceBehavior [ RunTime:0.000000s ]
INFO: [ template_filter ] --END-- [ RunTime:0.000000s ]
NOTIC: [8] Undefined variable: think D:\www\baoshu\Runtime\Cache\Home\4c021b865228ac7c42549fec2acc3762.php 第 210 行.
INFO: Run Behavior\ParseTemplateBehavior [ RunTime:0.031200s ]
INFO: [ view_parse ] --END-- [ RunTime:0.031200s ]
INFO: [ view_filter ] --START--
INFO: Run Behavior\WriteHtmlCacheBehavior [ RunTime:0.000000s ]
INFO: [ view_filter ] --END-- [ RunTime:0.000000s ]
INFO: [ app_end ] --START--
INFO: Run Behavior\ShowPageTraceBehavior [ RunTime:0.000000s ]
INFO: [ app_end ] --END-- [ RunTime:0.000000s ]

