[ 2017-02-27T09:55:50+08:00 ] 127.0.0.1 /baoshu/
INFO: [ app_init ] --START--
INFO: Run Behavior\BuildLiteBehavior [ RunTime:0.000081s ]
INFO: [ app_init ] --END-- [ RunTime:0.059357s ]
INFO: [ app_begin ] --START--
INFO: Run Behavior\ReadHtmlCacheBehavior [ RunTime:0.014653s ]
INFO: [ app_begin ] --END-- [ RunTime:0.014873s ]

[ 2017-02-27T09:55:50+08:00 ] 127.0.0.1 /baoshu/index.php/Home/Manage/login.html
INFO: [ app_init ] --START--
INFO: Run Behavior\BuildLiteBehavior [ RunTime:0.000042s ]
INFO: [ app_init ] --END-- [ RunTime:0.000659s ]
INFO: [ app_begin ] --START--
INFO: Run Behavior\ReadHtmlCacheBehavior [ RunTime:0.000870s ]
INFO: [ app_begin ] --END-- [ RunTime:0.001078s ]
INFO: [ view_parse ] --START--
INFO: [ template_filter ] --START--
INFO: Run Behavior\ContentReplaceBehavior [ RunTime:0.000398s ]
INFO: [ template_filter ] --END-- [ RunTime:0.000908s ]
NOTIC: [8] Undefined variable: think D:\wamp\www\baoshu\Runtime\Cache\Home\eed4fe017e714e42df09909e226c593f.php 第 50 行.
INFO: Run Behavior\ParseTemplateBehavior [ RunTime:0.295215s ]
INFO: [ view_parse ] --END-- [ RunTime:0.295516s ]
INFO: [ view_filter ] --START--
INFO: Run Behavior\WriteHtmlCacheBehavior [ RunTime:0.006974s ]
INFO: [ view_filter ] --END-- [ RunTime:0.007322s ]
INFO: [ app_end ] --START--
INFO: Run Behavior\ShowPageTraceBehavior [ RunTime:0.010605s ]
INFO: [ app_end ] --END-- [ RunTime:0.010941s ]

