[ 2017-02-26T19:59:30+08:00 ] 127.0.0.1 /baoshu/
INFO: [ app_init ] --START--
INFO: Run Behavior\BuildLiteBehavior [ RunTime:0.000077s ]
INFO: [ app_init ] --END-- [ RunTime:0.025737s ]
INFO: [ app_begin ] --START--
INFO: Run Behavior\ReadHtmlCacheBehavior [ RunTime:0.019174s ]
INFO: [ app_begin ] --END-- [ RunTime:0.019551s ]

[ 2017-02-26T19:59:31+08:00 ] 127.0.0.1 /baoshu/index.php/Home/Manage/login.html
INFO: [ app_init ] --START--
INFO: Run Behavior\BuildLiteBehavior [ RunTime:0.000069s ]
INFO: [ app_init ] --END-- [ RunTime:0.001084s ]
INFO: [ app_begin ] --START--
INFO: Run Behavior\ReadHtmlCacheBehavior [ RunTime:0.001405s ]
INFO: [ app_begin ] --END-- [ RunTime:0.001788s ]
INFO: [ view_parse ] --START--
INFO: [ template_filter ] --START--
INFO: Run Behavior\ContentReplaceBehavior [ RunTime:0.000236s ]
INFO: [ template_filter ] --END-- [ RunTime:0.000595s ]
NOTIC: [8] Undefined variable: think D:\wamp\www\baoshu\Runtime\Cache\Home\eed4fe017e714e42df09909e226c593f.php 第 50 行.
INFO: Run Behavior\ParseTemplateBehavior [ RunTime:0.099373s ]
INFO: [ view_parse ] --END-- [ RunTime:0.099660s ]
INFO: [ view_filter ] --START--
INFO: Run Behavior\WriteHtmlCacheBehavior [ RunTime:0.006613s ]
INFO: [ view_filter ] --END-- [ RunTime:0.006952s ]
INFO: [ app_end ] --START--
INFO: Run Behavior\ShowPageTraceBehavior [ RunTime:0.011067s ]
INFO: [ app_end ] --END-- [ RunTime:0.011405s ]

[ 2017-02-26T19:59:33+08:00 ] 127.0.0.1 /baoshu/index.php/Home/Manage/login.html
INFO: [ app_init ] --START--
INFO: Run Behavior\BuildLiteBehavior [ RunTime:0.000042s ]
INFO: [ app_init ] --END-- [ RunTime:0.000632s ]
INFO: [ app_begin ] --START--
INFO: Run Behavior\ReadHtmlCacheBehavior [ RunTime:0.000825s ]
INFO: [ app_begin ] --END-- [ RunTime:0.001035s ]
SQL: SHOW COLUMNS FROM `bs_user` [ RunTime:0.0485s ]
SQL: SELECT * FROM `bs_user` WHERE `name` = '管理员' LIMIT 1   [ RunTime:0.0012s ]

[ 2017-02-26T19:59:33+08:00 ] 127.0.0.1 /baoshu/index.php/Home/Index/index.html
INFO: [ app_init ] --START--
INFO: Run Behavior\BuildLiteBehavior [ RunTime:0.000039s ]
INFO: [ app_init ] --END-- [ RunTime:0.000629s ]
INFO: [ app_begin ] --START--
INFO: Run Behavior\ReadHtmlCacheBehavior [ RunTime:0.000783s ]
INFO: [ app_begin ] --END-- [ RunTime:0.000968s ]
SQL: SHOW COLUMNS FROM `bs_user` [ RunTime:0.0030s ]
SQL: SELECT `name` FROM `bs_user` WHERE `id` = 31 LIMIT 1   [ RunTime:0.0004s ]
SQL: SELECT `img` FROM `bs_user` WHERE `id` = 31 LIMIT 1   [ RunTime:0.0006s ]
SQL: SHOW COLUMNS FROM `bs_gonggao` [ RunTime:0.0694s ]
SQL: SELECT MAX(id) AS tp_max FROM `bs_gonggao` LIMIT 1   [ RunTime:0.0007s ]
SQL: SELECT `content` FROM `bs_gonggao` WHERE `id` = 26 LIMIT 1   [ RunTime:0.0006s ]

[ 2017-02-26T19:59:33+08:00 ] 127.0.0.1 /baoshu/index.php/Home/Index/dongtai.html
INFO: [ app_init ] --START--
INFO: Run Behavior\BuildLiteBehavior [ RunTime:0.000041s ]
INFO: [ app_init ] --END-- [ RunTime:0.000673s ]
INFO: [ app_begin ] --START--
INFO: Run Behavior\ReadHtmlCacheBehavior [ RunTime:0.000763s ]
INFO: [ app_begin ] --END-- [ RunTime:0.000949s ]
SQL: SHOW COLUMNS FROM `bs_user` [ RunTime:0.0029s ]
SQL: SELECT `name` FROM `bs_user` WHERE `id` = 31 LIMIT 1   [ RunTime:0.0004s ]
SQL: SELECT `img` FROM `bs_user` WHERE `id` = 31 LIMIT 1   [ RunTime:0.0003s ]
SQL: SHOW COLUMNS FROM `bs_gonggao` [ RunTime:0.0024s ]
SQL: SELECT MAX(id) AS tp_max FROM `bs_gonggao` LIMIT 1   [ RunTime:0.0004s ]
SQL: SELECT `content` FROM `bs_gonggao` WHERE `id` = 26 LIMIT 1   [ RunTime:0.0003s ]
SQL: SHOW COLUMNS FROM `bs_user` [ RunTime:0.0029s ]
SQL: SELECT `team_id` FROM `bs_user` WHERE `id` = 31 LIMIT 1   [ RunTime:0.0004s ]
SQL: SHOW COLUMNS FROM `bs_dongtai` [ RunTime:0.0194s ]
SQL: SELECT * FROM `bs_dongtai` WHERE `daytime` = '2017-02-26' AND `teamid` = 2 ORDER BY did desc  [ RunTime:0.0006s ]
INFO: [ view_parse ] --START--
INFO: [ template_filter ] --START--
INFO: Run Behavior\ContentReplaceBehavior [ RunTime:0.000139s ]
INFO: [ template_filter ] --END-- [ RunTime:0.000331s ]
INFO: Run Behavior\ParseTemplateBehavior [ RunTime:0.019282s ]
INFO: [ view_parse ] --END-- [ RunTime:0.019510s ]
INFO: [ view_filter ] --START--
INFO: Run Behavior\WriteHtmlCacheBehavior [ RunTime:0.000390s ]
INFO: [ view_filter ] --END-- [ RunTime:0.000563s ]
INFO: [ app_end ] --START--
INFO: Run Behavior\ShowPageTraceBehavior [ RunTime:0.000774s ]
INFO: [ app_end ] --END-- [ RunTime:0.000945s ]

[ 2017-02-26T19:59:35+08:00 ] 127.0.0.1 /baoshu/index.php/Home/index/huoban.html
INFO: [ app_init ] --START--
INFO: Run Behavior\BuildLiteBehavior [ RunTime:0.000042s ]
INFO: [ app_init ] --END-- [ RunTime:0.000634s ]
INFO: [ app_begin ] --START--
INFO: Run Behavior\ReadHtmlCacheBehavior [ RunTime:0.000792s ]
INFO: [ app_begin ] --END-- [ RunTime:0.000982s ]
SQL: SHOW COLUMNS FROM `bs_user` [ RunTime:0.0029s ]
SQL: SELECT `name` FROM `bs_user` WHERE `id` = 31 LIMIT 1   [ RunTime:0.0004s ]
SQL: SELECT `img` FROM `bs_user` WHERE `id` = 31 LIMIT 1   [ RunTime:0.0003s ]
SQL: SHOW COLUMNS FROM `bs_gonggao` [ RunTime:0.0024s ]
SQL: SELECT MAX(id) AS tp_max FROM `bs_gonggao` LIMIT 1   [ RunTime:0.0004s ]
SQL: SELECT `content` FROM `bs_gonggao` WHERE `id` = 26 LIMIT 1   [ RunTime:0.0005s ]
SQL: SELECT `team_id` FROM `bs_user` WHERE `id` = 31 LIMIT 1   [ RunTime:0.0004s ]
SQL: SHOW COLUMNS FROM `bs_user` [ RunTime:0.0028s ]
SQL: SELECT * FROM `bs_user` WHERE ( team_id="2" )  [ RunTime:0.0005s ]
SQL: SHOW COLUMNS FROM `bs_dongtai` [ RunTime:0.0028s ]
SQL: SELECT SUM(count) AS tp_sum FROM `bs_dongtai` WHERE ( userid="16" ) LIMIT 1   [ RunTime:0.0005s ]
SQL: SHOW COLUMNS FROM `bs_level` [ RunTime:0.0926s ]
SQL: SELECT `name` FROM `bs_level` WHERE `id` = 1 LIMIT 1   [ RunTime:0.0008s ]
SQL: SELECT SUM(count) AS tp_sum FROM `bs_dongtai` WHERE ( userid="31" ) LIMIT 1   [ RunTime:0.0007s ]
SQL: SELECT `name` FROM `bs_level` WHERE `id` = 1 LIMIT 1   [ RunTime:0.0006s ]
SQL: SELECT SUM(count) AS tp_sum FROM `bs_dongtai` WHERE ( userid="48" ) LIMIT 1   [ RunTime:0.0007s ]
SQL: SELECT `name` FROM `bs_level` WHERE `id` = 3 LIMIT 1   [ RunTime:0.0005s ]
SQL: SELECT SUM(count) AS tp_sum FROM `bs_dongtai` WHERE ( userid="49" ) LIMIT 1   [ RunTime:0.0012s ]
SQL: SELECT `name` FROM `bs_level` WHERE `id` = 3 LIMIT 1   [ RunTime:0.0008s ]
SQL: SELECT SUM(count) AS tp_sum FROM `bs_dongtai` WHERE ( userid="52" ) LIMIT 1   [ RunTime:0.0007s ]
SQL: SELECT `name` FROM `bs_level` WHERE `id` = 3 LIMIT 1   [ RunTime:0.0005s ]
SQL: SELECT SUM(count) AS tp_sum FROM `bs_dongtai` WHERE ( userid="53" ) LIMIT 1   [ RunTime:0.0006s ]
SQL: SELECT `name` FROM `bs_level` WHERE `id` = 3 LIMIT 1   [ RunTime:0.0005s ]
SQL: SELECT SUM(count) AS tp_sum FROM `bs_dongtai` WHERE ( userid="54" ) LIMIT 1   [ RunTime:0.0008s ]
SQL: SELECT `name` FROM `bs_level` WHERE `id` = 6 LIMIT 1   [ RunTime:0.0005s ]
SQL: SELECT SUM(count) AS tp_sum FROM `bs_dongtai` WHERE ( userid="55" ) LIMIT 1   [ RunTime:0.0006s ]
SQL: SELECT `name` FROM `bs_level` WHERE `id` = 6 LIMIT 1   [ RunTime:0.0006s ]
INFO: [ view_parse ] --START--
INFO: [ template_filter ] --START--
INFO: Run Behavior\ContentReplaceBehavior [ RunTime:0.000149s ]
INFO: [ template_filter ] --END-- [ RunTime:0.000344s ]
INFO: Run Behavior\ParseTemplateBehavior [ RunTime:0.047951s ]
INFO: [ view_parse ] --END-- [ RunTime:0.048198s ]
INFO: [ view_filter ] --START--
INFO: Run Behavior\WriteHtmlCacheBehavior [ RunTime:0.000758s ]
INFO: [ view_filter ] --END-- [ RunTime:0.001038s ]
INFO: [ app_end ] --START--
INFO: Run Behavior\ShowPageTraceBehavior [ RunTime:0.001288s ]
INFO: [ app_end ] --END-- [ RunTime:0.001495s ]

[ 2017-02-26T19:59:37+08:00 ] 127.0.0.1 /baoshu/index.php/Home/index/count.html
INFO: [ app_init ] --START--
INFO: Run Behavior\BuildLiteBehavior [ RunTime:0.000041s ]
INFO: [ app_init ] --END-- [ RunTime:0.000635s ]
INFO: [ app_begin ] --START--
INFO: Run Behavior\ReadHtmlCacheBehavior [ RunTime:0.000863s ]
INFO: [ app_begin ] --END-- [ RunTime:0.001070s ]
SQL: SHOW COLUMNS FROM `bs_user` [ RunTime:0.0030s ]
SQL: SELECT `name` FROM `bs_user` WHERE `id` = 31 LIMIT 1   [ RunTime:0.0005s ]
SQL: SELECT `img` FROM `bs_user` WHERE `id` = 31 LIMIT 1   [ RunTime:0.0004s ]
SQL: SHOW COLUMNS FROM `bs_gonggao` [ RunTime:0.0025s ]
SQL: SELECT MAX(id) AS tp_max FROM `bs_gonggao` LIMIT 1   [ RunTime:0.0004s ]
SQL: SELECT `content` FROM `bs_gonggao` WHERE `id` = 26 LIMIT 1   [ RunTime:0.0003s ]
SQL: SHOW COLUMNS FROM `bs_jing` [ RunTime:0.0869s ]
SQL: SELECT * FROM `bs_jing`  [ RunTime:0.0008s ]
SQL: SELECT `team_id` FROM `bs_user` WHERE `id` = 31 LIMIT 1   [ RunTime:0.0007s ]
SQL: SHOW COLUMNS FROM `bs_team` [ RunTime:0.0278s ]
SQL: SELECT `name` FROM `bs_team` WHERE `id` = 2 LIMIT 1   [ RunTime:0.0006s ]
SQL: SELECT * FROM `bs_jing` WHERE ( id<9 )  [ RunTime:0.0009s ]
SQL: SHOW COLUMNS FROM `bs_dongtai` [ RunTime:0.0052s ]
SQL: SELECT SUM(count) AS tp_sum FROM `bs_dongtai` WHERE ( jid="上师心咒" and teamid="2" ) LIMIT 1   [ RunTime:0.0007s ]
SQL: SELECT SUM(count) AS tp_sum FROM `bs_dongtai` WHERE ( jid="百字明" and teamid="2" ) LIMIT 1   [ RunTime:0.0007s ]
SQL: SELECT SUM(count) AS tp_sum FROM `bs_dongtai` WHERE ( jid="大头" and teamid="2" ) LIMIT 1   [ RunTime:0.0007s ]
SQL: SELECT SUM(count) AS tp_sum FROM `bs_dongtai` WHERE ( jid="灯供" and teamid="2" ) LIMIT 1   [ RunTime:0.0008s ]
SQL: SELECT SUM(count) AS tp_sum FROM `bs_dongtai` WHERE ( jid="大威德" and teamid="2" ) LIMIT 1   [ RunTime:0.0007s ]
SQL: SELECT SUM(count) AS tp_sum FROM `bs_dongtai` WHERE ( jid="光明佛母" and teamid="2" ) LIMIT 1   [ RunTime:0.0006s ]
SQL: SELECT SUM(count) AS tp_sum FROM `bs_dongtai` WHERE ( jid="大日如来" and teamid="2" ) LIMIT 1   [ RunTime:0.0014s ]
SQL: SELECT SUM(count) AS tp_sum FROM `bs_dongtai` WHERE ( jid="财宝天王" and teamid="2" ) LIMIT 1   [ RunTime:0.0010s ]
SQL: SHOW COLUMNS FROM `bs_user` [ RunTime:0.0045s ]
SQL: SELECT `level_id` FROM `bs_user` WHERE `id` = 31 LIMIT 1   [ RunTime:0.0007s ]
SQL: SHOW COLUMNS FROM `bs_jing` [ RunTime:0.0035s ]
SQL: SELECT MAX(id) AS tp_max FROM `bs_jing` LIMIT 1   [ RunTime:0.0003s ]
SQL: SELECT * FROM `bs_jing` WHERE ( id<="19" )  [ RunTime:0.0007s ]
SQL: SELECT SUM(count) AS tp_sum FROM `bs_dongtai` WHERE ( jid="上师心咒" and userid="31" ) LIMIT 1   [ RunTime:0.0007s ]
SQL: SELECT SUM(count) AS tp_sum FROM `bs_dongtai` WHERE ( jid="百字明" and userid="31" ) LIMIT 1   [ RunTime:0.0004s ]
SQL: SELECT SUM(count) AS tp_sum FROM `bs_dongtai` WHERE ( jid="大头" and userid="31" ) LIMIT 1   [ RunTime:0.0004s ]
SQL: SELECT SUM(count) AS tp_sum FROM `bs_dongtai` WHERE ( jid="灯供" and userid="31" ) LIMIT 1   [ RunTime:0.0004s ]
SQL: SELECT SUM(count) AS tp_sum FROM `bs_dongtai` WHERE ( jid="大威德" and userid="31" ) LIMIT 1   [ RunTime:0.0004s ]
SQL: SELECT SUM(count) AS tp_sum FROM `bs_dongtai` WHERE ( jid="光明佛母" and userid="31" ) LIMIT 1   [ RunTime:0.0004s ]
SQL: SELECT SUM(count) AS tp_sum FROM `bs_dongtai` WHERE ( jid="大日如来" and userid="31" ) LIMIT 1   [ RunTime:0.0004s ]
SQL: SELECT SUM(count) AS tp_sum FROM `bs_dongtai` WHERE ( jid="财宝天王" and userid="31" ) LIMIT 1   [ RunTime:0.0005s ]
SQL: SELECT SUM(count) AS tp_sum FROM `bs_dongtai` WHERE ( jid="十福心咒" and userid="31" ) LIMIT 1   [ RunTime:0.0005s ]
SQL: SELECT SUM(count) AS tp_sum FROM `bs_dongtai` WHERE ( jid="莲师心咒" and userid="31" ) LIMIT 1   [ RunTime:0.0004s ]
SQL: SELECT SUM(count) AS tp_sum FROM `bs_dongtai` WHERE ( jid="金刚持心咒" and userid="31" ) LIMIT 1   [ RunTime:0.0004s ]
SQL: SELECT SUM(count) AS tp_sum FROM `bs_dongtai` WHERE ( jid="文殊金刚" and userid="31" ) LIMIT 1   [ RunTime:0.0005s ]
SQL: SELECT SUM(count) AS tp_sum FROM `bs_dongtai` WHERE ( jid="文殊心咒" and userid="31" ) LIMIT 1   [ RunTime:0.0004s ]
SQL: SELECT SUM(count) AS tp_sum FROM `bs_dongtai` WHERE ( jid="九大金刚" and userid="31" ) LIMIT 1   [ RunTime:0.0006s ]
SQL: SELECT SUM(count) AS tp_sum FROM `bs_dongtai` WHERE ( jid="财宝金刚" and userid="31" ) LIMIT 1   [ RunTime:0.0006s ]
SQL: SELECT SUM(count) AS tp_sum FROM `bs_dongtai` WHERE ( jid="黄财神" and userid="31" ) LIMIT 1   [ RunTime:0.0005s ]
SQL: SELECT SUM(count) AS tp_sum FROM `bs_dongtai` WHERE ( jid="度母" and userid="31" ) LIMIT 1   [ RunTime:0.0004s ]
SQL: SELECT SUM(count) AS tp_sum FROM `bs_dongtai` WHERE ( jid="四归一" and userid="31" ) LIMIT 1   [ RunTime:0.0004s ]
SQL: SELECT SUM(count) AS tp_sum FROM `bs_dongtai` WHERE ( jid="供" and userid="31" ) LIMIT 1   [ RunTime:0.0004s ]
SQL: SELECT `level_id` FROM `bs_user` WHERE `id` = 31 LIMIT 1   [ RunTime:0.0003s ]
SQL: SELECT * FROM `bs_jing` LIMIT 19   [ RunTime:0.0004s ]
SQL: SELECT `team_id` FROM `bs_user` WHERE `id` = 31 LIMIT 1   [ RunTime:0.0003s ]
SQL: SELECT SUM(count) AS tp_sum FROM `bs_dongtai` WHERE ( teamid="2" ) LIMIT 1   [ RunTime:0.0004s ]
SQL: SHOW COLUMNS FROM `bs_team` [ RunTime:0.0025s ]
SQL: SELECT `name` FROM `bs_team` WHERE `id` = 2 LIMIT 1   [ RunTime:0.0005s ]
SQL: SELECT SUM(count) AS tp_sum FROM `bs_dongtai` WHERE ( uid='管理员' ) LIMIT 1   [ RunTime:0.0004s ]
SQL: SELECT SUM(count) AS tp_sum FROM `bs_dongtai` WHERE `uid` = '管理员' AND `daytime` = '2017-02-26' LIMIT 1   [ RunTime:0.0007s ]
SQL: SHOW COLUMNS FROM `bs_dongtai` [ RunTime:0.0032s ]
SQL: SELECT * FROM `bs_dongtai` WHERE `uid` = '管理员' AND `daytime` = '2017-02-26'  [ RunTime:0.0005s ]
SQL: SELECT `lastDayTime` FROM `bs_user` WHERE `id` = 31 LIMIT 1   [ RunTime:0.0003s ]
SQL: SELECT `newDayTime` FROM `bs_user` WHERE `id` = 31 LIMIT 1   [ RunTime:0.0003s ]
SQL: SELECT `jianduan` FROM `bs_user` WHERE `id` = 31 LIMIT 1   [ RunTime:0.0003s ]
INFO: [ view_parse ] --START--
INFO: [ template_filter ] --START--
INFO: Run Behavior\ContentReplaceBehavior [ RunTime:0.000232s ]
INFO: [ template_filter ] --END-- [ RunTime:0.000567s ]
NOTIC: [8] Undefined variable: think D:\wamp\www\baoshu\Runtime\Cache\Home\9798e23337d473b60f7889dd48718574.php 第 204 行.
INFO: Run Behavior\ParseTemplateBehavior [ RunTime:0.085242s ]
INFO: [ view_parse ] --END-- [ RunTime:0.085483s ]
INFO: [ view_filter ] --START--
INFO: Run Behavior\WriteHtmlCacheBehavior [ RunTime:0.000454s ]
INFO: [ view_filter ] --END-- [ RunTime:0.000629s ]
INFO: [ app_end ] --START--
INFO: Run Behavior\ShowPageTraceBehavior [ RunTime:0.000774s ]
INFO: [ app_end ] --END-- [ RunTime:0.000943s ]

[ 2017-02-26T20:00:51+08:00 ] 127.0.0.1 /baoshu/index.php/Home/index/count.html
INFO: [ app_init ] --START--
INFO: Run Behavior\BuildLiteBehavior [ RunTime:0.000042s ]
INFO: [ app_init ] --END-- [ RunTime:0.000684s ]
INFO: [ app_begin ] --START--
INFO: Run Behavior\ReadHtmlCacheBehavior [ RunTime:0.001579s ]
INFO: [ app_begin ] --END-- [ RunTime:0.001849s ]
SQL: SHOW COLUMNS FROM `bs_user` [ RunTime:0.0030s ]
SQL: SELECT `name` FROM `bs_user` WHERE `id` = 31 LIMIT 1   [ RunTime:0.0004s ]
SQL: SELECT `img` FROM `bs_user` WHERE `id` = 31 LIMIT 1   [ RunTime:0.0005s ]
SQL: SHOW COLUMNS FROM `bs_gonggao` [ RunTime:0.0047s ]
SQL: SELECT MAX(id) AS tp_max FROM `bs_gonggao` LIMIT 1   [ RunTime:0.0007s ]
SQL: SELECT `content` FROM `bs_gonggao` WHERE `id` = 26 LIMIT 1   [ RunTime:0.0004s ]
SQL: SHOW COLUMNS FROM `bs_jing` [ RunTime:0.0027s ]
SQL: SELECT * FROM `bs_jing`  [ RunTime:0.0005s ]
SQL: SELECT `team_id` FROM `bs_user` WHERE `id` = 31 LIMIT 1   [ RunTime:0.0006s ]
SQL: SHOW COLUMNS FROM `bs_team` [ RunTime:0.0031s ]
SQL: SELECT `name` FROM `bs_team` WHERE `id` = 2 LIMIT 1   [ RunTime:0.0004s ]
SQL: SELECT * FROM `bs_jing` WHERE ( id<9 )  [ RunTime:0.0005s ]
SQL: SHOW COLUMNS FROM `bs_dongtai` [ RunTime:0.0034s ]
SQL: SELECT SUM(count) AS tp_sum FROM `bs_dongtai` WHERE ( jid="上师心咒" and teamid="2" ) LIMIT 1   [ RunTime:0.0005s ]
SQL: SELECT SUM(count) AS tp_sum FROM `bs_dongtai` WHERE ( jid="百字明" and teamid="2" ) LIMIT 1   [ RunTime:0.0004s ]
SQL: SELECT SUM(count) AS tp_sum FROM `bs_dongtai` WHERE ( jid="大头" and teamid="2" ) LIMIT 1   [ RunTime:0.0004s ]
SQL: SELECT SUM(count) AS tp_sum FROM `bs_dongtai` WHERE ( jid="灯供" and teamid="2" ) LIMIT 1   [ RunTime:0.0004s ]
SQL: SELECT SUM(count) AS tp_sum FROM `bs_dongtai` WHERE ( jid="大威德" and teamid="2" ) LIMIT 1   [ RunTime:0.0004s ]
SQL: SELECT SUM(count) AS tp_sum FROM `bs_dongtai` WHERE ( jid="光明佛母" and teamid="2" ) LIMIT 1   [ RunTime:0.0004s ]
SQL: SELECT SUM(count) AS tp_sum FROM `bs_dongtai` WHERE ( jid="大日如来" and teamid="2" ) LIMIT 1   [ RunTime:0.0004s ]
SQL: SELECT SUM(count) AS tp_sum FROM `bs_dongtai` WHERE ( jid="财宝天王" and teamid="2" ) LIMIT 1   [ RunTime:0.0006s ]
SQL: SHOW COLUMNS FROM `bs_user` [ RunTime:0.0031s ]
SQL: SELECT `level_id` FROM `bs_user` WHERE `id` = 31 LIMIT 1   [ RunTime:0.0004s ]
SQL: SHOW COLUMNS FROM `bs_jing` [ RunTime:0.0026s ]
SQL: SELECT MAX(id) AS tp_max FROM `bs_jing` LIMIT 1   [ RunTime:0.0003s ]
SQL: SELECT * FROM `bs_jing` WHERE ( id<="19" )  [ RunTime:0.0005s ]
SQL: SELECT SUM(count) AS tp_sum FROM `bs_dongtai` WHERE ( jid="上师心咒" and userid="31" ) LIMIT 1   [ RunTime:0.0004s ]
SQL: SELECT SUM(count) AS tp_sum FROM `bs_dongtai` WHERE ( jid="百字明" and userid="31" ) LIMIT 1   [ RunTime:0.0004s ]
SQL: SELECT SUM(count) AS tp_sum FROM `bs_dongtai` WHERE ( jid="大头" and userid="31" ) LIMIT 1   [ RunTime:0.0003s ]
SQL: SELECT SUM(count) AS tp_sum FROM `bs_dongtai` WHERE ( jid="灯供" and userid="31" ) LIMIT 1   [ RunTime:0.0003s ]
SQL: SELECT SUM(count) AS tp_sum FROM `bs_dongtai` WHERE ( jid="大威德" and userid="31" ) LIMIT 1   [ RunTime:0.0006s ]
SQL: SELECT SUM(count) AS tp_sum FROM `bs_dongtai` WHERE ( jid="光明佛母" and userid="31" ) LIMIT 1   [ RunTime:0.0007s ]
SQL: SELECT SUM(count) AS tp_sum FROM `bs_dongtai` WHERE ( jid="大日如来" and userid="31" ) LIMIT 1   [ RunTime:0.0006s ]
SQL: SELECT SUM(count) AS tp_sum FROM `bs_dongtai` WHERE ( jid="财宝天王" and userid="31" ) LIMIT 1   [ RunTime:0.0006s ]
SQL: SELECT SUM(count) AS tp_sum FROM `bs_dongtai` WHERE ( jid="十福心咒" and userid="31" ) LIMIT 1   [ RunTime:0.0005s ]
SQL: SELECT SUM(count) AS tp_sum FROM `bs_dongtai` WHERE ( jid="莲师心咒" and userid="31" ) LIMIT 1   [ RunTime:0.0006s ]
SQL: SELECT SUM(count) AS tp_sum FROM `bs_dongtai` WHERE ( jid="金刚持心咒" and userid="31" ) LIMIT 1   [ RunTime:0.0004s ]
SQL: SELECT SUM(count) AS tp_sum FROM `bs_dongtai` WHERE ( jid="文殊金刚" and userid="31" ) LIMIT 1   [ RunTime:0.0004s ]
SQL: SELECT SUM(count) AS tp_sum FROM `bs_dongtai` WHERE ( jid="文殊心咒" and userid="31" ) LIMIT 1   [ RunTime:0.0004s ]
SQL: SELECT SUM(count) AS tp_sum FROM `bs_dongtai` WHERE ( jid="九大金刚" and userid="31" ) LIMIT 1   [ RunTime:0.0003s ]
SQL: SELECT SUM(count) AS tp_sum FROM `bs_dongtai` WHERE ( jid="财宝金刚" and userid="31" ) LIMIT 1   [ RunTime:0.0005s ]
SQL: SELECT SUM(count) AS tp_sum FROM `bs_dongtai` WHERE ( jid="黄财神" and userid="31" ) LIMIT 1   [ RunTime:0.0004s ]
SQL: SELECT SUM(count) AS tp_sum FROM `bs_dongtai` WHERE ( jid="度母" and userid="31" ) LIMIT 1   [ RunTime:0.0003s ]
SQL: SELECT SUM(count) AS tp_sum FROM `bs_dongtai` WHERE ( jid="四归一" and userid="31" ) LIMIT 1   [ RunTime:0.0003s ]
SQL: SELECT SUM(count) AS tp_sum FROM `bs_dongtai` WHERE ( jid="供" and userid="31" ) LIMIT 1   [ RunTime:0.0003s ]
SQL: SELECT `level_id` FROM `bs_user` WHERE `id` = 31 LIMIT 1   [ RunTime:0.0005s ]
SQL: SELECT * FROM `bs_jing` LIMIT 19   [ RunTime:0.0007s ]
SQL: SELECT `team_id` FROM `bs_user` WHERE `id` = 31 LIMIT 1   [ RunTime:0.0003s ]
SQL: SELECT SUM(count) AS tp_sum FROM `bs_dongtai` WHERE ( teamid="2" ) LIMIT 1   [ RunTime:0.0005s ]
SQL: SHOW COLUMNS FROM `bs_team` [ RunTime:0.0029s ]
SQL: SELECT `name` FROM `bs_team` WHERE `id` = 2 LIMIT 1   [ RunTime:0.0003s ]
SQL: SELECT SUM(count) AS tp_sum FROM `bs_dongtai` WHERE ( uid='管理员' ) LIMIT 1   [ RunTime:0.0003s ]
SQL: SELECT SUM(count) AS tp_sum FROM `bs_dongtai` WHERE `uid` = '管理员' AND `daytime` = '2017-02-26' LIMIT 1   [ RunTime:0.0003s ]
SQL: SHOW COLUMNS FROM `bs_dongtai` [ RunTime:0.0030s ]
SQL: SELECT * FROM `bs_dongtai` WHERE `uid` = '管理员' AND `daytime` = '2017-02-26'  [ RunTime:0.0007s ]
SQL: SELECT `lastDayTime` FROM `bs_user` WHERE `id` = 31 LIMIT 1   [ RunTime:0.0006s ]
SQL: SELECT `newDayTime` FROM `bs_user` WHERE `id` = 31 LIMIT 1   [ RunTime:0.0004s ]
SQL: SELECT `jianduan` FROM `bs_user` WHERE `id` = 31 LIMIT 1   [ RunTime:0.0003s ]
SQL: SELECT `team_id` FROM `bs_user` WHERE `id` = 31 LIMIT 1   [ RunTime:0.0002s ]
SQL: INSERT INTO `bs_dongtai` (`uid`,`jid`,`count`,`daytime`,`userid`,`teamid`) VALUES ('管理员','上师心咒','23','2017-02-26','31','2') [ RunTime:0.1053s ]
NOTIC: [8] Undefined index: validate D:\wamp\www\baoshu\ThinkPHP\Library\Think\Model.class.php 第 1185 行.
NOTIC: [8] Undefined index: auto D:\wamp\www\baoshu\ThinkPHP\Library\Think\Model.class.php 第 1128 行.
SQL: UPDATE `bs_user` SET `jianduan`='0',`lastDaytime`='2017-02-26' WHERE ( id='31' ) [ RunTime:0.0648s ]

[ 2017-02-26T20:00:53+08:00 ] 127.0.0.1 /baoshu/index.php/Home/Index/count.html
INFO: [ app_init ] --START--
INFO: Run Behavior\BuildLiteBehavior [ RunTime:0.000043s ]
INFO: [ app_init ] --END-- [ RunTime:0.000729s ]
INFO: [ app_begin ] --START--
INFO: Run Behavior\ReadHtmlCacheBehavior [ RunTime:0.000980s ]
INFO: [ app_begin ] --END-- [ RunTime:0.001232s ]
SQL: SHOW COLUMNS FROM `bs_user` [ RunTime:0.0031s ]
SQL: SELECT `name` FROM `bs_user` WHERE `id` = 31 LIMIT 1   [ RunTime:0.0004s ]
SQL: SELECT `img` FROM `bs_user` WHERE `id` = 31 LIMIT 1   [ RunTime:0.0004s ]
SQL: SHOW COLUMNS FROM `bs_gonggao` [ RunTime:0.0025s ]
SQL: SELECT MAX(id) AS tp_max FROM `bs_gonggao` LIMIT 1   [ RunTime:0.0004s ]
SQL: SELECT `content` FROM `bs_gonggao` WHERE `id` = 26 LIMIT 1   [ RunTime:0.0004s ]
SQL: SHOW COLUMNS FROM `bs_jing` [ RunTime:0.0035s ]
SQL: SELECT * FROM `bs_jing`  [ RunTime:0.0007s ]
SQL: SELECT `team_id` FROM `bs_user` WHERE `id` = 31 LIMIT 1   [ RunTime:0.0004s ]
SQL: SHOW COLUMNS FROM `bs_team` [ RunTime:0.0025s ]
SQL: SELECT `name` FROM `bs_team` WHERE `id` = 2 LIMIT 1   [ RunTime:0.0004s ]
SQL: SELECT * FROM `bs_jing` WHERE ( id<9 )  [ RunTime:0.0004s ]
SQL: SHOW COLUMNS FROM `bs_dongtai` [ RunTime:0.0031s ]
SQL: SELECT SUM(count) AS tp_sum FROM `bs_dongtai` WHERE ( jid="上师心咒" and teamid="2" ) LIMIT 1   [ RunTime:0.0004s ]
SQL: SELECT SUM(count) AS tp_sum FROM `bs_dongtai` WHERE ( jid="百字明" and teamid="2" ) LIMIT 1   [ RunTime:0.0003s ]
SQL: SELECT SUM(count) AS tp_sum FROM `bs_dongtai` WHERE ( jid="大头" and teamid="2" ) LIMIT 1   [ RunTime:0.0006s ]
SQL: SELECT SUM(count) AS tp_sum FROM `bs_dongtai` WHERE ( jid="灯供" and teamid="2" ) LIMIT 1   [ RunTime:0.0007s ]
SQL: SELECT SUM(count) AS tp_sum FROM `bs_dongtai` WHERE ( jid="大威德" and teamid="2" ) LIMIT 1   [ RunTime:0.0004s ]
SQL: SELECT SUM(count) AS tp_sum FROM `bs_dongtai` WHERE ( jid="光明佛母" and teamid="2" ) LIMIT 1   [ RunTime:0.0004s ]
SQL: SELECT SUM(count) AS tp_sum FROM `bs_dongtai` WHERE ( jid="大日如来" and teamid="2" ) LIMIT 1   [ RunTime:0.0003s ]
SQL: SELECT SUM(count) AS tp_sum FROM `bs_dongtai` WHERE ( jid="财宝天王" and teamid="2" ) LIMIT 1   [ RunTime:0.0003s ]
SQL: SHOW COLUMNS FROM `bs_user` [ RunTime:0.0029s ]
SQL: SELECT `level_id` FROM `bs_user` WHERE `id` = 31 LIMIT 1   [ RunTime:0.0003s ]
SQL: SHOW COLUMNS FROM `bs_jing` [ RunTime:0.0027s ]
SQL: SELECT MAX(id) AS tp_max FROM `bs_jing` LIMIT 1   [ RunTime:0.0003s ]
SQL: SELECT * FROM `bs_jing` WHERE ( id<="19" )  [ RunTime:0.0004s ]
SQL: SELECT SUM(count) AS tp_sum FROM `bs_dongtai` WHERE ( jid="上师心咒" and userid="31" ) LIMIT 1   [ RunTime:0.0007s ]
SQL: SELECT SUM(count) AS tp_sum FROM `bs_dongtai` WHERE ( jid="百字明" and userid="31" ) LIMIT 1   [ RunTime:0.0006s ]
SQL: SELECT SUM(count) AS tp_sum FROM `bs_dongtai` WHERE ( jid="大头" and userid="31" ) LIMIT 1   [ RunTime:0.0004s ]
SQL: SELECT SUM(count) AS tp_sum FROM `bs_dongtai` WHERE ( jid="灯供" and userid="31" ) LIMIT 1   [ RunTime:0.0004s ]
SQL: SELECT SUM(count) AS tp_sum FROM `bs_dongtai` WHERE ( jid="大威德" and userid="31" ) LIMIT 1   [ RunTime:0.0003s ]
SQL: SELECT SUM(count) AS tp_sum FROM `bs_dongtai` WHERE ( jid="光明佛母" and userid="31" ) LIMIT 1   [ RunTime:0.0003s ]
SQL: SELECT SUM(count) AS tp_sum FROM `bs_dongtai` WHERE ( jid="大日如来" and userid="31" ) LIMIT 1   [ RunTime:0.0003s ]
SQL: SELECT SUM(count) AS tp_sum FROM `bs_dongtai` WHERE ( jid="财宝天王" and userid="31" ) LIMIT 1   [ RunTime:0.0003s ]
SQL: SELECT SUM(count) AS tp_sum FROM `bs_dongtai` WHERE ( jid="十福心咒" and userid="31" ) LIMIT 1   [ RunTime:0.0003s ]
SQL: SELECT SUM(count) AS tp_sum FROM `bs_dongtai` WHERE ( jid="莲师心咒" and userid="31" ) LIMIT 1   [ RunTime:0.0003s ]
SQL: SELECT SUM(count) AS tp_sum FROM `bs_dongtai` WHERE ( jid="金刚持心咒" and userid="31" ) LIMIT 1   [ RunTime:0.0003s ]
SQL: SELECT SUM(count) AS tp_sum FROM `bs_dongtai` WHERE ( jid="文殊金刚" and userid="31" ) LIMIT 1   [ RunTime:0.0003s ]
SQL: SELECT SUM(count) AS tp_sum FROM `bs_dongtai` WHERE ( jid="文殊心咒" and userid="31" ) LIMIT 1   [ RunTime:0.0007s ]
SQL: SELECT SUM(count) AS tp_sum FROM `bs_dongtai` WHERE ( jid="九大金刚" and userid="31" ) LIMIT 1   [ RunTime:0.0004s ]
SQL: SELECT SUM(count) AS tp_sum FROM `bs_dongtai` WHERE ( jid="财宝金刚" and userid="31" ) LIMIT 1   [ RunTime:0.0004s ]
SQL: SELECT SUM(count) AS tp_sum FROM `bs_dongtai` WHERE ( jid="黄财神" and userid="31" ) LIMIT 1   [ RunTime:0.0004s ]
SQL: SELECT SUM(count) AS tp_sum FROM `bs_dongtai` WHERE ( jid="度母" and userid="31" ) LIMIT 1   [ RunTime:0.0005s ]
SQL: SELECT SUM(count) AS tp_sum FROM `bs_dongtai` WHERE ( jid="四归一" and userid="31" ) LIMIT 1   [ RunTime:0.0006s ]
SQL: SELECT SUM(count) AS tp_sum FROM `bs_dongtai` WHERE ( jid="供" and userid="31" ) LIMIT 1   [ RunTime:0.0005s ]
SQL: SELECT `level_id` FROM `bs_user` WHERE `id` = 31 LIMIT 1   [ RunTime:0.0003s ]
SQL: SELECT * FROM `bs_jing` LIMIT 19   [ RunTime:0.0004s ]
SQL: SELECT `team_id` FROM `bs_user` WHERE `id` = 31 LIMIT 1   [ RunTime:0.0002s ]
SQL: SELECT SUM(count) AS tp_sum FROM `bs_dongtai` WHERE ( teamid="2" ) LIMIT 1   [ RunTime:0.0003s ]
SQL: SHOW COLUMNS FROM `bs_team` [ RunTime:0.0027s ]
SQL: SELECT `name` FROM `bs_team` WHERE `id` = 2 LIMIT 1   [ RunTime:0.0004s ]
SQL: SELECT SUM(count) AS tp_sum FROM `bs_dongtai` WHERE ( uid='管理员' ) LIMIT 1   [ RunTime:0.0004s ]
SQL: SELECT SUM(count) AS tp_sum FROM `bs_dongtai` WHERE `uid` = '管理员' AND `daytime` = '2017-02-26' LIMIT 1   [ RunTime:0.0003s ]
SQL: SHOW COLUMNS FROM `bs_dongtai` [ RunTime:0.0031s ]
SQL: SELECT * FROM `bs_dongtai` WHERE `uid` = '管理员' AND `daytime` = '2017-02-26'  [ RunTime:0.0006s ]
SQL: SELECT `lastDayTime` FROM `bs_user` WHERE `id` = 31 LIMIT 1   [ RunTime:0.0003s ]
SQL: SELECT `newDayTime` FROM `bs_user` WHERE `id` = 31 LIMIT 1   [ RunTime:0.0006s ]
SQL: SELECT `jianduan` FROM `bs_user` WHERE `id` = 31 LIMIT 1   [ RunTime:0.0007s ]
SQL: SELECT `jianduan` FROM `bs_user` WHERE `id` = 31 LIMIT 1   [ RunTime:0.0003s ]
INFO: [ view_parse ] --START--
INFO: [ template_filter ] --START--
INFO: Run Behavior\ContentReplaceBehavior [ RunTime:0.000219s ]
INFO: [ template_filter ] --END-- [ RunTime:0.000412s ]
NOTIC: [8] Undefined variable: think D:\wamp\www\baoshu\Runtime\Cache\Home\9798e23337d473b60f7889dd48718574.php 第 204 行.
INFO: Run Behavior\ParseTemplateBehavior [ RunTime:0.036150s ]
INFO: [ view_parse ] --END-- [ RunTime:0.036342s ]
INFO: [ view_filter ] --START--
INFO: Run Behavior\WriteHtmlCacheBehavior [ RunTime:0.000403s ]
INFO: [ view_filter ] --END-- [ RunTime:0.000567s ]
INFO: [ app_end ] --START--
INFO: Run Behavior\ShowPageTraceBehavior [ RunTime:0.000775s ]
INFO: [ app_end ] --END-- [ RunTime:0.000946s ]

[ 2017-02-26T20:00:55+08:00 ] 127.0.0.1 /baoshu/index.php/Home/index/dongtai.html
INFO: [ app_init ] --START--
INFO: Run Behavior\BuildLiteBehavior [ RunTime:0.000042s ]
INFO: [ app_init ] --END-- [ RunTime:0.000627s ]
INFO: [ app_begin ] --START--
INFO: Run Behavior\ReadHtmlCacheBehavior [ RunTime:0.000773s ]
INFO: [ app_begin ] --END-- [ RunTime:0.000958s ]
SQL: SHOW COLUMNS FROM `bs_user` [ RunTime:0.0040s ]
SQL: SELECT `name` FROM `bs_user` WHERE `id` = 31 LIMIT 1   [ RunTime:0.0008s ]
SQL: SELECT `img` FROM `bs_user` WHERE `id` = 31 LIMIT 1   [ RunTime:0.0004s ]
SQL: SHOW COLUMNS FROM `bs_gonggao` [ RunTime:0.0028s ]
SQL: SELECT MAX(id) AS tp_max FROM `bs_gonggao` LIMIT 1   [ RunTime:0.0003s ]
SQL: SELECT `content` FROM `bs_gonggao` WHERE `id` = 26 LIMIT 1   [ RunTime:0.0003s ]
SQL: SHOW COLUMNS FROM `bs_user` [ RunTime:0.0030s ]
SQL: SELECT `team_id` FROM `bs_user` WHERE `id` = 31 LIMIT 1   [ RunTime:0.0005s ]
SQL: SHOW COLUMNS FROM `bs_dongtai` [ RunTime:0.0027s ]
SQL: SELECT * FROM `bs_dongtai` WHERE `daytime` = '2017-02-26' AND `teamid` = 2 ORDER BY did desc  [ RunTime:0.0009s ]
INFO: [ view_parse ] --START--
INFO: [ template_filter ] --START--
INFO: Run Behavior\ContentReplaceBehavior [ RunTime:0.000148s ]
INFO: [ template_filter ] --END-- [ RunTime:0.000379s ]
INFO: Run Behavior\ParseTemplateBehavior [ RunTime:0.018962s ]
INFO: [ view_parse ] --END-- [ RunTime:0.019161s ]
INFO: [ view_filter ] --START--
INFO: Run Behavior\WriteHtmlCacheBehavior [ RunTime:0.000384s ]
INFO: [ view_filter ] --END-- [ RunTime:0.000549s ]
INFO: [ app_end ] --START--
INFO: Run Behavior\ShowPageTraceBehavior [ RunTime:0.000775s ]
INFO: [ app_end ] --END-- [ RunTime:0.000947s ]

