[ 2016-11-12T11:08:26+08:00 ] 211.137.13.86 /index.php/Admin/Admin/index.html
INFO: [ app_init ] --START--
INFO: Run Behavior\BuildLiteBehavior [ RunTime:0.000000s ]
INFO: [ app_init ] --END-- [ RunTime:0.000000s ]
INFO: [ app_begin ] --START--
INFO: Run Behavior\ReadHtmlCacheBehavior [ RunTime:0.000000s ]
INFO: [ app_begin ] --END-- [ RunTime:0.000000s ]

[ 2016-11-12T11:08:26+08:00 ] 211.137.13.86 /index.php/Admin/Manage/login.html
INFO: [ app_init ] --START--
INFO: Run Behavior\BuildLiteBehavior [ RunTime:0.000000s ]
INFO: [ app_init ] --END-- [ RunTime:0.000000s ]
INFO: [ app_begin ] --START--
INFO: Run Behavior\ReadHtmlCacheBehavior [ RunTime:0.000000s ]
INFO: [ app_begin ] --END-- [ RunTime:0.000000s ]
INFO: [ view_parse ] --START--
INFO: [ template_filter ] --START--
INFO: Run Behavior\ContentReplaceBehavior [ RunTime:0.000000s ]
INFO: [ template_filter ] --END-- [ RunTime:0.000000s ]
NOTIC: [8] Undefined variable: think D:\www\mind\Runtime\Cache\Admin\8bf5cf33f1344337a13a2f1279036828.php 第 26 行.
INFO: Run Behavior\ParseTemplateBehavior [ RunTime:0.046800s ]
INFO: [ view_parse ] --END-- [ RunTime:0.046800s ]
INFO: [ view_filter ] --START--
INFO: Run Behavior\WriteHtmlCacheBehavior [ RunTime:0.000000s ]
INFO: [ view_filter ] --END-- [ RunTime:0.000000s ]
INFO: [ app_end ] --START--
INFO: Run Behavior\ShowPageTraceBehavior [ RunTime:0.000000s ]
INFO: [ app_end ] --END-- [ RunTime:0.000000s ]

[ 2016-11-12T11:08:47+08:00 ] 211.137.13.86 /index.php/Admin/Manage/login.html
INFO: [ app_init ] --START--
INFO: Run Behavior\BuildLiteBehavior [ RunTime:0.000000s ]
INFO: [ app_init ] --END-- [ RunTime:0.000000s ]
INFO: [ app_begin ] --START--
INFO: Run Behavior\ReadHtmlCacheBehavior [ RunTime:0.000000s ]
INFO: [ app_begin ] --END-- [ RunTime:0.000000s ]
SQL: SHOW COLUMNS FROM `hw_manage` [ RunTime:0.0000s ]
SQL: SELECT * FROM `hw_manage` WHERE `name` = 'admin' LIMIT 1   [ RunTime:0.0000s ]

[ 2016-11-12T11:08:47+08:00 ] 211.137.13.86 /index.php/Admin/Admin/index.html
INFO: [ app_init ] --START--
INFO: Run Behavior\BuildLiteBehavior [ RunTime:0.000000s ]
INFO: [ app_init ] --END-- [ RunTime:0.000000s ]
INFO: [ app_begin ] --START--
INFO: Run Behavior\ReadHtmlCacheBehavior [ RunTime:0.000000s ]
INFO: [ app_begin ] --END-- [ RunTime:0.000000s ]
SQL: SHOW COLUMNS FROM `hw_top` [ RunTime:0.0000s ]
SQL: SELECT * FROM `hw_top`  [ RunTime:0.0000s ]
SQL: SHOW COLUMNS FROM `hw_footer` [ RunTime:0.0156s ]
SQL: SELECT * FROM `hw_footer`  [ RunTime:0.0000s ]
SQL: SHOW COLUMNS FROM `hw_youlian` [ RunTime:0.0156s ]
SQL: SELECT * FROM `hw_youlian`  [ RunTime:0.0000s ]
SQL: SHOW COLUMNS FROM `hw_cate` [ RunTime:0.0000s ]
SQL: SELECT * FROM `hw_cate` ORDER BY sort ASC  [ RunTime:0.0000s ]
SQL: SHOW COLUMNS FROM `hw_banner` [ RunTime:0.0000s ]
SQL: SELECT * FROM `hw_banner`  [ RunTime:0.0000s ]
SQL: SHOW COLUMNS FROM `hw_bnews` [ RunTime:0.0156s ]
SQL: SELECT * FROM `hw_bnews`  [ RunTime:0.0000s ]
SQL: SHOW COLUMNS FROM `hw_expert` [ RunTime:0.0156s ]
SQL: SELECT * FROM `hw_expert`  [ RunTime:0.0000s ]
SQL: SHOW COLUMNS FROM `hw_aboutus` [ RunTime:0.0000s ]
SQL: SELECT * FROM `hw_aboutus`  [ RunTime:0.0000s ]
SQL: SHOW COLUMNS FROM `hw_service` [ RunTime:0.0156s ]
SQL: SELECT * FROM `hw_service`  [ RunTime:0.0000s ]
SQL: SHOW COLUMNS FROM `hw_judge` [ RunTime:0.0156s ]
SQL: SELECT * FROM `hw_judge`  [ RunTime:0.0000s ]
SQL: SHOW COLUMNS FROM `hw_judgebg` [ RunTime:0.0000s ]
SQL: SELECT * FROM `hw_judgebg`  [ RunTime:0.0000s ]
SQL: SHOW COLUMNS FROM `hw_message` [ RunTime:0.0156s ]
SQL: SELECT COUNT(*) AS tp_count FROM `hw_message` LIMIT 1   [ RunTime:0.0000s ]
SQL: SELECT * FROM `hw_message` ORDER BY time desc LIMIT 0,5   [ RunTime:0.0000s ]
SQL: SHOW COLUMNS FROM `hw_topic` [ RunTime:0.0156s ]
SQL: SELECT * FROM `hw_topic`  [ RunTime:0.0000s ]
SQL: SHOW COLUMNS FROM `hw_psy` [ RunTime:0.0000s ]
SQL: SELECT * FROM `hw_psy`  [ RunTime:0.0156s ]
SQL: SHOW COLUMNS FROM `hw_mpthree` [ RunTime:0.0000s ]
SQL: SELECT * FROM `hw_mpthree`  [ RunTime:0.0000s ]
SQL: SHOW COLUMNS FROM `hw_ipass` [ RunTime:0.0156s ]
SQL: SELECT * FROM `hw_ipass`  [ RunTime:0.0000s ]
SQL: SHOW COLUMNS FROM `hw_machine` [ RunTime:0.0156s ]
SQL: SELECT * FROM `hw_machine`  [ RunTime:0.0000s ]
SQL: SHOW COLUMNS FROM `hw_contactus` [ RunTime:0.0000s ]
SQL: SELECT * FROM `hw_contactus`  [ RunTime:0.0000s ]
INFO: [ view_parse ] --START--
INFO: [ template_filter ] --START--
INFO: Run Behavior\ContentReplaceBehavior [ RunTime:0.000000s ]
INFO: [ template_filter ] --END-- [ RunTime:0.000000s ]
INFO: Run Behavior\ParseTemplateBehavior [ RunTime:0.093600s ]
INFO: [ view_parse ] --END-- [ RunTime:0.093600s ]
INFO: [ view_filter ] --START--
INFO: Run Behavior\WriteHtmlCacheBehavior [ RunTime:0.000000s ]
INFO: [ view_filter ] --END-- [ RunTime:0.000000s ]
INFO: [ app_end ] --START--
INFO: Run Behavior\ShowPageTraceBehavior [ RunTime:0.000000s ]
INFO: [ app_end ] --END-- [ RunTime:0.000000s ]

[ 2016-11-12T11:09:01+08:00 ] 211.137.13.86 /index.php/Admin/Admin/newst.html
INFO: [ app_init ] --START--
INFO: Run Behavior\BuildLiteBehavior [ RunTime:0.000000s ]
INFO: [ app_init ] --END-- [ RunTime:0.000000s ]
INFO: [ app_begin ] --START--
INFO: Run Behavior\ReadHtmlCacheBehavior [ RunTime:0.000000s ]
INFO: [ app_begin ] --END-- [ RunTime:0.000000s ]
SQL: SHOW COLUMNS FROM `hw_newsbg` [ RunTime:0.0000s ]
SQL: SELECT * FROM `hw_newsbg` WHERE ( id=2 )  [ RunTime:0.0000s ]
SQL: SHOW COLUMNS FROM `hw_newst` [ RunTime:0.0156s ]
SQL: SELECT COUNT(*) AS tp_count FROM `hw_newst` LIMIT 1   [ RunTime:0.0000s ]
SQL: SELECT * FROM `hw_newst` ORDER BY time desc LIMIT 0,10   [ RunTime:0.0156s ]
INFO: [ view_parse ] --START--
INFO: [ template_filter ] --START--
INFO: Run Behavior\ContentReplaceBehavior [ RunTime:0.000000s ]
INFO: [ template_filter ] --END-- [ RunTime:0.000000s ]
INFO: Run Behavior\ParseTemplateBehavior [ RunTime:0.015600s ]
INFO: [ view_parse ] --END-- [ RunTime:0.015600s ]
INFO: [ view_filter ] --START--
INFO: Run Behavior\WriteHtmlCacheBehavior [ RunTime:0.000000s ]
INFO: [ view_filter ] --END-- [ RunTime:0.000000s ]
INFO: [ app_end ] --START--
INFO: Run Behavior\ShowPageTraceBehavior [ RunTime:0.000000s ]
INFO: [ app_end ] --END-- [ RunTime:0.000000s ]

[ 2016-11-12T11:09:03+08:00 ] 211.137.13.86 /index.php/Admin/Admin/newst.html
INFO: [ app_init ] --START--
INFO: Run Behavior\BuildLiteBehavior [ RunTime:0.000000s ]
INFO: [ app_init ] --END-- [ RunTime:0.000000s ]
INFO: [ app_begin ] --START--
INFO: Run Behavior\ReadHtmlCacheBehavior [ RunTime:0.015600s ]
INFO: [ app_begin ] --END-- [ RunTime:0.015600s ]
SQL: SHOW COLUMNS FROM `hw_newsbg` [ RunTime:0.0000s ]
SQL: SELECT * FROM `hw_newsbg` WHERE ( id=2 )  [ RunTime:0.0000s ]
SQL: SHOW COLUMNS FROM `hw_newst` [ RunTime:0.0156s ]
SQL: SELECT COUNT(*) AS tp_count FROM `hw_newst` LIMIT 1   [ RunTime:0.0000s ]
SQL: SELECT * FROM `hw_newst` ORDER BY time desc LIMIT 0,10   [ RunTime:0.0000s ]
INFO: [ view_parse ] --START--
INFO: [ template_filter ] --START--
INFO: Run Behavior\ContentReplaceBehavior [ RunTime:0.000000s ]
INFO: [ template_filter ] --END-- [ RunTime:0.000000s ]
INFO: Run Behavior\ParseTemplateBehavior [ RunTime:0.031200s ]
INFO: [ view_parse ] --END-- [ RunTime:0.031200s ]
INFO: [ view_filter ] --START--
INFO: Run Behavior\WriteHtmlCacheBehavior [ RunTime:0.000000s ]
INFO: [ view_filter ] --END-- [ RunTime:0.000000s ]
INFO: [ app_end ] --START--
INFO: Run Behavior\ShowPageTraceBehavior [ RunTime:0.000000s ]
INFO: [ app_end ] --END-- [ RunTime:0.000000s ]

[ 2016-11-12T11:09:08+08:00 ] 211.137.13.86 /index.php/Admin/Admin/news.html
INFO: [ app_init ] --START--
INFO: Run Behavior\BuildLiteBehavior [ RunTime:0.000000s ]
INFO: [ app_init ] --END-- [ RunTime:0.000000s ]
INFO: [ app_begin ] --START--
INFO: Run Behavior\ReadHtmlCacheBehavior [ RunTime:0.015600s ]
INFO: [ app_begin ] --END-- [ RunTime:0.015600s ]
SQL: SHOW COLUMNS FROM `hw_newsbg` [ RunTime:0.0000s ]
SQL: SELECT * FROM `hw_newsbg` WHERE ( id=1 )  [ RunTime:0.0000s ]
SQL: SHOW COLUMNS FROM `hw_news` [ RunTime:0.0156s ]
SQL: SELECT COUNT(*) AS tp_count FROM `hw_news` LIMIT 1   [ RunTime:0.0000s ]
SQL: SELECT * FROM `hw_news` ORDER BY time desc LIMIT 0,10   [ RunTime:0.0000s ]
INFO: [ view_parse ] --START--
INFO: [ template_filter ] --START--
INFO: Run Behavior\ContentReplaceBehavior [ RunTime:0.000000s ]
INFO: [ template_filter ] --END-- [ RunTime:0.000000s ]
INFO: Run Behavior\ParseTemplateBehavior [ RunTime:0.015600s ]
INFO: [ view_parse ] --END-- [ RunTime:0.015600s ]
INFO: [ view_filter ] --START--
INFO: Run Behavior\WriteHtmlCacheBehavior [ RunTime:0.000000s ]
INFO: [ view_filter ] --END-- [ RunTime:0.000000s ]
INFO: [ app_end ] --START--
INFO: Run Behavior\ShowPageTraceBehavior [ RunTime:0.000000s ]
INFO: [ app_end ] --END-- [ RunTime:0.000000s ]

[ 2016-11-12T11:09:16+08:00 ] 211.137.13.86 /index.php/Admin/Admin/addhnews.html
INFO: [ app_init ] --START--
INFO: Run Behavior\BuildLiteBehavior [ RunTime:0.000000s ]
INFO: [ app_init ] --END-- [ RunTime:0.000000s ]
INFO: [ app_begin ] --START--
INFO: Run Behavior\ReadHtmlCacheBehavior [ RunTime:0.000000s ]
INFO: [ app_begin ] --END-- [ RunTime:0.000000s ]
SQL: SHOW COLUMNS FROM `hw_news` [ RunTime:0.0000s ]
INFO: [ view_parse ] --START--
INFO: [ template_filter ] --START--
INFO: Run Behavior\ContentReplaceBehavior [ RunTime:0.000000s ]
INFO: [ template_filter ] --END-- [ RunTime:0.000000s ]
NOTIC: [8] Undefined variable: think D:\www\mind\Runtime\Cache\Admin\132b321d3cc2869384a133237eb4922f.php 第 26 行.
INFO: Run Behavior\ParseTemplateBehavior [ RunTime:0.015600s ]
INFO: [ view_parse ] --END-- [ RunTime:0.015600s ]
INFO: [ view_filter ] --START--
INFO: Run Behavior\WriteHtmlCacheBehavior [ RunTime:0.000000s ]
INFO: [ view_filter ] --END-- [ RunTime:0.000000s ]
INFO: [ app_end ] --START--
INFO: Run Behavior\ShowPageTraceBehavior [ RunTime:0.000000s ]
INFO: [ app_end ] --END-- [ RunTime:0.000000s ]

[ 2016-11-12T11:13:35+08:00 ] 211.137.13.86 /index.php/Admin/Admin/addhnews.html
INFO: [ app_init ] --START--
INFO: Run Behavior\BuildLiteBehavior [ RunTime:0.000000s ]
INFO: [ app_init ] --END-- [ RunTime:0.000000s ]
INFO: [ app_begin ] --START--
INFO: Run Behavior\ReadHtmlCacheBehavior [ RunTime:0.000000s ]
INFO: [ app_begin ] --END-- [ RunTime:0.000000s ]
SQL: SHOW COLUMNS FROM `hw_news` [ RunTime:0.0000s ]
NOTIC: [2] call_user_func() expects parameter 1 to be a valid callback, no array or string given D:\www\mind\ThinkPHP\Library\Think\Upload.class.php 第 170 行.
SQL: INSERT INTO `hw_news` (`title`,`intro`,`content`,`cover`,`time`) VALUES ('1109，i.p.a.s.s这场活动很特别','“这次的活动让我感触很深”，瀚威心理i.p.a.s.s项目一位助教老师这样说。','&lt;p style=&quot;text-indent: 2em; line-height: 2em;&quot;&gt;&lt;span style=&quot;font-size: 16px; font-family: 微软雅黑, &amp;#39;Microsoft YaHei&amp;#39;;&quot;&gt;“这次的活动让我感触很深”，瀚威心理i.p.a.s.s项目一位助教老师这样说。&lt;/span&gt;&lt;/p&gt;&lt;p style=&quot;text-indent: 2em; line-height: 2em;&quot;&gt;&lt;span style=&quot;font-size: 16px; font-family: 微软雅黑, &amp;#39;Microsoft YaHei&amp;#39;;&quot;&gt;2016年11月9日，瀚威心理i.p.a.s.s——爱·自己项目在沈阳市沈河区二经街第三小学的第二场团队训练活动如期举行。&lt;/span&gt;&lt;/p&gt;&lt;p style=&quot;text-indent: 2em; line-height: 2em;&quot;&gt;&lt;span style=&quot;font-size: 16px; font-family: 微软雅黑, &amp;#39;Microsoft YaHei&amp;#39;;&quot;&gt;由瀚威心理的助教老师带领孩子们做团队建设游戏，将小朋友分成三组，大家互相讨论自己的团队名称及竞争口号，并进行团队PK。&lt;/span&gt;&lt;/p&gt;&lt;p style=&quot;text-indent: 2em; line-height: 2em;&quot;&gt;&lt;span style=&quot;font-size: 16px; font-family: 微软雅黑, &amp;#39;Microsoft YaHei&amp;#39;;&quot;&gt;值得一提的是，在一组只由队员参加而失败则要由队长受处罚的活动中，一位女同学因为自己的失误导致队长受罚，队长接受处罚的时候，她偷偷的掉下了眼泪。小朋友的心灵是纯洁且脆弱的？她的心里在想什么？因为愧疚？因为自己的失误让不相干的人受罚？还是因为怕自己受到别的同学的排挤而感到难过？亦或是那小小身体里爆发出的强大的集体荣誉感，这很值得我们关注。&lt;/span&gt;&lt;/p&gt;&lt;p style=&quot;text-indent: 2em; line-height: 2em;&quot;&gt;&lt;span style=&quot;font-size: 16px; font-family: 微软雅黑, &amp;#39;Microsoft YaHei&amp;#39;;&quot;&gt;与孩子们的单纯世界对比，我们大人有时常常自愧不如，被社会这个大染&lt;/span&gt;&lt;span style=&quot;font-family: 微软雅黑, &amp;#39;Microsoft YaHei&amp;#39;; line-height: 2em; text-indent: 2em;&quot;&gt;缸所沾染的不为他人考虑的自私恶习很多人都有。&lt;/span&gt;&lt;/p&gt;&lt;p style=&quot;white-space: normal; text-indent: 2em; line-height: 2em;&quot;&gt;&lt;span style=&quot;font-family: 微软雅黑, &amp;#39;Microsoft YaHei&amp;#39;;&quot;&gt;而孩子此时的泪水，是最纯净的，我们可以甚至应该去放大孩子的每一个行为，关注他们每一次的情感变化，因为那才是人性使然，是起源于没有任何杂念的纯粹感受而做出的直观反映。&lt;/span&gt;&lt;/p&gt;&lt;p style=&quot;white-space: normal;&quot;&gt;&lt;br/&gt;&lt;/p&gt;&lt;p style=&quot;white-space: normal; text-indent: 2em; line-height: 2em;&quot;&gt;&lt;span style=&quot;font-family: 微软雅黑, &amp;#39;Microsoft YaHei&amp;#39;;&quot;&gt;活动即将结束的交流互动中，在瀚威心理助教老师的协助下，小朋友们分享了他们的心得。i.p.a.s.s项目本次活动的主要目的——使各团队明白队长的责任，认可队长，同时增强各个团队的凝聚力基本达到。让我们共同期待下一期活动，关注孩子的变化与成长，关注孩子心理健康建设，瀚威心理i.p.a.s.s一直在行动！&lt;/span&gt;&lt;/p&gt;&lt;p style=&quot;text-indent: 2em; line-height: 2em;&quot;&gt;&lt;span style=&quot;font-size: 16px; font-family: 微软雅黑, &amp;#39;Microsoft YaHei&amp;#39;;&quot;&gt;&lt;/span&gt;&lt;br/&gt;&lt;/p&gt;&lt;p style=&quot;text-align: center;&quot;&gt;&lt;img src=&quot;/hanwei/hw/Public/Upload/20161112/2016-11-12_137318_1.jpg&quot; title=&quot;2016-11-12_137318_1.jpg&quot;/&gt;&lt;img src=&quot;/hanwei/hw/Public/Upload/20161112/2016-11-12_990548_6.jpg&quot; title=&quot;2016-11-12_990548_6.jpg&quot;/&gt;&lt;/p&gt;&lt;p style=&quot;text-align: center;&quot;&gt;&lt;img src=&quot;/hanwei/hw/Public/Upload/20161112/2016-11-12_106563_IMG_1751.jpg&quot; title=&quot;2016-11-12_106563_IMG_1751.jpg&quot;/&gt;&lt;/p&gt;&lt;p style=&quot;text-align: center;&quot;&gt;&lt;img src=&quot;/hanwei/hw/Public/Upload/20161112/2016-11-12_558724_4.jpg&quot; title=&quot;2016-11-12_558724_4.jpg&quot;/&gt;&lt;/p&gt;&lt;p&gt;&lt;br/&gt;&lt;/p&gt;&lt;p&gt;&lt;br/&gt;&lt;/p&gt;','Upload/2016-11-12/582688df0c0fd.jpg','2016-11-12 11:13:35') [ RunTime:0.0000s ]

[ 2016-11-12T11:13:35+08:00 ] 211.137.13.86 /index.php/Admin/Admin/addhnews.html
INFO: [ app_init ] --START--
INFO: Run Behavior\BuildLiteBehavior [ RunTime:0.000000s ]
INFO: [ app_init ] --END-- [ RunTime:0.000000s ]
INFO: [ app_begin ] --START--
INFO: Run Behavior\ReadHtmlCacheBehavior [ RunTime:0.000000s ]
INFO: [ app_begin ] --END-- [ RunTime:0.000000s ]
SQL: SHOW COLUMNS FROM `hw_news` [ RunTime:0.0156s ]
NOTIC: [2] call_user_func() expects parameter 1 to be a valid callback, no array or string given D:\www\mind\ThinkPHP\Library\Think\Upload.class.php 第 170 行.
SQL: INSERT INTO `hw_news` (`title`,`intro`,`content`,`cover`,`time`) VALUES ('1109，i.p.a.s.s这场活动很特别','“这次的活动让我感触很深”，瀚威心理i.p.a.s.s项目一位助教老师这样说。','&lt;p style=&quot;text-indent: 2em; line-height: 2em;&quot;&gt;&lt;span style=&quot;font-size: 16px; font-family: 微软雅黑, &amp;#39;Microsoft YaHei&amp;#39;;&quot;&gt;“这次的活动让我感触很深”，瀚威心理i.p.a.s.s项目一位助教老师这样说。&lt;/span&gt;&lt;/p&gt;&lt;p style=&quot;text-indent: 2em; line-height: 2em;&quot;&gt;&lt;span style=&quot;font-size: 16px; font-family: 微软雅黑, &amp;#39;Microsoft YaHei&amp;#39;;&quot;&gt;2016年11月9日，瀚威心理i.p.a.s.s——爱·自己项目在沈阳市沈河区二经街第三小学的第二场团队训练活动如期举行。&lt;/span&gt;&lt;/p&gt;&lt;p style=&quot;text-indent: 2em; line-height: 2em;&quot;&gt;&lt;span style=&quot;font-size: 16px; font-family: 微软雅黑, &amp;#39;Microsoft YaHei&amp;#39;;&quot;&gt;由瀚威心理的助教老师带领孩子们做团队建设游戏，将小朋友分成三组，大家互相讨论自己的团队名称及竞争口号，并进行团队PK。&lt;/span&gt;&lt;/p&gt;&lt;p style=&quot;text-indent: 2em; line-height: 2em;&quot;&gt;&lt;span style=&quot;font-size: 16px; font-family: 微软雅黑, &amp;#39;Microsoft YaHei&amp;#39;;&quot;&gt;值得一提的是，在一组只由队员参加而失败则要由队长受处罚的活动中，一位女同学因为自己的失误导致队长受罚，队长接受处罚的时候，她偷偷的掉下了眼泪。小朋友的心灵是纯洁且脆弱的？她的心里在想什么？因为愧疚？因为自己的失误让不相干的人受罚？还是因为怕自己受到别的同学的排挤而感到难过？亦或是那小小身体里爆发出的强大的集体荣誉感，这很值得我们关注。&lt;/span&gt;&lt;/p&gt;&lt;p style=&quot;text-indent: 2em; line-height: 2em;&quot;&gt;&lt;span style=&quot;font-size: 16px; font-family: 微软雅黑, &amp;#39;Microsoft YaHei&amp;#39;;&quot;&gt;与孩子们的单纯世界对比，我们大人有时常常自愧不如，被社会这个大染&lt;/span&gt;&lt;span style=&quot;font-family: 微软雅黑, &amp;#39;Microsoft YaHei&amp;#39;; line-height: 2em; text-indent: 2em;&quot;&gt;缸所沾染的不为他人考虑的自私恶习很多人都有。&lt;/span&gt;&lt;/p&gt;&lt;p style=&quot;white-space: normal; text-indent: 2em; line-height: 2em;&quot;&gt;&lt;span style=&quot;font-family: 微软雅黑, &amp;#39;Microsoft YaHei&amp;#39;;&quot;&gt;而孩子此时的泪水，是最纯净的，我们可以甚至应该去放大孩子的每一个行为，关注他们每一次的情感变化，因为那才是人性使然，是起源于没有任何杂念的纯粹感受而做出的直观反映。&lt;/span&gt;&lt;/p&gt;&lt;p style=&quot;white-space: normal;&quot;&gt;&lt;br/&gt;&lt;/p&gt;&lt;p style=&quot;white-space: normal; text-indent: 2em; line-height: 2em;&quot;&gt;&lt;span style=&quot;font-family: 微软雅黑, &amp;#39;Microsoft YaHei&amp;#39;;&quot;&gt;活动即将结束的交流互动中，在瀚威心理助教老师的协助下，小朋友们分享了他们的心得。i.p.a.s.s项目本次活动的主要目的——使各团队明白队长的责任，认可队长，同时增强各个团队的凝聚力基本达到。让我们共同期待下一期活动，关注孩子的变化与成长，关注孩子心理健康建设，瀚威心理i.p.a.s.s一直在行动！&lt;/span&gt;&lt;/p&gt;&lt;p style=&quot;text-indent: 2em; line-height: 2em;&quot;&gt;&lt;span style=&quot;font-size: 16px; font-family: 微软雅黑, &amp;#39;Microsoft YaHei&amp;#39;;&quot;&gt;&lt;/span&gt;&lt;br/&gt;&lt;/p&gt;&lt;p style=&quot;text-align: center;&quot;&gt;&lt;img src=&quot;/hanwei/hw/Public/Upload/20161112/2016-11-12_137318_1.jpg&quot; title=&quot;2016-11-12_137318_1.jpg&quot;/&gt;&lt;img src=&quot;/hanwei/hw/Public/Upload/20161112/2016-11-12_990548_6.jpg&quot; title=&quot;2016-11-12_990548_6.jpg&quot;/&gt;&lt;/p&gt;&lt;p style=&quot;text-align: center;&quot;&gt;&lt;img src=&quot;/hanwei/hw/Public/Upload/20161112/2016-11-12_106563_IMG_1751.jpg&quot; title=&quot;2016-11-12_106563_IMG_1751.jpg&quot;/&gt;&lt;/p&gt;&lt;p style=&quot;text-align: center;&quot;&gt;&lt;img src=&quot;/hanwei/hw/Public/Upload/20161112/2016-11-12_558724_4.jpg&quot; title=&quot;2016-11-12_558724_4.jpg&quot;/&gt;&lt;/p&gt;&lt;p&gt;&lt;br/&gt;&lt;/p&gt;&lt;p&gt;&lt;br/&gt;&lt;/p&gt;','Upload/2016-11-12/582688df35f4d.jpg','2016-11-12 11:13:35') [ RunTime:0.0156s ]

[ 2016-11-12T11:13:35+08:00 ] 211.137.13.86 /index.php/Admin/Admin/addhnews.html
INFO: [ app_init ] --START--
INFO: Run Behavior\BuildLiteBehavior [ RunTime:0.000000s ]
INFO: [ app_init ] --END-- [ RunTime:0.000000s ]
INFO: [ app_begin ] --START--
INFO: Run Behavior\ReadHtmlCacheBehavior [ RunTime:0.000000s ]
INFO: [ app_begin ] --END-- [ RunTime:0.000000s ]
SQL: SHOW COLUMNS FROM `hw_news` [ RunTime:0.0000s ]
NOTIC: [2] call_user_func() expects parameter 1 to be a valid callback, no array or string given D:\www\mind\ThinkPHP\Library\Think\Upload.class.php 第 170 行.
SQL: INSERT INTO `hw_news` (`title`,`intro`,`content`,`cover`,`time`) VALUES ('1109，i.p.a.s.s这场活动很特别','“这次的活动让我感触很深”，瀚威心理i.p.a.s.s项目一位助教老师这样说。','&lt;p style=&quot;text-indent: 2em; line-height: 2em;&quot;&gt;&lt;span style=&quot;font-size: 16px; font-family: 微软雅黑, &amp;#39;Microsoft YaHei&amp;#39;;&quot;&gt;“这次的活动让我感触很深”，瀚威心理i.p.a.s.s项目一位助教老师这样说。&lt;/span&gt;&lt;/p&gt;&lt;p style=&quot;text-indent: 2em; line-height: 2em;&quot;&gt;&lt;span style=&quot;font-size: 16px; font-family: 微软雅黑, &amp;#39;Microsoft YaHei&amp;#39;;&quot;&gt;2016年11月9日，瀚威心理i.p.a.s.s——爱·自己项目在沈阳市沈河区二经街第三小学的第二场团队训练活动如期举行。&lt;/span&gt;&lt;/p&gt;&lt;p style=&quot;text-indent: 2em; line-height: 2em;&quot;&gt;&lt;span style=&quot;font-size: 16px; font-family: 微软雅黑, &amp;#39;Microsoft YaHei&amp;#39;;&quot;&gt;由瀚威心理的助教老师带领孩子们做团队建设游戏，将小朋友分成三组，大家互相讨论自己的团队名称及竞争口号，并进行团队PK。&lt;/span&gt;&lt;/p&gt;&lt;p style=&quot;text-indent: 2em; line-height: 2em;&quot;&gt;&lt;span style=&quot;font-size: 16px; font-family: 微软雅黑, &amp;#39;Microsoft YaHei&amp;#39;;&quot;&gt;值得一提的是，在一组只由队员参加而失败则要由队长受处罚的活动中，一位女同学因为自己的失误导致队长受罚，队长接受处罚的时候，她偷偷的掉下了眼泪。小朋友的心灵是纯洁且脆弱的？她的心里在想什么？因为愧疚？因为自己的失误让不相干的人受罚？还是因为怕自己受到别的同学的排挤而感到难过？亦或是那小小身体里爆发出的强大的集体荣誉感，这很值得我们关注。&lt;/span&gt;&lt;/p&gt;&lt;p style=&quot;text-indent: 2em; line-height: 2em;&quot;&gt;&lt;span style=&quot;font-size: 16px; font-family: 微软雅黑, &amp;#39;Microsoft YaHei&amp;#39;;&quot;&gt;与孩子们的单纯世界对比，我们大人有时常常自愧不如，被社会这个大染&lt;/span&gt;&lt;span style=&quot;font-family: 微软雅黑, &amp;#39;Microsoft YaHei&amp;#39;; line-height: 2em; text-indent: 2em;&quot;&gt;缸所沾染的不为他人考虑的自私恶习很多人都有。&lt;/span&gt;&lt;/p&gt;&lt;p style=&quot;white-space: normal; text-indent: 2em; line-height: 2em;&quot;&gt;&lt;span style=&quot;font-family: 微软雅黑, &amp;#39;Microsoft YaHei&amp;#39;;&quot;&gt;而孩子此时的泪水，是最纯净的，我们可以甚至应该去放大孩子的每一个行为，关注他们每一次的情感变化，因为那才是人性使然，是起源于没有任何杂念的纯粹感受而做出的直观反映。&lt;/span&gt;&lt;/p&gt;&lt;p style=&quot;white-space: normal;&quot;&gt;&lt;br/&gt;&lt;/p&gt;&lt;p style=&quot;white-space: normal; text-indent: 2em; line-height: 2em;&quot;&gt;&lt;span style=&quot;font-family: 微软雅黑, &amp;#39;Microsoft YaHei&amp;#39;;&quot;&gt;活动即将结束的交流互动中，在瀚威心理助教老师的协助下，小朋友们分享了他们的心得。i.p.a.s.s项目本次活动的主要目的——使各团队明白队长的责任，认可队长，同时增强各个团队的凝聚力基本达到。让我们共同期待下一期活动，关注孩子的变化与成长，关注孩子心理健康建设，瀚威心理i.p.a.s.s一直在行动！&lt;/span&gt;&lt;/p&gt;&lt;p style=&quot;text-indent: 2em; line-height: 2em;&quot;&gt;&lt;span style=&quot;font-size: 16px; font-family: 微软雅黑, &amp;#39;Microsoft YaHei&amp;#39;;&quot;&gt;&lt;/span&gt;&lt;br/&gt;&lt;/p&gt;&lt;p style=&quot;text-align: center;&quot;&gt;&lt;img src=&quot;/hanwei/hw/Public/Upload/20161112/2016-11-12_137318_1.jpg&quot; title=&quot;2016-11-12_137318_1.jpg&quot;/&gt;&lt;img src=&quot;/hanwei/hw/Public/Upload/20161112/2016-11-12_990548_6.jpg&quot; title=&quot;2016-11-12_990548_6.jpg&quot;/&gt;&lt;/p&gt;&lt;p style=&quot;text-align: center;&quot;&gt;&lt;img src=&quot;/hanwei/hw/Public/Upload/20161112/2016-11-12_106563_IMG_1751.jpg&quot; title=&quot;2016-11-12_106563_IMG_1751.jpg&quot;/&gt;&lt;/p&gt;&lt;p style=&quot;text-align: center;&quot;&gt;&lt;img src=&quot;/hanwei/hw/Public/Upload/20161112/2016-11-12_558724_4.jpg&quot; title=&quot;2016-11-12_558724_4.jpg&quot;/&gt;&lt;/p&gt;&lt;p&gt;&lt;br/&gt;&lt;/p&gt;&lt;p&gt;&lt;br/&gt;&lt;/p&gt;','Upload/2016-11-12/582688df5fd9d.jpg','2016-11-12 11:13:35') [ RunTime:0.0000s ]

[ 2016-11-12T11:13:35+08:00 ] 211.137.13.86 /index.php/Admin/Admin/index.html
INFO: [ app_init ] --START--
INFO: Run Behavior\BuildLiteBehavior [ RunTime:0.000000s ]
INFO: [ app_init ] --END-- [ RunTime:0.000000s ]
INFO: [ app_begin ] --START--
INFO: Run Behavior\ReadHtmlCacheBehavior [ RunTime:0.000000s ]
INFO: [ app_begin ] --END-- [ RunTime:0.000000s ]
SQL: SHOW COLUMNS FROM `hw_top` [ RunTime:0.0000s ]
SQL: SELECT * FROM `hw_top`  [ RunTime:0.0000s ]
SQL: SHOW COLUMNS FROM `hw_footer` [ RunTime:0.0156s ]
SQL: SELECT * FROM `hw_footer`  [ RunTime:0.0000s ]
SQL: SHOW COLUMNS FROM `hw_youlian` [ RunTime:0.0156s ]
SQL: SELECT * FROM `hw_youlian`  [ RunTime:0.0000s ]
SQL: SHOW COLUMNS FROM `hw_cate` [ RunTime:0.0000s ]
SQL: SELECT * FROM `hw_cate` ORDER BY sort ASC  [ RunTime:0.0000s ]
SQL: SHOW COLUMNS FROM `hw_banner` [ RunTime:0.0156s ]
SQL: SELECT * FROM `hw_banner`  [ RunTime:0.0000s ]
SQL: SHOW COLUMNS FROM `hw_bnews` [ RunTime:0.0156s ]
SQL: SELECT * FROM `hw_bnews`  [ RunTime:0.0000s ]
SQL: SHOW COLUMNS FROM `hw_expert` [ RunTime:0.0000s ]
SQL: SELECT * FROM `hw_expert`  [ RunTime:0.0000s ]
SQL: SHOW COLUMNS FROM `hw_aboutus` [ RunTime:0.0156s ]
SQL: SELECT * FROM `hw_aboutus`  [ RunTime:0.0000s ]
SQL: SHOW COLUMNS FROM `hw_service` [ RunTime:0.0156s ]
SQL: SELECT * FROM `hw_service`  [ RunTime:0.0000s ]
SQL: SHOW COLUMNS FROM `hw_judge` [ RunTime:0.0000s ]
SQL: SELECT * FROM `hw_judge`  [ RunTime:0.0000s ]
SQL: SHOW COLUMNS FROM `hw_judgebg` [ RunTime:0.0156s ]
SQL: SELECT * FROM `hw_judgebg`  [ RunTime:0.0000s ]
SQL: SHOW COLUMNS FROM `hw_message` [ RunTime:0.0156s ]
SQL: SELECT COUNT(*) AS tp_count FROM `hw_message` LIMIT 1   [ RunTime:0.0000s ]
SQL: SELECT * FROM `hw_message` ORDER BY time desc LIMIT 0,5   [ RunTime:0.0000s ]
SQL: SHOW COLUMNS FROM `hw_topic` [ RunTime:0.0156s ]
SQL: SELECT * FROM `hw_topic`  [ RunTime:0.0000s ]
SQL: SHOW COLUMNS FROM `hw_psy` [ RunTime:0.0156s ]
SQL: SELECT * FROM `hw_psy`  [ RunTime:0.0000s ]
SQL: SHOW COLUMNS FROM `hw_mpthree` [ RunTime:0.0000s ]
SQL: SELECT * FROM `hw_mpthree`  [ RunTime:0.0000s ]
SQL: SHOW COLUMNS FROM `hw_ipass` [ RunTime:0.0156s ]
SQL: SELECT * FROM `hw_ipass`  [ RunTime:0.0000s ]
SQL: SHOW COLUMNS FROM `hw_machine` [ RunTime:0.0156s ]
SQL: SELECT * FROM `hw_machine`  [ RunTime:0.0000s ]
SQL: SHOW COLUMNS FROM `hw_contactus` [ RunTime:0.0000s ]
SQL: SELECT * FROM `hw_contactus`  [ RunTime:0.0000s ]
INFO: [ view_parse ] --START--
INFO: [ template_filter ] --START--
INFO: Run Behavior\ContentReplaceBehavior [ RunTime:0.000000s ]
INFO: [ template_filter ] --END-- [ RunTime:0.000000s ]
INFO: Run Behavior\ParseTemplateBehavior [ RunTime:0.109200s ]
INFO: [ view_parse ] --END-- [ RunTime:0.109200s ]
INFO: [ view_filter ] --START--
INFO: Run Behavior\WriteHtmlCacheBehavior [ RunTime:0.000000s ]
INFO: [ view_filter ] --END-- [ RunTime:0.000000s ]
INFO: [ app_end ] --START--
INFO: Run Behavior\ShowPageTraceBehavior [ RunTime:0.000000s ]
INFO: [ app_end ] --END-- [ RunTime:0.000000s ]

[ 2016-11-12T11:13:37+08:00 ] 211.137.13.86 /index.php/Admin/Admin/news.html
INFO: [ app_init ] --START--
INFO: Run Behavior\BuildLiteBehavior [ RunTime:0.000000s ]
INFO: [ app_init ] --END-- [ RunTime:0.000000s ]
INFO: [ app_begin ] --START--
INFO: Run Behavior\ReadHtmlCacheBehavior [ RunTime:0.000000s ]
INFO: [ app_begin ] --END-- [ RunTime:0.000000s ]
SQL: SHOW COLUMNS FROM `hw_newsbg` [ RunTime:0.0000s ]
SQL: SELECT * FROM `hw_newsbg` WHERE ( id=1 )  [ RunTime:0.0000s ]
SQL: SHOW COLUMNS FROM `hw_news` [ RunTime:0.0156s ]
SQL: SELECT COUNT(*) AS tp_count FROM `hw_news` LIMIT 1   [ RunTime:0.0000s ]
SQL: SELECT * FROM `hw_news` ORDER BY time desc LIMIT 0,10   [ RunTime:0.0000s ]
INFO: [ view_parse ] --START--
INFO: [ template_filter ] --START--
INFO: Run Behavior\ContentReplaceBehavior [ RunTime:0.000000s ]
INFO: [ template_filter ] --END-- [ RunTime:0.000000s ]
INFO: Run Behavior\ParseTemplateBehavior [ RunTime:0.031201s ]
INFO: [ view_parse ] --END-- [ RunTime:0.031201s ]
INFO: [ view_filter ] --START--
INFO: Run Behavior\WriteHtmlCacheBehavior [ RunTime:0.000000s ]
INFO: [ view_filter ] --END-- [ RunTime:0.000000s ]
INFO: [ app_end ] --START--
INFO: Run Behavior\ShowPageTraceBehavior [ RunTime:0.000000s ]
INFO: [ app_end ] --END-- [ RunTime:0.000000s ]

[ 2016-11-12T11:13:39+08:00 ] 211.137.13.86 /index.php/Admin/Admin/delhnews/id/25.html
INFO: [ app_init ] --START--
INFO: Run Behavior\BuildLiteBehavior [ RunTime:0.000000s ]
INFO: [ app_init ] --END-- [ RunTime:0.000000s ]
INFO: [ app_begin ] --START--
INFO: Run Behavior\ReadHtmlCacheBehavior [ RunTime:0.000000s ]
INFO: [ app_begin ] --END-- [ RunTime:0.000000s ]
SQL: SHOW COLUMNS FROM `hw_news` [ RunTime:0.0000s ]
SQL: DELETE FROM `hw_news` WHERE ( id=25 ) [ RunTime:0.0000s ]

[ 2016-11-12T11:13:40+08:00 ] 211.137.13.86 /index.php/Admin/Admin/index.html
INFO: [ app_init ] --START--
INFO: Run Behavior\BuildLiteBehavior [ RunTime:0.000000s ]
INFO: [ app_init ] --END-- [ RunTime:0.000000s ]
INFO: [ app_begin ] --START--
INFO: Run Behavior\ReadHtmlCacheBehavior [ RunTime:0.015600s ]
INFO: [ app_begin ] --END-- [ RunTime:0.015600s ]
SQL: SHOW COLUMNS FROM `hw_top` [ RunTime:0.0000s ]
SQL: SELECT * FROM `hw_top`  [ RunTime:0.0000s ]
SQL: SHOW COLUMNS FROM `hw_footer` [ RunTime:0.0156s ]
SQL: SELECT * FROM `hw_footer`  [ RunTime:0.0000s ]
SQL: SHOW COLUMNS FROM `hw_youlian` [ RunTime:0.0156s ]
SQL: SELECT * FROM `hw_youlian`  [ RunTime:0.0000s ]
SQL: SHOW COLUMNS FROM `hw_cate` [ RunTime:0.0000s ]
SQL: SELECT * FROM `hw_cate` ORDER BY sort ASC  [ RunTime:0.0000s ]
SQL: SHOW COLUMNS FROM `hw_banner` [ RunTime:0.0156s ]
SQL: SELECT * FROM `hw_banner`  [ RunTime:0.0000s ]
SQL: SHOW COLUMNS FROM `hw_bnews` [ RunTime:0.0156s ]
SQL: SELECT * FROM `hw_bnews`  [ RunTime:0.0000s ]
SQL: SHOW COLUMNS FROM `hw_expert` [ RunTime:0.0000s ]
SQL: SELECT * FROM `hw_expert`  [ RunTime:0.0000s ]
SQL: SHOW COLUMNS FROM `hw_aboutus` [ RunTime:0.0156s ]
SQL: SELECT * FROM `hw_aboutus`  [ RunTime:0.0000s ]
SQL: SHOW COLUMNS FROM `hw_service` [ RunTime:0.0156s ]
SQL: SELECT * FROM `hw_service`  [ RunTime:0.0000s ]
SQL: SHOW COLUMNS FROM `hw_judge` [ RunTime:0.0000s ]
SQL: SELECT * FROM `hw_judge`  [ RunTime:0.0000s ]
SQL: SHOW COLUMNS FROM `hw_judgebg` [ RunTime:0.0156s ]
SQL: SELECT * FROM `hw_judgebg`  [ RunTime:0.0000s ]
SQL: SHOW COLUMNS FROM `hw_message` [ RunTime:0.0156s ]
SQL: SELECT COUNT(*) AS tp_count FROM `hw_message` LIMIT 1   [ RunTime:0.0000s ]
SQL: SELECT * FROM `hw_message` ORDER BY time desc LIMIT 0,5   [ RunTime:0.0000s ]
SQL: SHOW COLUMNS FROM `hw_topic` [ RunTime:0.0000s ]
SQL: SELECT * FROM `hw_topic`  [ RunTime:0.0000s ]
SQL: SHOW COLUMNS FROM `hw_psy` [ RunTime:0.0156s ]
SQL: SELECT * FROM `hw_psy`  [ RunTime:0.0000s ]
SQL: SHOW COLUMNS FROM `hw_mpthree` [ RunTime:0.0000s ]
SQL: SELECT * FROM `hw_mpthree`  [ RunTime:0.0000s ]
SQL: SHOW COLUMNS FROM `hw_ipass` [ RunTime:0.0156s ]
SQL: SELECT * FROM `hw_ipass`  [ RunTime:0.0000s ]
SQL: SHOW COLUMNS FROM `hw_machine` [ RunTime:0.0156s ]
SQL: SELECT * FROM `hw_machine`  [ RunTime:0.0000s ]
SQL: SHOW COLUMNS FROM `hw_contactus` [ RunTime:0.0156s ]
SQL: SELECT * FROM `hw_contactus`  [ RunTime:0.0000s ]
INFO: [ view_parse ] --START--
INFO: [ template_filter ] --START--
INFO: Run Behavior\ContentReplaceBehavior [ RunTime:0.000000s ]
INFO: [ template_filter ] --END-- [ RunTime:0.000000s ]
INFO: Run Behavior\ParseTemplateBehavior [ RunTime:0.078000s ]
INFO: [ view_parse ] --END-- [ RunTime:0.078000s ]
INFO: [ view_filter ] --START--
INFO: Run Behavior\WriteHtmlCacheBehavior [ RunTime:0.000000s ]
INFO: [ view_filter ] --END-- [ RunTime:0.000000s ]
INFO: [ app_end ] --START--
INFO: Run Behavior\ShowPageTraceBehavior [ RunTime:0.000000s ]
INFO: [ app_end ] --END-- [ RunTime:0.000000s ]

[ 2016-11-12T11:13:43+08:00 ] 211.137.13.86 /index.php/Admin/Admin/news.html
INFO: [ app_init ] --START--
INFO: Run Behavior\BuildLiteBehavior [ RunTime:0.000000s ]
INFO: [ app_init ] --END-- [ RunTime:0.000000s ]
INFO: [ app_begin ] --START--
INFO: Run Behavior\ReadHtmlCacheBehavior [ RunTime:0.000000s ]
INFO: [ app_begin ] --END-- [ RunTime:0.000000s ]
SQL: SHOW COLUMNS FROM `hw_newsbg` [ RunTime:0.0000s ]
SQL: SELECT * FROM `hw_newsbg` WHERE ( id=1 )  [ RunTime:0.0000s ]
SQL: SHOW COLUMNS FROM `hw_news` [ RunTime:0.0156s ]
SQL: SELECT COUNT(*) AS tp_count FROM `hw_news` LIMIT 1   [ RunTime:0.0000s ]
SQL: SELECT * FROM `hw_news` ORDER BY time desc LIMIT 0,10   [ RunTime:0.0000s ]
INFO: [ view_parse ] --START--
INFO: [ template_filter ] --START--
INFO: Run Behavior\ContentReplaceBehavior [ RunTime:0.000000s ]
INFO: [ template_filter ] --END-- [ RunTime:0.000000s ]
INFO: Run Behavior\ParseTemplateBehavior [ RunTime:0.015600s ]
INFO: [ view_parse ] --END-- [ RunTime:0.015600s ]
INFO: [ view_filter ] --START--
INFO: Run Behavior\WriteHtmlCacheBehavior [ RunTime:0.015600s ]
INFO: [ view_filter ] --END-- [ RunTime:0.015600s ]
INFO: [ app_end ] --START--
INFO: Run Behavior\ShowPageTraceBehavior [ RunTime:0.000000s ]
INFO: [ app_end ] --END-- [ RunTime:0.000000s ]

[ 2016-11-12T11:13:45+08:00 ] 211.137.13.86 /index.php/Admin/Admin/delhnews/id/24.html
INFO: [ app_init ] --START--
INFO: Run Behavior\BuildLiteBehavior [ RunTime:0.000000s ]
INFO: [ app_init ] --END-- [ RunTime:0.000000s ]
INFO: [ app_begin ] --START--
INFO: Run Behavior\ReadHtmlCacheBehavior [ RunTime:0.000000s ]
INFO: [ app_begin ] --END-- [ RunTime:0.000000s ]
SQL: SHOW COLUMNS FROM `hw_news` [ RunTime:0.0000s ]
SQL: DELETE FROM `hw_news` WHERE ( id=24 ) [ RunTime:0.0156s ]

[ 2016-11-12T11:13:45+08:00 ] 211.137.13.86 /index.php/Admin/Admin/index.html
INFO: [ app_init ] --START--
INFO: Run Behavior\BuildLiteBehavior [ RunTime:0.000000s ]
INFO: [ app_init ] --END-- [ RunTime:0.000000s ]
INFO: [ app_begin ] --START--
INFO: Run Behavior\ReadHtmlCacheBehavior [ RunTime:0.000000s ]
INFO: [ app_begin ] --END-- [ RunTime:0.000000s ]
SQL: SHOW COLUMNS FROM `hw_top` [ RunTime:0.0000s ]
SQL: SELECT * FROM `hw_top`  [ RunTime:0.0000s ]
SQL: SHOW COLUMNS FROM `hw_footer` [ RunTime:0.0156s ]
SQL: SELECT * FROM `hw_footer`  [ RunTime:0.0000s ]
SQL: SHOW COLUMNS FROM `hw_youlian` [ RunTime:0.0000s ]
SQL: SELECT * FROM `hw_youlian`  [ RunTime:0.0156s ]
SQL: SHOW COLUMNS FROM `hw_cate` [ RunTime:0.0000s ]
SQL: SELECT * FROM `hw_cate` ORDER BY sort ASC  [ RunTime:0.0000s ]
SQL: SHOW COLUMNS FROM `hw_banner` [ RunTime:0.0156s ]
SQL: SELECT * FROM `hw_banner`  [ RunTime:0.0000s ]
SQL: SHOW COLUMNS FROM `hw_bnews` [ RunTime:0.0156s ]
SQL: SELECT * FROM `hw_bnews`  [ RunTime:0.0000s ]
SQL: SHOW COLUMNS FROM `hw_expert` [ RunTime:0.0000s ]
SQL: SELECT * FROM `hw_expert`  [ RunTime:0.0000s ]
SQL: SHOW COLUMNS FROM `hw_aboutus` [ RunTime:0.0156s ]
SQL: SELECT * FROM `hw_aboutus`  [ RunTime:0.0000s ]
SQL: SHOW COLUMNS FROM `hw_service` [ RunTime:0.0156s ]
SQL: SELECT * FROM `hw_service`  [ RunTime:0.0000s ]
SQL: SHOW COLUMNS FROM `hw_judge` [ RunTime:0.0000s ]
SQL: SELECT * FROM `hw_judge`  [ RunTime:0.0000s ]
SQL: SHOW COLUMNS FROM `hw_judgebg` [ RunTime:0.0156s ]
SQL: SELECT * FROM `hw_judgebg`  [ RunTime:0.0000s ]
SQL: SHOW COLUMNS FROM `hw_message` [ RunTime:0.0156s ]
SQL: SELECT COUNT(*) AS tp_count FROM `hw_message` LIMIT 1   [ RunTime:0.0000s ]
SQL: SELECT * FROM `hw_message` ORDER BY time desc LIMIT 0,5   [ RunTime:0.0000s ]
SQL: SHOW COLUMNS FROM `hw_topic` [ RunTime:0.0000s ]
SQL: SELECT * FROM `hw_topic`  [ RunTime:0.0000s ]
SQL: SHOW COLUMNS FROM `hw_psy` [ RunTime:0.0156s ]
SQL: SELECT * FROM `hw_psy`  [ RunTime:0.0000s ]
SQL: SHOW COLUMNS FROM `hw_mpthree` [ RunTime:0.0156s ]
SQL: SELECT * FROM `hw_mpthree`  [ RunTime:0.0000s ]
SQL: SHOW COLUMNS FROM `hw_ipass` [ RunTime:0.0000s ]
SQL: SELECT * FROM `hw_ipass`  [ RunTime:0.0000s ]
SQL: SHOW COLUMNS FROM `hw_machine` [ RunTime:0.0156s ]
SQL: SELECT * FROM `hw_machine`  [ RunTime:0.0000s ]
SQL: SHOW COLUMNS FROM `hw_contactus` [ RunTime:0.0156s ]
SQL: SELECT * FROM `hw_contactus`  [ RunTime:0.0000s ]
INFO: [ view_parse ] --START--
INFO: [ template_filter ] --START--
INFO: Run Behavior\ContentReplaceBehavior [ RunTime:0.000000s ]
INFO: [ template_filter ] --END-- [ RunTime:0.000000s ]
INFO: Run Behavior\ParseTemplateBehavior [ RunTime:0.078000s ]
INFO: [ view_parse ] --END-- [ RunTime:0.078000s ]
INFO: [ view_filter ] --START--
INFO: Run Behavior\WriteHtmlCacheBehavior [ RunTime:0.000000s ]
INFO: [ view_filter ] --END-- [ RunTime:0.000000s ]
INFO: [ app_end ] --START--
INFO: Run Behavior\ShowPageTraceBehavior [ RunTime:0.000000s ]
INFO: [ app_end ] --END-- [ RunTime:0.000000s ]

[ 2016-11-12T11:13:47+08:00 ] 211.137.13.86 /index.php/Admin/Admin/news.html
INFO: [ app_init ] --START--
INFO: Run Behavior\BuildLiteBehavior [ RunTime:0.000000s ]
INFO: [ app_init ] --END-- [ RunTime:0.000000s ]
INFO: [ app_begin ] --START--
INFO: Run Behavior\ReadHtmlCacheBehavior [ RunTime:0.000000s ]
INFO: [ app_begin ] --END-- [ RunTime:0.000000s ]
SQL: SHOW COLUMNS FROM `hw_newsbg` [ RunTime:0.0000s ]
SQL: SELECT * FROM `hw_newsbg` WHERE ( id=1 )  [ RunTime:0.0000s ]
SQL: SHOW COLUMNS FROM `hw_news` [ RunTime:0.0156s ]
SQL: SELECT COUNT(*) AS tp_count FROM `hw_news` LIMIT 1   [ RunTime:0.0000s ]
SQL: SELECT * FROM `hw_news` ORDER BY time desc LIMIT 0,10   [ RunTime:0.0000s ]
INFO: [ view_parse ] --START--
INFO: [ template_filter ] --START--
INFO: Run Behavior\ContentReplaceBehavior [ RunTime:0.000000s ]
INFO: [ template_filter ] --END-- [ RunTime:0.000000s ]
INFO: Run Behavior\ParseTemplateBehavior [ RunTime:0.015600s ]
INFO: [ view_parse ] --END-- [ RunTime:0.015600s ]
INFO: [ view_filter ] --START--
INFO: Run Behavior\WriteHtmlCacheBehavior [ RunTime:0.000000s ]
INFO: [ view_filter ] --END-- [ RunTime:0.000000s ]
INFO: [ app_end ] --START--
INFO: Run Behavior\ShowPageTraceBehavior [ RunTime:0.015600s ]
INFO: [ app_end ] --END-- [ RunTime:0.015600s ]

[ 2016-11-12T11:13:48+08:00 ] 211.137.13.86 /index.php/Admin/Admin/updhnews/id/23.html
INFO: [ app_init ] --START--
INFO: Run Behavior\BuildLiteBehavior [ RunTime:0.000000s ]
INFO: [ app_init ] --END-- [ RunTime:0.000000s ]
INFO: [ app_begin ] --START--
INFO: Run Behavior\ReadHtmlCacheBehavior [ RunTime:0.000000s ]
INFO: [ app_begin ] --END-- [ RunTime:0.000000s ]
SQL: SHOW COLUMNS FROM `hw_news` [ RunTime:0.0000s ]
SQL: SELECT * FROM `hw_news` WHERE `id` = 23 LIMIT 1   [ RunTime:0.0000s ]
INFO: [ view_parse ] --START--
INFO: [ template_filter ] --START--
INFO: Run Behavior\ContentReplaceBehavior [ RunTime:0.000000s ]
INFO: [ template_filter ] --END-- [ RunTime:0.000000s ]
NOTIC: [8] Undefined variable: think D:\www\mind\Runtime\Cache\Admin\45d6dbb0ac72c83ff8f38e872e7b878f.php 第 26 行.
INFO: Run Behavior\ParseTemplateBehavior [ RunTime:0.015600s ]
INFO: [ view_parse ] --END-- [ RunTime:0.015600s ]
INFO: [ view_filter ] --START--
INFO: Run Behavior\WriteHtmlCacheBehavior [ RunTime:0.000000s ]
INFO: [ view_filter ] --END-- [ RunTime:0.000000s ]
INFO: [ app_end ] --START--
INFO: Run Behavior\ShowPageTraceBehavior [ RunTime:0.000000s ]
INFO: [ app_end ] --END-- [ RunTime:0.000000s ]

[ 2016-11-12T11:14:23+08:00 ] 211.137.13.86 /index.php/Admin/Admin/updhnews/id/23.html
INFO: [ app_init ] --START--
INFO: Run Behavior\BuildLiteBehavior [ RunTime:0.000000s ]
INFO: [ app_init ] --END-- [ RunTime:0.000000s ]
INFO: [ app_begin ] --START--
INFO: Run Behavior\ReadHtmlCacheBehavior [ RunTime:0.000000s ]
INFO: [ app_begin ] --END-- [ RunTime:0.000000s ]
SQL: SHOW COLUMNS FROM `hw_news` [ RunTime:0.0000s ]
NOTIC: [8] Undefined index: validate D:\www\mind\ThinkPHP\Library\Think\Model.class.php 第 1185 行.
NOTIC: [8] Undefined index: auto D:\www\mind\ThinkPHP\Library\Think\Model.class.php 第 1128 行.
SQL: UPDATE `hw_news` SET `title`='1109，i.p.a.s.s这场活动很特别',`intro`='“这次的活动让我感触很深”，瀚威心理i.p.a.s.s项目一位助教老师这样说。',`content`='&lt;p style=&quot;text-indent: 2em; line-height: 2em;&quot;&gt;&lt;span style=&quot;font-size: 16px; font-family: 微软雅黑, &amp;#39;Microsoft YaHei&amp;#39;;&quot;&gt;“这次的活动让我感触很深”，瀚威心理i.p.a.s.s项目一位助教老师这样说。&lt;/span&gt;&lt;/p&gt;&lt;p style=&quot;text-indent: 2em; line-height: 2em;&quot;&gt;&lt;span style=&quot;font-size: 16px; font-family: 微软雅黑, &amp;#39;Microsoft YaHei&amp;#39;;&quot;&gt;2016年11月9日，瀚威心理i.p.a.s.s——爱·自己项目在沈阳市沈河区二经街第三小学的第二场团队训练活动如期举行。&lt;/span&gt;&lt;/p&gt;&lt;p style=&quot;text-indent: 2em; line-height: 2em;&quot;&gt;&lt;span style=&quot;font-size: 16px; font-family: 微软雅黑, &amp;#39;Microsoft YaHei&amp;#39;;&quot;&gt;由瀚威心理的助教老师带领孩子们做团队建设游戏，将小朋友分成三组，大家互相讨论自己的团队名称及竞争口号，并进行团队PK。&lt;/span&gt;&lt;/p&gt;&lt;p style=&quot;text-indent: 2em; line-height: 2em;&quot;&gt;&lt;span style=&quot;font-size: 16px; font-family: 微软雅黑, &amp;#39;Microsoft YaHei&amp;#39;;&quot;&gt;值得一提的是，在一组只由队员参加而失败则要由队长受处罚的活动中，一位女同学因为自己的失误导致队长受罚，队长接受处罚的时候，她偷偷的掉下了眼泪。小朋友的心灵是纯洁且脆弱的？她的心里在想什么？因为愧疚？因为自己的失误让不相干的人受罚？还是因为怕自己受到别的同学的排挤而感到难过？亦或是那小小身体里爆发出的强大的集体荣誉感，这很值得我们关注。&lt;/span&gt;&lt;/p&gt;&lt;p style=&quot;text-indent: 2em; line-height: 2em;&quot;&gt;&lt;span style=&quot;font-size: 16px; font-family: 微软雅黑, &amp;#39;Microsoft YaHei&amp;#39;;&quot;&gt;与孩子们的单纯世界对比，我们大人有时常常自愧不如，被社会这个大染&lt;/span&gt;&lt;span style=&quot;font-family: 微软雅黑, &amp;#39;Microsoft YaHei&amp;#39;; line-height: 2em; text-indent: 2em;&quot;&gt;缸所沾染的不为他人考虑的自私恶习很多人都有。&lt;/span&gt;&lt;/p&gt;&lt;p style=&quot;white-space: normal; text-indent: 2em; line-height: 2em;&quot;&gt;&lt;span style=&quot;font-family: 微软雅黑, &amp;#39;Microsoft YaHei&amp;#39;;&quot;&gt;而孩子此时的泪水，是最纯净的，我们可以甚至应该去放大孩子的每一个行为，关注他们每一次的情感变化，因为那才是人性使然，是起源于没有任何杂念的纯粹感受而做出的直观反映。&lt;/span&gt;&lt;/p&gt;&lt;p style=&quot;white-space: normal;&quot;&gt;&lt;br/&gt;&lt;/p&gt;&lt;p style=&quot;white-space: normal; text-indent: 2em; line-height: 2em;&quot;&gt;&lt;span style=&quot;font-family: 微软雅黑, &amp;#39;Microsoft YaHei&amp;#39;;&quot;&gt;活动即将结束的交流互动中，在瀚威心理助教老师的协助下，小朋友们分享了他们的心得。i.p.a.s.s项目本次活动的主要目的——使各团队明白队长的责任，认可队长，同时增强各个团队的凝聚力基本达到。让我们共同期待下一期活动，关注孩子的变化与成长，关注孩子心理健康建设，瀚威心理i.p.a.s.s一直在行动！&lt;/span&gt;&lt;/p&gt;&lt;p style=&quot;text-indent: 2em; line-height: 2em;&quot;&gt;&lt;span style=&quot;font-size: 16px; font-family: 微软雅黑, &amp;#39;Microsoft YaHei&amp;#39;;&quot;&gt;&lt;/span&gt;&lt;/p&gt;&lt;p style=&quot;text-align: center;&quot;&gt;&lt;img src=&quot;/hanwei/hw/Public/Upload/20161112/2016-11-12_990548_6.jpg&quot; title=&quot;2016-11-12_990548_6.jpg&quot;/&gt;&lt;/p&gt;&lt;p style=&quot;text-align: center;&quot;&gt;&lt;img src=&quot;/hanwei/hw/Public/Upload/20161112/2016-11-12_558724_4.jpg&quot; title=&quot;2016-11-12_558724_4.jpg&quot;/&gt;&lt;/p&gt;&lt;p style=&quot;text-align: center;&quot;&gt;&lt;img src=&quot;http://www.hanwei-mind.com/hanwei/hw/Public/Upload/20161112/2016-11-12_137318_1.jpg&quot; title=&quot;2016-11-12_137318_1.jpg&quot;/&gt;&lt;/p&gt;&lt;p&gt;&lt;br/&gt;&lt;/p&gt;&lt;p style=&quot;text-align: center;&quot;&gt;&lt;img src=&quot;http://www.hanwei-mind.com/hanwei/hw/Public/Upload/20161112/2016-11-12_235039_734259315736686796.jpg&quot; title=&quot;2016-11-12_235039_734259315736686796.jpg&quot; alt=&quot;734259315736686796.jpg&quot;/&gt;&lt;/p&gt;' WHERE ( id=23 ) [ RunTime:0.0000s ]

[ 2016-11-12T11:14:24+08:00 ] 211.137.13.86 /index.php/Admin/Admin/index.html
INFO: [ app_init ] --START--
INFO: Run Behavior\BuildLiteBehavior [ RunTime:0.000000s ]
INFO: [ app_init ] --END-- [ RunTime:0.000000s ]
INFO: [ app_begin ] --START--
INFO: Run Behavior\ReadHtmlCacheBehavior [ RunTime:0.000000s ]
INFO: [ app_begin ] --END-- [ RunTime:0.000000s ]
SQL: SHOW COLUMNS FROM `hw_top` [ RunTime:0.0000s ]
SQL: SELECT * FROM `hw_top`  [ RunTime:0.0000s ]
SQL: SHOW COLUMNS FROM `hw_footer` [ RunTime:0.0156s ]
SQL: SELECT * FROM `hw_footer`  [ RunTime:0.0000s ]
SQL: SHOW COLUMNS FROM `hw_youlian` [ RunTime:0.0156s ]
SQL: SELECT * FROM `hw_youlian`  [ RunTime:0.0000s ]
SQL: SHOW COLUMNS FROM `hw_cate` [ RunTime:0.0000s ]
SQL: SELECT * FROM `hw_cate` ORDER BY sort ASC  [ RunTime:0.0000s ]
SQL: SHOW COLUMNS FROM `hw_banner` [ RunTime:0.0156s ]
SQL: SELECT * FROM `hw_banner`  [ RunTime:0.0000s ]
SQL: SHOW COLUMNS FROM `hw_bnews` [ RunTime:0.0156s ]
SQL: SELECT * FROM `hw_bnews`  [ RunTime:0.0000s ]
SQL: SHOW COLUMNS FROM `hw_expert` [ RunTime:0.0000s ]
SQL: SELECT * FROM `hw_expert`  [ RunTime:0.0000s ]
SQL: SHOW COLUMNS FROM `hw_aboutus` [ RunTime:0.0156s ]
SQL: SELECT * FROM `hw_aboutus`  [ RunTime:0.0000s ]
SQL: SHOW COLUMNS FROM `hw_service` [ RunTime:0.0156s ]
SQL: SELECT * FROM `hw_service`  [ RunTime:0.0000s ]
SQL: SHOW COLUMNS FROM `hw_judge` [ RunTime:0.0000s ]
SQL: SELECT * FROM `hw_judge`  [ RunTime:0.0000s ]
SQL: SHOW COLUMNS FROM `hw_judgebg` [ RunTime:0.0156s ]
SQL: SELECT * FROM `hw_judgebg`  [ RunTime:0.0000s ]
SQL: SHOW COLUMNS FROM `hw_message` [ RunTime:0.0156s ]
SQL: SELECT COUNT(*) AS tp_count FROM `hw_message` LIMIT 1   [ RunTime:0.0000s ]
SQL: SELECT * FROM `hw_message` ORDER BY time desc LIMIT 0,5   [ RunTime:0.0000s ]
SQL: SHOW COLUMNS FROM `hw_topic` [ RunTime:0.0156s ]
SQL: SELECT * FROM `hw_topic`  [ RunTime:0.0000s ]
SQL: SHOW COLUMNS FROM `hw_psy` [ RunTime:0.0000s ]
SQL: SELECT * FROM `hw_psy`  [ RunTime:0.0000s ]
SQL: SHOW COLUMNS FROM `hw_mpthree` [ RunTime:0.0156s ]
SQL: SELECT * FROM `hw_mpthree`  [ RunTime:0.0000s ]
SQL: SHOW COLUMNS FROM `hw_ipass` [ RunTime:0.0156s ]
SQL: SELECT * FROM `hw_ipass`  [ RunTime:0.0000s ]
SQL: SHOW COLUMNS FROM `hw_machine` [ RunTime:0.0000s ]
SQL: SELECT * FROM `hw_machine`  [ RunTime:0.0000s ]
SQL: SHOW COLUMNS FROM `hw_contactus` [ RunTime:0.0156s ]
SQL: SELECT * FROM `hw_contactus`  [ RunTime:0.0000s ]
INFO: [ view_parse ] --START--
INFO: [ template_filter ] --START--
INFO: Run Behavior\ContentReplaceBehavior [ RunTime:0.000000s ]
INFO: [ template_filter ] --END-- [ RunTime:0.000000s ]
INFO: Run Behavior\ParseTemplateBehavior [ RunTime:0.078000s ]
INFO: [ view_parse ] --END-- [ RunTime:0.078000s ]
INFO: [ view_filter ] --START--
INFO: Run Behavior\WriteHtmlCacheBehavior [ RunTime:0.015600s ]
INFO: [ view_filter ] --END-- [ RunTime:0.015600s ]
INFO: [ app_end ] --START--
INFO: Run Behavior\ShowPageTraceBehavior [ RunTime:0.000000s ]
INFO: [ app_end ] --END-- [ RunTime:0.000000s ]

[ 2016-11-12T11:14:25+08:00 ] 211.137.13.86 /index.php/Admin/Admin/news.html
INFO: [ app_init ] --START--
INFO: Run Behavior\BuildLiteBehavior [ RunTime:0.000000s ]
INFO: [ app_init ] --END-- [ RunTime:0.000000s ]
INFO: [ app_begin ] --START--
INFO: Run Behavior\ReadHtmlCacheBehavior [ RunTime:0.000000s ]
INFO: [ app_begin ] --END-- [ RunTime:0.000000s ]
SQL: SHOW COLUMNS FROM `hw_newsbg` [ RunTime:0.0000s ]
SQL: SELECT * FROM `hw_newsbg` WHERE ( id=1 )  [ RunTime:0.0000s ]
SQL: SHOW COLUMNS FROM `hw_news` [ RunTime:0.0156s ]
SQL: SELECT COUNT(*) AS tp_count FROM `hw_news` LIMIT 1   [ RunTime:0.0000s ]
SQL: SELECT * FROM `hw_news` ORDER BY time desc LIMIT 0,10   [ RunTime:0.0000s ]
INFO: [ view_parse ] --START--
INFO: [ template_filter ] --START--
INFO: Run Behavior\ContentReplaceBehavior [ RunTime:0.000000s ]
INFO: [ template_filter ] --END-- [ RunTime:0.000000s ]
INFO: Run Behavior\ParseTemplateBehavior [ RunTime:0.031200s ]
INFO: [ view_parse ] --END-- [ RunTime:0.031200s ]
INFO: [ view_filter ] --START--
INFO: Run Behavior\WriteHtmlCacheBehavior [ RunTime:0.000000s ]
INFO: [ view_filter ] --END-- [ RunTime:0.000000s ]
INFO: [ app_end ] --START--
INFO: Run Behavior\ShowPageTraceBehavior [ RunTime:0.000000s ]
INFO: [ app_end ] --END-- [ RunTime:0.000000s ]

[ 2016-11-12T11:14:29+08:00 ] 211.137.13.86 /index.php/Admin/Admin/index.html
INFO: [ app_init ] --START--
INFO: Run Behavior\BuildLiteBehavior [ RunTime:0.000000s ]
INFO: [ app_init ] --END-- [ RunTime:0.000000s ]
INFO: [ app_begin ] --START--
INFO: Run Behavior\ReadHtmlCacheBehavior [ RunTime:0.000000s ]
INFO: [ app_begin ] --END-- [ RunTime:0.000000s ]
SQL: SHOW COLUMNS FROM `hw_top` [ RunTime:0.0000s ]
SQL: SELECT * FROM `hw_top`  [ RunTime:0.0000s ]
SQL: SHOW COLUMNS FROM `hw_footer` [ RunTime:0.0156s ]
SQL: SELECT * FROM `hw_footer`  [ RunTime:0.0000s ]
SQL: SHOW COLUMNS FROM `hw_youlian` [ RunTime:0.0156s ]
SQL: SELECT * FROM `hw_youlian`  [ RunTime:0.0000s ]
SQL: SHOW COLUMNS FROM `hw_cate` [ RunTime:0.0000s ]
SQL: SELECT * FROM `hw_cate` ORDER BY sort ASC  [ RunTime:0.0000s ]
SQL: SHOW COLUMNS FROM `hw_banner` [ RunTime:0.0156s ]
SQL: SELECT * FROM `hw_banner`  [ RunTime:0.0000s ]
SQL: SHOW COLUMNS FROM `hw_bnews` [ RunTime:0.0156s ]
SQL: SELECT * FROM `hw_bnews`  [ RunTime:0.0000s ]
SQL: SHOW COLUMNS FROM `hw_expert` [ RunTime:0.0000s ]
SQL: SELECT * FROM `hw_expert`  [ RunTime:0.0000s ]
SQL: SHOW COLUMNS FROM `hw_aboutus` [ RunTime:0.0156s ]
SQL: SELECT * FROM `hw_aboutus`  [ RunTime:0.0000s ]
SQL: SHOW COLUMNS FROM `hw_service` [ RunTime:0.0156s ]
SQL: SELECT * FROM `hw_service`  [ RunTime:0.0000s ]
SQL: SHOW COLUMNS FROM `hw_judge` [ RunTime:0.0156s ]
SQL: SELECT * FROM `hw_judge`  [ RunTime:0.0000s ]
SQL: SHOW COLUMNS FROM `hw_judgebg` [ RunTime:0.0000s ]
SQL: SELECT * FROM `hw_judgebg`  [ RunTime:0.0000s ]
SQL: SHOW COLUMNS FROM `hw_message` [ RunTime:0.0156s ]
SQL: SELECT COUNT(*) AS tp_count FROM `hw_message` LIMIT 1   [ RunTime:0.0000s ]
SQL: SELECT * FROM `hw_message` ORDER BY time desc LIMIT 0,5   [ RunTime:0.0000s ]
SQL: SHOW COLUMNS FROM `hw_topic` [ RunTime:0.0156s ]
SQL: SELECT * FROM `hw_topic`  [ RunTime:0.0000s ]
SQL: SHOW COLUMNS FROM `hw_psy` [ RunTime:0.0000s ]
SQL: SELECT * FROM `hw_psy`  [ RunTime:0.0000s ]
SQL: SHOW COLUMNS FROM `hw_mpthree` [ RunTime:0.0156s ]
SQL: SELECT * FROM `hw_mpthree`  [ RunTime:0.0000s ]
SQL: SHOW COLUMNS FROM `hw_ipass` [ RunTime:0.0156s ]
SQL: SELECT * FROM `hw_ipass`  [ RunTime:0.0000s ]
SQL: SHOW COLUMNS FROM `hw_machine` [ RunTime:0.0000s ]
SQL: SELECT * FROM `hw_machine`  [ RunTime:0.0000s ]
SQL: SHOW COLUMNS FROM `hw_contactus` [ RunTime:0.0156s ]
SQL: SELECT * FROM `hw_contactus`  [ RunTime:0.0000s ]
INFO: [ view_parse ] --START--
INFO: [ template_filter ] --START--
INFO: Run Behavior\ContentReplaceBehavior [ RunTime:0.000000s ]
INFO: [ template_filter ] --END-- [ RunTime:0.000000s ]
INFO: Run Behavior\ParseTemplateBehavior [ RunTime:0.078000s ]
INFO: [ view_parse ] --END-- [ RunTime:0.078000s ]
INFO: [ view_filter ] --START--
INFO: Run Behavior\WriteHtmlCacheBehavior [ RunTime:0.000000s ]
INFO: [ view_filter ] --END-- [ RunTime:0.000000s ]
INFO: [ app_end ] --START--
INFO: Run Behavior\ShowPageTraceBehavior [ RunTime:0.015600s ]
INFO: [ app_end ] --END-- [ RunTime:0.015600s ]

