[ 2016-11-07T11:09:38+08:00 ] 211.137.13.86 /index.php/Admin/Admin/index.html
INFO: [ app_init ] --START--
INFO: Run Behavior\BuildLiteBehavior [ RunTime:0.000000s ]
INFO: [ app_init ] --END-- [ RunTime:0.000000s ]
INFO: [ app_begin ] --START--
INFO: Run Behavior\ReadHtmlCacheBehavior [ RunTime:0.015600s ]
INFO: [ app_begin ] --END-- [ RunTime:0.015600s ]

[ 2016-11-07T11:09:39+08:00 ] 211.137.13.86 /index.php/Admin/Manage/login.html
INFO: [ app_init ] --START--
INFO: Run Behavior\BuildLiteBehavior [ RunTime:0.000000s ]
INFO: [ app_init ] --END-- [ RunTime:0.000000s ]
INFO: [ app_begin ] --START--
INFO: Run Behavior\ReadHtmlCacheBehavior [ RunTime:0.000000s ]
INFO: [ app_begin ] --END-- [ RunTime:0.000000s ]
INFO: [ view_parse ] --START--
INFO: [ template_filter ] --START--
INFO: Run Behavior\ContentReplaceBehavior [ RunTime:0.000000s ]
INFO: [ template_filter ] --END-- [ RunTime:0.000000s ]
NOTIC: [8] Undefined variable: think D:\www\mind\Runtime\Cache\Admin\8bf5cf33f1344337a13a2f1279036828.php 第 26 行.
INFO: Run Behavior\ParseTemplateBehavior [ RunTime:0.046800s ]
INFO: [ view_parse ] --END-- [ RunTime:0.046800s ]
INFO: [ view_filter ] --START--
INFO: Run Behavior\WriteHtmlCacheBehavior [ RunTime:0.000000s ]
INFO: [ view_filter ] --END-- [ RunTime:0.000000s ]
INFO: [ app_end ] --START--
INFO: Run Behavior\ShowPageTraceBehavior [ RunTime:0.000000s ]
INFO: [ app_end ] --END-- [ RunTime:0.000000s ]

[ 2016-11-07T11:09:40+08:00 ] 211.137.13.86 /index.php/Admin/Manage/login.html
INFO: [ app_init ] --START--
INFO: Run Behavior\BuildLiteBehavior [ RunTime:0.000000s ]
INFO: [ app_init ] --END-- [ RunTime:0.000000s ]
INFO: [ app_begin ] --START--
INFO: Run Behavior\ReadHtmlCacheBehavior [ RunTime:0.000000s ]
INFO: [ app_begin ] --END-- [ RunTime:0.000000s ]
SQL: SHOW COLUMNS FROM `hw_manage` [ RunTime:0.0156s ]
SQL: SELECT * FROM `hw_manage` WHERE `name` = 'admin' LIMIT 1   [ RunTime:0.0000s ]

[ 2016-11-07T11:09:41+08:00 ] 211.137.13.86 /index.php/Admin/Admin/index.html
INFO: [ app_init ] --START--
INFO: Run Behavior\BuildLiteBehavior [ RunTime:0.000000s ]
INFO: [ app_init ] --END-- [ RunTime:0.000000s ]
INFO: [ app_begin ] --START--
INFO: Run Behavior\ReadHtmlCacheBehavior [ RunTime:0.000000s ]
INFO: [ app_begin ] --END-- [ RunTime:0.000000s ]
SQL: SHOW COLUMNS FROM `hw_top` [ RunTime:0.0000s ]
SQL: SELECT * FROM `hw_top`  [ RunTime:0.0000s ]
SQL: SHOW COLUMNS FROM `hw_footer` [ RunTime:0.0156s ]
SQL: SELECT * FROM `hw_footer`  [ RunTime:0.0000s ]
SQL: SHOW COLUMNS FROM `hw_youlian` [ RunTime:0.0000s ]
SQL: SELECT * FROM `hw_youlian`  [ RunTime:0.0000s ]
SQL: SHOW COLUMNS FROM `hw_cate` [ RunTime:0.0000s ]
SQL: SELECT * FROM `hw_cate` ORDER BY sort ASC  [ RunTime:0.0000s ]
SQL: SHOW COLUMNS FROM `hw_banner` [ RunTime:0.0156s ]
SQL: SELECT * FROM `hw_banner`  [ RunTime:0.0000s ]
SQL: SHOW COLUMNS FROM `hw_bnews` [ RunTime:0.0156s ]
SQL: SELECT * FROM `hw_bnews`  [ RunTime:0.0000s ]
SQL: SHOW COLUMNS FROM `hw_news` [ RunTime:0.0156s ]
SQL: SELECT COUNT(*) AS tp_count FROM `hw_news` LIMIT 1   [ RunTime:0.0000s ]
SQL: SELECT * FROM `hw_news` ORDER BY time desc LIMIT 0,10   [ RunTime:0.0000s ]
SQL: SHOW COLUMNS FROM `hw_newst` [ RunTime:0.0000s ]
SQL: SELECT COUNT(*) AS tp_count FROM `hw_newst` LIMIT 1   [ RunTime:0.0000s ]
SQL: SELECT * FROM `hw_newst` ORDER BY time desc LIMIT 0,10   [ RunTime:0.0156s ]
SQL: SHOW COLUMNS FROM `hw_newsbg` [ RunTime:0.0000s ]
SQL: SELECT * FROM `hw_newsbg` WHERE ( id=1 )  [ RunTime:0.0000s ]
SQL: SELECT * FROM `hw_newsbg` WHERE ( id=2 )  [ RunTime:0.0000s ]
SQL: SHOW COLUMNS FROM `hw_expert` [ RunTime:0.0156s ]
SQL: SELECT * FROM `hw_expert`  [ RunTime:0.0000s ]
SQL: SHOW COLUMNS FROM `hw_aboutus` [ RunTime:0.0156s ]
SQL: SELECT * FROM `hw_aboutus`  [ RunTime:0.0000s ]
SQL: SHOW COLUMNS FROM `hw_service` [ RunTime:0.0000s ]
SQL: SELECT * FROM `hw_service`  [ RunTime:0.0000s ]
SQL: SHOW COLUMNS FROM `hw_judge` [ RunTime:0.0156s ]
SQL: SELECT * FROM `hw_judge`  [ RunTime:0.0000s ]
SQL: SHOW COLUMNS FROM `hw_judgebg` [ RunTime:0.0156s ]
SQL: SELECT * FROM `hw_judgebg`  [ RunTime:0.0000s ]
SQL: SHOW COLUMNS FROM `hw_message` [ RunTime:0.0156s ]
SQL: SELECT COUNT(*) AS tp_count FROM `hw_message` LIMIT 1   [ RunTime:0.0000s ]
SQL: SELECT * FROM `hw_message` ORDER BY time desc LIMIT 0,10   [ RunTime:0.0000s ]
SQL: SHOW COLUMNS FROM `hw_topic` [ RunTime:0.0000s ]
SQL: SELECT * FROM `hw_topic`  [ RunTime:0.0000s ]
SQL: SHOW COLUMNS FROM `hw_psy` [ RunTime:0.0156s ]
SQL: SELECT * FROM `hw_psy`  [ RunTime:0.0000s ]
SQL: SHOW COLUMNS FROM `hw_mpthree` [ RunTime:0.0156s ]
SQL: SELECT * FROM `hw_mpthree`  [ RunTime:0.0000s ]
SQL: SHOW COLUMNS FROM `hw_ipass` [ RunTime:0.0156s ]
SQL: SELECT * FROM `hw_ipass`  [ RunTime:0.0000s ]
SQL: SHOW COLUMNS FROM `hw_machine` [ RunTime:0.0000s ]
SQL: SELECT * FROM `hw_machine`  [ RunTime:0.0000s ]
SQL: SHOW COLUMNS FROM `hw_contactus` [ RunTime:0.0312s ]
SQL: SELECT * FROM `hw_contactus`  [ RunTime:0.0000s ]
INFO: [ view_parse ] --START--
INFO: [ template_filter ] --START--
INFO: Run Behavior\ContentReplaceBehavior [ RunTime:0.000000s ]
INFO: [ template_filter ] --END-- [ RunTime:0.000000s ]
INFO: Run Behavior\ParseTemplateBehavior [ RunTime:0.109201s ]
INFO: [ view_parse ] --END-- [ RunTime:0.109201s ]
INFO: [ view_filter ] --START--
INFO: Run Behavior\WriteHtmlCacheBehavior [ RunTime:0.000000s ]
INFO: [ view_filter ] --END-- [ RunTime:0.000000s ]
INFO: [ app_end ] --START--
INFO: Run Behavior\ShowPageTraceBehavior [ RunTime:0.000000s ]
INFO: [ app_end ] --END-- [ RunTime:0.000000s ]

[ 2016-11-07T11:11:39+08:00 ] 211.137.13.86 /index.php/Admin/Admin/addhnewst.html
INFO: [ app_init ] --START--
INFO: Run Behavior\BuildLiteBehavior [ RunTime:0.000000s ]
INFO: [ app_init ] --END-- [ RunTime:0.000000s ]
INFO: [ app_begin ] --START--
INFO: Run Behavior\ReadHtmlCacheBehavior [ RunTime:0.000000s ]
INFO: [ app_begin ] --END-- [ RunTime:0.000000s ]
SQL: SHOW COLUMNS FROM `hw_newst` [ RunTime:0.0000s ]
INFO: [ view_parse ] --START--
INFO: [ template_filter ] --START--
INFO: Run Behavior\ContentReplaceBehavior [ RunTime:0.000000s ]
INFO: [ template_filter ] --END-- [ RunTime:0.000000s ]
NOTIC: [8] Undefined variable: think D:\www\mind\Runtime\Cache\Admin\7f9eb48c00da6b0122992baf32f07507.php 第 26 行.
INFO: Run Behavior\ParseTemplateBehavior [ RunTime:0.015600s ]
INFO: [ view_parse ] --END-- [ RunTime:0.015600s ]
INFO: [ view_filter ] --START--
INFO: Run Behavior\WriteHtmlCacheBehavior [ RunTime:0.000000s ]
INFO: [ view_filter ] --END-- [ RunTime:0.000000s ]
INFO: [ app_end ] --START--
INFO: Run Behavior\ShowPageTraceBehavior [ RunTime:0.000000s ]
INFO: [ app_end ] --END-- [ RunTime:0.000000s ]

[ 2016-11-07T11:12:45+08:00 ] 211.137.13.86 /index.php/Admin/Admin/addhnewst.html
INFO: [ app_init ] --START--
INFO: Run Behavior\BuildLiteBehavior [ RunTime:0.000000s ]
INFO: [ app_init ] --END-- [ RunTime:0.000000s ]
INFO: [ app_begin ] --START--
INFO: Run Behavior\ReadHtmlCacheBehavior [ RunTime:0.000000s ]
INFO: [ app_begin ] --END-- [ RunTime:0.000000s ]
SQL: SHOW COLUMNS FROM `hw_newst` [ RunTime:0.0000s ]
INFO: [ view_parse ] --START--
INFO: [ template_filter ] --START--
INFO: Run Behavior\ContentReplaceBehavior [ RunTime:0.000000s ]
INFO: [ template_filter ] --END-- [ RunTime:0.000000s ]
NOTIC: [8] Undefined variable: think D:\www\mind\Runtime\Cache\Admin\7f9eb48c00da6b0122992baf32f07507.php 第 26 行.
INFO: Run Behavior\ParseTemplateBehavior [ RunTime:0.015601s ]
INFO: [ view_parse ] --END-- [ RunTime:0.015601s ]
INFO: [ view_filter ] --START--
INFO: Run Behavior\WriteHtmlCacheBehavior [ RunTime:0.000000s ]
INFO: [ view_filter ] --END-- [ RunTime:0.000000s ]
INFO: [ app_end ] --START--
INFO: Run Behavior\ShowPageTraceBehavior [ RunTime:0.000000s ]
INFO: [ app_end ] --END-- [ RunTime:0.000000s ]

[ 2016-11-07T13:42:59+08:00 ] 211.137.13.86 /index.php/Admin/Admin/addhnewst.html
INFO: [ app_init ] --START--
INFO: Run Behavior\BuildLiteBehavior [ RunTime:0.000000s ]
INFO: [ app_init ] --END-- [ RunTime:0.000000s ]
INFO: [ app_begin ] --START--
INFO: Run Behavior\ReadHtmlCacheBehavior [ RunTime:0.000000s ]
INFO: [ app_begin ] --END-- [ RunTime:0.000000s ]

[ 2016-11-07T13:42:59+08:00 ] 211.137.13.86 /index.php/Admin/Manage/login.html
INFO: [ app_init ] --START--
INFO: Run Behavior\BuildLiteBehavior [ RunTime:0.000000s ]
INFO: [ app_init ] --END-- [ RunTime:0.000000s ]
INFO: [ app_begin ] --START--
INFO: Run Behavior\ReadHtmlCacheBehavior [ RunTime:0.000000s ]
INFO: [ app_begin ] --END-- [ RunTime:0.000000s ]
INFO: [ view_parse ] --START--
INFO: [ template_filter ] --START--
INFO: Run Behavior\ContentReplaceBehavior [ RunTime:0.000000s ]
INFO: [ template_filter ] --END-- [ RunTime:0.000000s ]
NOTIC: [8] Undefined variable: think D:\www\mind\Runtime\Cache\Admin\8bf5cf33f1344337a13a2f1279036828.php 第 26 行.
INFO: Run Behavior\ParseTemplateBehavior [ RunTime:0.046800s ]
INFO: [ view_parse ] --END-- [ RunTime:0.046800s ]
INFO: [ view_filter ] --START--
INFO: Run Behavior\WriteHtmlCacheBehavior [ RunTime:0.000000s ]
INFO: [ view_filter ] --END-- [ RunTime:0.000000s ]
INFO: [ app_end ] --START--
INFO: Run Behavior\ShowPageTraceBehavior [ RunTime:0.000000s ]
INFO: [ app_end ] --END-- [ RunTime:0.000000s ]

[ 2016-11-07T13:43:03+08:00 ] 211.137.13.86 /index.php/Admin/Manage/login.html
INFO: [ app_init ] --START--
INFO: Run Behavior\BuildLiteBehavior [ RunTime:0.000000s ]
INFO: [ app_init ] --END-- [ RunTime:0.000000s ]
INFO: [ app_begin ] --START--
INFO: Run Behavior\ReadHtmlCacheBehavior [ RunTime:0.000000s ]
INFO: [ app_begin ] --END-- [ RunTime:0.000000s ]
SQL: SHOW COLUMNS FROM `hw_manage` [ RunTime:0.0156s ]
SQL: SELECT * FROM `hw_manage` WHERE `name` = 'admin' LIMIT 1   [ RunTime:0.0000s ]

[ 2016-11-07T13:43:03+08:00 ] 211.137.13.86 /index.php/Admin/Admin/index.html
INFO: [ app_init ] --START--
INFO: Run Behavior\BuildLiteBehavior [ RunTime:0.000000s ]
INFO: [ app_init ] --END-- [ RunTime:0.000000s ]
INFO: [ app_begin ] --START--
INFO: Run Behavior\ReadHtmlCacheBehavior [ RunTime:0.000000s ]
INFO: [ app_begin ] --END-- [ RunTime:0.000000s ]
SQL: SHOW COLUMNS FROM `hw_top` [ RunTime:0.0000s ]
SQL: SELECT * FROM `hw_top`  [ RunTime:0.0000s ]
SQL: SHOW COLUMNS FROM `hw_footer` [ RunTime:0.0156s ]
SQL: SELECT * FROM `hw_footer`  [ RunTime:0.0000s ]
SQL: SHOW COLUMNS FROM `hw_youlian` [ RunTime:0.0156s ]
SQL: SELECT * FROM `hw_youlian`  [ RunTime:0.0000s ]
SQL: SHOW COLUMNS FROM `hw_cate` [ RunTime:0.0000s ]
SQL: SELECT * FROM `hw_cate` ORDER BY sort ASC  [ RunTime:0.0000s ]
SQL: SHOW COLUMNS FROM `hw_banner` [ RunTime:0.0156s ]
SQL: SELECT * FROM `hw_banner`  [ RunTime:0.0000s ]
SQL: SHOW COLUMNS FROM `hw_bnews` [ RunTime:0.0156s ]
SQL: SELECT * FROM `hw_bnews`  [ RunTime:0.0000s ]
SQL: SHOW COLUMNS FROM `hw_news` [ RunTime:0.0000s ]
SQL: SELECT COUNT(*) AS tp_count FROM `hw_news` LIMIT 1   [ RunTime:0.0000s ]
SQL: SELECT * FROM `hw_news` ORDER BY time desc LIMIT 0,10   [ RunTime:0.0000s ]
SQL: SHOW COLUMNS FROM `hw_newst` [ RunTime:0.0000s ]
SQL: SELECT COUNT(*) AS tp_count FROM `hw_newst` LIMIT 1   [ RunTime:0.0000s ]
SQL: SELECT * FROM `hw_newst` ORDER BY time desc LIMIT 0,10   [ RunTime:0.0156s ]
SQL: SHOW COLUMNS FROM `hw_newsbg` [ RunTime:0.0000s ]
SQL: SELECT * FROM `hw_newsbg` WHERE ( id=1 )  [ RunTime:0.0000s ]
SQL: SELECT * FROM `hw_newsbg` WHERE ( id=2 )  [ RunTime:0.0000s ]
SQL: SHOW COLUMNS FROM `hw_expert` [ RunTime:0.0156s ]
SQL: SELECT * FROM `hw_expert`  [ RunTime:0.0000s ]
SQL: SHOW COLUMNS FROM `hw_aboutus` [ RunTime:0.0156s ]
SQL: SELECT * FROM `hw_aboutus`  [ RunTime:0.0000s ]
SQL: SHOW COLUMNS FROM `hw_service` [ RunTime:0.0000s ]
SQL: SELECT * FROM `hw_service`  [ RunTime:0.0000s ]
SQL: SHOW COLUMNS FROM `hw_judge` [ RunTime:0.0156s ]
SQL: SELECT * FROM `hw_judge`  [ RunTime:0.0000s ]
SQL: SHOW COLUMNS FROM `hw_judgebg` [ RunTime:0.0000s ]
SQL: SELECT * FROM `hw_judgebg`  [ RunTime:0.0000s ]
SQL: SHOW COLUMNS FROM `hw_message` [ RunTime:0.0000s ]
SQL: SELECT COUNT(*) AS tp_count FROM `hw_message` LIMIT 1   [ RunTime:0.0000s ]
SQL: SELECT * FROM `hw_message` ORDER BY time desc LIMIT 0,10   [ RunTime:0.0000s ]
SQL: SHOW COLUMNS FROM `hw_topic` [ RunTime:0.0156s ]
SQL: SELECT * FROM `hw_topic`  [ RunTime:0.0000s ]
SQL: SHOW COLUMNS FROM `hw_psy` [ RunTime:0.0000s ]
SQL: SELECT * FROM `hw_psy`  [ RunTime:0.0000s ]
SQL: SHOW COLUMNS FROM `hw_mpthree` [ RunTime:0.0000s ]
SQL: SELECT * FROM `hw_mpthree`  [ RunTime:0.0000s ]
SQL: SHOW COLUMNS FROM `hw_ipass` [ RunTime:0.0156s ]
SQL: SELECT * FROM `hw_ipass`  [ RunTime:0.0000s ]
SQL: SHOW COLUMNS FROM `hw_machine` [ RunTime:0.0156s ]
SQL: SELECT * FROM `hw_machine`  [ RunTime:0.0000s ]
SQL: SHOW COLUMNS FROM `hw_contactus` [ RunTime:0.0000s ]
SQL: SELECT * FROM `hw_contactus`  [ RunTime:0.0000s ]
INFO: [ view_parse ] --START--
INFO: [ template_filter ] --START--
INFO: Run Behavior\ContentReplaceBehavior [ RunTime:0.000000s ]
INFO: [ template_filter ] --END-- [ RunTime:0.000000s ]
INFO: Run Behavior\ParseTemplateBehavior [ RunTime:0.109200s ]
INFO: [ view_parse ] --END-- [ RunTime:0.109200s ]
INFO: [ view_filter ] --START--
INFO: Run Behavior\WriteHtmlCacheBehavior [ RunTime:0.000000s ]
INFO: [ view_filter ] --END-- [ RunTime:0.000000s ]
INFO: [ app_end ] --START--
INFO: Run Behavior\ShowPageTraceBehavior [ RunTime:0.000000s ]
INFO: [ app_end ] --END-- [ RunTime:0.000000s ]

[ 2016-11-07T13:43:07+08:00 ] 211.137.13.86 /index.php/Admin/Admin/addhnewst.html
INFO: [ app_init ] --START--
INFO: Run Behavior\BuildLiteBehavior [ RunTime:0.000000s ]
INFO: [ app_init ] --END-- [ RunTime:0.000000s ]
INFO: [ app_begin ] --START--
INFO: Run Behavior\ReadHtmlCacheBehavior [ RunTime:0.000000s ]
INFO: [ app_begin ] --END-- [ RunTime:0.000000s ]
SQL: SHOW COLUMNS FROM `hw_newst` [ RunTime:0.0000s ]
INFO: [ view_parse ] --START--
INFO: [ template_filter ] --START--
INFO: Run Behavior\ContentReplaceBehavior [ RunTime:0.000000s ]
INFO: [ template_filter ] --END-- [ RunTime:0.000000s ]
NOTIC: [8] Undefined variable: think D:\www\mind\Runtime\Cache\Admin\7f9eb48c00da6b0122992baf32f07507.php 第 26 行.
INFO: Run Behavior\ParseTemplateBehavior [ RunTime:0.015600s ]
INFO: [ view_parse ] --END-- [ RunTime:0.015600s ]
INFO: [ view_filter ] --START--
INFO: Run Behavior\WriteHtmlCacheBehavior [ RunTime:0.000000s ]
INFO: [ view_filter ] --END-- [ RunTime:0.000000s ]
INFO: [ app_end ] --START--
INFO: Run Behavior\ShowPageTraceBehavior [ RunTime:0.000000s ]
INFO: [ app_end ] --END-- [ RunTime:0.000000s ]

[ 2016-11-07T13:43:11+08:00 ] 211.137.13.86 /index.php/Admin/Manage/login.html
INFO: [ app_init ] --START--
INFO: Run Behavior\BuildLiteBehavior [ RunTime:0.000000s ]
INFO: [ app_init ] --END-- [ RunTime:0.000000s ]
INFO: [ app_begin ] --START--
INFO: Run Behavior\ReadHtmlCacheBehavior [ RunTime:0.000000s ]
INFO: [ app_begin ] --END-- [ RunTime:0.000000s ]
INFO: [ view_parse ] --START--
INFO: [ template_filter ] --START--
INFO: Run Behavior\ContentReplaceBehavior [ RunTime:0.000000s ]
INFO: [ template_filter ] --END-- [ RunTime:0.000000s ]
NOTIC: [8] Undefined variable: think D:\www\mind\Runtime\Cache\Admin\8bf5cf33f1344337a13a2f1279036828.php 第 26 行.
INFO: Run Behavior\ParseTemplateBehavior [ RunTime:0.000000s ]
INFO: [ view_parse ] --END-- [ RunTime:0.000000s ]
INFO: [ view_filter ] --START--
INFO: Run Behavior\WriteHtmlCacheBehavior [ RunTime:0.015600s ]
INFO: [ view_filter ] --END-- [ RunTime:0.015600s ]
INFO: [ app_end ] --START--
INFO: Run Behavior\ShowPageTraceBehavior [ RunTime:0.000000s ]
INFO: [ app_end ] --END-- [ RunTime:0.000000s ]

[ 2016-11-07T13:43:24+08:00 ] 211.137.13.86 /index.php/Admin/Admin/addhnewst.html
INFO: [ app_init ] --START--
INFO: Run Behavior\BuildLiteBehavior [ RunTime:0.000000s ]
INFO: [ app_init ] --END-- [ RunTime:0.000000s ]
INFO: [ app_begin ] --START--
INFO: Run Behavior\ReadHtmlCacheBehavior [ RunTime:0.000000s ]
INFO: [ app_begin ] --END-- [ RunTime:0.000000s ]
SQL: SHOW COLUMNS FROM `hw_newst` [ RunTime:0.0000s ]
NOTIC: [2] call_user_func() expects parameter 1 to be a valid callback, no array or string given D:\www\mind\ThinkPHP\Library\Think\Upload.class.php 第 170 行.
SQL: INSERT INTO `hw_newst` (`title`,`intro`,`content`,`cover`,`time`) VALUES ('你那么独立，可不是为了没人疼你。','年轻时，我们都对独立用力过猛，以为受伤时不流泪就是强大，恋爱时不花对方的钱就是独立。殊不知，这其实是因为内心极度匮乏安全感。','&lt;p style=&quot;line-height: 2em; text-indent: 2em;&quot;&gt;&lt;span style=&quot;font-family: 微软雅黑, &amp;#39;Microsoft YaHei&amp;#39;;&quot;&gt;到我现在的照片，就能精准写出：用十年光阴从女汉子扭转成柔软姿态。&lt;/span&gt;&lt;/p&gt;&lt;p style=&quot;line-height: 2em; text-indent: 2em;&quot;&gt;&lt;span style=&quot;font-family: 微软雅黑, &amp;#39;Microsoft YaHei&amp;#39;;&quot;&gt;我才知道，过去的我，没有女人味，真的就是长了一张过于独立的脸！&lt;/span&gt;&lt;/p&gt;&lt;p style=&quot;line-height: 2em; text-indent: 2em;&quot;&gt;&lt;span style=&quot;color: rgb(0, 112, 192);&quot;&gt;&lt;strong&gt;&lt;span style=&quot;font-family: 微软雅黑, &amp;#39;Microsoft YaHei&amp;#39;;&quot;&gt;年轻时，我们都对独立用力过猛，以为受伤时不流泪就是强大，恋爱时不花对方的钱就是独立。殊不知，这其实是因为内心极度匮乏安全感。&lt;/span&gt;&lt;/strong&gt;&lt;/span&gt;&lt;/p&gt;&lt;p&gt;&lt;br/&gt;&lt;/p&gt;&lt;p style=&quot;line-height: 2em; text-align: center; text-indent: 2em;&quot;&gt;&lt;strong&gt;&lt;span style=&quot;font-family: 微软雅黑, &amp;#39;Microsoft YaHei&amp;#39;;&quot;&gt;｜壹｜&lt;/span&gt;&lt;/strong&gt;&lt;/p&gt;&lt;p style=&quot;line-height: 2em; text-align: center; text-indent: 2em;&quot;&gt;&lt;strong&gt;&lt;span style=&quot;font-family: 微软雅黑, &amp;#39;Microsoft YaHei&amp;#39;;&quot;&gt;你长了一张独立的脸&lt;/span&gt;&lt;/strong&gt;&lt;/p&gt;&lt;p&gt;&lt;br/&gt;&lt;/p&gt;&lt;p style=&quot;line-height: 2em; text-indent: 2em;&quot;&gt;&lt;span style=&quot;font-family: 微软雅黑, &amp;#39;Microsoft YaHei&amp;#39;;&quot;&gt;前段时间，田朴珺的新闻蛮多的，有人给她冠了个名：独立婊。还有有人调侃她，感谢一下王石会死啊！&lt;/span&gt;&lt;/p&gt;&lt;p&gt;&lt;br/&gt;&lt;/p&gt;&lt;p style=&quot;line-height: 2em; text-indent: 2em;&quot;&gt;&lt;span style=&quot;font-family: 微软雅黑, &amp;#39;Microsoft YaHei&amp;#39;;&quot;&gt;我没看她演讲的视频，但是多多少少读到过关于她的经历。据说，她的父亲重男轻女，她从小就发誓要比男人强，一直用独立标榜自己。所以她的五官真的透露着一种不友好的界面，太用力了。&lt;/span&gt;&lt;/p&gt;&lt;p&gt;&lt;br/&gt;&lt;/p&gt;&lt;p style=&quot;line-height: 2em; text-indent: 2em;&quot;&gt;&lt;span style=&quot;font-family: 微软雅黑, &amp;#39;Microsoft YaHei&amp;#39;;&quot;&gt;十二姐也写了个文一针见血：过份的独立其实就是不懂爱。我看到的时候，点头如捣蒜。说实话，同类相吸，这样的人，在我身边真的蛮多的。&lt;/span&gt;&lt;/p&gt;&lt;p&gt;&lt;br/&gt;&lt;/p&gt;&lt;p style=&quot;line-height: 2em; text-indent: 2em;&quot;&gt;&lt;span style=&quot;font-family: 微软雅黑, &amp;#39;Microsoft YaHei&amp;#39;;&quot;&gt;我的朋友A，为了逃避爹不疼、妈不爱、兄弟欺，20岁不到辍学出来工作，她对独立的理解是，要有钱，要努力工作。后来别人这样形容过A，远远望去，看她的姿态好像在说：不要和我说话。&lt;/span&gt;&lt;/p&gt;&lt;p&gt;&lt;br/&gt;&lt;/p&gt;&lt;p style=&quot;line-height: 2em; text-indent: 2em;&quot;&gt;&lt;span style=&quot;font-family: 微软雅黑, &amp;#39;Microsoft YaHei&amp;#39;;&quot;&gt;我的朋友B，留守儿童长大，和男友交往时，男友送她一件衣服她必定回一份礼物。她对于独立的理解，就是自己有能力，不欠任何人。渐渐的周边的人都不爱和她玩。&lt;/span&gt;&lt;/p&gt;&lt;p&gt;&lt;br/&gt;&lt;/p&gt;&lt;p style=&quot;line-height: 2em; text-indent: 2em;&quot;&gt;&lt;span style=&quot;font-family: 微软雅黑, &amp;#39;Microsoft YaHei&amp;#39;;&quot;&gt;我自己也是留守儿童长大，又是女孩不受重视，我对于独立的理解是，只要我是靠自己，就掌握了话语权。所以，那几年，无论是讲话还是气势上我都是咄咄逼人状态。&lt;/span&gt;&lt;/p&gt;&lt;p&gt;&lt;br/&gt;&lt;/p&gt;&lt;p style=&quot;line-height: 2em; text-indent: 2em;&quot;&gt;&lt;span style=&quot;font-family: 微软雅黑, &amp;#39;Microsoft YaHei&amp;#39;;&quot;&gt;不止一个朋友说曾经的我像个凶狠的男人。想想都有点惊悚，那时候的我一定周身散发出一种冰冷气息。&lt;/span&gt;&lt;/p&gt;&lt;p&gt;&lt;br/&gt;&lt;/p&gt;&lt;p&gt;&lt;br/&gt;&lt;/p&gt;&lt;p&gt;&lt;br/&gt;&lt;/p&gt;&lt;p style=&quot;line-height: 2em; text-align: center; text-indent: 2em;&quot;&gt;&lt;strong&gt;&lt;span style=&quot;font-family: 微软雅黑, &amp;#39;Microsoft YaHei&amp;#39;;&quot;&gt;｜贰｜&lt;/span&gt;&lt;/strong&gt;&lt;/p&gt;&lt;p style=&quot;line-height: 2em; text-align: center; text-indent: 2em;&quot;&gt;&lt;strong&gt;&lt;span style=&quot;font-family: 微软雅黑, &amp;#39;Microsoft YaHei&amp;#39;;&quot;&gt;太过独立的人，其实内心很软弱&lt;/span&gt;&lt;/strong&gt;&lt;/p&gt;&lt;p&gt;&lt;br/&gt;&lt;/p&gt;&lt;p style=&quot;line-height: 2em; text-indent: 2em;&quot;&gt;&lt;span style=&quot;font-family: 微软雅黑, &amp;#39;Microsoft YaHei&amp;#39;;&quot;&gt;我一直蛮喜欢港女的性格，坚强独立。&lt;/span&gt;&lt;/p&gt;&lt;p&gt;&lt;br/&gt;&lt;/p&gt;&lt;p style=&quot;line-height: 2em; text-indent: 2em;&quot;&gt;&lt;span style=&quot;font-family: 微软雅黑, &amp;#39;Microsoft YaHei&amp;#39;;&quot;&gt;张柏芝，算其中一个，可看到她离婚时的状态仍然惊出一身冷汗，明明骨瘦如柴，弱不禁风的外表，还要发表独立宣言说：我不会浪费时间在一个不爱我的男人身上。&lt;/span&gt;&lt;/p&gt;&lt;p&gt;&lt;br/&gt;&lt;/p&gt;&lt;p style=&quot;line-height: 2em; text-indent: 2em;&quot;&gt;&lt;span style=&quot;font-family: 微软雅黑, &amp;#39;Microsoft YaHei&amp;#39;;&quot;&gt;话是没有错，但是那姿态，表情刚强的像个女战士，唯独不像个女人。&lt;/span&gt;&lt;/p&gt;&lt;p&gt;&lt;br/&gt;&lt;/p&gt;&lt;p style=&quot;line-height: 2em; text-indent: 2em;&quot;&gt;&lt;span style=&quot;font-family: 微软雅黑, &amp;#39;Microsoft YaHei&amp;#39;;&quot;&gt;其实，唯一能痛击我们这类女汉子的就是感情，而当感情受伤了以后，我们的面容就会更加冰冷、决绝。&lt;/span&gt;&lt;/p&gt;&lt;p&gt;&lt;br/&gt;&lt;/p&gt;&lt;p style=&quot;line-height: 2em; text-indent: 2em;&quot;&gt;&lt;span style=&quot;font-family: 微软雅黑, &amp;#39;Microsoft YaHei&amp;#39;;&quot;&gt;A和她交往五年的男友已经过上了房车具备的日子，可在怀疑对方出轨的时候，决绝分手，没有回过头。&lt;/span&gt;&lt;/p&gt;&lt;p&gt;&lt;br/&gt;&lt;/p&gt;&lt;p style=&quot;line-height: 2em; text-indent: 2em;&quot;&gt;&lt;span style=&quot;font-family: 微软雅黑, &amp;#39;Microsoft YaHei&amp;#39;;&quot;&gt;B在和男友结婚之后，坚持不住那个她没有出钱买的房子，导致无数次离家出走。&lt;/span&gt;&lt;/p&gt;&lt;p&gt;&lt;br/&gt;&lt;/p&gt;&lt;p style=&quot;line-height: 2em; text-indent: 2em;&quot;&gt;&lt;span style=&quot;font-family: 微软雅黑, &amp;#39;Microsoft YaHei&amp;#39;;&quot;&gt;我自己更搞笑，分个手而已。当时以为是果敢强大，其实是，断舍离的用力过猛。借着春节回家，再也没有踏足过我们曾经生活过的城市，彻底消失，离开了所有人的视线，仿佛这一切从未发生。后来想想，这对朋友们其实多么的不公平。&lt;/span&gt;&lt;/p&gt;&lt;p&gt;&lt;br/&gt;&lt;/p&gt;&lt;p style=&quot;line-height: 2em; text-indent: 2em;&quot;&gt;&lt;span style=&quot;font-family: 微软雅黑, &amp;#39;Microsoft YaHei&amp;#39;;&quot;&gt;我们的姿态之所以如此决绝，不过是害怕暴露自己的软弱，不愿意承认感情的失败。&lt;/span&gt;&lt;/p&gt;&lt;p&gt;&lt;br/&gt;&lt;/p&gt;&lt;p style=&quot;line-height: 2em; text-indent: 2em;&quot;&gt;&lt;span style=&quot;color: rgb(0, 176, 240);&quot;&gt;&lt;strong&gt;&lt;span style=&quot;color: rgb(0, 176, 240); font-family: 微软雅黑, &amp;#39;Microsoft YaHei&amp;#39;;&quot;&gt;我们标榜自己独立的那一刻，卯足了一股劲：从此没人能够伤到我。&lt;/span&gt;&lt;/strong&gt;&lt;/span&gt;&lt;/p&gt;&lt;p&gt;&lt;br/&gt;&lt;/p&gt;&lt;p style=&quot;line-height: 2em; text-indent: 2em;&quot;&gt;&lt;span style=&quot;font-family: 微软雅黑, &amp;#39;Microsoft YaHei&amp;#39;;&quot;&gt;可是生而为人，肉身凡体，在金刚水泥里穿行，不受伤才是奇怪。&lt;/span&gt;&lt;/p&gt;&lt;p&gt;&lt;br/&gt;&lt;/p&gt;&lt;p style=&quot;line-height: 2em; text-indent: 2em;&quot;&gt;&lt;span style=&quot;font-family: 微软雅黑, &amp;#39;Microsoft YaHei&amp;#39;;&quot;&gt;但是，这世界上就是有这么一类人，标榜自己，不会受伤，她的心里不止建了墙，还披了盔甲，她以为，她杀敌一千，其实忽略了自损八百。&lt;/span&gt;&lt;/p&gt;&lt;p&gt;&lt;br/&gt;&lt;/p&gt;&lt;p&gt;&lt;br/&gt;&lt;/p&gt;&lt;p&gt;&lt;br/&gt;&lt;/p&gt;&lt;p style=&quot;line-height: 2em; text-align: center; text-indent: 2em;&quot;&gt;&lt;strong&gt;&lt;span style=&quot;font-family: 微软雅黑, &amp;#39;Microsoft YaHei&amp;#39;;&quot;&gt;｜叁｜&lt;/span&gt;&lt;/strong&gt;&lt;/p&gt;&lt;p style=&quot;line-height: 2em; text-align: center; text-indent: 2em;&quot;&gt;&lt;strong&gt;&lt;span style=&quot;font-family: 微软雅黑, &amp;#39;Microsoft YaHei&amp;#39;;&quot;&gt;女汉子，你可以进化的更好&lt;/span&gt;&lt;/strong&gt;&lt;/p&gt;&lt;p&gt;&lt;br/&gt;&lt;/p&gt;&lt;p style=&quot;line-height: 2em; text-indent: 2em;&quot;&gt;&lt;span style=&quot;font-family: 微软雅黑, &amp;#39;Microsoft YaHei&amp;#39;;&quot;&gt;武志红老师说：人的一生至少有两次分离。&lt;/span&gt;&lt;/p&gt;&lt;p style=&quot;line-height: 2em; text-indent: 2em;&quot;&gt;&lt;span style=&quot;font-family: 微软雅黑, &amp;#39;Microsoft YaHei&amp;#39;;&quot;&gt;一是，和父母的分离。&lt;/span&gt;&lt;/p&gt;&lt;p style=&quot;line-height: 2em; text-indent: 2em;&quot;&gt;&lt;span style=&quot;font-family: 微软雅黑, &amp;#39;Microsoft YaHei&amp;#39;;&quot;&gt;二是，恋爱的分离。&lt;/span&gt;&lt;/p&gt;&lt;p&gt;&lt;br/&gt;&lt;/p&gt;&lt;p style=&quot;line-height: 2em; text-indent: 2em;&quot;&gt;&lt;span style=&quot;font-family: 微软雅黑, &amp;#39;Microsoft YaHei&amp;#39;;&quot;&gt;恋爱的分离和父母的分离具备同样的杀伤力，但是，学会爱和分离是我们这一生都要做的事。而且每一次的分离只要好好利用都可以提升人格。&lt;/span&gt;&lt;/p&gt;&lt;p&gt;&lt;br/&gt;&lt;/p&gt;&lt;p style=&quot;line-height: 2em; text-indent: 2em;&quot;&gt;&lt;span style=&quot;font-family: 微软雅黑, &amp;#39;Microsoft YaHei&amp;#39;;&quot;&gt;是的啊。&lt;/span&gt;&lt;/p&gt;&lt;p&gt;&lt;br/&gt;&lt;/p&gt;&lt;p style=&quot;line-height: 2em; text-indent: 2em;&quot;&gt;&lt;span style=&quot;font-family: 微软雅黑, &amp;#39;Microsoft YaHei&amp;#39;;&quot;&gt;兜兜转转一圈，才发现，我们都理解错了独立，真正的独立不是言语标榜，不是物质标签，不是摆高端姿态，而是人格的完善。&lt;/span&gt;&lt;/p&gt;&lt;p&gt;&lt;br/&gt;&lt;/p&gt;&lt;p style=&quot;line-height: 2em; text-indent: 2em;&quot;&gt;&lt;span style=&quot;color: rgb(0, 176, 240);&quot;&gt;&lt;strong&gt;&lt;span style=&quot;color: rgb(0, 176, 240); font-family: 微软雅黑, &amp;#39;Microsoft YaHei&amp;#39;;&quot;&gt;当一个的人格得到完善，她才能够拥有真正强大的内心，也就能坦然的面对父母的分离所产生的戾气。不是我们不够好，而是父母自己都搞不定人生啊，我们可以比他们活得更好。&lt;/span&gt;&lt;/strong&gt;&lt;/span&gt;&lt;/p&gt;&lt;p&gt;&lt;br/&gt;&lt;/p&gt;&lt;p style=&quot;line-height: 2em; text-indent: 2em;&quot;&gt;&lt;span style=&quot;color: rgb(0, 176, 240);&quot;&gt;&lt;strong&gt;&lt;span style=&quot;color: rgb(0, 176, 240); font-family: 微软雅黑, &amp;#39;Microsoft YaHei&amp;#39;;&quot;&gt;当一个人的人格完善，才能在感情的分离里看到真实的自己——承认脆弱，又怎样，没什么大不了。你脆弱，真正关心你的人，才有发挥的余地啊。&lt;/span&gt;&lt;/strong&gt;&lt;/span&gt;&lt;/p&gt;&lt;p&gt;&lt;br/&gt;&lt;/p&gt;&lt;p style=&quot;line-height: 2em; text-indent: 2em;&quot;&gt;&lt;span style=&quot;font-family: 微软雅黑, &amp;#39;Microsoft YaHei&amp;#39;;&quot;&gt;然后渐渐，你会发现，原来，那颗独立久了的心早已冷冰冰，多年来，它散发出的气息没有温度，没有爱，它不接受自己的脆弱，更不容忍别人的弱。&lt;/span&gt;&lt;/p&gt;&lt;p&gt;&lt;br/&gt;&lt;/p&gt;&lt;p style=&quot;line-height: 2em; text-indent: 2em;&quot;&gt;&lt;span style=&quot;font-family: 微软雅黑, &amp;#39;Microsoft YaHei&amp;#39;;&quot;&gt;它根本不会爱自己，也更不懂爱别人，最后，它冻伤了自己也伤到了别人。&lt;/span&gt;&lt;/p&gt;&lt;p&gt;&lt;br/&gt;&lt;/p&gt;&lt;p style=&quot;line-height: 2em; text-indent: 2em;&quot;&gt;&lt;span style=&quot;font-family: 微软雅黑, &amp;#39;Microsoft YaHei&amp;#39;;&quot;&gt;终于明白，修行的意义。&lt;/span&gt;&lt;/p&gt;&lt;p&gt;&lt;br/&gt;&lt;/p&gt;&lt;p style=&quot;line-height: 2em; text-indent: 2em;&quot;&gt;&lt;span style=&quot;font-family: 微软雅黑, &amp;#39;Microsoft YaHei&amp;#39;;&quot;&gt;多年以后，我的朋友A，在想起当年如此悲壮的分手之后还曾愧疚：恋爱的那些年里，我都没有好好做一顿饭给对方吃，即使在他很累的时候。&lt;/span&gt;&lt;/p&gt;&lt;p&gt;&lt;br/&gt;&lt;/p&gt;&lt;p style=&quot;line-height: 2em; text-indent: 2em;&quot;&gt;&lt;span style=&quot;font-family: 微软雅黑, &amp;#39;Microsoft YaHei&amp;#39;;&quot;&gt;B说，即使是因为吵架所产生的旅行，外出，不出三天就会特别想回家，现在还打算生二胎了。&lt;/span&gt;&lt;/p&gt;&lt;p&gt;&lt;br/&gt;&lt;/p&gt;&lt;p style=&quot;line-height: 2em; text-indent: 2em;&quot;&gt;&lt;span style=&quot;font-family: 微软雅黑, &amp;#39;Microsoft YaHei&amp;#39;;&quot;&gt;我自己呢从一开始不接受对方的道歉到几年前还在和过去和解时，真诚的跟对方说一句：对不起，当年我太不懂事。&lt;/span&gt;&lt;/p&gt;&lt;p&gt;&lt;br/&gt;&lt;/p&gt;&lt;p style=&quot;line-height: 2em; text-indent: 2em;&quot;&gt;&lt;span style=&quot;font-family: 微软雅黑, &amp;#39;Microsoft YaHei&amp;#39;;&quot;&gt;张柏芝几个月前也在节目里流着泪说，经历离婚之后才懂得，做人要谦卑。&lt;/span&gt;&lt;/p&gt;&lt;p&gt;&lt;br/&gt;&lt;/p&gt;&lt;p style=&quot;line-height: 2em; text-indent: 2em;&quot;&gt;&lt;span style=&quot;font-family: 微软雅黑, &amp;#39;Microsoft YaHei&amp;#39;;&quot;&gt;我们在爱的路上摸爬滚打，虔诚修行，更不会辜负那些流过的泪，然后，我们的内心得到成长，蜕变，变得充盈，有爱，爱又让我们变得柔软，谦和。&lt;/span&gt;&lt;/p&gt;&lt;p&gt;&lt;br/&gt;&lt;/p&gt;&lt;p style=&quot;line-height: 2em; text-indent: 2em;&quot;&gt;&lt;span style=&quot;font-family: 微软雅黑, &amp;#39;Microsoft YaHei&amp;#39;;&quot;&gt;我们终于明白，真正的女汉子，绝不仅仅只是女汉子，我们是一群更高级的物种，比柔弱的女人更坚强、又比坚强的男人更柔软。&lt;/span&gt;&lt;/p&gt;','Upload/2016-11-07/5820147c47258.jpg','2016-11-07 13:43:24') [ RunTime:0.0156s ]

[ 2016-11-07T13:43:24+08:00 ] 211.137.13.86 /index.php/Admin/Admin/index.html
INFO: [ app_init ] --START--
INFO: Run Behavior\BuildLiteBehavior [ RunTime:0.000000s ]
INFO: [ app_init ] --END-- [ RunTime:0.000000s ]
INFO: [ app_begin ] --START--
INFO: Run Behavior\ReadHtmlCacheBehavior [ RunTime:0.000000s ]
INFO: [ app_begin ] --END-- [ RunTime:0.000000s ]
SQL: SHOW COLUMNS FROM `hw_top` [ RunTime:0.0000s ]
SQL: SELECT * FROM `hw_top`  [ RunTime:0.0000s ]
SQL: SHOW COLUMNS FROM `hw_footer` [ RunTime:0.0156s ]
SQL: SELECT * FROM `hw_footer`  [ RunTime:0.0000s ]
SQL: SHOW COLUMNS FROM `hw_youlian` [ RunTime:0.0000s ]
SQL: SELECT * FROM `hw_youlian`  [ RunTime:0.0000s ]
SQL: SHOW COLUMNS FROM `hw_cate` [ RunTime:0.0156s ]
SQL: SELECT * FROM `hw_cate` ORDER BY sort ASC  [ RunTime:0.0000s ]
SQL: SHOW COLUMNS FROM `hw_banner` [ RunTime:0.0156s ]
SQL: SELECT * FROM `hw_banner`  [ RunTime:0.0000s ]
SQL: SHOW COLUMNS FROM `hw_bnews` [ RunTime:0.0156s ]
SQL: SELECT * FROM `hw_bnews`  [ RunTime:0.0000s ]
SQL: SHOW COLUMNS FROM `hw_news` [ RunTime:0.0000s ]
SQL: SELECT COUNT(*) AS tp_count FROM `hw_news` LIMIT 1   [ RunTime:0.0000s ]
SQL: SELECT * FROM `hw_news` ORDER BY time desc LIMIT 0,10   [ RunTime:0.0000s ]
SQL: SHOW COLUMNS FROM `hw_newst` [ RunTime:0.0156s ]
SQL: SELECT COUNT(*) AS tp_count FROM `hw_newst` LIMIT 1   [ RunTime:0.0000s ]
SQL: SELECT * FROM `hw_newst` ORDER BY time desc LIMIT 0,10   [ RunTime:0.0156s ]
SQL: SHOW COLUMNS FROM `hw_newsbg` [ RunTime:0.0000s ]
SQL: SELECT * FROM `hw_newsbg` WHERE ( id=1 )  [ RunTime:0.0000s ]
SQL: SELECT * FROM `hw_newsbg` WHERE ( id=2 )  [ RunTime:0.0000s ]
SQL: SHOW COLUMNS FROM `hw_expert` [ RunTime:0.0156s ]
SQL: SELECT * FROM `hw_expert`  [ RunTime:0.0000s ]
SQL: SHOW COLUMNS FROM `hw_aboutus` [ RunTime:0.0156s ]
SQL: SELECT * FROM `hw_aboutus`  [ RunTime:0.0000s ]
SQL: SHOW COLUMNS FROM `hw_service` [ RunTime:0.0000s ]
SQL: SELECT * FROM `hw_service`  [ RunTime:0.0000s ]
SQL: SHOW COLUMNS FROM `hw_judge` [ RunTime:0.0156s ]
SQL: SELECT * FROM `hw_judge`  [ RunTime:0.0000s ]
SQL: SHOW COLUMNS FROM `hw_judgebg` [ RunTime:0.0000s ]
SQL: SELECT * FROM `hw_judgebg`  [ RunTime:0.0000s ]
SQL: SHOW COLUMNS FROM `hw_message` [ RunTime:0.0000s ]
SQL: SELECT COUNT(*) AS tp_count FROM `hw_message` LIMIT 1   [ RunTime:0.0000s ]
SQL: SELECT * FROM `hw_message` ORDER BY time desc LIMIT 0,10   [ RunTime:0.0000s ]
SQL: SHOW COLUMNS FROM `hw_topic` [ RunTime:0.0156s ]
SQL: SELECT * FROM `hw_topic`  [ RunTime:0.0000s ]
SQL: SHOW COLUMNS FROM `hw_psy` [ RunTime:0.0156s ]
SQL: SELECT * FROM `hw_psy`  [ RunTime:0.0000s ]
SQL: SHOW COLUMNS FROM `hw_mpthree` [ RunTime:0.0000s ]
SQL: SELECT * FROM `hw_mpthree`  [ RunTime:0.0000s ]
SQL: SHOW COLUMNS FROM `hw_ipass` [ RunTime:0.0156s ]
SQL: SELECT * FROM `hw_ipass`  [ RunTime:0.0000s ]
SQL: SHOW COLUMNS FROM `hw_machine` [ RunTime:0.0156s ]
SQL: SELECT * FROM `hw_machine`  [ RunTime:0.0000s ]
SQL: SHOW COLUMNS FROM `hw_contactus` [ RunTime:0.0000s ]
SQL: SELECT * FROM `hw_contactus`  [ RunTime:0.0000s ]
INFO: [ view_parse ] --START--
INFO: [ template_filter ] --START--
INFO: Run Behavior\ContentReplaceBehavior [ RunTime:0.000000s ]
INFO: [ template_filter ] --END-- [ RunTime:0.000000s ]
INFO: Run Behavior\ParseTemplateBehavior [ RunTime:0.109200s ]
INFO: [ view_parse ] --END-- [ RunTime:0.109200s ]
INFO: [ view_filter ] --START--
INFO: Run Behavior\WriteHtmlCacheBehavior [ RunTime:0.000000s ]
INFO: [ view_filter ] --END-- [ RunTime:0.000000s ]
INFO: [ app_end ] --START--
INFO: Run Behavior\ShowPageTraceBehavior [ RunTime:0.000000s ]
INFO: [ app_end ] --END-- [ RunTime:0.000000s ]

[ 2016-11-07T13:44:15+08:00 ] 211.137.13.86 /index.php/Admin/Admin/updhnewst/id/24.html
INFO: [ app_init ] --START--
INFO: Run Behavior\BuildLiteBehavior [ RunTime:0.000000s ]
INFO: [ app_init ] --END-- [ RunTime:0.000000s ]
INFO: [ app_begin ] --START--
INFO: Run Behavior\ReadHtmlCacheBehavior [ RunTime:0.000000s ]
INFO: [ app_begin ] --END-- [ RunTime:0.000000s ]
SQL: SHOW COLUMNS FROM `hw_newst` [ RunTime:0.0000s ]
SQL: SELECT * FROM `hw_newst` WHERE `id` = 24 LIMIT 1   [ RunTime:0.0000s ]
INFO: [ view_parse ] --START--
INFO: [ template_filter ] --START--
INFO: Run Behavior\ContentReplaceBehavior [ RunTime:0.000000s ]
INFO: [ template_filter ] --END-- [ RunTime:0.000000s ]
NOTIC: [8] Undefined variable: think D:\www\mind\Runtime\Cache\Admin\724cdc2564301c8b154ba25eec0d62d8.php 第 26 行.
INFO: Run Behavior\ParseTemplateBehavior [ RunTime:0.015600s ]
INFO: [ view_parse ] --END-- [ RunTime:0.015600s ]
INFO: [ view_filter ] --START--
INFO: Run Behavior\WriteHtmlCacheBehavior [ RunTime:0.000000s ]
INFO: [ view_filter ] --END-- [ RunTime:0.000000s ]
INFO: [ app_end ] --START--
INFO: Run Behavior\ShowPageTraceBehavior [ RunTime:0.000000s ]
INFO: [ app_end ] --END-- [ RunTime:0.000000s ]

[ 2016-11-07T13:44:24+08:00 ] 211.137.13.86 /index.php/Admin/Admin/updhnewst/id/24.html
INFO: [ app_init ] --START--
INFO: Run Behavior\BuildLiteBehavior [ RunTime:0.000000s ]
INFO: [ app_init ] --END-- [ RunTime:0.015600s ]
INFO: [ app_begin ] --START--
INFO: Run Behavior\ReadHtmlCacheBehavior [ RunTime:0.000000s ]
INFO: [ app_begin ] --END-- [ RunTime:0.000000s ]
SQL: SHOW COLUMNS FROM `hw_newst` [ RunTime:0.0000s ]
NOTIC: [2] call_user_func() expects parameter 1 to be a valid callback, no array or string given D:\www\mind\ThinkPHP\Library\Think\Upload.class.php 第 170 行.
NOTIC: [8] Undefined index: validate D:\www\mind\ThinkPHP\Library\Think\Model.class.php 第 1185 行.
NOTIC: [8] Undefined index: auto D:\www\mind\ThinkPHP\Library\Think\Model.class.php 第 1128 行.
SQL: UPDATE `hw_newst` SET `title`='越放松，你就越有力量！',`intro`='当你越放松自己，就像松螺丝那样，那些原本你所抗拒的、阻挠你前行的部分都会伴随这股松的力量轰然溃散。',`content`='&lt;p style=&quot;line-height: 2em; text-indent: 2em;&quot;&gt;&lt;strong&gt;&lt;span style=&quot;font-family: 微软雅黑, &amp;#39;Microsoft YaHei&amp;#39;;&quot;&gt;当你越放松自己，就像松螺丝那样，那些原本你所抗拒的、阻挠你前行的部分都会伴随这股松的力量轰然溃散。&lt;/span&gt;&lt;/strong&gt;&lt;/p&gt;&lt;p style=&quot;line-height: 2em; text-indent: 2em;&quot;&gt;&lt;span style=&quot;color: rgb(255, 0, 0);&quot;&gt;&lt;strong&gt;&lt;span style=&quot;font-family: 微软雅黑, &amp;#39;Microsoft YaHei&amp;#39;;&quot;&gt;中国人，赶时间。&lt;/span&gt;&lt;/strong&gt;&lt;/span&gt;&lt;/p&gt;&lt;p style=&quot;line-height: 2em; text-indent: 2em;&quot;&gt;&lt;span style=&quot;font-family: 微软雅黑, &amp;#39;Microsoft YaHei&amp;#39;;&quot;&gt;最爱“快进”，狂点“刷新”。&lt;/span&gt;&lt;/p&gt;&lt;p style=&quot;line-height: 2em; text-indent: 2em;&quot;&gt;&lt;span style=&quot;font-family: 微软雅黑, &amp;#39;Microsoft YaHei&amp;#39;;&quot;&gt;评论，要抢“沙发”。&lt;/span&gt;&lt;/p&gt;&lt;p style=&quot;line-height: 2em; text-indent: 2em;&quot;&gt;&lt;span style=&quot;font-family: 微软雅黑, &amp;#39;Microsoft YaHei&amp;#39;;&quot;&gt;寄信，最好是特快专递。&lt;/span&gt;&lt;/p&gt;&lt;p style=&quot;line-height: 2em; text-indent: 2em;&quot;&gt;&lt;span style=&quot;font-family: 微软雅黑, &amp;#39;Microsoft YaHei&amp;#39;;&quot;&gt;拍照，最好是立等可取。&lt;/span&gt;&lt;/p&gt;&lt;p style=&quot;line-height: 2em; text-indent: 2em;&quot;&gt;&lt;span style=&quot;font-family: 微软雅黑, &amp;#39;Microsoft YaHei&amp;#39;;&quot;&gt;坐车，最好是高速公路、高速铁路、磁悬浮。&lt;/span&gt;&lt;/p&gt;&lt;p style=&quot;line-height: 2em; text-indent: 2em;&quot;&gt;&lt;span style=&quot;font-family: 微软雅黑, &amp;#39;Microsoft YaHei&amp;#39;;&quot;&gt;坐飞机，最好是直航。&lt;/span&gt;&lt;/p&gt;&lt;p style=&quot;line-height: 2em; text-indent: 2em;&quot;&gt;&lt;span style=&quot;font-family: 微软雅黑, &amp;#39;Microsoft YaHei&amp;#39;;&quot;&gt;做事，最好是名利双收。&lt;/span&gt;&lt;/p&gt;&lt;p style=&quot;line-height: 2em; text-indent: 2em;&quot;&gt;&lt;span style=&quot;font-family: 微软雅黑, &amp;#39;Microsoft YaHei&amp;#39;;&quot;&gt;创业，最好是一夜暴富。&lt;/span&gt;&lt;/p&gt;&lt;p style=&quot;line-height: 2em; text-indent: 2em;&quot;&gt;&lt;span style=&quot;font-family: 微软雅黑, &amp;#39;Microsoft YaHei&amp;#39;;&quot;&gt;结婚，最好有现房现车。&lt;/span&gt;&lt;/p&gt;&lt;p style=&quot;line-height: 2em; text-indent: 2em;&quot;&gt;&lt;span style=&quot;font-family: 微软雅黑, &amp;#39;Microsoft YaHei&amp;#39;;&quot;&gt;排队，最好能插队。&lt;/span&gt;&lt;/p&gt;&lt;p style=&quot;line-height: 2em; text-indent: 2em;&quot;&gt;&lt;span style=&quot;font-family: 微软雅黑, &amp;#39;Microsoft YaHei&amp;#39;;&quot;&gt;若不能，就会琢磨：为什么别人排的队总比我的快呢？&lt;/span&gt;&lt;/p&gt;&lt;p style=&quot;line-height: 2em; text-indent: 2em;&quot;&gt;&lt;span style=&quot;font-family: 微软雅黑, &amp;#39;Microsoft YaHei&amp;#39;;&quot;&gt;急的心态带来了什么？欲速则不达。&lt;/span&gt;&lt;/p&gt;&lt;p style=&quot;line-height: 2em; text-indent: 2em;&quot;&gt;&lt;span style=&quot;font-family: 微软雅黑, &amp;#39;Microsoft YaHei&amp;#39;;&quot;&gt;“大多数人在追求快乐时急得上气不接下气，以至于和快乐擦肩而过。&lt;/span&gt;&lt;/p&gt;&lt;p style=&quot;line-height: 2em; text-indent: 2em;&quot;&gt;&lt;span style=&quot;font-family: 微软雅黑, &amp;#39;Microsoft YaHei&amp;#39;;&quot;&gt;”就这样，在“急之国”，我们快速地消耗着自己。&lt;/span&gt;&lt;/p&gt;&lt;p style=&quot;line-height: 2em; text-indent: 2em;&quot;&gt;&lt;span style=&quot;font-family: 微软雅黑, &amp;#39;Microsoft YaHei&amp;#39;;&quot;&gt;在快速中，有些东西，不见了。&lt;/span&gt;&lt;/p&gt;&lt;p style=&quot;line-height: 2em; text-indent: 2em;&quot;&gt;&lt;span style=&quot;font-family: 微软雅黑, &amp;#39;Microsoft YaHei&amp;#39;;&quot;&gt;你没发现吗？&lt;/span&gt;&lt;/p&gt;&lt;p&gt;&lt;br/&gt;&lt;/p&gt;&lt;p style=&quot;line-height: 2em; text-indent: 2em;&quot;&gt;&lt;span style=&quot;font-family: 微软雅黑, &amp;#39;Microsoft YaHei&amp;#39;;&quot;&gt;一直在赶路，你闻不到空气里七里香的花香，更看不到湛蓝天空里的朵朵白云。我们的心，很久没像天空那般清澈了。一直低头划手机的你，也许没发现你的孩子今天没去上学；当然，你的老婆换了款新发型，你或许也不知道，对不对？&lt;/span&gt;&lt;/p&gt;&lt;p&gt;&lt;br/&gt;&lt;/p&gt;&lt;p style=&quot;line-height: 2em; text-indent: 2em;&quot;&gt;&lt;strong&gt;&lt;span style=&quot;font-family: 微软雅黑, &amp;#39;Microsoft YaHei&amp;#39;;&quot;&gt;慢下来吧。放松自己，你只是存在。什么事都不做，静静地坐着，草木就自己成长，你只是享受小鸟的歌唱、树木的翠绿、以及各种花朵令人迷醉的五颜六色，你不需要做任何事来经验存在，你停止了作为，处于一种完全不被占据的状态，没有紧张，没有烦恼。&lt;/span&gt;&lt;/strong&gt;&lt;/p&gt;&lt;p&gt;&lt;br/&gt;&lt;/p&gt;&lt;p style=&quot;line-height: 2em; text-indent: 2em;&quot;&gt;&lt;span style=&quot;font-family: 微软雅黑, &amp;#39;Microsoft YaHei&amp;#39;;&quot;&gt;每一个小孩生下来的时候都带着一种内在的能力，你不必去教小孩如何放松，你注意看小孩，他很放松，他处于一种放开来的状态，但是你不允许他享受这种天堂的状态，你很快就会使他变文明。&lt;/span&gt;&lt;/p&gt;&lt;p&gt;&lt;br/&gt;&lt;/p&gt;&lt;p style=&quot;line-height: 2em; text-indent: 2em;&quot;&gt;&lt;span style=&quot;font-family: 微软雅黑, &amp;#39;Microsoft YaHei&amp;#39;;&quot;&gt;每一个小孩都很原始、很不文明，但是父母、老师、以及每一个人都盯住小孩，想要使他们文明，使他们成为社会的一部分，没有人会去想说社会是完全疯狂的。&lt;/span&gt;&lt;/p&gt;&lt;p&gt;&lt;br/&gt;&lt;/p&gt;&lt;p style=&quot;line-height: 2em; text-indent: 2em;&quot;&gt;&lt;span style=&quot;font-family: 微软雅黑, &amp;#39;Microsoft YaHei&amp;#39;;&quot;&gt;如果小孩保持他原来的样子，不再走社会或社会所谓文明的路线，那是很好的，但是父母们带着所有美好的期望，他们不可能让小孩单独，他们必须教他去工作，他们必须教他去生产，他们必须教他成为具有竞争力的，他们必须教他说：&amp;quot;除非你爬到顶端，否则你就证明了我们的失败。&amp;quot;&lt;/span&gt;&lt;/p&gt;&lt;p&gt;&lt;br/&gt;&lt;/p&gt;&lt;p style=&quot;line-height: 2em; text-indent: 2em;&quot;&gt;&lt;span style=&quot;font-family: 微软雅黑, &amp;#39;Microsoft YaHei&amp;#39;;&quot;&gt;因此每一个人都争着要爬到顶端，这样你怎么能够放松？我并不反对工作，工作具有它本身的实用价值，但是它不能够成为你生命的一切。食物、衣服和房子是绝对需要的。但请不要变得沉溺于工作，当你没有工作的时候，你必须懂得如何放松，要放松不需要很多智慧，它是一种简单的艺术，它非常容易，因为你一生下来就已经知道它了，它已经存在，它只需要从蛰伏状态中恢复过来，它只需要再度被挑起。&lt;/span&gt;&lt;/p&gt;&lt;p style=&quot;line-height: 2em; text-indent: 2em;&quot;&gt;&lt;span style=&quot;font-family: 微软雅黑, &amp;#39;Microsoft YaHei&amp;#39;;&quot;&gt;&lt;br/&gt;&lt;/span&gt;&lt;/p&gt;&lt;p style=&quot;line-height: 2em; text-indent: 2em;&quot;&gt;&lt;span style=&quot;font-family: 微软雅黑, &amp;#39;Microsoft YaHei&amp;#39;;&quot;&gt;有一些简单的原则必须记住：必须由身体开始。是否在什么地方有某种紧张？在脚的部分、在大腿的部分、或是在胃的部分？有没有什么紧张？&lt;/span&gt;&lt;/p&gt;&lt;p&gt;&lt;br/&gt;&lt;/p&gt;&lt;p style=&quot;line-height: 2em; text-indent: 2em;&quot;&gt;&lt;span style=&quot;font-family: 微软雅黑, &amp;#39;Microsoft YaHei&amp;#39;;&quot;&gt;如果你在某个部位发现紧张，那么只要试着去放松它，除非你觉得那个部分的紧张已经松开来，否则不要从那个点移开。通过你的手，因为你的手就是你的头脑，它们跟你的头脑相连。&lt;/span&gt;&lt;/p&gt;&lt;p&gt;&lt;br/&gt;&lt;/p&gt;&lt;p style=&quot;line-height: 2em; text-indent: 2em;&quot;&gt;&lt;span style=&quot;font-family: 微软雅黑, &amp;#39;Microsoft YaHei&amp;#39;;&quot;&gt;如果你的右手是紧张的，那么你的左脑也会是紧张的；如果你的左手是紧张的，那么你的右脑也会是紧张的，所以首先要通过你的双手--它们几乎就是你头脑的分支--然后在最后到达你的头脑。&lt;/span&gt;&lt;/p&gt;&lt;p&gt;&lt;br/&gt;&lt;/p&gt;&lt;p style=&quot;line-height: 2em; text-indent: 2em;&quot;&gt;&lt;span style=&quot;font-family: 微软雅黑, &amp;#39;Microsoft YaHei&amp;#39;;&quot;&gt;你是否曾经观察这一个简单的事实：唯有当有一些紧张或一引起疼痛，你才会觉知到你的身体？当你没有头痛的时候，你觉知过你的头吗？&lt;/span&gt;&lt;/p&gt;&lt;p&gt;&lt;br/&gt;&lt;/p&gt;&lt;p style=&quot;line-height: 2em; text-indent: 2em;&quot;&gt;&lt;span style=&quot;font-family: 微软雅黑, &amp;#39;Microsoft YaHei&amp;#39;;&quot;&gt;如果你的整个身体都放松，你就会忘记你是一个身体。在那个忘记身体的当中，你就会记起隐藏在你身体里面一个新的现象：你灵性的本质。放开来就是去知道你不是身体，而是某种永恒的、不朽的东西的方法。&lt;/span&gt;&lt;/p&gt;',`cover`='Upload/2016-11-07/582014b859a11.jpg' WHERE ( id=24 ) [ RunTime:0.0156s ]

[ 2016-11-07T13:44:24+08:00 ] 211.137.13.86 /index.php/Admin/Admin/index.html
INFO: [ app_init ] --START--
INFO: Run Behavior\BuildLiteBehavior [ RunTime:0.000000s ]
INFO: [ app_init ] --END-- [ RunTime:0.000000s ]
INFO: [ app_begin ] --START--
INFO: Run Behavior\ReadHtmlCacheBehavior [ RunTime:0.015600s ]
INFO: [ app_begin ] --END-- [ RunTime:0.015600s ]
SQL: SHOW COLUMNS FROM `hw_top` [ RunTime:0.0000s ]
SQL: SELECT * FROM `hw_top`  [ RunTime:0.0000s ]
SQL: SHOW COLUMNS FROM `hw_footer` [ RunTime:0.0156s ]
SQL: SELECT * FROM `hw_footer`  [ RunTime:0.0000s ]
SQL: SHOW COLUMNS FROM `hw_youlian` [ RunTime:0.0000s ]
SQL: SELECT * FROM `hw_youlian`  [ RunTime:0.0156s ]
SQL: SHOW COLUMNS FROM `hw_cate` [ RunTime:0.0000s ]
SQL: SELECT * FROM `hw_cate` ORDER BY sort ASC  [ RunTime:0.0000s ]
SQL: SHOW COLUMNS FROM `hw_banner` [ RunTime:0.0156s ]
SQL: SELECT * FROM `hw_banner`  [ RunTime:0.0000s ]
SQL: SHOW COLUMNS FROM `hw_bnews` [ RunTime:0.0156s ]
SQL: SELECT * FROM `hw_bnews`  [ RunTime:0.0000s ]
SQL: SHOW COLUMNS FROM `hw_news` [ RunTime:0.0000s ]
SQL: SELECT COUNT(*) AS tp_count FROM `hw_news` LIMIT 1   [ RunTime:0.0000s ]
SQL: SELECT * FROM `hw_news` ORDER BY time desc LIMIT 0,10   [ RunTime:0.0000s ]
SQL: SHOW COLUMNS FROM `hw_newst` [ RunTime:0.0000s ]
SQL: SELECT COUNT(*) AS tp_count FROM `hw_newst` LIMIT 1   [ RunTime:0.0000s ]
SQL: SELECT * FROM `hw_newst` ORDER BY time desc LIMIT 0,10   [ RunTime:0.0156s ]
SQL: SHOW COLUMNS FROM `hw_newsbg` [ RunTime:0.0000s ]
SQL: SELECT * FROM `hw_newsbg` WHERE ( id=1 )  [ RunTime:0.0156s ]
SQL: SELECT * FROM `hw_newsbg` WHERE ( id=2 )  [ RunTime:0.0000s ]
SQL: SHOW COLUMNS FROM `hw_expert` [ RunTime:0.0000s ]
SQL: SELECT * FROM `hw_expert`  [ RunTime:0.0000s ]
SQL: SHOW COLUMNS FROM `hw_aboutus` [ RunTime:0.0156s ]
SQL: SELECT * FROM `hw_aboutus`  [ RunTime:0.0000s ]
SQL: SHOW COLUMNS FROM `hw_service` [ RunTime:0.0000s ]
SQL: SELECT * FROM `hw_service`  [ RunTime:0.0156s ]
SQL: SHOW COLUMNS FROM `hw_judge` [ RunTime:0.0000s ]
SQL: SELECT * FROM `hw_judge`  [ RunTime:0.0000s ]
SQL: SHOW COLUMNS FROM `hw_judgebg` [ RunTime:0.0156s ]
SQL: SELECT * FROM `hw_judgebg`  [ RunTime:0.0000s ]
SQL: SHOW COLUMNS FROM `hw_message` [ RunTime:0.0000s ]
SQL: SELECT COUNT(*) AS tp_count FROM `hw_message` LIMIT 1   [ RunTime:0.0000s ]
SQL: SELECT * FROM `hw_message` ORDER BY time desc LIMIT 0,10   [ RunTime:0.0000s ]
SQL: SHOW COLUMNS FROM `hw_topic` [ RunTime:0.0000s ]
SQL: SELECT * FROM `hw_topic`  [ RunTime:0.0000s ]
SQL: SHOW COLUMNS FROM `hw_psy` [ RunTime:0.0156s ]
SQL: SELECT * FROM `hw_psy`  [ RunTime:0.0000s ]
SQL: SHOW COLUMNS FROM `hw_mpthree` [ RunTime:0.0156s ]
SQL: SELECT * FROM `hw_mpthree`  [ RunTime:0.0000s ]
SQL: SHOW COLUMNS FROM `hw_ipass` [ RunTime:0.0000s ]
SQL: SELECT * FROM `hw_ipass`  [ RunTime:0.0000s ]
SQL: SHOW COLUMNS FROM `hw_machine` [ RunTime:0.0156s ]
SQL: SELECT * FROM `hw_machine`  [ RunTime:0.0000s ]
SQL: SHOW COLUMNS FROM `hw_contactus` [ RunTime:0.0156s ]
SQL: SELECT * FROM `hw_contactus`  [ RunTime:0.0000s ]
INFO: [ view_parse ] --START--
INFO: [ template_filter ] --START--
INFO: Run Behavior\ContentReplaceBehavior [ RunTime:0.000000s ]
INFO: [ template_filter ] --END-- [ RunTime:0.000000s ]
INFO: Run Behavior\ParseTemplateBehavior [ RunTime:0.093600s ]
INFO: [ view_parse ] --END-- [ RunTime:0.093600s ]
INFO: [ view_filter ] --START--
INFO: Run Behavior\WriteHtmlCacheBehavior [ RunTime:0.000000s ]
INFO: [ view_filter ] --END-- [ RunTime:0.000000s ]
INFO: [ app_end ] --START--
INFO: Run Behavior\ShowPageTraceBehavior [ RunTime:0.000000s ]
INFO: [ app_end ] --END-- [ RunTime:0.000000s ]

[ 2016-11-07T13:44:31+08:00 ] 211.137.13.86 /index.php/Admin/Admin/addhnewst.html
INFO: [ app_init ] --START--
INFO: Run Behavior\BuildLiteBehavior [ RunTime:0.000000s ]
INFO: [ app_init ] --END-- [ RunTime:0.000000s ]
INFO: [ app_begin ] --START--
INFO: Run Behavior\ReadHtmlCacheBehavior [ RunTime:0.000000s ]
INFO: [ app_begin ] --END-- [ RunTime:0.000000s ]
SQL: SHOW COLUMNS FROM `hw_newst` [ RunTime:0.0000s ]
INFO: [ view_parse ] --START--
INFO: [ template_filter ] --START--
INFO: Run Behavior\ContentReplaceBehavior [ RunTime:0.000000s ]
INFO: [ template_filter ] --END-- [ RunTime:0.000000s ]
NOTIC: [8] Undefined variable: think D:\www\mind\Runtime\Cache\Admin\7f9eb48c00da6b0122992baf32f07507.php 第 26 行.
INFO: Run Behavior\ParseTemplateBehavior [ RunTime:0.015600s ]
INFO: [ view_parse ] --END-- [ RunTime:0.015600s ]
INFO: [ view_filter ] --START--
INFO: Run Behavior\WriteHtmlCacheBehavior [ RunTime:0.000000s ]
INFO: [ view_filter ] --END-- [ RunTime:0.000000s ]
INFO: [ app_end ] --START--
INFO: Run Behavior\ShowPageTraceBehavior [ RunTime:0.000000s ]
INFO: [ app_end ] --END-- [ RunTime:0.000000s ]

[ 2016-11-07T13:44:36+08:00 ] 211.137.13.86 /index.php/Admin/Admin/updhnewst/id/24.html
INFO: [ app_init ] --START--
INFO: Run Behavior\BuildLiteBehavior [ RunTime:0.000000s ]
INFO: [ app_init ] --END-- [ RunTime:0.000000s ]
INFO: [ app_begin ] --START--
INFO: Run Behavior\ReadHtmlCacheBehavior [ RunTime:0.000000s ]
INFO: [ app_begin ] --END-- [ RunTime:0.000000s ]
SQL: SHOW COLUMNS FROM `hw_newst` [ RunTime:0.0000s ]
SQL: SELECT * FROM `hw_newst` WHERE `id` = 24 LIMIT 1   [ RunTime:0.0000s ]
INFO: [ view_parse ] --START--
INFO: [ template_filter ] --START--
INFO: Run Behavior\ContentReplaceBehavior [ RunTime:0.000000s ]
INFO: [ template_filter ] --END-- [ RunTime:0.000000s ]
NOTIC: [8] Undefined variable: think D:\www\mind\Runtime\Cache\Admin\724cdc2564301c8b154ba25eec0d62d8.php 第 26 行.
INFO: Run Behavior\ParseTemplateBehavior [ RunTime:0.015600s ]
INFO: [ view_parse ] --END-- [ RunTime:0.015600s ]
INFO: [ view_filter ] --START--
INFO: Run Behavior\WriteHtmlCacheBehavior [ RunTime:0.000000s ]
INFO: [ view_filter ] --END-- [ RunTime:0.000000s ]
INFO: [ app_end ] --START--
INFO: Run Behavior\ShowPageTraceBehavior [ RunTime:0.000000s ]
INFO: [ app_end ] --END-- [ RunTime:0.000000s ]

[ 2016-11-07T13:44:42+08:00 ] 211.137.13.86 /index.php/Admin/Admin/updhnewst/id/24.html
INFO: [ app_init ] --START--
INFO: Run Behavior\BuildLiteBehavior [ RunTime:0.000000s ]
INFO: [ app_init ] --END-- [ RunTime:0.000000s ]
INFO: [ app_begin ] --START--
INFO: Run Behavior\ReadHtmlCacheBehavior [ RunTime:0.000000s ]
INFO: [ app_begin ] --END-- [ RunTime:0.000000s ]
SQL: SHOW COLUMNS FROM `hw_newst` [ RunTime:0.0000s ]
NOTIC: [2] call_user_func() expects parameter 1 to be a valid callback, no array or string given D:\www\mind\ThinkPHP\Library\Think\Upload.class.php 第 170 行.
NOTIC: [8] Undefined index: validate D:\www\mind\ThinkPHP\Library\Think\Model.class.php 第 1185 行.
NOTIC: [8] Undefined index: auto D:\www\mind\ThinkPHP\Library\Think\Model.class.php 第 1128 行.
SQL: UPDATE `hw_newst` SET `title`='越放松，你就越有力量！',`intro`='当你越放松自己，就像松螺丝那样，那些原本你所抗拒的、阻挠你前行的部分都会伴随这股松的力量轰然溃散。',`content`='&lt;p style=&quot;line-height: 2em; text-indent: 2em;&quot;&gt;&lt;strong&gt;&lt;span style=&quot;font-family: 微软雅黑, &amp;#39;Microsoft YaHei&amp;#39;;&quot;&gt;当你越放松自己，就像松螺丝那样，那些原本你所抗拒的、阻挠你前行的部分都会伴随这股松的力量轰然溃散。&lt;/span&gt;&lt;/strong&gt;&lt;/p&gt;&lt;p style=&quot;line-height: 2em; text-indent: 2em;&quot;&gt;&lt;span style=&quot;color: rgb(255, 0, 0);&quot;&gt;&lt;strong&gt;&lt;span style=&quot;font-family: 微软雅黑, &amp;#39;Microsoft YaHei&amp;#39;;&quot;&gt;中国人，赶时间。&lt;/span&gt;&lt;/strong&gt;&lt;/span&gt;&lt;/p&gt;&lt;p style=&quot;line-height: 2em; text-indent: 2em;&quot;&gt;&lt;span style=&quot;font-family: 微软雅黑, &amp;#39;Microsoft YaHei&amp;#39;;&quot;&gt;最爱“快进”，狂点“刷新”。&lt;/span&gt;&lt;/p&gt;&lt;p style=&quot;line-height: 2em; text-indent: 2em;&quot;&gt;&lt;span style=&quot;font-family: 微软雅黑, &amp;#39;Microsoft YaHei&amp;#39;;&quot;&gt;评论，要抢“沙发”。&lt;/span&gt;&lt;/p&gt;&lt;p style=&quot;line-height: 2em; text-indent: 2em;&quot;&gt;&lt;span style=&quot;font-family: 微软雅黑, &amp;#39;Microsoft YaHei&amp;#39;;&quot;&gt;寄信，最好是特快专递。&lt;/span&gt;&lt;/p&gt;&lt;p style=&quot;line-height: 2em; text-indent: 2em;&quot;&gt;&lt;span style=&quot;font-family: 微软雅黑, &amp;#39;Microsoft YaHei&amp;#39;;&quot;&gt;拍照，最好是立等可取。&lt;/span&gt;&lt;/p&gt;&lt;p style=&quot;line-height: 2em; text-indent: 2em;&quot;&gt;&lt;span style=&quot;font-family: 微软雅黑, &amp;#39;Microsoft YaHei&amp;#39;;&quot;&gt;坐车，最好是高速公路、高速铁路、磁悬浮。&lt;/span&gt;&lt;/p&gt;&lt;p style=&quot;line-height: 2em; text-indent: 2em;&quot;&gt;&lt;span style=&quot;font-family: 微软雅黑, &amp;#39;Microsoft YaHei&amp;#39;;&quot;&gt;坐飞机，最好是直航。&lt;/span&gt;&lt;/p&gt;&lt;p style=&quot;line-height: 2em; text-indent: 2em;&quot;&gt;&lt;span style=&quot;font-family: 微软雅黑, &amp;#39;Microsoft YaHei&amp;#39;;&quot;&gt;做事，最好是名利双收。&lt;/span&gt;&lt;/p&gt;&lt;p style=&quot;line-height: 2em; text-indent: 2em;&quot;&gt;&lt;span style=&quot;font-family: 微软雅黑, &amp;#39;Microsoft YaHei&amp;#39;;&quot;&gt;创业，最好是一夜暴富。&lt;/span&gt;&lt;/p&gt;&lt;p style=&quot;line-height: 2em; text-indent: 2em;&quot;&gt;&lt;span style=&quot;font-family: 微软雅黑, &amp;#39;Microsoft YaHei&amp;#39;;&quot;&gt;结婚，最好有现房现车。&lt;/span&gt;&lt;/p&gt;&lt;p style=&quot;line-height: 2em; text-indent: 2em;&quot;&gt;&lt;span style=&quot;font-family: 微软雅黑, &amp;#39;Microsoft YaHei&amp;#39;;&quot;&gt;排队，最好能插队。&lt;/span&gt;&lt;/p&gt;&lt;p style=&quot;line-height: 2em; text-indent: 2em;&quot;&gt;&lt;span style=&quot;font-family: 微软雅黑, &amp;#39;Microsoft YaHei&amp;#39;;&quot;&gt;若不能，就会琢磨：为什么别人排的队总比我的快呢？&lt;/span&gt;&lt;/p&gt;&lt;p style=&quot;line-height: 2em; text-indent: 2em;&quot;&gt;&lt;span style=&quot;font-family: 微软雅黑, &amp;#39;Microsoft YaHei&amp;#39;;&quot;&gt;急的心态带来了什么？欲速则不达。&lt;/span&gt;&lt;/p&gt;&lt;p style=&quot;line-height: 2em; text-indent: 2em;&quot;&gt;&lt;span style=&quot;font-family: 微软雅黑, &amp;#39;Microsoft YaHei&amp;#39;;&quot;&gt;“大多数人在追求快乐时急得上气不接下气，以至于和快乐擦肩而过。&lt;/span&gt;&lt;/p&gt;&lt;p style=&quot;line-height: 2em; text-indent: 2em;&quot;&gt;&lt;span style=&quot;font-family: 微软雅黑, &amp;#39;Microsoft YaHei&amp;#39;;&quot;&gt;”就这样，在“急之国”，我们快速地消耗着自己。&lt;/span&gt;&lt;/p&gt;&lt;p style=&quot;line-height: 2em; text-indent: 2em;&quot;&gt;&lt;span style=&quot;font-family: 微软雅黑, &amp;#39;Microsoft YaHei&amp;#39;;&quot;&gt;在快速中，有些东西，不见了。&lt;/span&gt;&lt;/p&gt;&lt;p style=&quot;line-height: 2em; text-indent: 2em;&quot;&gt;&lt;span style=&quot;font-family: 微软雅黑, &amp;#39;Microsoft YaHei&amp;#39;;&quot;&gt;你没发现吗？&lt;/span&gt;&lt;/p&gt;&lt;p&gt;&lt;br/&gt;&lt;/p&gt;&lt;p style=&quot;line-height: 2em; text-indent: 2em;&quot;&gt;&lt;span style=&quot;font-family: 微软雅黑, &amp;#39;Microsoft YaHei&amp;#39;;&quot;&gt;一直在赶路，你闻不到空气里七里香的花香，更看不到湛蓝天空里的朵朵白云。我们的心，很久没像天空那般清澈了。一直低头划手机的你，也许没发现你的孩子今天没去上学；当然，你的老婆换了款新发型，你或许也不知道，对不对？&lt;/span&gt;&lt;/p&gt;&lt;p&gt;&lt;br/&gt;&lt;/p&gt;&lt;p style=&quot;line-height: 2em; text-indent: 2em;&quot;&gt;&lt;strong&gt;&lt;span style=&quot;font-family: 微软雅黑, &amp;#39;Microsoft YaHei&amp;#39;;&quot;&gt;慢下来吧。放松自己，你只是存在。什么事都不做，静静地坐着，草木就自己成长，你只是享受小鸟的歌唱、树木的翠绿、以及各种花朵令人迷醉的五颜六色，你不需要做任何事来经验存在，你停止了作为，处于一种完全不被占据的状态，没有紧张，没有烦恼。&lt;/span&gt;&lt;/strong&gt;&lt;/p&gt;&lt;p&gt;&lt;br/&gt;&lt;/p&gt;&lt;p style=&quot;line-height: 2em; text-indent: 2em;&quot;&gt;&lt;span style=&quot;font-family: 微软雅黑, &amp;#39;Microsoft YaHei&amp;#39;;&quot;&gt;每一个小孩生下来的时候都带着一种内在的能力，你不必去教小孩如何放松，你注意看小孩，他很放松，他处于一种放开来的状态，但是你不允许他享受这种天堂的状态，你很快就会使他变文明。&lt;/span&gt;&lt;/p&gt;&lt;p&gt;&lt;br/&gt;&lt;/p&gt;&lt;p style=&quot;line-height: 2em; text-indent: 2em;&quot;&gt;&lt;span style=&quot;font-family: 微软雅黑, &amp;#39;Microsoft YaHei&amp;#39;;&quot;&gt;每一个小孩都很原始、很不文明，但是父母、老师、以及每一个人都盯住小孩，想要使他们文明，使他们成为社会的一部分，没有人会去想说社会是完全疯狂的。&lt;/span&gt;&lt;/p&gt;&lt;p&gt;&lt;br/&gt;&lt;/p&gt;&lt;p style=&quot;line-height: 2em; text-indent: 2em;&quot;&gt;&lt;span style=&quot;font-family: 微软雅黑, &amp;#39;Microsoft YaHei&amp;#39;;&quot;&gt;如果小孩保持他原来的样子，不再走社会或社会所谓文明的路线，那是很好的，但是父母们带着所有美好的期望，他们不可能让小孩单独，他们必须教他去工作，他们必须教他去生产，他们必须教他成为具有竞争力的，他们必须教他说：&amp;quot;除非你爬到顶端，否则你就证明了我们的失败。&amp;quot;&lt;/span&gt;&lt;/p&gt;&lt;p&gt;&lt;br/&gt;&lt;/p&gt;&lt;p style=&quot;line-height: 2em; text-indent: 2em;&quot;&gt;&lt;span style=&quot;font-family: 微软雅黑, &amp;#39;Microsoft YaHei&amp;#39;;&quot;&gt;因此每一个人都争着要爬到顶端，这样你怎么能够放松？我并不反对工作，工作具有它本身的实用价值，但是它不能够成为你生命的一切。食物、衣服和房子是绝对需要的。但请不要变得沉溺于工作，当你没有工作的时候，你必须懂得如何放松，要放松不需要很多智慧，它是一种简单的艺术，它非常容易，因为你一生下来就已经知道它了，它已经存在，它只需要从蛰伏状态中恢复过来，它只需要再度被挑起。&lt;/span&gt;&lt;/p&gt;&lt;p style=&quot;line-height: 2em; text-indent: 2em;&quot;&gt;&lt;span style=&quot;font-family: 微软雅黑, &amp;#39;Microsoft YaHei&amp;#39;;&quot;&gt;&lt;br/&gt;&lt;/span&gt;&lt;/p&gt;&lt;p style=&quot;line-height: 2em; text-indent: 2em;&quot;&gt;&lt;span style=&quot;font-family: 微软雅黑, &amp;#39;Microsoft YaHei&amp;#39;;&quot;&gt;有一些简单的原则必须记住：必须由身体开始。是否在什么地方有某种紧张？在脚的部分、在大腿的部分、或是在胃的部分？有没有什么紧张？&lt;/span&gt;&lt;/p&gt;&lt;p&gt;&lt;br/&gt;&lt;/p&gt;&lt;p style=&quot;line-height: 2em; text-indent: 2em;&quot;&gt;&lt;span style=&quot;font-family: 微软雅黑, &amp;#39;Microsoft YaHei&amp;#39;;&quot;&gt;如果你在某个部位发现紧张，那么只要试着去放松它，除非你觉得那个部分的紧张已经松开来，否则不要从那个点移开。通过你的手，因为你的手就是你的头脑，它们跟你的头脑相连。&lt;/span&gt;&lt;/p&gt;&lt;p&gt;&lt;br/&gt;&lt;/p&gt;&lt;p style=&quot;line-height: 2em; text-indent: 2em;&quot;&gt;&lt;span style=&quot;font-family: 微软雅黑, &amp;#39;Microsoft YaHei&amp;#39;;&quot;&gt;如果你的右手是紧张的，那么你的左脑也会是紧张的；如果你的左手是紧张的，那么你的右脑也会是紧张的，所以首先要通过你的双手--它们几乎就是你头脑的分支--然后在最后到达你的头脑。&lt;/span&gt;&lt;/p&gt;&lt;p&gt;&lt;br/&gt;&lt;/p&gt;&lt;p style=&quot;line-height: 2em; text-indent: 2em;&quot;&gt;&lt;span style=&quot;font-family: 微软雅黑, &amp;#39;Microsoft YaHei&amp;#39;;&quot;&gt;你是否曾经观察这一个简单的事实：唯有当有一些紧张或一引起疼痛，你才会觉知到你的身体？当你没有头痛的时候，你觉知过你的头吗？&lt;/span&gt;&lt;/p&gt;&lt;p&gt;&lt;br/&gt;&lt;/p&gt;&lt;p style=&quot;line-height: 2em; text-indent: 2em;&quot;&gt;&lt;span style=&quot;font-family: 微软雅黑, &amp;#39;Microsoft YaHei&amp;#39;;&quot;&gt;如果你的整个身体都放松，你就会忘记你是一个身体。在那个忘记身体的当中，你就会记起隐藏在你身体里面一个新的现象：你灵性的本质。放开来就是去知道你不是身体，而是某种永恒的、不朽的东西的方法。&lt;/span&gt;&lt;/p&gt;',`cover`='Upload/2016-11-07/582014ca566a1.jpg' WHERE ( id=24 ) [ RunTime:0.0000s ]

[ 2016-11-07T13:44:42+08:00 ] 211.137.13.86 /index.php/Admin/Admin/index.html
INFO: [ app_init ] --START--
INFO: Run Behavior\BuildLiteBehavior [ RunTime:0.000000s ]
INFO: [ app_init ] --END-- [ RunTime:0.000000s ]
INFO: [ app_begin ] --START--
INFO: Run Behavior\ReadHtmlCacheBehavior [ RunTime:0.000000s ]
INFO: [ app_begin ] --END-- [ RunTime:0.000000s ]
SQL: SHOW COLUMNS FROM `hw_top` [ RunTime:0.0000s ]
SQL: SELECT * FROM `hw_top`  [ RunTime:0.0000s ]
SQL: SHOW COLUMNS FROM `hw_footer` [ RunTime:0.0156s ]
SQL: SELECT * FROM `hw_footer`  [ RunTime:0.0000s ]
SQL: SHOW COLUMNS FROM `hw_youlian` [ RunTime:0.0000s ]
SQL: SELECT * FROM `hw_youlian`  [ RunTime:0.0000s ]
SQL: SHOW COLUMNS FROM `hw_cate` [ RunTime:0.0156s ]
SQL: SELECT * FROM `hw_cate` ORDER BY sort ASC  [ RunTime:0.0000s ]
SQL: SHOW COLUMNS FROM `hw_banner` [ RunTime:0.0156s ]
SQL: SELECT * FROM `hw_banner`  [ RunTime:0.0000s ]
SQL: SHOW COLUMNS FROM `hw_bnews` [ RunTime:0.0000s ]
SQL: SELECT * FROM `hw_bnews`  [ RunTime:0.0000s ]
SQL: SHOW COLUMNS FROM `hw_news` [ RunTime:0.0000s ]
SQL: SELECT COUNT(*) AS tp_count FROM `hw_news` LIMIT 1   [ RunTime:0.0000s ]
SQL: SELECT * FROM `hw_news` ORDER BY time desc LIMIT 0,10   [ RunTime:0.0000s ]
SQL: SHOW COLUMNS FROM `hw_newst` [ RunTime:0.0156s ]
SQL: SELECT COUNT(*) AS tp_count FROM `hw_newst` LIMIT 1   [ RunTime:0.0000s ]
SQL: SELECT * FROM `hw_newst` ORDER BY time desc LIMIT 0,10   [ RunTime:0.0000s ]
SQL: SHOW COLUMNS FROM `hw_newsbg` [ RunTime:0.0156s ]
SQL: SELECT * FROM `hw_newsbg` WHERE ( id=1 )  [ RunTime:0.0000s ]
SQL: SELECT * FROM `hw_newsbg` WHERE ( id=2 )  [ RunTime:0.0000s ]
SQL: SHOW COLUMNS FROM `hw_expert` [ RunTime:0.0156s ]
SQL: SELECT * FROM `hw_expert`  [ RunTime:0.0000s ]
SQL: SHOW COLUMNS FROM `hw_aboutus` [ RunTime:0.0000s ]
SQL: SELECT * FROM `hw_aboutus`  [ RunTime:0.0000s ]
SQL: SHOW COLUMNS FROM `hw_service` [ RunTime:0.0156s ]
SQL: SELECT * FROM `hw_service`  [ RunTime:0.0000s ]
SQL: SHOW COLUMNS FROM `hw_judge` [ RunTime:0.0156s ]
SQL: SELECT * FROM `hw_judge`  [ RunTime:0.0000s ]
SQL: SHOW COLUMNS FROM `hw_judgebg` [ RunTime:0.0000s ]
SQL: SELECT * FROM `hw_judgebg`  [ RunTime:0.0000s ]
SQL: SHOW COLUMNS FROM `hw_message` [ RunTime:0.0156s ]
SQL: SELECT COUNT(*) AS tp_count FROM `hw_message` LIMIT 1   [ RunTime:0.0000s ]
SQL: SELECT * FROM `hw_message` ORDER BY time desc LIMIT 0,10   [ RunTime:0.0000s ]
SQL: SHOW COLUMNS FROM `hw_topic` [ RunTime:0.0156s ]
SQL: SELECT * FROM `hw_topic`  [ RunTime:0.0000s ]
SQL: SHOW COLUMNS FROM `hw_psy` [ RunTime:0.0000s ]
SQL: SELECT * FROM `hw_psy`  [ RunTime:0.0000s ]
SQL: SHOW COLUMNS FROM `hw_mpthree` [ RunTime:0.0156s ]
SQL: SELECT * FROM `hw_mpthree`  [ RunTime:0.0000s ]
SQL: SHOW COLUMNS FROM `hw_ipass` [ RunTime:0.0156s ]
SQL: SELECT * FROM `hw_ipass`  [ RunTime:0.0000s ]
SQL: SHOW COLUMNS FROM `hw_machine` [ RunTime:0.0000s ]
SQL: SELECT * FROM `hw_machine`  [ RunTime:0.0000s ]
SQL: SHOW COLUMNS FROM `hw_contactus` [ RunTime:0.0156s ]
SQL: SELECT * FROM `hw_contactus`  [ RunTime:0.0000s ]
INFO: [ view_parse ] --START--
INFO: [ template_filter ] --START--
INFO: Run Behavior\ContentReplaceBehavior [ RunTime:0.000000s ]
INFO: [ template_filter ] --END-- [ RunTime:0.000000s ]
INFO: Run Behavior\ParseTemplateBehavior [ RunTime:0.093600s ]
INFO: [ view_parse ] --END-- [ RunTime:0.093600s ]
INFO: [ view_filter ] --START--
INFO: Run Behavior\WriteHtmlCacheBehavior [ RunTime:0.000000s ]
INFO: [ view_filter ] --END-- [ RunTime:0.000000s ]
INFO: [ app_end ] --START--
INFO: Run Behavior\ShowPageTraceBehavior [ RunTime:0.015600s ]
INFO: [ app_end ] --END-- [ RunTime:0.015600s ]

[ 2016-11-07T13:44:47+08:00 ] 211.137.13.86 /index.php/Admin/Admin/index.html
INFO: [ app_init ] --START--
INFO: Run Behavior\BuildLiteBehavior [ RunTime:0.000000s ]
INFO: [ app_init ] --END-- [ RunTime:0.000000s ]
INFO: [ app_begin ] --START--
INFO: Run Behavior\ReadHtmlCacheBehavior [ RunTime:0.000000s ]
INFO: [ app_begin ] --END-- [ RunTime:0.000000s ]
SQL: SHOW COLUMNS FROM `hw_top` [ RunTime:0.0000s ]
SQL: SELECT * FROM `hw_top`  [ RunTime:0.0000s ]
SQL: SHOW COLUMNS FROM `hw_footer` [ RunTime:0.0156s ]
SQL: SELECT * FROM `hw_footer`  [ RunTime:0.0000s ]
SQL: SHOW COLUMNS FROM `hw_youlian` [ RunTime:0.0000s ]
SQL: SELECT * FROM `hw_youlian`  [ RunTime:0.0156s ]
SQL: SHOW COLUMNS FROM `hw_cate` [ RunTime:0.0000s ]
SQL: SELECT * FROM `hw_cate` ORDER BY sort ASC  [ RunTime:0.0000s ]
SQL: SHOW COLUMNS FROM `hw_banner` [ RunTime:0.0156s ]
SQL: SELECT * FROM `hw_banner`  [ RunTime:0.0000s ]
SQL: SHOW COLUMNS FROM `hw_bnews` [ RunTime:0.0156s ]
SQL: SELECT * FROM `hw_bnews`  [ RunTime:0.0000s ]
SQL: SHOW COLUMNS FROM `hw_news` [ RunTime:0.0000s ]
SQL: SELECT COUNT(*) AS tp_count FROM `hw_news` LIMIT 1   [ RunTime:0.0000s ]
SQL: SELECT * FROM `hw_news` ORDER BY time desc LIMIT 0,10   [ RunTime:0.0000s ]
SQL: SHOW COLUMNS FROM `hw_newst` [ RunTime:0.0156s ]
SQL: SELECT COUNT(*) AS tp_count FROM `hw_newst` LIMIT 1   [ RunTime:0.0000s ]
SQL: SELECT * FROM `hw_newst` ORDER BY time desc LIMIT 0,10   [ RunTime:0.0000s ]
SQL: SHOW COLUMNS FROM `hw_newsbg` [ RunTime:0.0156s ]
SQL: SELECT * FROM `hw_newsbg` WHERE ( id=1 )  [ RunTime:0.0000s ]
SQL: SELECT * FROM `hw_newsbg` WHERE ( id=2 )  [ RunTime:0.0000s ]
SQL: SHOW COLUMNS FROM `hw_expert` [ RunTime:0.0156s ]
SQL: SELECT * FROM `hw_expert`  [ RunTime:0.0000s ]
SQL: SHOW COLUMNS FROM `hw_aboutus` [ RunTime:0.0000s ]
SQL: SELECT * FROM `hw_aboutus`  [ RunTime:0.0000s ]
SQL: SHOW COLUMNS FROM `hw_service` [ RunTime:0.0156s ]
SQL: SELECT * FROM `hw_service`  [ RunTime:0.0000s ]
SQL: SHOW COLUMNS FROM `hw_judge` [ RunTime:0.0156s ]
SQL: SELECT * FROM `hw_judge`  [ RunTime:0.0000s ]
SQL: SHOW COLUMNS FROM `hw_judgebg` [ RunTime:0.0000s ]
SQL: SELECT * FROM `hw_judgebg`  [ RunTime:0.0000s ]
SQL: SHOW COLUMNS FROM `hw_message` [ RunTime:0.0156s ]
SQL: SELECT COUNT(*) AS tp_count FROM `hw_message` LIMIT 1   [ RunTime:0.0000s ]
SQL: SELECT * FROM `hw_message` ORDER BY time desc LIMIT 0,10   [ RunTime:0.0000s ]
SQL: SHOW COLUMNS FROM `hw_topic` [ RunTime:0.0000s ]
SQL: SELECT * FROM `hw_topic`  [ RunTime:0.0156s ]
SQL: SHOW COLUMNS FROM `hw_psy` [ RunTime:0.0000s ]
SQL: SELECT * FROM `hw_psy`  [ RunTime:0.0000s ]
SQL: SHOW COLUMNS FROM `hw_mpthree` [ RunTime:0.0156s ]
SQL: SELECT * FROM `hw_mpthree`  [ RunTime:0.0000s ]
SQL: SHOW COLUMNS FROM `hw_ipass` [ RunTime:0.0156s ]
SQL: SELECT * FROM `hw_ipass`  [ RunTime:0.0000s ]
SQL: SHOW COLUMNS FROM `hw_machine` [ RunTime:0.0000s ]
SQL: SELECT * FROM `hw_machine`  [ RunTime:0.0000s ]
SQL: SHOW COLUMNS FROM `hw_contactus` [ RunTime:0.0156s ]
SQL: SELECT * FROM `hw_contactus`  [ RunTime:0.0000s ]
INFO: [ view_parse ] --START--
INFO: [ template_filter ] --START--
INFO: Run Behavior\ContentReplaceBehavior [ RunTime:0.000000s ]
INFO: [ template_filter ] --END-- [ RunTime:0.000000s ]
INFO: Run Behavior\ParseTemplateBehavior [ RunTime:0.109201s ]
INFO: [ view_parse ] --END-- [ RunTime:0.109201s ]
INFO: [ view_filter ] --START--
INFO: Run Behavior\WriteHtmlCacheBehavior [ RunTime:0.000000s ]
INFO: [ view_filter ] --END-- [ RunTime:0.000000s ]
INFO: [ app_end ] --START--
INFO: Run Behavior\ShowPageTraceBehavior [ RunTime:0.000000s ]
INFO: [ app_end ] --END-- [ RunTime:0.000000s ]

[ 2016-11-07T13:44:48+08:00 ] 211.137.13.86 /index.php/Admin/Admin/index.html
INFO: [ app_init ] --START--
INFO: Run Behavior\BuildLiteBehavior [ RunTime:0.000000s ]
INFO: [ app_init ] --END-- [ RunTime:0.000000s ]
INFO: [ app_begin ] --START--
INFO: Run Behavior\ReadHtmlCacheBehavior [ RunTime:0.000000s ]
INFO: [ app_begin ] --END-- [ RunTime:0.000000s ]
SQL: SHOW COLUMNS FROM `hw_top` [ RunTime:0.0000s ]
SQL: SELECT * FROM `hw_top`  [ RunTime:0.0000s ]
SQL: SHOW COLUMNS FROM `hw_footer` [ RunTime:0.0156s ]
SQL: SELECT * FROM `hw_footer`  [ RunTime:0.0000s ]
SQL: SHOW COLUMNS FROM `hw_youlian` [ RunTime:0.0156s ]
SQL: SELECT * FROM `hw_youlian`  [ RunTime:0.0000s ]
SQL: SHOW COLUMNS FROM `hw_cate` [ RunTime:0.0000s ]
SQL: SELECT * FROM `hw_cate` ORDER BY sort ASC  [ RunTime:0.0000s ]
SQL: SHOW COLUMNS FROM `hw_banner` [ RunTime:0.0000s ]
SQL: SELECT * FROM `hw_banner`  [ RunTime:0.0000s ]
SQL: SHOW COLUMNS FROM `hw_bnews` [ RunTime:0.0156s ]
SQL: SELECT * FROM `hw_bnews`  [ RunTime:0.0000s ]
SQL: SHOW COLUMNS FROM `hw_news` [ RunTime:0.0000s ]
SQL: SELECT COUNT(*) AS tp_count FROM `hw_news` LIMIT 1   [ RunTime:0.0156s ]
SQL: SELECT * FROM `hw_news` ORDER BY time desc LIMIT 0,10   [ RunTime:0.0000s ]
SQL: SHOW COLUMNS FROM `hw_newst` [ RunTime:0.0000s ]
SQL: SELECT COUNT(*) AS tp_count FROM `hw_newst` LIMIT 1   [ RunTime:0.0000s ]
SQL: SELECT * FROM `hw_newst` ORDER BY time desc LIMIT 0,10   [ RunTime:0.0156s ]
SQL: SHOW COLUMNS FROM `hw_newsbg` [ RunTime:0.0000s ]
SQL: SELECT * FROM `hw_newsbg` WHERE ( id=1 )  [ RunTime:0.0000s ]
SQL: SELECT * FROM `hw_newsbg` WHERE ( id=2 )  [ RunTime:0.0000s ]
SQL: SHOW COLUMNS FROM `hw_expert` [ RunTime:0.0156s ]
SQL: SELECT * FROM `hw_expert`  [ RunTime:0.0000s ]
SQL: SHOW COLUMNS FROM `hw_aboutus` [ RunTime:0.0156s ]
SQL: SELECT * FROM `hw_aboutus`  [ RunTime:0.0000s ]
SQL: SHOW COLUMNS FROM `hw_service` [ RunTime:0.0000s ]
SQL: SELECT * FROM `hw_service`  [ RunTime:0.0000s ]
SQL: SHOW COLUMNS FROM `hw_judge` [ RunTime:0.0156s ]
SQL: SELECT * FROM `hw_judge`  [ RunTime:0.0000s ]
SQL: SHOW COLUMNS FROM `hw_judgebg` [ RunTime:0.0156s ]
SQL: SELECT * FROM `hw_judgebg`  [ RunTime:0.0000s ]
SQL: SHOW COLUMNS FROM `hw_message` [ RunTime:0.0000s ]
SQL: SELECT COUNT(*) AS tp_count FROM `hw_message` LIMIT 1   [ RunTime:0.0000s ]
SQL: SELECT * FROM `hw_message` ORDER BY time desc LIMIT 0,10   [ RunTime:0.0000s ]
SQL: SHOW COLUMNS FROM `hw_topic` [ RunTime:0.0156s ]
SQL: SELECT * FROM `hw_topic`  [ RunTime:0.0000s ]
SQL: SHOW COLUMNS FROM `hw_psy` [ RunTime:0.0156s ]
SQL: SELECT * FROM `hw_psy`  [ RunTime:0.0000s ]
SQL: SHOW COLUMNS FROM `hw_mpthree` [ RunTime:0.0000s ]
SQL: SELECT * FROM `hw_mpthree`  [ RunTime:0.0000s ]
SQL: SHOW COLUMNS FROM `hw_ipass` [ RunTime:0.0156s ]
SQL: SELECT * FROM `hw_ipass`  [ RunTime:0.0000s ]
SQL: SHOW COLUMNS FROM `hw_machine` [ RunTime:0.0156s ]
SQL: SELECT * FROM `hw_machine`  [ RunTime:0.0000s ]
SQL: SHOW COLUMNS FROM `hw_contactus` [ RunTime:0.0000s ]
SQL: SELECT * FROM `hw_contactus`  [ RunTime:0.0000s ]
INFO: [ view_parse ] --START--
INFO: [ template_filter ] --START--
INFO: Run Behavior\ContentReplaceBehavior [ RunTime:0.000000s ]
INFO: [ template_filter ] --END-- [ RunTime:0.000000s ]
INFO: Run Behavior\ParseTemplateBehavior [ RunTime:0.109201s ]
INFO: [ view_parse ] --END-- [ RunTime:0.109201s ]
INFO: [ view_filter ] --START--
INFO: Run Behavior\WriteHtmlCacheBehavior [ RunTime:0.000000s ]
INFO: [ view_filter ] --END-- [ RunTime:0.000000s ]
INFO: [ app_end ] --START--
INFO: Run Behavior\ShowPageTraceBehavior [ RunTime:0.000000s ]
INFO: [ app_end ] --END-- [ RunTime:0.000000s ]

[ 2016-11-07T14:20:53+08:00 ] 211.137.13.86 /index.php/Admin/Admin/index.html
INFO: [ app_init ] --START--
INFO: Run Behavior\BuildLiteBehavior [ RunTime:0.000000s ]
INFO: [ app_init ] --END-- [ RunTime:0.000000s ]
INFO: [ app_begin ] --START--
INFO: Run Behavior\ReadHtmlCacheBehavior [ RunTime:0.000000s ]
INFO: [ app_begin ] --END-- [ RunTime:0.000000s ]
SQL: SHOW COLUMNS FROM `hw_top` [ RunTime:0.0000s ]
SQL: SELECT * FROM `hw_top`  [ RunTime:0.0000s ]
SQL: SHOW COLUMNS FROM `hw_footer` [ RunTime:0.0156s ]
SQL: SELECT * FROM `hw_footer`  [ RunTime:0.0000s ]
SQL: SHOW COLUMNS FROM `hw_youlian` [ RunTime:0.0000s ]
SQL: SELECT * FROM `hw_youlian`  [ RunTime:0.0156s ]
SQL: SHOW COLUMNS FROM `hw_cate` [ RunTime:0.0000s ]
SQL: SELECT * FROM `hw_cate` ORDER BY sort ASC  [ RunTime:0.0000s ]
SQL: SHOW COLUMNS FROM `hw_banner` [ RunTime:0.0156s ]
SQL: SELECT * FROM `hw_banner`  [ RunTime:0.0000s ]
SQL: SHOW COLUMNS FROM `hw_bnews` [ RunTime:0.0156s ]
SQL: SELECT * FROM `hw_bnews`  [ RunTime:0.0000s ]
SQL: SHOW COLUMNS FROM `hw_news` [ RunTime:0.0000s ]
SQL: SELECT COUNT(*) AS tp_count FROM `hw_news` LIMIT 1   [ RunTime:0.0000s ]
SQL: SELECT * FROM `hw_news` ORDER BY time desc LIMIT 0,10   [ RunTime:0.0000s ]
SQL: SHOW COLUMNS FROM `hw_newst` [ RunTime:0.0000s ]
SQL: SELECT COUNT(*) AS tp_count FROM `hw_newst` LIMIT 1   [ RunTime:0.0000s ]
SQL: SELECT * FROM `hw_newst` ORDER BY time desc LIMIT 0,10   [ RunTime:0.0156s ]
SQL: SHOW COLUMNS FROM `hw_newsbg` [ RunTime:0.0000s ]
SQL: SELECT * FROM `hw_newsbg` WHERE ( id=1 )  [ RunTime:0.0000s ]
SQL: SELECT * FROM `hw_newsbg` WHERE ( id=2 )  [ RunTime:0.0000s ]
SQL: SHOW COLUMNS FROM `hw_expert` [ RunTime:0.0156s ]
SQL: SELECT * FROM `hw_expert`  [ RunTime:0.0000s ]
SQL: SHOW COLUMNS FROM `hw_aboutus` [ RunTime:0.0000s ]
SQL: SELECT * FROM `hw_aboutus`  [ RunTime:0.0156s ]
SQL: SHOW COLUMNS FROM `hw_service` [ RunTime:0.0000s ]
SQL: SELECT * FROM `hw_service`  [ RunTime:0.0000s ]
SQL: SHOW COLUMNS FROM `hw_judge` [ RunTime:0.0156s ]
SQL: SELECT * FROM `hw_judge`  [ RunTime:0.0000s ]
SQL: SHOW COLUMNS FROM `hw_judgebg` [ RunTime:0.0000s ]
SQL: SELECT * FROM `hw_judgebg`  [ RunTime:0.0000s ]
SQL: SHOW COLUMNS FROM `hw_message` [ RunTime:0.0156s ]
SQL: SELECT COUNT(*) AS tp_count FROM `hw_message` LIMIT 1   [ RunTime:0.0000s ]
SQL: SELECT * FROM `hw_message` ORDER BY time desc LIMIT 0,10   [ RunTime:0.0000s ]
SQL: SHOW COLUMNS FROM `hw_topic` [ RunTime:0.0156s ]
SQL: SELECT * FROM `hw_topic`  [ RunTime:0.0000s ]
SQL: SHOW COLUMNS FROM `hw_psy` [ RunTime:0.0000s ]
SQL: SELECT * FROM `hw_psy`  [ RunTime:0.0000s ]
SQL: SHOW COLUMNS FROM `hw_mpthree` [ RunTime:0.0156s ]
SQL: SELECT * FROM `hw_mpthree`  [ RunTime:0.0000s ]
SQL: SHOW COLUMNS FROM `hw_ipass` [ RunTime:0.0156s ]
SQL: SELECT * FROM `hw_ipass`  [ RunTime:0.0000s ]
SQL: SHOW COLUMNS FROM `hw_machine` [ RunTime:0.0000s ]
SQL: SELECT * FROM `hw_machine`  [ RunTime:0.0000s ]
SQL: SHOW COLUMNS FROM `hw_contactus` [ RunTime:0.0156s ]
SQL: SELECT * FROM `hw_contactus`  [ RunTime:0.0000s ]
INFO: [ view_parse ] --START--
INFO: [ template_filter ] --START--
INFO: Run Behavior\ContentReplaceBehavior [ RunTime:0.000000s ]
INFO: [ template_filter ] --END-- [ RunTime:0.000000s ]
INFO: Run Behavior\ParseTemplateBehavior [ RunTime:0.124800s ]
INFO: [ view_parse ] --END-- [ RunTime:0.124800s ]
INFO: [ view_filter ] --START--
INFO: Run Behavior\WriteHtmlCacheBehavior [ RunTime:0.000000s ]
INFO: [ view_filter ] --END-- [ RunTime:0.000000s ]
INFO: [ app_end ] --START--
INFO: Run Behavior\ShowPageTraceBehavior [ RunTime:0.000000s ]
INFO: [ app_end ] --END-- [ RunTime:0.000000s ]

