[ 2016-10-08T09:05:23+08:00 ] 127.0.0.1 /h_wei/hw/Admin/Admin/addyoulian.html
ERR: 1062:Duplicate entry '0' for key 'PRIMARY'
 [ SQL语句 ] : INSERT INTO `hw_youlian` (`name`,`url`) VALUES ('沈阳城市学院','http://www.sdkj-syu.net/')
ERR: 1062:Duplicate entry '0' for key 'PRIMARY'
 [ SQL语句 ] : INSERT INTO `hw_youlian` (`name`,`url`) VALUES ('沈阳城市学院','http://www.sdkj-syu.net/')

[ 2016-10-08T09:06:23+08:00 ] 127.0.0.1 /h_wei/hw/Admin/Admin/addyoulian.html
ERR: 1062:Duplicate entry '0' for key 'PRIMARY'
 [ SQL语句 ] : INSERT INTO `hw_youlian` (`name`,`url`) VALUES ('沈阳城市学院','http://www.sdkj-syu.net/')
ERR: 1062:Duplicate entry '0' for key 'PRIMARY'
 [ SQL语句 ] : INSERT INTO `hw_youlian` (`name`,`url`) VALUES ('沈阳城市学院','http://www.sdkj-syu.net/')

[ 2016-10-08T09:07:17+08:00 ] 127.0.0.1 /h_wei/hw/Admin/Admin/addyoulian.html
ERR: 1062:Duplicate entry '0' for key 'PRIMARY'
 [ SQL语句 ] : INSERT INTO `hw_youlian` (`name`,`url`) VALUES ('','')
ERR: 1062:Duplicate entry '0' for key 'PRIMARY'
 [ SQL语句 ] : INSERT INTO `hw_youlian` (`name`,`url`) VALUES ('','')

[ 2016-10-08T09:17:38+08:00 ] 127.0.0.1 /h_wei/hw/Admin/Admin/updyoulian/id/2.html
ERR: 模板不存在:D:/wamp/www/h_wei/hw/Admin/View/Admin/updyoulian.html

[ 2016-10-08T09:17:45+08:00 ] 127.0.0.1 /h_wei/hw/Admin/Admin/updyoulian/id/2.html
ERR: 模板不存在:D:/wamp/www/h_wei/hw/Admin/View/Admin/updyoulian.html

[ 2016-10-08T14:44:34+08:00 ] 127.0.0.1 /h_wei/hw/Admin/Admin/index.html
ERR: 1064:You have an error in your SQL syntax; check the manual that corresponds to your MySQL server version for the right syntax to use near '0, 1' at line 1
 [ SQL语句 ] : select * from hw_messageLimit 0, 1
ERR: 1064:You have an error in your SQL syntax; check the manual that corresponds to your MySQL server version for the right syntax to use near '0, 1' at line 1
 [ SQL语句 ] : select * from hw_messageLimit 0, 1

[ 2016-10-08T14:44:56+08:00 ] 127.0.0.1 /h_wei/hw/Admin/Admin/index.html
ERR: 1064:You have an error in your SQL syntax; check the manual that corresponds to your MySQL server version for the right syntax to use near '0, 1' at line 1
 [ SQL语句 ] : select * from hw_messageLimit 0, 1
ERR: 1064:You have an error in your SQL syntax; check the manual that corresponds to your MySQL server version for the right syntax to use near '0, 1' at line 1
 [ SQL语句 ] : select * from hw_messageLimit 0, 1

[ 2016-10-08T14:45:09+08:00 ] 127.0.0.1 /h_wei/hw/Admin/Admin/index.html
ERR: 1064:You have an error in your SQL syntax; check the manual that corresponds to your MySQL server version for the right syntax to use near '0, 1' at line 1
 [ SQL语句 ] : select * from hw_messageLimit 0, 1
ERR: 1064:You have an error in your SQL syntax; check the manual that corresponds to your MySQL server version for the right syntax to use near '0, 1' at line 1
 [ SQL语句 ] : select * from hw_messageLimit 0, 1

[ 2016-10-08T14:46:09+08:00 ] 127.0.0.1 /h_wei/hw/Admin/Admin/index.html
ERR: 1064:You have an error in your SQL syntax; check the manual that corresponds to your MySQL server version for the right syntax to use near '0, 1' at line 1
 [ SQL语句 ] : select * from hw_messageLimit 0, 1
ERR: 1064:You have an error in your SQL syntax; check the manual that corresponds to your MySQL server version for the right syntax to use near '0, 1' at line 1
 [ SQL语句 ] : select * from hw_messageLimit 0, 1

[ 2016-10-08T14:46:09+08:00 ] 127.0.0.1 /h_wei/hw/Admin/Admin/index.html
ERR: 1064:You have an error in your SQL syntax; check the manual that corresponds to your MySQL server version for the right syntax to use near '0, 1' at line 1
 [ SQL语句 ] : select * from hw_messageLimit 0, 1
ERR: 1064:You have an error in your SQL syntax; check the manual that corresponds to your MySQL server version for the right syntax to use near '0, 1' at line 1
 [ SQL语句 ] : select * from hw_messageLimit 0, 1

[ 2016-10-08T14:46:10+08:00 ] 127.0.0.1 /h_wei/hw/Admin/Admin/index.html
ERR: 1064:You have an error in your SQL syntax; check the manual that corresponds to your MySQL server version for the right syntax to use near '0, 1' at line 1
 [ SQL语句 ] : select * from hw_messageLimit 0, 1
ERR: 1064:You have an error in your SQL syntax; check the manual that corresponds to your MySQL server version for the right syntax to use near '0, 1' at line 1
 [ SQL语句 ] : select * from hw_messageLimit 0, 1

[ 2016-10-08T14:46:10+08:00 ] 127.0.0.1 /h_wei/hw/Admin/Admin/index.html
ERR: 1064:You have an error in your SQL syntax; check the manual that corresponds to your MySQL server version for the right syntax to use near '0, 1' at line 1
 [ SQL语句 ] : select * from hw_messageLimit 0, 1
ERR: 1064:You have an error in your SQL syntax; check the manual that corresponds to your MySQL server version for the right syntax to use near '0, 1' at line 1
 [ SQL语句 ] : select * from hw_messageLimit 0, 1

[ 2016-10-08T14:46:10+08:00 ] 127.0.0.1 /h_wei/hw/Admin/Admin/index.html
ERR: 1064:You have an error in your SQL syntax; check the manual that corresponds to your MySQL server version for the right syntax to use near '0, 1' at line 1
 [ SQL语句 ] : select * from hw_messageLimit 0, 1
ERR: 1064:You have an error in your SQL syntax; check the manual that corresponds to your MySQL server version for the right syntax to use near '0, 1' at line 1
 [ SQL语句 ] : select * from hw_messageLimit 0, 1

[ 2016-10-08T14:55:48+08:00 ] 127.0.0.1 /h_wei/hw/Admin/Admin/index.html
ERR: 1064:You have an error in your SQL syntax; check the manual that corresponds to your MySQL server version for the right syntax to use near '0, 1' at line 1
 [ SQL语句 ] : select * from hw_messageLimit 0, 1
ERR: 1064:You have an error in your SQL syntax; check the manual that corresponds to your MySQL server version for the right syntax to use near '0, 1' at line 1
 [ SQL语句 ] : select * from hw_messageLimit 0, 1

[ 2016-10-08T14:55:52+08:00 ] 127.0.0.1 /h_wei/hw/Admin/Admin/index.html
ERR: 1064:You have an error in your SQL syntax; check the manual that corresponds to your MySQL server version for the right syntax to use near '0, 1' at line 1
 [ SQL语句 ] : select * from hw_messageLimit 0, 1
ERR: 1064:You have an error in your SQL syntax; check the manual that corresponds to your MySQL server version for the right syntax to use near '0, 1' at line 1
 [ SQL语句 ] : select * from hw_messageLimit 0, 1

[ 2016-10-08T15:06:08+08:00 ] 127.0.0.1 /h_wei/hw/Admin/Admin/index.html
ERR: 1064:You have an error in your SQL syntax; check the manual that corresponds to your MySQL server version for the right syntax to use near '0, 1' at line 1
 [ SQL语句 ] : select * from hw_messageLimit 0, 1
ERR: 1064:You have an error in your SQL syntax; check the manual that corresponds to your MySQL server version for the right syntax to use near '0, 1' at line 1
 [ SQL语句 ] : select * from hw_messageLimit 0, 1

[ 2016-10-08T15:08:45+08:00 ] 127.0.0.1 /h_wei/hw/Admin/Admin/index.html?&page=3
ERR: 1064:You have an error in your SQL syntax; check the manual that corresponds to your MySQL server version for the right syntax to use near '2, 1' at line 1
 [ SQL语句 ] : select * from hw_messageLimit 2, 1
ERR: 1064:You have an error in your SQL syntax; check the manual that corresponds to your MySQL server version for the right syntax to use near '2, 1' at line 1
 [ SQL语句 ] : select * from hw_messageLimit 2, 1

[ 2016-10-08T15:12:27+08:00 ] 127.0.0.1 /h_wei/hw/Admin/Admin/index.html?&page=2
ERR: 1064:You have an error in your SQL syntax; check the manual that corresponds to your MySQL server version for the right syntax to use near '1, 1' at line 1
 [ SQL语句 ] : select * from hw_messageLimit 1, 1
ERR: 1064:You have an error in your SQL syntax; check the manual that corresponds to your MySQL server version for the right syntax to use near '1, 1' at line 1
 [ SQL语句 ] : select * from hw_messageLimit 1, 1

[ 2016-10-08T15:12:33+08:00 ] 127.0.0.1 /h_wei/hw/Admin/Admin/index.html?&page=2
ERR: 1064:You have an error in your SQL syntax; check the manual that corresponds to your MySQL server version for the right syntax to use near '2, 2' at line 1
 [ SQL语句 ] : select * from hw_messageLimit 2, 2
ERR: 1064:You have an error in your SQL syntax; check the manual that corresponds to your MySQL server version for the right syntax to use near '2, 2' at line 1
 [ SQL语句 ] : select * from hw_messageLimit 2, 2

