[ 2017-03-28T07:49:47+08:00 ] 127.0.0.1 /guanbo/mind/index.php/Admin/admin/index.html
INFO: [ app_init ] --START--
INFO: Run Behavior\BuildLiteBehavior [ RunTime:0.000042s ]
INFO: [ app_init ] --END-- [ RunTime:0.000717s ]
INFO: [ app_begin ] --START--
INFO: Run Behavior\ReadHtmlCacheBehavior [ RunTime:0.001056s ]
INFO: [ app_begin ] --END-- [ RunTime:0.001293s ]
SQL: SHOW COLUMNS FROM `hw_top` [ RunTime:0.0027s ]
SQL: SELECT * FROM `hw_top`  [ RunTime:0.0004s ]
SQL: SHOW COLUMNS FROM `hw_footer` [ RunTime:0.0026s ]
SQL: SELECT * FROM `hw_footer`  [ RunTime:0.0004s ]
SQL: SHOW COLUMNS FROM `hw_youlian` [ RunTime:0.0032s ]
SQL: SELECT * FROM `hw_youlian`  [ RunTime:0.0004s ]
SQL: SHOW COLUMNS FROM `hw_cate` [ RunTime:0.0025s ]
SQL: SELECT * FROM `hw_cate` ORDER BY sort ASC  [ RunTime:0.0008s ]
SQL: SHOW COLUMNS FROM `hw_banner` [ RunTime:0.0026s ]
SQL: SELECT * FROM `hw_banner`  [ RunTime:0.0004s ]
SQL: SHOW COLUMNS FROM `hw_bnews` [ RunTime:0.0027s ]
SQL: SELECT * FROM `hw_bnews`  [ RunTime:0.0005s ]
SQL: SHOW COLUMNS FROM `hw_expert` [ RunTime:0.0027s ]
SQL: SELECT * FROM `hw_expert`  [ RunTime:0.0005s ]
SQL: SHOW COLUMNS FROM `hw_aboutus` [ RunTime:0.0026s ]
SQL: SELECT * FROM `hw_aboutus`  [ RunTime:0.0004s ]
SQL: SHOW COLUMNS FROM `hw_service` [ RunTime:0.0026s ]
SQL: SELECT * FROM `hw_service`  [ RunTime:0.0007s ]
SQL: SHOW COLUMNS FROM `hw_judge` [ RunTime:0.0029s ]
SQL: SELECT * FROM `hw_judge`  [ RunTime:0.0004s ]
SQL: SHOW COLUMNS FROM `hw_judgebg` [ RunTime:0.0025s ]
SQL: SELECT * FROM `hw_judgebg`  [ RunTime:0.0003s ]
SQL: SHOW COLUMNS FROM `hw_message` [ RunTime:0.0551s ]
SQL: SELECT COUNT(*) AS tp_count FROM `hw_message` LIMIT 1   [ RunTime:0.0003s ]
SQL: SELECT * FROM `hw_message` ORDER BY time desc LIMIT 0,5   [ RunTime:0.0004s ]
SQL: SHOW COLUMNS FROM `hw_topic` [ RunTime:0.0030s ]
SQL: SELECT * FROM `hw_topic`  [ RunTime:0.0004s ]
SQL: SHOW COLUMNS FROM `hw_psy` [ RunTime:0.0708s ]
SQL: SELECT * FROM `hw_psy`  [ RunTime:0.0019s ]
SQL: SHOW COLUMNS FROM `hw_mpthree` [ RunTime:0.0481s ]
SQL: SELECT * FROM `hw_mpthree`  [ RunTime:0.0022s ]
SQL: SHOW COLUMNS FROM `hw_ipass` [ RunTime:0.0314s ]
SQL: SELECT * FROM `hw_ipass`  [ RunTime:0.0008s ]
SQL: SHOW COLUMNS FROM `hw_machine` [ RunTime:0.0367s ]
SQL: SELECT * FROM `hw_machine`  [ RunTime:0.0007s ]
SQL: SHOW COLUMNS FROM `hw_contactus` [ RunTime:0.0488s ]
SQL: SELECT * FROM `hw_contactus`  [ RunTime:0.0007s ]
INFO: [ view_parse ] --START--
INFO: [ template_filter ] --START--
INFO: Run Behavior\ContentReplaceBehavior [ RunTime:0.000357s ]
INFO: [ template_filter ] --END-- [ RunTime:0.000562s ]
INFO: Run Behavior\ParseTemplateBehavior [ RunTime:0.163434s ]
INFO: [ view_parse ] --END-- [ RunTime:0.163751s ]
INFO: [ view_filter ] --START--
INFO: Run Behavior\WriteHtmlCacheBehavior [ RunTime:0.000919s ]
INFO: [ view_filter ] --END-- [ RunTime:0.001161s ]
INFO: [ app_end ] --START--
INFO: Run Behavior\ShowPageTraceBehavior [ RunTime:0.002763s ]
INFO: [ app_end ] --END-- [ RunTime:0.002996s ]

[ 2017-03-28T07:49:53+08:00 ] 127.0.0.1 /guanbo/mind/index.php/Admin/Admin/updbanner/id/1.html
INFO: [ app_init ] --START--
INFO: Run Behavior\BuildLiteBehavior [ RunTime:0.000045s ]
INFO: [ app_init ] --END-- [ RunTime:0.000720s ]
INFO: [ app_begin ] --START--
INFO: Run Behavior\ReadHtmlCacheBehavior [ RunTime:0.001386s ]
INFO: [ app_begin ] --END-- [ RunTime:0.001613s ]
SQL: SHOW COLUMNS FROM `hw_banner` [ RunTime:0.0025s ]
SQL: SELECT * FROM `hw_banner` WHERE `id` = 1 LIMIT 1   [ RunTime:0.0004s ]
INFO: [ view_parse ] --START--
INFO: [ template_filter ] --START--
INFO: Run Behavior\ContentReplaceBehavior [ RunTime:0.000130s ]
INFO: [ template_filter ] --END-- [ RunTime:0.000331s ]
NOTIC: [8] Undefined variable: think D:\wamp\www\guanbo\mind\Runtime\Cache\Admin\93a4cd84065588ab0156b3626ff964ff.php 第 26 行.
INFO: Run Behavior\ParseTemplateBehavior [ RunTime:0.027297s ]
INFO: [ view_parse ] --END-- [ RunTime:0.027583s ]
INFO: [ view_filter ] --START--
INFO: Run Behavior\WriteHtmlCacheBehavior [ RunTime:0.000706s ]
INFO: [ view_filter ] --END-- [ RunTime:0.000892s ]
INFO: [ app_end ] --START--
INFO: Run Behavior\ShowPageTraceBehavior [ RunTime:0.001642s ]
INFO: [ app_end ] --END-- [ RunTime:0.001847s ]

[ 2017-03-28T07:50:17+08:00 ] 127.0.0.1 /guanbo/mind/index.php/Admin/Admin/updbanner/id/1.html
INFO: [ app_init ] --START--
INFO: Run Behavior\BuildLiteBehavior [ RunTime:0.000043s ]
INFO: [ app_init ] --END-- [ RunTime:0.000789s ]
INFO: [ app_begin ] --START--
INFO: Run Behavior\ReadHtmlCacheBehavior [ RunTime:0.001216s ]
INFO: [ app_begin ] --END-- [ RunTime:0.001429s ]
SQL: SHOW COLUMNS FROM `hw_banner` [ RunTime:0.0028s ]
NOTIC: [8] Undefined index: validate D:\wamp\www\guanbo\mind\ThinkPHP\Library\Think\Model.class.php 第 1185 行.
NOTIC: [8] Undefined index: auto D:\wamp\www\guanbo\mind\ThinkPHP\Library\Think\Model.class.php 第 1128 行.
SQL: UPDATE `hw_banner` SET `alt`='1111' WHERE ( id=1 ) [ RunTime:0.0942s ]

[ 2017-03-28T07:50:17+08:00 ] 127.0.0.1 /guanbo/mind/index.php/Admin/Admin/index.html
INFO: [ app_init ] --START--
INFO: Run Behavior\BuildLiteBehavior [ RunTime:0.000046s ]
INFO: [ app_init ] --END-- [ RunTime:0.001689s ]
INFO: [ app_begin ] --START--
INFO: Run Behavior\ReadHtmlCacheBehavior [ RunTime:0.001121s ]
INFO: [ app_begin ] --END-- [ RunTime:0.001321s ]
SQL: SHOW COLUMNS FROM `hw_top` [ RunTime:0.0025s ]
SQL: SELECT * FROM `hw_top`  [ RunTime:0.0004s ]
SQL: SHOW COLUMNS FROM `hw_footer` [ RunTime:0.0031s ]
SQL: SELECT * FROM `hw_footer`  [ RunTime:0.0004s ]
SQL: SHOW COLUMNS FROM `hw_youlian` [ RunTime:0.0024s ]
SQL: SELECT * FROM `hw_youlian`  [ RunTime:0.0004s ]
SQL: SHOW COLUMNS FROM `hw_cate` [ RunTime:0.0026s ]
SQL: SELECT * FROM `hw_cate` ORDER BY sort ASC  [ RunTime:0.0008s ]
SQL: SHOW COLUMNS FROM `hw_banner` [ RunTime:0.0027s ]
SQL: SELECT * FROM `hw_banner`  [ RunTime:0.0004s ]
SQL: SHOW COLUMNS FROM `hw_bnews` [ RunTime:0.0026s ]
SQL: SELECT * FROM `hw_bnews`  [ RunTime:0.0004s ]
SQL: SHOW COLUMNS FROM `hw_expert` [ RunTime:0.0026s ]
SQL: SELECT * FROM `hw_expert`  [ RunTime:0.0005s ]
SQL: SHOW COLUMNS FROM `hw_aboutus` [ RunTime:0.0026s ]
SQL: SELECT * FROM `hw_aboutus`  [ RunTime:0.0004s ]
SQL: SHOW COLUMNS FROM `hw_service` [ RunTime:0.0033s ]
SQL: SELECT * FROM `hw_service`  [ RunTime:0.0005s ]
SQL: SHOW COLUMNS FROM `hw_judge` [ RunTime:0.0025s ]
SQL: SELECT * FROM `hw_judge`  [ RunTime:0.0004s ]
SQL: SHOW COLUMNS FROM `hw_judgebg` [ RunTime:0.0026s ]
SQL: SELECT * FROM `hw_judgebg`  [ RunTime:0.0003s ]
SQL: SHOW COLUMNS FROM `hw_message` [ RunTime:0.0030s ]
SQL: SELECT COUNT(*) AS tp_count FROM `hw_message` LIMIT 1   [ RunTime:0.0004s ]
SQL: SELECT * FROM `hw_message` ORDER BY time desc LIMIT 0,5   [ RunTime:0.0004s ]
SQL: SHOW COLUMNS FROM `hw_topic` [ RunTime:0.0025s ]
SQL: SELECT * FROM `hw_topic`  [ RunTime:0.0004s ]
SQL: SHOW COLUMNS FROM `hw_psy` [ RunTime:0.0029s ]
SQL: SELECT * FROM `hw_psy`  [ RunTime:0.0006s ]
SQL: SHOW COLUMNS FROM `hw_mpthree` [ RunTime:0.0031s ]
SQL: SELECT * FROM `hw_mpthree`  [ RunTime:0.0007s ]
SQL: SHOW COLUMNS FROM `hw_ipass` [ RunTime:0.0030s ]
SQL: SELECT * FROM `hw_ipass`  [ RunTime:0.0005s ]
SQL: SHOW COLUMNS FROM `hw_machine` [ RunTime:0.0026s ]
SQL: SELECT * FROM `hw_machine`  [ RunTime:0.0005s ]
SQL: SHOW COLUMNS FROM `hw_contactus` [ RunTime:0.0026s ]
SQL: SELECT * FROM `hw_contactus`  [ RunTime:0.0004s ]
INFO: [ view_parse ] --START--
INFO: [ template_filter ] --START--
INFO: Run Behavior\ContentReplaceBehavior [ RunTime:0.000363s ]
INFO: [ template_filter ] --END-- [ RunTime:0.000573s ]
INFO: Run Behavior\ParseTemplateBehavior [ RunTime:0.119650s ]
INFO: [ view_parse ] --END-- [ RunTime:0.119886s ]
INFO: [ view_filter ] --START--
INFO: Run Behavior\WriteHtmlCacheBehavior [ RunTime:0.000833s ]
INFO: [ view_filter ] --END-- [ RunTime:0.001019s ]
INFO: [ app_end ] --START--
INFO: Run Behavior\ShowPageTraceBehavior [ RunTime:0.001172s ]
INFO: [ app_end ] --END-- [ RunTime:0.001358s ]

[ 2017-03-28T07:50:34+08:00 ] 127.0.0.1 /guanbo/mind/index.php/Admin/Admin/updbanner/id/1.html
INFO: [ app_init ] --START--
INFO: Run Behavior\BuildLiteBehavior [ RunTime:0.000046s ]
INFO: [ app_init ] --END-- [ RunTime:0.000997s ]
INFO: [ app_begin ] --START--
INFO: Run Behavior\ReadHtmlCacheBehavior [ RunTime:0.001222s ]
INFO: [ app_begin ] --END-- [ RunTime:0.001447s ]
SQL: SHOW COLUMNS FROM `hw_banner` [ RunTime:0.0025s ]
SQL: SELECT * FROM `hw_banner` WHERE `id` = 1 LIMIT 1   [ RunTime:0.0004s ]
INFO: [ view_parse ] --START--
INFO: [ template_filter ] --START--
INFO: Run Behavior\ContentReplaceBehavior [ RunTime:0.000129s ]
INFO: [ template_filter ] --END-- [ RunTime:0.000329s ]
NOTIC: [8] Undefined variable: think D:\wamp\www\guanbo\mind\Runtime\Cache\Admin\93a4cd84065588ab0156b3626ff964ff.php 第 26 行.
INFO: Run Behavior\ParseTemplateBehavior [ RunTime:0.012181s ]
INFO: [ view_parse ] --END-- [ RunTime:0.012372s ]
INFO: [ view_filter ] --START--
INFO: Run Behavior\WriteHtmlCacheBehavior [ RunTime:0.000684s ]
INFO: [ view_filter ] --END-- [ RunTime:0.000854s ]
INFO: [ app_end ] --START--
INFO: Run Behavior\ShowPageTraceBehavior [ RunTime:0.001085s ]
INFO: [ app_end ] --END-- [ RunTime:0.001265s ]

[ 2017-03-28T07:52:30+08:00 ] 127.0.0.1 /guanbo/mind/index.php/Admin/Admin/updbanner/id/1.html
INFO: [ app_init ] --START--
INFO: Run Behavior\BuildLiteBehavior [ RunTime:0.000045s ]
INFO: [ app_init ] --END-- [ RunTime:0.000747s ]
INFO: [ app_begin ] --START--
INFO: Run Behavior\ReadHtmlCacheBehavior [ RunTime:0.001063s ]
INFO: [ app_begin ] --END-- [ RunTime:0.001266s ]
SQL: SHOW COLUMNS FROM `hw_banner` [ RunTime:0.0026s ]
NOTIC: [2] call_user_func() expects parameter 1 to be a valid callback, no array or string given D:\wamp\www\guanbo\mind\ThinkPHP\Library\Think\Upload.class.php 第 170 行.
NOTIC: [8] Undefined index: validate D:\wamp\www\guanbo\mind\ThinkPHP\Library\Think\Model.class.php 第 1185 行.
NOTIC: [8] Undefined index: auto D:\wamp\www\guanbo\mind\ThinkPHP\Library\Think\Model.class.php 第 1128 行.
SQL: UPDATE `hw_banner` SET `alt`='1111',`img`='Upload/2017-03-28/58d9a5bde23e8.jpg' WHERE ( id=1 ) [ RunTime:0.1046s ]

[ 2017-03-28T07:52:30+08:00 ] 127.0.0.1 /guanbo/mind/index.php/Admin/Admin/index.html
INFO: [ app_init ] --START--
INFO: Run Behavior\BuildLiteBehavior [ RunTime:0.000044s ]
INFO: [ app_init ] --END-- [ RunTime:0.000840s ]
INFO: [ app_begin ] --START--
INFO: Run Behavior\ReadHtmlCacheBehavior [ RunTime:0.001091s ]
INFO: [ app_begin ] --END-- [ RunTime:0.001359s ]
SQL: SHOW COLUMNS FROM `hw_top` [ RunTime:0.0026s ]
SQL: SELECT * FROM `hw_top`  [ RunTime:0.0004s ]
SQL: SHOW COLUMNS FROM `hw_footer` [ RunTime:0.0024s ]
SQL: SELECT * FROM `hw_footer`  [ RunTime:0.0003s ]
SQL: SHOW COLUMNS FROM `hw_youlian` [ RunTime:0.0026s ]
SQL: SELECT * FROM `hw_youlian`  [ RunTime:0.0006s ]
SQL: SHOW COLUMNS FROM `hw_cate` [ RunTime:0.0032s ]
SQL: SELECT * FROM `hw_cate` ORDER BY sort ASC  [ RunTime:0.0007s ]
SQL: SHOW COLUMNS FROM `hw_banner` [ RunTime:0.0026s ]
SQL: SELECT * FROM `hw_banner`  [ RunTime:0.0004s ]
SQL: SHOW COLUMNS FROM `hw_bnews` [ RunTime:0.0025s ]
SQL: SELECT * FROM `hw_bnews`  [ RunTime:0.0004s ]
SQL: SHOW COLUMNS FROM `hw_expert` [ RunTime:0.0025s ]
SQL: SELECT * FROM `hw_expert`  [ RunTime:0.0005s ]
SQL: SHOW COLUMNS FROM `hw_aboutus` [ RunTime:0.0025s ]
SQL: SELECT * FROM `hw_aboutus`  [ RunTime:0.0004s ]
SQL: SHOW COLUMNS FROM `hw_service` [ RunTime:0.0027s ]
SQL: SELECT * FROM `hw_service`  [ RunTime:0.0005s ]
SQL: SHOW COLUMNS FROM `hw_judge` [ RunTime:0.0027s ]
SQL: SELECT * FROM `hw_judge`  [ RunTime:0.0004s ]
SQL: SHOW COLUMNS FROM `hw_judgebg` [ RunTime:0.0028s ]
SQL: SELECT * FROM `hw_judgebg`  [ RunTime:0.0005s ]
SQL: SHOW COLUMNS FROM `hw_message` [ RunTime:0.0026s ]
SQL: SELECT COUNT(*) AS tp_count FROM `hw_message` LIMIT 1   [ RunTime:0.0003s ]
SQL: SELECT * FROM `hw_message` ORDER BY time desc LIMIT 0,5   [ RunTime:0.0004s ]
SQL: SHOW COLUMNS FROM `hw_topic` [ RunTime:0.0025s ]
SQL: SELECT * FROM `hw_topic`  [ RunTime:0.0004s ]
SQL: SHOW COLUMNS FROM `hw_psy` [ RunTime:0.0028s ]
SQL: SELECT * FROM `hw_psy`  [ RunTime:0.0007s ]
SQL: SHOW COLUMNS FROM `hw_mpthree` [ RunTime:0.0028s ]
SQL: SELECT * FROM `hw_mpthree`  [ RunTime:0.0005s ]
SQL: SHOW COLUMNS FROM `hw_ipass` [ RunTime:0.0027s ]
SQL: SELECT * FROM `hw_ipass`  [ RunTime:0.0006s ]
SQL: SHOW COLUMNS FROM `hw_machine` [ RunTime:0.0030s ]
SQL: SELECT * FROM `hw_machine`  [ RunTime:0.0004s ]
SQL: SHOW COLUMNS FROM `hw_contactus` [ RunTime:0.0029s ]
SQL: SELECT * FROM `hw_contactus`  [ RunTime:0.0004s ]
INFO: [ view_parse ] --START--
INFO: [ template_filter ] --START--
INFO: Run Behavior\ContentReplaceBehavior [ RunTime:0.000468s ]
INFO: [ template_filter ] --END-- [ RunTime:0.000691s ]
INFO: Run Behavior\ParseTemplateBehavior [ RunTime:0.126981s ]
INFO: [ view_parse ] --END-- [ RunTime:0.127220s ]
INFO: [ view_filter ] --START--
INFO: Run Behavior\WriteHtmlCacheBehavior [ RunTime:0.000835s ]
INFO: [ view_filter ] --END-- [ RunTime:0.001031s ]
INFO: [ app_end ] --START--
INFO: Run Behavior\ShowPageTraceBehavior [ RunTime:0.001224s ]
INFO: [ app_end ] --END-- [ RunTime:0.001420s ]

